0.0   0   -0.6945656082062859   0.004503787323599454
0.09   1   -0.7038064967532229   0.006194162615532711
0.12   2   -0.7040444941070072   0.006163313361345803
0.17   3   -0.7048826399098977   0.006118037605253099
0.22   4   -0.705660974496124   0.004490571999931299
0.26   5   -0.705849154459746   0.001573857308017766
0.32   6   -0.7059189717164907   0.000796677898290454
0.39   7   -0.7059381861073062   0.0002784272429646643
0.44   8   -0.7059410387035858   0.00035182980725117114
0.51   9   -0.7059559491027165   0.0004983026531098823
0.55   10   -0.7059627932549426   0.000363868008352655
0.62   11   -0.7059671748763647   0.00046051824527657676
0.67   12   -0.7059715423439069   0.00048243500389161866
0.74   13   -0.7059749993649586   0.0001397932768746212
0.77   14   -0.7059754706600634   4.534219404860607e-5
0.82   15   -0.7059756068368784   7.19788040907848e-5
0.0   0   -0.6790308847140571   0.005055398712688636
0.05   1   -0.6795510563538072   0.0015497681214505347
0.1   2   -0.679596628568824   0.001741097811491182
0.14   3   -0.6796268327205263   0.002387245404054426
0.2   4   -0.6796883907259809   0.00047546920808679656
0.24   5   -0.6796901865718878   5.4209975356933303e-5
0.29   6   -0.6796902910438583   5.9995819146891245e-5
0.32   7   -0.6796913434070242   0.0001403320606132356
0.4   8   -0.6796948672228151   0.00026002222812262566
0.43   9   -0.6796950990287255   8.66032652386122e-6
0.5   10   -0.6796951000944285   7.964567615205762e-6
0.0   0   -0.6461952907744486   0.0021695950465785026
0.05   1   -0.6462667420077313   0.0012152776380671873
0.07   2   -0.6462706137179168   0.0009182736577568923
0.15   3   -0.6462950869018425   0.0005561430403597106
0.17   4   -0.6462975638346737   5.24857513105021e-5
0.26   5   -0.646297682462311   7.227326951711578e-5
0.32   6   -0.6463000134121647   0.00012807584406471725
0.37   7   -0.6463005797889247   0.0001046610447348228
0.42   8   -0.6463006146199739   2.849644217743925e-5
0.0   0   -0.6279396499154186   0.0010716867346610775
0.05   1   -0.6279541102002607   0.0009330441535350064
0.08   2   -0.6279558794460225   0.0005217787303903591
0.17   3   -0.6279621148748145   0.00037147971333986653
0.21   4   -0.6279626690640823   5.404644739178546e-5
0.29   5   -0.6279633691950466   0.00012114905524990159
0.35   6   -0.6279641609878368   5.3467846450659843e-5
0.38   7   -0.6279642277471111   2.1961296677696653e-5
0.46   8   -0.6279643149441931   0.00012435672110617087
0.0   0   -0.6175151568495166   0.0006400200242671851
0.03   1   -0.6175185214549413   0.000742277866374596
0.07   2   -0.6175195494280427   0.00033358107225813275
0.13   3   -0.6175216223367388   7.066994282287386e-5
0.18   4   -0.6175217460616516   6.710108153677814e-5
0.27   5   -0.6175223499643139   4.851151475411188e-5
0.0   0   -0.6110688358675685   0.0004168156108311785
0.03   1   -0.611069689290802   0.000471331485689653
0.08   2   -0.611070146589511   0.00020509147003594576
0.15   3   -0.6110706856792075   6.718163213648884e-5
0.0   0   -0.6090648513371244   0.00026548347350738744
0.04   1   -0.6090650536682536   0.00023459748347202675
0.09   2   -0.6090652150444038   9.819921785886642e-5
0.0   0   -0.6084353699706522   0.0001692539191447587
0.03   1   -0.6084354379703574   0.00010761704504938138
0.11   2   -0.6084355604294183   0.00010619447992886
0.0   0   -0.6078448751252966   0.00012687539285313404
0.04   1   -0.6078449180693186   0.00010720593482816517
0.1   2   -0.6078450824068159   6.632458863676261e-5
0.0   0   -0.6074655610642932   0.00012394484892591057
0.03   1   -0.6074655980235246   6.281872222977331e-5
0.1   2   -0.6074656272348398   3.527633551515249e-5
0.0   0   -0.607215015759382   8.926760448536524e-5
0.05   1   -0.6072150352231855   3.23189763583316e-5
0.13   2   -0.6072151217996564   7.531249157816228e-5
0.0   0   -0.6065462790323976   0.00011671909746384622
0.03   1   -0.6065462979742515   3.9032696210947835e-5
0.1   2   -0.6065463206801227   4.2517162867560495e-5
0.0   0   -0.6066418108401551   7.21207312365695e-5
0.03   1   -0.6066418221397197   2.9218192592812335e-5
0.11   2   -0.6066419886794167   0.00011246082476759765
0.0   0   -0.605673241753815   0.00012451024561924883
0.05   1   -0.6056732822461368   8.267068846167163e-5
0.1   2   -0.6056733122514983   3.0480287705375914e-5
0.0   0   -0.6058500383748879   6.84892685115042e-5
0.03   1   -0.6058500465626029   3.225540777755919e-5
0.12   2   -0.6058500700907392   4.887441659926801e-5
0.0   0   -0.6058867493213842   4.8013300470816836e-5
0.03   1   -0.6058867569893172   2.9379358960939868e-5
0.1   2   -0.6058867741440093   3.468901116510818e-5
0.0   0   -0.605697239189764   5.134501294076689e-5
0.03   1   -0.6056972446796343   2.5942791114440318e-5
0.11   2   -0.6056972792029811   5.964908257634655e-5
0.0   0   -0.6057009864119456   4.696462855573006e-5
0.05   1   -0.6057009968932751   4.718805911292461e-5
0.1   2   -0.6057010104293962   2.971619140976898e-5
0.0   0   -0.6055383683804538   3.3011575926568615e-5
0.03   1   -0.6055383722345279   2.4510294867684646e-5
0.13   2   -0.6055391581691778   6.152792444552353e-5
0.17   3   -0.6055392348471437   6.99274543197457e-5
0.23   4   -0.6055393415358545   4.379641806567073e-5
0.0   0   -0.6016938818702066   6.829619664328297e-5
0.03   1   -0.6016939001593549   9.741047894502188e-5
0.1   2   -0.6016939956371467   5.671272791409248e-5
0.0   0   -0.6012973986408346   3.9635328521563735e-5
0.03   1   -0.6012974032871679   3.798495256535206e-5
0.12   2   -0.6012974508844187   5.2157150531967834e-5
0.0   0   -0.6013453784487823   4.983015756999864e-5
0.03   1   -0.6013453915771845   5.99239284852151e-5
0.08   2   -0.6013454015386319   3.156676815221041e-5
0.0   0   -0.6012272268007323   2.530506656283188e-5
0.02   1   -0.6012272296495725   2.8047578616516846e-5
0.1   2   -0.6012273182994172   9.141493032632867e-5
0.0   0   -0.6011201443682999   7.12017852235143e-5
0.07   1   -0.6011201793101824   5.698261740903817e-5
0.1   2   -0.6011201868783824   2.217145800747703e-5
0.0   0   -0.6012892555784781   3.6447639775489685e-5
0.03   1   -0.60128925986105   3.044959188161324e-5
0.08   2   -0.6012892696316856   3.215867922963211e-5
0.0   0   -0.6013801243394451   2.4733296023369173e-5
0.03   1   -0.6013801274480115   3.4433590199755754e-5
0.1   2   -0.6013801430316653   4.6705294299043314e-5
0.0   0   -0.6012550596075249   3.776718272821355e-5
0.05   1   -0.6012550652069797   3.5330100571774584e-5
0.09   2   -0.6012550725132808   2.799294991304331e-5
0.0   0   -0.601346138947818   1.99879862990042e-5
0.05   1   -0.6013461416548042   3.294884210065981e-5
0.11   2   -0.6013461826719642   7.125179836543789e-5
0.0   0   -0.601146381640518   5.1990249484153594e-5
0.03   1   -0.6011463985983271   4.2945226666830775e-5
0.07   2   -0.6011464031513298   2.0497463419938258e-5
0.0   0   -0.6012661840960862   2.7473421015946403e-5
0.05   1   -0.6012661871587119   3.2645873316787576e-5
0.12   2   -0.6012662064091916   4.345358214636078e-5
0.0   0   -0.6013729155781613   3.103275943256352e-5
0.03   1   -0.6013729235704219   3.921847302513314e-5
0.08   2   -0.6013729288149723   2.9345455572234143e-5
0.0   0   -0.6012706292464025   2.1582121823961557e-5
0.05   1   -0.6012706318767642   3.3752770195994064e-5
0.17   2   -0.6012715914155764   0.00019386676610666184
0.2   3   -0.6012721923297258   0.00010015752198363173
0.25   4   -0.6012723307410951   5.957407885953457e-5
0.0   0   -0.5991984480037315   4.721094070754872e-5
0.05   1   -0.5991984738714486   6.86938512643095e-5
0.1   2   -0.5991984944713035   6.931133232718185e-5
0.0   0   -0.5993223738371011   5.272369443653673e-5
0.06   1   -0.5993223898231111   6.919758211159805e-5
0.1   2   -0.599322436227064   8.173432679864621e-5
0.0   0   -0.5989925972113797   5.248048709123981e-5
0.03   1   -0.5989926189436746   5.254032773122984e-5
0.07   2   -0.5989926307801944   4.989822033344137e-5
0.0   0   -0.5990883910407707   3.702441800402311e-5
0.03   1   -0.5990883988264112   4.908201596830075e-5
0.13   2   -0.5990886871397896   9.684531404669732e-5
0.0   0   -0.5974999339162843   7.041517049357759e-5
0.05   1   -0.5974999705301531   5.528767379520952e-5
0.08   2   -0.5974999765670299   3.308927495326371e-5
0.0   0   -0.5976254867223982   2.899120914841115e-5
0.03   1   -0.5976254912266674   4.212283735604316e-5
0.08   2   -0.5976255055045807   3.893585009636299e-5
0.0   0   -0.5975907241521129   2.9059447447499358e-5
0.03   1   -0.597590729237871   3.216111718979456e-5
0.11   2   -0.5975907343837495   2.2723484091216378e-5
0.0   0   -0.5974544295118805   1.776473819725873e-5
0.03   1   -0.5974544318221162   2.577555318301014e-5
0.11   2   -0.5974545126051142   7.005144819084124e-5
0.0   0   -0.5967489473397857   5.8582786522296866e-5
0.03   1   -0.5967489733196102   3.623891336434252e-5
0.07   2   -0.596748977882116   2.9111456112366842e-5
0.0   0   -0.5965974531186967   2.3732621707961567e-5
0.03   1   -0.5965974565670761   2.7903623724392837e-5
0.11   2   -0.5965974674989649   3.366834104202465e-5
0.0   0   -0.5964823764368978   2.6786046751367593e-5
0.03   1   -0.5964823804430487   2.475640870726452e-5
0.08   2   -0.5964823841904371   2.0364918198379326e-5
0.0   0   -0.5965355890466975   1.56915867719933e-5
0.03   1   -0.5965355907592459   2.1898687575023904e-5
0.12   2   -0.5965356514732848   6.79200957668246e-5
0.0   0   -0.5959425183927697   5.853095374965477e-5
0.05   1   -0.595942543086509   4.232284656564177e-5
0.09   2   -0.5959425466420314   2.920197464867005e-5
0.0   0   -0.596047686001389   2.3905003410351278e-5
0.03   1   -0.5960476891427496   3.4157144497581786e-5
0.08   2   -0.5960476983636492   2.8251327175184705e-5
0.0   0   -0.5960311088333743   2.0403084054102814e-5
0.04   1   -0.5960311122074037   2.6700529925608076e-5
0.09   2   -0.5960311153485848   1.9235599266062203e-5
0.0   0   -0.5959287137601694   1.3123877336491231e-5
0.05   1   -0.5959287152728675   2.2691202983269285e-5
0.13   2   -0.5959287822615634   7.340441695590309e-5
0.0   0   -0.595330245460566   6.337594717978943e-5
0.03   1   -0.5953302707899704   3.3748012519628396e-5
0.07   2   -0.5953302750122675   3.4047684508550835e-5
0.0   0   -0.595194157265152   2.7939371562718474e-5
0.04   1   -0.5951941607745124   3.0939997255531e-5
0.11   2   -0.5951941732411794   3.2539025462030136e-5
0.0   0   -0.5951197191738188   2.650099432038177e-5
0.04   1   -0.5951197234063328   2.360139586931707e-5
0.09   2   -0.5951197258610583   1.3938174328602926e-5
0.0   0   -0.5951777121349425   1.4565444868690707e-5
0.04   1   -0.5951777134764515   2.0346962003888755e-5
0.1   2   -0.595177813486448   9.542009854463361e-5
0.0   0   -0.5947420322528796   5.1825475357840126e-5
0.06   1   -0.5947420471816096   5.258031689081013e-5
0.09   2   -0.5947420515082986   3.057175550117253e-5
0.0   0   -0.5945660022067251   3.285053715268026e-5
0.05   1   -0.5945660089164531   5.322788209958762e-5
0.1   2   -0.5945660284225673   2.7698273467907754e-5
0.0   0   -0.5943143629434396   1.3610091726335161e-5
0.03   1   -0.594314364280248   2.2248156241098514e-5
0.14   2   -0.5943143971124178   5.05023218740123e-5
0.0   0   -0.5940559282054975   4.440809540412792e-5
0.03   1   -0.5940559413041913   2.8138025113653785e-5
0.07   2   -0.5940559440383592   2.2767157548738904e-5
0.0   0   -0.5939497913347488   1.8722574752657798e-5
0.03   1   -0.5939497933623926   2.4400996916479618e-5
0.1   2   -0.5939498040702405   3.1062614713672985e-5
0.0   0   -0.593857722794598   2.455364573229163e-5
0.03   1   -0.5938577269629091   2.3562359904620933e-5
0.09   2   -0.5938577288574376   1.3193898119157783e-5
0.0   0   -0.5939099770791423   1.2827756535412449e-5
0.03   1   -0.5939099782241051   2.023672974421241e-5
0.11   2   -0.593910070092005   9.374343275805017e-5
0.0   0   -0.5933865607490245   5.7588704583616635e-5
0.03   1   -0.5933865954470181   2.1831597533800375e-5
0.07   2   -0.5933865968774226   1.2578501068436523e-5
0.0   0   -0.5932067238552052   2.3538018752067652e-5
0.03   1   -0.5932067286207849   2.1078885248606282e-5
0.09   2   -0.5932067301219043   1.32900306788086e-5
0.0   0   -0.593119209888846   1.1288842829505355e-5
0.03   1   -0.5931192111900903   2.1470354717781775e-5
0.09   2   -0.5931192213270162   3.615583852792706e-5
0.0   0   -0.5929094389832706   2.0910289632522553e-5
0.05   1   -0.5929094421248257   2.1569582881579188e-5
0.08   2   -0.5929094437954998   1.2709393515911722e-5
0.0   0   -0.5929552022335549   1.2040170045486992e-5
0.03   1   -0.5929552032685074   1.9762606065511662e-5
0.17   2   -0.592955731490468   0.00012116337337344419
0.0   0   -0.5887434626624579   8.339618294810168e-5
0.05   1   -0.5887435277254552   7.03562533300256e-5
0.1   2   -0.588743563189274   3.717933382082487e-5
0.0   0   -0.5884076668965204   3.660588265365175e-5
0.05   1   -0.5884076744877981   3.506006385353769e-5
0.1   2   -0.5884076760854331   2.148499195664341e-5
0.0   0   -0.5882930908752699   2.1641634843765348e-5
0.05   1   -0.5882930936612072   3.625040061786005e-5
0.1   2   -0.5882930986140481   1.8698120356719534e-5
0.0   0   -0.588162704501977   1.5664973045066875e-5
0.03   1   -0.5881627054653058   2.236638549409757e-5
0.1   2   -0.5881627093918963   1.4886706135550619e-5
0.0   0   -0.5881386231319802   1.3347726365824804e-5
0.03   1   -0.588138624287721   1.5072680913982849e-5
0.1   2   -0.5881386250823276   8.56372011631999e-6
0.0   0   -0.5880886279213031   7.79902877068224e-6
0.03   1   -0.5880886282908546   1.092077227011661e-5
0.12   2   -0.5880886476996954   4.18999816160001e-5
0.0   0   -0.5876738887956753   1.9285753805207604e-5
0.03   1   -0.5876738912743326   1.5930158328548634e-5
0.07   2   -0.5876738920247573   1.0947334789073524e-5
0.0   0   -0.5877278389692829   1.0601842822724629e-5
0.04   1   -0.5877278397366344   1.6752682669792225e-5
0.12   2   -0.5877278431732104   1.518669110492661e-5
0.0   0   -0.5877830062706304   8.536394606245091e-6
0.03   1   -0.587783006860117   1.2617273846785275e-5
0.08   2   -0.5877830080145192   1.198126772298504e-5
0.0   0   -0.5877380610345461   7.626313728527969e-6
0.03   1   -0.5877380615337999   1.2584390626191605e-5
0.1   2   -0.5877380630047612   1.2338215900536689e-5
0.0   0   -0.5877629730793109   8.44346623596254e-6
0.03   1   -0.587762973709725   1.242829375051302e-5
0.08   2   -0.5877629746908262   1.1354715491727548e-5
0.0   0   -0.587718617285969   7.180290459249405e-6
0.03   1   -0.5877186177469789   1.247652884387759e-5
0.1   2   -0.5877186198113986   1.46363251752409e-5
0.0   0   -0.5877408064936411   1.0068374952512595e-5
0.04   1   -0.5877408073935403   1.2647702903546011e-5
0.11   2   -0.5877408080901368   9.440284644235761e-6
0.0   0   -0.5876990535704353   6.697794736334816e-6
0.03   1   -0.5876990539514864   1.2381360218062544e-5
0.11   2   -0.5876990740113895   4.5192960402447007e-5
0.0   0   -0.5876050032280767   2.9057918849399094e-5
0.04   1   -0.5876050118299276   1.4110526173560245e-5
0.07   2   -0.5876050123573084   8.173458031096862e-6
0.0   0   -0.5875179266346775   1.1504455100959209e-5
0.05   1   -0.5875179277807362   1.2503468117029376e-5
0.09   2   -0.5875179283547699   8.344011100095086e-6
0.0   0   -0.5874761443409613   6.371653771265178e-6
0.05   1   -0.587476144696762   1.2006843543568743e-5
0.14   2   -0.5874761953755008   7.200234673534595e-5
0.0   0   -0.5867539633091716   4.15043100303155e-5
0.03   1   -0.5867539802631533   1.4229669888278194e-5
0.07   2   -0.5867539807004367   1.0094775158530604e-5
0.0   0   -0.58686682807173   1.6667037675549212e-5
0.04   1   -0.5868668302076491   1.3762535934876598e-5
0.07   2   -0.586866830676521   6.717662894011053e-6
0.0   0   -0.586909490710963   7.811732975238934e-6
0.03   1   -0.5869094911202702   1.2240249328725663e-5
0.1   2   -0.5869094925821969   1.2062899185662358e-5
0.0   0   -0.5869391454802384   7.988129992811813e-6
0.03   1   -0.5869391460368478   1.188448340966543e-5
0.09   2   -0.5869391468654411   1.0045647319970275e-5
0.0   0   -0.5869007703600966   7.252816592014564e-6
0.03   1   -0.5869007707310794   1.163504194439809e-5
0.1   2   -0.5869007726919921   1.4402800703269434e-5
0.0   0   -0.5869257473171998   9.928333211702397e-6
0.03   1   -0.5869257481426092   1.185087688857064e-5
0.08   2   -0.5869257487141247   8.38291110406676e-6
0.0   0   -0.5868881342934538   6.08266337950978e-6
0.03   1   -0.5868881346082528   1.1448873369502396e-5
0.15   2   -0.5868881892836594   7.465241201154588e-5
0.0   0   -0.5865489839437024   4.817764266081448e-5
0.03   1   -0.586549006730574   1.516279292207342e-5
0.07   2   -0.5865490073186592   1.1619294917191534e-5
0.0   0   -0.5864131975226832   1.765868408363439e-5
0.04   1   -0.5864132002887958   1.186969260637194e-5
0.07   2   -0.586413200708125   6.8940503666105426e-6
0.0   0   -0.5863604102033404   8.531359549071844e-6
0.05   1   -0.5863604106603912   1.0388158888376485e-5
0.1   2   -0.5863604114733502   1.0804602984857583e-5
0.0   0   -0.5863211999506893   6.99888382370492e-6
0.03   1   -0.5863212003195983   1.0780011782995251e-5
0.1   2   -0.5863212017080777   1.2489903182742595e-5
0.0   0   -0.5863434959719747   8.982915959555634e-6
0.03   1   -0.5863434965676101   1.0870979302546083e-5
0.09   2   -0.586343497153887   8.737206597058886e-6
0.0   0   -0.586308298479401   6.315836223949013e-6
0.03   1   -0.586308298772351   1.073068973423141e-5
0.1   2   -0.5863083044661347   2.5390464528895604e-5
0.0   0   -0.5863203562277638   1.606203168030735e-5
0.05   1   -0.5863203586885573   1.2315745466829057e-5
0.08   2   -0.5863203590937907   6.54830448925009e-6
0.0   0   -0.5862708214869198   6.9023451089360855e-6
0.04   1   -0.5862708218998051   1.0955648922792892e-5
0.11   2   -0.5862708228048024   1.1125360382655636e-5
0.0   0   -0.586231253605155   7.774840962973958e-6
0.04   1   -0.586231254027742   1.1245669207878968e-5
0.09   2   -0.5862312549427093   1.0520893965908563e-5
0.0   0   -0.5862545995273594   7.0581246317642155e-6
0.03   1   -0.5862545999499809   1.0963920977267043e-5
0.09   2   -0.5862546008147024   1.1035623352682931e-5
0.0   0   -0.5862155061043037   7.616658582057294e-6
0.04   1   -0.5862155065172987   1.126551702223164e-5
0.1   2   -0.586215507486731   1.0880924880849357e-5
0.0   0   -0.5862387557561368   7.3272321913489245e-6
0.03   1   -0.5862387562045297   1.098381186713863e-5
0.08   2   -0.5862387569832832   1.050531009845164e-5
