0.0   0   -0.7193465611496977   0.0049918848799066105
0.08   1   -0.7275359750861067   0.005412051255991479
0.13   2   -0.7288713163928329   0.003204761120965812
0.18   3   -0.7292576350013321   0.003913996619009023
0.23   4   -0.7297558517147402   0.004346990795941151
0.26   5   -0.7300809375963423   0.0031836639400100596
0.29   6   -0.7302692636534853   0.0009836089644863703
0.33   7   -0.7302755607380897   0.00028603383467999113
0.4   8   -0.7302763854685381   0.00024219099686392033
0.47   9   -0.7302838539674845   0.00017466451682708178
0.53   10   -0.7303038734232312   0.00021588661818719874
0.58   11   -0.7303050859593889   6.214302726586584e-5
0.62   12   -0.7303051989972205   3.164443171087925e-5
0.7   13   -0.7303052386597993   5.055527883467369e-5
0.0   0   -0.7167251034708866   0.004296466174806291
0.05   1   -0.7172036975425675   0.0015666098731617272
0.1   2   -0.7172591249757498   0.0018144927269448648
0.14   3   -0.7173163520874589   0.001569636175328482
0.2   4   -0.7173621751033186   0.0003337880002037512
0.23   5   -0.7173633554910073   0.00015536593645645657
0.32   6   -0.7173659251708306   0.00040259689278150695
0.36   7   -0.7173681790194869   0.00022107149366507194
0.43   8   -0.7173703350543554   0.00034810343028647865
0.48   9   -0.7173741632929245   3.712735075423226e-5
0.53   10   -0.717374228040573   5.86032698592883e-5
0.63   11   -0.7173752646104785   5.245857977142104e-5
0.68   12   -0.7173753109054544   9.107273125410454e-6
0.73   13   -0.7173753120788835   5.189859826291204e-6
0.0   0   -0.6806512082078713   0.002215073051139083
0.05   1   -0.6807187267194907   0.0008553764189711995
0.09   2   -0.6807239084967769   0.000989718779000257
0.17   3   -0.6807453899708507   0.0004587671517681127
0.22   4   -0.6807488585770208   0.00011162565334888879
0.3   5   -0.6807530612043529   0.00023583666181131792
0.35   6   -0.6807543709444693   2.183659396415544e-5
0.41   7   -0.6807544155356302   2.1308615216107875e-5
0.51   8   -0.6807549644529259   4.187224991072943e-5
0.0   0   -0.6617473663066993   0.0012414029995155068
0.03   1   -0.661760145170917   0.000916454275802923
0.06   2   -0.6617624755425988   0.0005121160874711517
0.13   3   -0.6617685913391077   0.00022826417518734634
0.17   4   -0.6617691707023801   0.00021925235800539548
0.27   5   -0.66177034002235   8.8829973795962e-5
0.32   6   -0.6617708597295013   5.5608387350887334e-5
0.37   7   -0.6617709378437125   4.2010137748359654e-5
0.0   0   -0.6520947426111041   0.0007563682373578429
0.03   1   -0.6520976349658782   0.0006705900861047554
0.07   2   -0.6520988254139312   0.000264651256759745
0.15   3   -0.6521003291977452   5.933049879010339e-5
0.22   4   -0.6521010158609777   0.00013002551748049785
0.27   5   -0.6521013408263587   7.523961159396247e-5
0.33   6   -0.6521015354078799   3.8702704626579194e-5
0.0   0   -0.6460348446817226   0.0004831291068258678
0.03   1   -0.6460355013491446   0.0003820194076238304
0.1   2   -0.6460360635354294   0.00015942415256677646
0.17   3   -0.6460365982703662   6.483357124942886e-5
0.0   0   -0.6442005594146043   0.00031983357635401605
0.03   1   -0.6442007568439263   0.00016610464099313954
0.08   2   -0.6442009221284162   8.588745012920785e-5
0.0   0   -0.6436278028171338   0.00021853031085866792
0.04   1   -0.6436278903745187   0.00010379327175037515
0.13   2   -0.6436280408127398   9.014953242446939e-5
0.0   0   -0.6429756635613624   0.00014433420222100446
0.04   1   -0.642975721739468   7.573354676079585e-5
0.11   2   -0.642975853737485   7.363923898817626e-5
0.0   0   -0.6426992991525888   0.00015714751059445163
0.03   1   -0.6426993503072277   6.163026604188402e-5
0.1   2   -0.6426993921479899   6.039910015455863e-5
0.0   0   -0.7193465611496977   0.0049918848799066105
0.11   1   -0.7275359750861067   0.005412051255991479
0.14   2   -0.7288713163928329   0.003204761120965812
0.19   3   -0.7292576350013321   0.003913996619009023
0.24   4   -0.7297558517147402   0.004346990795941151
0.27   5   -0.7300809375963423   0.0031836639400100596
0.31   6   -0.7302692636534853   0.0009836089644863703
0.34   7   -0.7302755607380897   0.00028603383467999113
0.41   8   -0.7302763854685381   0.00024219099686392033
0.48   9   -0.7302838539674845   0.00017466451682708178
0.54   10   -0.7303038734232312   0.00021588661818719874
0.59   11   -0.7303050859593889   6.214302726586584e-5
0.64   12   -0.7303051989972205   3.164443171087925e-5
0.72   13   -0.7303052386597993   5.055527883467369e-5
0.0   0   -0.7167251034708866   0.004296466174806291
0.05   1   -0.7172036975425675   0.0015666098731617272
0.1   2   -0.7172591249757498   0.0018144927269448648
0.16   3   -0.7173163520874589   0.001569636175328482
0.21   4   -0.7173621751033186   0.0003337880002037512
0.24   5   -0.7173633554910073   0.00015536593645645657
0.33   6   -0.7173659251708306   0.00040259689278150695
0.38   7   -0.7173681790194869   0.00022107149366507194
0.45   8   -0.7173703350543554   0.00034810343028647865
0.5   9   -0.7173741632929245   3.712735075423226e-5
0.55   10   -0.717374228040573   5.86032698592883e-5
0.65   11   -0.7173752646104785   5.245857977142104e-5
0.7   12   -0.7173753109054544   9.107273125410454e-6
0.75   13   -0.7173753120788835   5.189859826291204e-6
0.0   0   -0.6806512082078713   0.002215073051139083
0.05   1   -0.6807187267194907   0.0008553764189711995
0.09   2   -0.6807239084967769   0.000989718779000257
0.17   3   -0.6807453899708507   0.0004587671517681127
0.22   4   -0.6807488585770208   0.00011162565334888879
0.29   5   -0.6807530612043529   0.00023583666181131792
0.35   6   -0.6807543709444693   2.183659396415544e-5
0.39   7   -0.6807544155356302   2.1308615216107875e-5
0.5   8   -0.6807549644529259   4.187224991072943e-5
0.0   0   -0.6617473663066993   0.0012414029995155068
0.03   1   -0.661760145170917   0.000916454275802923
0.07   2   -0.6617624755425988   0.0005121160874711517
0.13   3   -0.6617685913391077   0.00022826417518734634
0.18   4   -0.6617691707023801   0.00021925235800539548
0.27   5   -0.66177034002235   8.8829973795962e-5
0.32   6   -0.6617708597295013   5.5608387350887334e-5
0.37   7   -0.6617709378437125   4.2010137748359654e-5
0.0   0   -0.6520947426111041   0.0007563682373578429
0.04   1   -0.6520976349658782   0.0006705900861047554
0.07   2   -0.6520988254139312   0.000264651256759745
0.15   3   -0.6521003291977452   5.933049879010339e-5
0.24   4   -0.6521010158609777   0.00013002551748049785
0.29   5   -0.6521013408263587   7.523961159396247e-5
0.35   6   -0.6521015354078799   3.8702704626579194e-5
0.0   0   -0.6460348446817226   0.0004831291068258678
0.03   1   -0.6460355013491446   0.0003820194076238304
0.09   2   -0.6460360635354294   0.00015942415256677646
0.16   3   -0.6460365982703662   6.483357124942886e-5
0.0   0   -0.6442005594146043   0.00031983357635401605
0.05   1   -0.6442007568439263   0.00016610464099313954
0.1   2   -0.6442009221284162   8.588745012920785e-5
0.0   0   -0.6436278028171338   0.00021853031085866792
0.03   1   -0.6436278903745187   0.00010379327175037515
0.1   2   -0.6436280408127398   9.014953242446939e-5
0.0   0   -0.6429756635613624   0.00014433420222100446
0.05   1   -0.642975721739468   7.573354676079585e-5
0.12   2   -0.642975853737485   7.363923898817626e-5
0.0   0   -0.6426992991525888   0.00015714751059445163
0.03   1   -0.6426993503072277   6.163026604188402e-5
0.1   2   -0.6426993921479899   6.039910015455863e-5
0.0   0   -0.7193465611496977   0.0049918848799066105
0.07   1   -0.7275359750861067   0.005412051255991479
0.11   2   -0.7288713163928329   0.003204761120965812
0.19   3   -0.7292576350013321   0.003913996619009023
0.24   4   -0.7297558517147402   0.004346990795941151
0.28   5   -0.7300809375963423   0.0031836639400100596
0.31   6   -0.7302692636534853   0.0009836089644863703
0.34   7   -0.7302755607380897   0.00028603383467999113
0.39   8   -0.7302763854685381   0.00024219099686392033
0.46   9   -0.7302838539674845   0.00017466451682708178
0.55   10   -0.7303038734232312   0.00021588661818719874
0.59   11   -0.7303050859593889   6.214302726586584e-5
0.65   12   -0.7303051989972205   3.164443171087925e-5
0.69   13   -0.7303052386597993   5.055527883467369e-5
0.0   0   -0.7167251034708866   0.004296466174806291
0.07   1   -0.7172036975425675   0.0015666098731617272
0.14   2   -0.7172591249757498   0.0018144927269448648
0.19   3   -0.7173163520874589   0.001569636175328482
0.24   4   -0.7173621751033186   0.0003337880002037512
0.27   5   -0.7173633554910073   0.00015536593645645657
0.34   6   -0.7173659251708306   0.00040259689278150695
0.38   7   -0.7173681790194869   0.00022107149366507194
0.47   8   -0.7173703350543554   0.00034810343028647865
0.51   9   -0.7173741632929245   3.712735075423226e-5
0.57   10   -0.717374228040573   5.86032698592883e-5
0.65   11   -0.7173752646104785   5.245857977142104e-5
0.71   12   -0.7173753109054544   9.107273125410454e-6
0.78   13   -0.7173753120788835   5.189859826291204e-6
0.0   0   -0.6806512082078713   0.002215073051139083
0.05   1   -0.6807187267194907   0.0008553764189711995
0.08   2   -0.6807239084967769   0.000989718779000257
0.15   3   -0.6807453899708507   0.0004587671517681127
0.2   4   -0.6807488585770208   0.00011162565334888879
0.3   5   -0.6807530612043529   0.00023583666181131792
0.35   6   -0.6807543709444693   2.183659396415544e-5
0.4   7   -0.6807544155356302   2.1308615216107875e-5
0.48   8   -0.6807549644529259   4.187224991072943e-5
0.0   0   -0.6617473663066993   0.0012414029995155068
0.04   1   -0.661760145170917   0.000916454275802923
0.12   2   -0.6617624755425988   0.0005121160874711517
0.18   3   -0.6617685913391077   0.00022826417518734634
0.24   4   -0.6617691707023801   0.00021925235800539548
0.31   5   -0.66177034002235   8.8829973795962e-5
0.36   6   -0.6617708597295013   5.5608387350887334e-5
0.42   7   -0.6617709378437125   4.2010137748359654e-5
0.0   0   -0.6520947426111041   0.0007563682373578429
0.03   1   -0.6520976349658782   0.0006705900861047554
0.08   2   -0.6520988254139312   0.000264651256759745
0.14   3   -0.6521003291977452   5.933049879010339e-5
0.21   4   -0.6521010158609777   0.00013002551748049785
0.26   5   -0.6521013408263587   7.523961159396247e-5
0.34   6   -0.6521015354078799   3.8702704626579194e-5
0.0   0   -0.6460348446817226   0.0004831291068258678
0.03   1   -0.6460355013491446   0.0003820194076238304
0.1   2   -0.6460360635354294   0.00015942415256677646
0.17   3   -0.6460365982703662   6.483357124942886e-5
0.0   0   -0.6442005594146043   0.00031983357635401605
0.04   1   -0.6442007568439263   0.00016610464099313954
0.11   2   -0.6442009221284162   8.588745012920785e-5
0.0   0   -0.6436278028171338   0.00021853031085866792
0.04   1   -0.6436278903745187   0.00010379327175037515
0.11   2   -0.6436280408127398   9.014953242446939e-5
0.0   0   -0.6429756635613624   0.00014433420222100446
0.03   1   -0.642975721739468   7.573354676079585e-5
0.1   2   -0.642975853737485   7.363923898817626e-5
0.0   0   -0.6426992991525888   0.00015714751059445163
0.03   1   -0.6426993503072277   6.163026604188402e-5
0.1   2   -0.6426993921479899   6.039910015455863e-5
0.0   0   -0.7193465611496977   0.0049918848799066105
0.07   1   -0.7275359750861067   0.005412051255991479
0.1   2   -0.7288713163928329   0.003204761120965812
0.15   3   -0.7292576350013321   0.003913996619009023
0.23   4   -0.7297558517147402   0.004346990795941151
0.26   5   -0.7300809375963423   0.0031836639400100596
0.3   6   -0.7302692636534853   0.0009836089644863703
0.33   7   -0.7302755607380897   0.00028603383467999113
0.38   8   -0.7302763854685381   0.00024219099686392033
0.45   9   -0.7302838539674845   0.00017466451682708178
0.51   10   -0.7303038734232312   0.00021588661818719874
0.59   11   -0.7303050859593889   6.214302726586584e-5
0.64   12   -0.7303051989972205   3.164443171087925e-5
0.69   13   -0.7303052386597993   5.055527883467369e-5
0.0   0   -0.7167251034708866   0.004296466174806291
0.05   1   -0.7172036975425675   0.0015666098731617272
0.1   2   -0.7172591249757498   0.0018144927269448648
0.17   3   -0.7173163520874589   0.001569636175328482
0.22   4   -0.7173621751033186   0.0003337880002037512
0.26   5   -0.7173633554910073   0.00015536593645645657
0.33   6   -0.7173659251708306   0.00040259689278150695
0.38   7   -0.7173681790194869   0.00022107149366507194
0.45   8   -0.7173703350543554   0.00034810343028647865
0.53   9   -0.7173741632929245   3.712735075423226e-5
0.58   10   -0.717374228040573   5.86032698592883e-5
0.68   11   -0.7173752646104785   5.245857977142104e-5
0.73   12   -0.7173753109054544   9.107273125410454e-6
0.78   13   -0.7173753120788835   5.189859826291204e-6
0.0   0   -0.6806512082078713   0.002215073051139083
0.07   1   -0.6807187267194907   0.0008553764189711995
0.11   2   -0.6807239084967769   0.000989718779000257
0.17   3   -0.6807453899708507   0.0004587671517681127
0.22   4   -0.6807488585770208   0.00011162565334888879
0.31   5   -0.6807530612043529   0.00023583666181131792
0.38   6   -0.6807543709444693   2.183659396415544e-5
0.43   7   -0.6807544155356302   2.1308615216107875e-5
0.52   8   -0.6807549644529259   4.187224991072943e-5
0.0   0   -0.6617473663066993   0.0012414029995155068
0.04   1   -0.661760145170917   0.000916454275802923
0.07   2   -0.6617624755425988   0.0005121160874711517
0.16   3   -0.6617685913391077   0.00022826417518734634
0.21   4   -0.6617691707023801   0.00021925235800539548
0.27   5   -0.66177034002235   8.8829973795962e-5
0.32   6   -0.6617708597295013   5.5608387350887334e-5
0.38   7   -0.6617709378437125   4.2010137748359654e-5
0.0   0   -0.6520947426111041   0.0007563682373578429
0.05   1   -0.6520976349658782   0.0006705900861047554
0.09   2   -0.6520988254139312   0.000264651256759745
0.15   3   -0.6521003291977452   5.933049879010339e-5
0.21   4   -0.6521010158609777   0.00013002551748049785
0.27   5   -0.6521013408263587   7.523961159396247e-5
0.33   6   -0.6521015354078799   3.8702704626579194e-5
0.0   0   -0.6460348446817226   0.0004831291068258678
0.03   1   -0.6460355013491446   0.0003820194076238304
0.08   2   -0.6460360635354294   0.00015942415256677646
0.15   3   -0.6460365982703662   6.483357124942886e-5
0.0   0   -0.6442005594146043   0.00031983357635401605
0.03   1   -0.6442007568439263   0.00016610464099313954
0.09   2   -0.6442009221284162   8.588745012920785e-5
0.0   0   -0.6436278028171338   0.00021853031085866792
0.06   1   -0.6436278903745187   0.00010379327175037515
0.11   2   -0.6436280408127398   9.014953242446939e-5
0.0   0   -0.6429756635613624   0.00014433420222100446
0.03   1   -0.642975721739468   7.573354676079585e-5
0.1   2   -0.642975853737485   7.363923898817626e-5
0.0   0   -0.6426992991525888   0.00015714751059445163
0.05   1   -0.6426993503072277   6.163026604188402e-5
0.13   2   -0.6426993921479899   6.039910015455863e-5
