0.0   0   -0.7029551728104593   0.005316462337155832
0.07   1   -0.7098960521140838   0.010019835686718478
0.1   2   -0.7115790379196949   0.008250849983604154
0.13   3   -0.7124795919309667   0.0026074454867324338
0.19   4   -0.7126581978792935   0.0032203266469505113
0.25   5   -0.7136658751493623   0.0032354978402407185
0.29   6   -0.7138993043865681   0.0016075308602841488
0.32   7   -0.7139550679451596   0.00022750641475059762
0.36   8   -0.7139569144754757   0.00023291444407188506
0.39   9   -0.7139644929582679   0.000611121191780268
0.46   10   -0.7139677546017265   0.00019623644782978202
0.56   11   -0.7139745938046488   0.0007043519999866967
0.61   12   -0.7139942947918992   0.00013266956554276995
0.65   13   -0.7139955353844841   5.781571501687524e-5
0.71   14   -0.7139960542645039   5.030541410001871e-5
0.74   15   -0.7139961611630932   2.163088408148963e-5
0.0   0   -0.7276862555890671   0.003757012433344498
0.07   1   -0.7281609484439537   0.001666582989678369
0.1   2   -0.7281898143773855   0.0014197212283904722
0.15   3   -0.7282441745988987   0.0015427038400501968
0.2   4   -0.7283171078347557   0.0004409521311298805
0.24   5   -0.7283201240143022   8.206529988780111e-5
0.29   6   -0.7283203695930187   0.00010793663687264028
0.37   7   -0.7283229047064408   0.00011348882980551413
0.42   8   -0.7283279217594905   0.0003342051280888761
0.45   9   -0.7283284087542934   9.272980813396415e-6
0.5   10   -0.7283284097414002   8.733311348558755e-6
0.0   0   -0.6922167705952731   0.0020998003754696187
0.05   1   -0.6922809982710334   0.0009847804836534313
0.09   2   -0.6922876947396104   0.0007227304309546127
0.17   3   -0.6923065440177812   0.0007163739255397622
0.22   4   -0.6923155709120303   7.484971754194944e-5
0.28   5   -0.6923158839216577   9.095550460953618e-5
0.34   6   -0.6923179848238505   9.70042903303498e-5
0.4   7   -0.6923201072348193   8.279883326136315e-5
0.47   8   -0.6923202229259715   4.331115284845935e-5
0.54   9   -0.6923203532962918   6.908565262060398e-5
0.0   0   -0.673454334415466   0.0013689412523102058
0.04   1   -0.6734650300905531   0.0008948553584459376
0.09   2   -0.6734706476612329   0.00042035923004361803
0.16   3   -0.6734773494671273   0.00027534245062083094
0.23   4   -0.6734778171693818   5.2402066650918445e-5
0.3   5   -0.6734780436908803   0.00014820064283490607
0.0   0   -0.6662754584730571   0.0009924610818542192
0.03   1   -0.6662783783958637   0.00046439298170834173
0.08   2   -0.6662805826844811   0.0001790767927293051
0.15   3   -0.6662818993525857   0.0002588734814508807
0.22   4   -0.6662821963758676   5.763606350641476e-5
0.32   5   -0.6662837387421954   0.00033968662702664747
0.37   6   -0.6662848192828482   6.379661771261623e-5
0.42   7   -0.6662848577228191   6.0536312082801595e-5
0.51   8   -0.6662849904446224   3.1296258892209204e-5
0.0   0   -0.6582149244038343   0.0007544675336238828
0.03   1   -0.6582160779276716   0.00024708599819053644
0.08   2   -0.6582168989456498   0.0001300910510481832
0.13   3   -0.6582175494061648   0.0001288604643896576
0.17   4   -0.6582176194401761   2.9990510920353435e-5
0.0   0   -0.6561327286138224   0.0005731108822952477
0.03   1   -0.6561333712801469   0.00012663190513977632
0.11   2   -0.6561335963058111   7.186063168675525e-5
0.0   0   -0.6555198409212899   0.0004439691988056994
0.03   1   -0.65552025493499   7.436382237457783e-5
0.1   2   -0.6555204104305019   8.421840898634331e-5
0.0   0   -0.6549073456545755   0.0003461030886891725
0.03   1   -0.6549076466106702   7.594165288071585e-5
0.14   2   -0.654907844221884   5.689099663592409e-5
0.0   0   -0.6545291488258641   0.00032660533915982994
0.03   1   -0.6545293784570392   4.6761260233140004e-5
0.1   2   -0.6545294243339117   4.580041985789372e-5
0.0   0   -0.6542716732947679   0.0002570266923529205
0.05   1   -0.6542718341408674   3.640846944875453e-5
0.13   2   -0.6542719936633001   8.705031203478656e-5
0.0   0   -0.653455859495974   0.00019126414605258096
0.05   1   -0.6534559876726731   5.023310606823576e-5
0.12   2   -0.6534560246517644   3.437027459562327e-5
0.0   0   -0.6535944273996331   0.0001813028726893648
0.03   1   -0.6535945155458627   3.066681873505182e-5
0.13   2   -0.653595326476076   0.0001336594633978248
0.16   3   -0.653595787599276   8.049890439772009e-5
0.25   4   -0.6535960808452899   3.948518704810175e-5
0.0   0   -0.6499178415977214   0.0001826064866450167
0.04   1   -0.6499179081919293   4.221053993420576e-5
0.11   2   -0.6499179364320746   3.735624977682397e-5
0.0   0   -0.6497348796662784   0.00013800778490662455
0.03   1   -0.6497349270744194   2.9664208829780934e-5
0.13   2   -0.6497350170793588   4.619114571502402e-5
0.0   0   -0.6496871005258504   0.00013462910645988847
0.05   1   -0.6496871429361032   4.924765930288983e-5
0.12   2   -0.6496871667947994   3.0829904353321e-5
0.0   0   -0.649573131557254   9.714852471316665e-5
0.03   1   -0.6495731575380568   2.5647158830506453e-5
0.15   2   -0.6495733526267382   8.299896379195848e-5
0.0   0   -0.6498829290713481   0.00010152648357258886
0.05   1   -0.6498829793226862   7.343697118209439e-5
0.1   2   -0.6498830296903213   3.6832793154606666e-5
0.0   0   -0.6500553698687068   7.71820906770012e-5
0.03   1   -0.6500553863771923   3.1502753328571206e-5
0.12   2   -0.6500554329366224   3.987385204927935e-5
0.0   0   -0.6500137843389988   8.327529605016094e-5
0.05   1   -0.6500138003616244   4.231310221054917e-5
0.12   2   -0.6500138143612173   2.2935700350655074e-5
0.0   0   -0.6498966788629802   5.8451573899190946e-5
0.03   1   -0.6498966876332581   2.1118875159783872e-5
0.13   2   -0.6498968669872169   0.00010158263785246595
0.0   0   -0.6493612631356535   6.3980379471689e-5
0.04   1   -0.6493612945247442   7.638891006722873e-5
0.11   2   -0.6493613183166255   1.8934830209651712e-5
0.0   0   -0.6495499816360726   3.948244774912796e-5
0.03   1   -0.6495499890607124   2.7614938302249185e-5
0.1   2   -0.6495500042399609   2.7960099591070826e-5
0.0   0   -0.649685358125488   3.9182978971897246e-5
0.03   1   -0.6496853632282386   2.5471333661462314e-5
0.14   2   -0.6496853949300183   3.582045610520545e-5
0.0   0   -0.6496185924373277   3.783316602102676e-5
0.02   1   -0.6496186015833887   3.6277976415076016e-5
0.08   2   -0.6496186128978925   2.3333780110923923e-5
0.0   0   -0.6497161706888785   3.007175840540626e-5
0.03   1   -0.6497161738334255   2.0773140191266787e-5
0.13   2   -0.6497167237439385   0.00018036075658586832
0.0   0   -0.6496181269077981   0.00011621931800472387
0.05   1   -0.6496183260559801   7.812388593498287e-5
0.09   2   -0.649618340501917   1.9142930762012643e-5
0.0   0   -0.6492429536852505   4.9446157364143486e-5
0.03   1   -0.6492429732333367   5.7823310269915166e-5
0.08   2   -0.6492429830874077   2.123885494507453e-5
0.0   0   -0.6490869930481235   2.741531112035336e-5
0.03   1   -0.6490869966199568   3.349474549237109e-5
0.1   2   -0.6490870129578288   3.0199993738230437e-5
0.0   0   -0.6489064911251363   2.9236276013826194e-5
0.04   1   -0.6489064949066409   2.5615671702087727e-5
0.1   2   -0.6489065064868076   2.7170908545076106e-5
0.0   0   -0.6489537939823005   2.4543590153211556e-5
0.03   1   -0.6489537973548358   3.2319086852793404e-5
0.1   2   -0.6489538071573697   2.567526648555413e-5
0.0   0   -0.6488331615785736   2.2542363253413157e-5
0.04   1   -0.6488331646261609   2.5701085148672073e-5
0.12   2   -0.6488331778180043   2.9385609668464822e-5
0.0   0   -0.6488842238563974   2.3883070466807453e-5
0.03   1   -0.6488842286313283   3.498787836696002e-5
0.08   2   -0.6488842358023896   2.3606789595684982e-5
0.0   0   -0.6487824442644963   1.8470670206800533e-5
0.03   1   -0.6487824468205146   2.701658147791559e-5
0.1   2   -0.6487824768289729   4.456241989429572e-5
0.0   0   -0.6488230035263718   3.2057865725357045e-5
0.04   1   -0.6488230170227336   3.7517281922216454e-5
0.07   2   -0.6488230217088904   2.069244366695092e-5
0.0   0   -0.6487110353978836   1.7114517032140452e-5
0.03   1   -0.6487110380034631   3.0167517457829895e-5
0.1   2   -0.6487110806297569   4.788436973112437e-5
0.0   0   -0.6484328419159253   3.925885548098527e-5
0.03   1   -0.6484328604400755   3.499449542490986e-5
0.07   2   -0.6484328649077016   1.9376506828491453e-5
0.0   0   -0.6485370081518029   1.8739593880043986e-5
0.04   1   -0.648537011237043   3.0503461930952435e-5
0.11   2   -0.6485370296067762   3.5052833963538515e-5
0.0   0   -0.6485936079235644   2.682248710833214e-5
0.03   1   -0.6485936165101693   3.405842838572644e-5
0.07   2   -0.6485936210513145   2.1472297459141185e-5
0.0   0   -0.6484947156328175   1.561984023616304e-5
0.04   1   -0.6484947182587653   3.1262001357126976e-5
0.18   2   -0.6484975345616061   0.00015513874247612586
0.21   3   -0.6484978494159184   8.451125178445676e-5
0.26   4   -0.6484980600329368   9.956792084819134e-5
0.0   0   -0.6387322856855653   3.1056680006570884e-5
0.07   1   -0.6387323179928057   5.014602894971333e-5
0.1   2   -0.6387323239005873   2.8404510332807966e-5
0.0   0   -0.6385581023322306   1.3934930219975518e-5
0.05   1   -0.6385581069385831   4.487358576017937e-5
0.12   2   -0.6385581562557214   4.906802781936732e-5
0.0   0   -0.6387487157378159   4.4388344265489626e-5
0.07   1   -0.6387487292726407   2.7940185572265515e-5
0.1   2   -0.638748734535841   4.930937293379229e-5
0.0   0   -0.6387953920437852   2.0881276628030922e-5
0.04   1   -0.638795395454949   2.8928274999489067e-5
0.11   2   -0.6387954036621439   2.6363527080600335e-5
0.0   0   -0.6386728312085381   1.94967262172324e-5
0.03   1   -0.6386728339665644   2.4607701865852567e-5
0.08   2   -0.6386728395785473   2.3172215775466794e-5
0.0   0   -0.6387265451475743   1.764255848008341e-5
0.04   1   -0.638726547524511   2.4449732623167206e-5
0.09   2   -0.6387265520918619   2.107647808370821e-5
0.0   0   -0.6386506627595347   1.6710951086821642e-5
0.05   1   -0.6386506647515515   2.3508645901881855e-5
0.1   2   -0.6386506714957765   2.4115401874478623e-5
0.0   0   -0.6387140231309243   1.773797648725922e-5
0.03   1   -0.6387140261047022   2.5231979237200068e-5
0.08   2   -0.6387140294455429   1.7821066572468073e-5
0.0   0   -0.6386475186997063   1.470065771147169e-5
0.04   1   -0.6386475202901064   2.303380109207501e-5
0.1   2   -0.6386475354739007   3.397609194335901e-5
0.0   0   -0.6387348765399381   2.3135820068469188e-5
0.05   1   -0.638734883265344   2.5938549816831696e-5
0.09   2   -0.6387348854334117   1.4756114787423584e-5
0.0   0   -0.7373095469161443   0.008793682223963121
0.07   1   -0.7400871108444016   0.0071141453956727945
0.13   2   -0.7470101401931786   0.006456332651635008
0.17   3   -0.747706180998911   0.005047638814971375
0.2   4   -0.7481310887494367   0.006185415685555655
0.24   5   -0.7485764846716465   0.007109300634962205
0.28   6   -0.7489125279794983   0.0025232543152926105
0.3   7   -0.7489810150528387   0.0006877636388227925
0.37   8   -0.7489850829269753   0.0005099933815539041
0.47   9   -0.7490285112410191   0.0010099547201287385
0.52   10   -0.749065955170599   0.000992191020695315
0.57   11   -0.7490744036769414   0.00042466367344853325
0.61   12   -0.7490787591659713   0.0003432626624420985
0.65   13   -0.7490834608954631   0.0001814053855247352
0.7   14   -0.7490855955503506   0.0001468647887814713
0.75   15   -0.7490862602300722   4.8531584605734095e-5
0.8   16   -0.7490863102218337   2.1820538108831516e-5
0.0   0   -0.772706072997049   0.005129649701546436
0.04   1   -0.7731738552560081   0.001645714814532678
0.08   2   -0.7732003216481269   0.0020507064190316473
0.13   3   -0.7732319092684383   0.002731774442215021
0.18   4   -0.7733381980462786   0.0006530850388371665
0.23   5   -0.7733429740203577   0.00017962087148399122
0.29   6   -0.7733432511016209   0.00017125346080362557
0.35   7   -0.7733443322442948   0.00014997605475238529
0.41   8   -0.7733460717188929   0.0005285829381505635
0.46   9   -0.773350544706938   5.0151065322101306e-5
0.51   10   -0.7733505738934756   1.583260273005658e-5
0.6   11   -0.7733505838857779   1.91643296720924e-5
0.0   0   -0.7376325119089826   0.002010571275598692
0.03   1   -0.7376826792511515   0.003091125432194845
0.08   2   -0.7377077411575397   0.0012001704679577877
0.15   3   -0.7377315314946495   0.0013257283656630265
0.2   4   -0.7377366334569031   7.74201958740829e-5
0.27   5   -0.7377366906045767   8.663754226227602e-5
0.33   6   -0.7377377209833272   0.00011275727024376536
0.4   7   -0.7377409598142595   0.00020517230492138306
0.45   8   -0.7377411647027032   1.8848065558056898e-5
0.51   9   -0.7377411792894906   4.4933871652761815e-5
0.0   0   -0.7192233407000382   0.0013793670884564052
0.03   1   -0.7192376464612737   0.001397943673529455
0.08   2   -0.7192466101480666   0.0007407478943753633
0.13   3   -0.7192512087112347   0.0008020009206954933
0.17   4   -0.7192536806100932   4.643487234471689e-5
0.25   5   -0.7192537822210205   0.0001850509919614407
0.33   6   -0.7192545004359472   9.902773865405612e-5
0.0   0   -0.7112783895244335   0.0016286981657466
0.02   1   -0.7112870795024672   0.000553679767820808
0.08   2   -0.7112895540729809   0.0004814968620875575
0.13   3   -0.711290691447256   0.00045307431587421153
0.18   4   -0.7112916766041313   4.5079012870875264e-5
0.27   5   -0.7112920932037228   0.0003598992117229964
0.33   6   -0.7112941563178099   7.883467962523289e-5
0.38   7   -0.7112942197501217   6.805783710176646e-5
0.45   8   -0.7112943105905085   3.4933442259021294e-5
0.0   0   -0.7040457610546276   0.0016477982700253916
0.02   1   -0.7040522315377907   0.00032467992689086926
0.09   2   -0.7040530902173894   0.0002804317918656661
0.15   3   -0.704053449986699   0.00024264418214623492
0.2   4   -0.7040538193911938   2.9139241217798506e-5
0.0   0   -0.7020208376793506   0.0015460816331068251
0.03   1   -0.7020256586018604   0.00017460126004589587
0.08   2   -0.7020259037585008   0.00013290442688934032
0.12   3   -0.7020259867137603   0.00012007628472341953
0.0   0   -0.7011902083234808   0.0014297366709718855
0.07   1   -0.7011938498066836   8.567578639528606e-5
0.13   2   -0.701193945623475   0.00012273777119645412
0.17   3   -0.7011940608675455   0.00015380986473524647
0.0   0   -0.7004092814001162   0.001287024903694976
0.05   1   -0.7004120603260986   4.621151942116458e-5
0.11   2   -0.7004121326607426   0.00010021265755541609
0.16   3   -0.7004122402924358   0.00010789950250921206
0.0   0   -0.6996031629012418   0.0011369744757065926
0.04   1   -0.699605257679469   3.0321662176989277e-5
0.12   2   -0.6996053816807133   0.00025140781925734804
0.18   3   -0.6996061377457532   0.000150441727390535
0.23   4   -0.6996063597386164   7.818925587091645e-5
0.32   5   -0.699606619230898   4.070534632800584e-5
0.0   0   -0.6970845424224759   0.0009594194218548969
0.03   1   -0.6970861139563214   5.587343922265763e-5
0.1   2   -0.697086179295044   9.429658809161485e-5
0.14   3   -0.6970862430329856   5.242234374645409e-5
0.0   0   -0.6967015270729024   0.0008281535938897303
0.05   1   -0.6967027013071828   3.630340782533022e-5
0.14   2   -0.6967027153666355   4.197647759073639e-5
0.21   3   -0.6967028139854315   0.00023076463392239537
0.0   0   -0.6966111327832469   0.0007685953979228627
0.04   1   -0.6966120702002538   2.725985595409549e-5
0.12   2   -0.696612084799219   3.873807864312892e-5
0.27   3   -0.6966136473976656   0.0005543432257155685
0.35   4   -0.6966145890651483   0.00016648732902817018
0.41   5   -0.6966147902640119   0.00027429409423582944
0.48   6   -0.6966158161193123   0.00013179769421847506
0.53   7   -0.6966159337693278   0.00012924458576298747
0.64   8   -0.6966169272895044   9.093506348894974e-5
0.7   9   -0.696617433170627   3.380575265061223e-5
0.75   10   -0.6966176663019552   5.231592480300171e-5
0.0   0   -0.7007083416250732   0.0005677228512044772
0.03   1   -0.7007090486080811   5.830553119905016e-5
0.1   2   -0.700709083136797   6.1004445491584954e-5
0.2   3   -0.7007091403721841   6.424599369003151e-5
0.0   0   -0.7002901687378686   0.000505978789074441
0.04   1   -0.7002906997667729   4.063515253494192e-5
0.1   2   -0.7002907122103346   2.2639365542344008e-5
0.0   0   -0.7001548800720738   0.00044393547749760283
0.03   1   -0.7001552647321561   2.5942098721160488e-5
0.12   2   -0.7001552988930747   5.1577365183857076e-5
0.0   0   -0.6998763293908126   0.00039827314852987784
0.06   1   -0.6998766059238403   2.3222655518690828e-5
0.13   2   -0.6998766156397502   3.302424138189216e-5
0.0   0   -0.6999275252562638   0.0003182108672215089
0.03   1   -0.699927725682845   2.3230017287041572e-5
0.12   2   -0.6999277524210913   4.999729624434836e-5
0.0   0   -0.6997452262442765   0.0003011788017271994
0.04   1   -0.6997453740435804   2.9299957227318005e-5
0.12   2   -0.6997453850150271   2.8740641087520888e-5
0.0   0   -0.6998109048159022   0.00023520290582884631
0.03   1   -0.6998110103261154   1.8652086095868645e-5
0.14   2   -0.6998113324876669   0.00019635444515909745
0.0   0   -0.6992406501892372   0.00017973174334960496
0.05   1   -0.6992407659069593   0.00011702130027797012
0.12   2   -0.6992408384481743   2.4257248792435555e-5
0.0   0   -0.6989925289608577   0.000141045401392442
0.03   1   -0.6989925841054687   3.0259207265220455e-5
0.1   2   -0.6989925941187797   1.4436872147230199e-5
0.0   0   -0.6989004942419181   0.00013450220806933988
0.03   1   -0.6989005321234225   1.6717172402914565e-5
0.1   2   -0.6989005513263232   3.77760274160391e-5
0.0   0   -0.6987673140238697   0.00014306352086643117
0.06   1   -0.6987673440407419   2.4752347496989144e-5
0.12   2   -0.6987673517035387   2.2028570984830008e-5
0.0   0   -0.6988260649665959   0.00010445883439180089
0.03   1   -0.6988260851753046   1.350233752733217e-5
0.13   2   -0.6988261249622828   6.16415492650029e-5
0.0   0   -0.6987963025399166   7.71152394701145e-5
0.04   1   -0.6987963239374082   4.47168647263477e-5
0.11   2   -0.698796337277027   1.4900580376142488e-5
0.0   0   -0.6986871809412378   6.42553713087829e-5
0.03   1   -0.6986871922535527   1.861579631238457e-5
0.1   2   -0.69868719926072   2.207572396616586e-5
0.0   0   -0.6986035672261011   7.181614383593514e-5
0.03   1   -0.6986035757739086   1.4184219949313239e-5
0.1   2   -0.6986035819768963   2.7447918878794004e-5
0.0   0   -0.6986418814176569   4.5974646878368156e-5
0.03   1   -0.6986418877756297   1.8105550412466558e-5
0.1   2   -0.6986418951831832   2.333158880440187e-5
0.0   0   -0.698551885771428   5.696905457672003e-5
0.03   1   -0.6985518909090714   1.526210312347301e-5
0.1   2   -0.6985518965849196   2.5936949240654345e-5
0.0   0   -0.698590693129159   3.4287573112105e-5
0.03   1   -0.6985906968197657   1.690920243538555e-5
0.14   2   -0.6985907065495229   2.924280676042999e-5
0.0   0   -0.6984802067806752   4.896578527630631e-5
0.03   1   -0.6984802106068769   1.8238441336969168e-5
0.09   2   -0.6984802158686152   2.3069967314439275e-5
0.0   0   -0.6985240685304099   2.7660257464725632e-5
0.05   1   -0.6985240707322924   1.4484110311935639e-5
0.17   2   -0.698524120325922   7.159976589230114e-5
0.0   0   -0.6981401824601136   6.757420117215532e-5
0.04   1   -0.6981401981551325   3.721202243642969e-5
0.09   2   -0.6981402079539735   1.866295698079214e-5
0.0   0   -0.6982383825548111   3.267273991364152e-5
0.03   1   -0.6982383846790053   1.5111453957800949e-5
0.1   2   -0.6982383898880139   2.490496192562715e-5
0.0   0   -0.6982746879249644   2.2776212076929416e-5
0.06   1   -0.6982746893777732   1.5532486136938752e-5
0.13   2   -0.6982746990987136   3.094798860718897e-5
0.0   0   -0.6981565927914197   3.188076630047833e-5
0.03   1   -0.6981565955430913   1.755982328653497e-5
0.08   2   -0.6981566000637093   2.204708228000365e-5
0.0   0   -0.6981994830398056   1.992038203808482e-5
0.03   1   -0.6981994841234722   1.4380896389019252e-5
0.15   2   -0.6981995622467944   9.181939256353593e-5
0.0   0   -0.6975869831056867   6.635565272589202e-5
0.03   1   -0.6975870149759602   4.461374854103337e-5
0.08   2   -0.6975870199201198   1.792981764245991e-5
0.0   0   -0.6977091136463809   2.6463937620893094e-5
0.03   1   -0.697709116576127   2.12471976932896e-5
0.08   2   -0.6977091203606346   2.1194768606127017e-5
0.0   0   -0.6977496239587959   1.7783915862693325e-5
0.03   1   -0.6977496249908545   1.7308896217326267e-5
0.16   2   -0.6977497002506569   9.227940818236673e-5
0.0   0   -0.6970957003966283   6.27510782051896e-5
0.04   1   -0.6970957334544565   3.768630802136318e-5
0.07   2   -0.6970957366216475   1.7751449849202312e-5
0.0   0   -0.697215546599705   2.3734817720025878e-5
0.04   1   -0.6972155498838791   2.4028811777467852e-5
0.09   2   -0.6972155530786861   2.077317515533091e-5
0.0   0   -0.6972535070037831   1.6553834618759747e-5
0.06   1   -0.6972535081402733   1.994052412121301e-5
0.14   2   -0.6972535735504952   8.669944929932027e-5
0.0   0   -0.6966140496924678   5.5267106107542564e-5
0.03   1   -0.6966140774235787   3.241453031157912e-5
0.07   2   -0.6966140797249467   1.6378355570362e-5
0.0   0   -0.6967235772968977   2.0261821750245552e-5
0.03   1   -0.6967235804135357   2.4389569910661716e-5
0.09   2   -0.696723583305503   2.0267463327800992e-5
0.0   0   -0.6967605098538163   1.6176819987508496e-5
0.04   1   -0.6967605111602655   2.2259182103711333e-5
0.12   2   -0.6967605466547044   6.475941865241808e-5
0.0   0   -0.6963969061920304   4.449716471948183e-5
0.06   1   -0.6963969231126641   2.8556593501487914e-5
0.09   2   -0.6963969251886046   1.8375638108017983e-5
0.0   0   -0.6964767183354333   1.6369154101622883e-5
0.04   1   -0.6964767205290948   2.4233960296889235e-5
0.11   2   -0.6964767251939427   2.571368346394009e-5
0.0   0   -0.6964949679429657   1.952825741031024e-5
0.03   1   -0.6964949701169145   2.3725709680758676e-5
0.08   2   -0.6964949740150985   2.3361656968355726e-5
