0.0   0   -0.710291637970621   0.0044539976950115434
0.07   1   -0.711521105766425   0.007086318365826105
0.12   2   -0.715391391408475   0.01414560333719907
0.17   3   -0.7165847928183845   0.0151002731595141
0.2   4   -0.7190270699085313   0.006236483382802316
0.25   5   -0.7198955892612737   0.0038921057644009313
0.32   6   -0.7208132919400403   0.004417423635688603
0.36   7   -0.721298465831365   0.00230554205535252
0.4   8   -0.7213995696605423   0.0005607046898538506
0.45   9   -0.7214041873557223   0.00037902333735996254
0.53   10   -0.7214725004146691   0.0007253159817248622
0.58   11   -0.7215052870996795   0.00044776887766839713
0.63   12   -0.7215099580292083   0.00021791137249290753
0.69   13   -0.7215145434685328   0.000207301815961405
0.75   14   -0.7215156888088986   4.276574957322244e-5
0.8   15   -0.7215158481059147   6.018560997440155e-5
0.85   16   -0.7215159600514435   1.3331409232704939e-5
0.0   0   -0.8218298384483386   0.0036044932580712647
0.05   1   -0.8223125638456512   0.0011500064681300758
0.1   2   -0.8223374032758173   0.0016373807138033434
0.15   3   -0.8223782627183913   0.0016436939354414013
0.21   4   -0.8224657184005086   0.0005482979612955219
0.24   5   -0.8224696842951702   5.638044367700798e-5
0.29   6   -0.8224697620983532   5.082230980135146e-5
0.34   7   -0.8224708047199845   0.0001298120277310167
0.44   8   -0.8224743582592626   0.00040634935220860584
0.49   9   -0.8224754801944323   1.7958231737528204e-5
0.53   10   -0.8224755067186589   5.772230890094218e-6
0.6   11   -0.8224755151142491   1.8618228667355074e-5
0.0   0   -0.7886508092690655   0.0015713180810083467
0.06   1   -0.7887092109265288   0.0018706052642467363
0.12   2   -0.7887230415384995   0.0006265606899094154
0.18   3   -0.7887438414928815   0.0006009996647284383
0.24   4   -0.788752254651317   5.9673780533891314e-5
0.27   5   -0.7887523288790803   9.715651545162588e-5
0.34   6   -0.7887528468907784   9.225773961442519e-5
0.0   0   -0.7744463599813985   0.0011786126518976653
0.07   1   -0.7744554258051153   0.0010724163884208862
0.12   2   -0.7744625275971826   0.00045403456636847574
0.18   3   -0.7744687339094141   0.00047234530583588856
0.25   4   -0.7744697898847486   6.326800542279683e-5
0.31   5   -0.7744699664607992   0.00010750413344243277
0.38   6   -0.7744740135816945   0.00014628364654072824
0.43   7   -0.7744757992398341   5.171908449374679e-5
0.46   8   -0.7744760010386129   1.4541747751156609e-5
0.53   9   -0.7744761174336067   8.51615165908152e-5
0.0   0   -0.7615394216256385   0.0009764993765466319
0.05   1   -0.7615430414085256   0.0005458987693250515
0.1   2   -0.7615456414299777   0.00024367474376498348
0.18   3   -0.7615477831631997   0.0002605950205787337
0.22   4   -0.7615481024093733   3.1008326165380185e-5
0.32   5   -0.7615483875492061   0.0001067100823931185
0.0   0   -0.7571338657050444   0.0008050678098951782
0.03   1   -0.7571360199368837   0.00027027517047351177
0.08   2   -0.7571368801600764   0.00013848108753285426
0.14   3   -0.7571372503420665   0.00015562811011079542
0.2   4   -0.7571373914865409   3.264498490602463e-5
0.0   0   -0.7552692834444273   0.0006506633287851306
0.03   1   -0.7552706823668813   0.0001243613510519773
0.09   2   -0.7552708941539921   6.864117133420069e-5
0.17   3   -0.7552710812707075   0.00012084860351747407
0.0   0   -0.7542109098534642   0.0005556770595724302
0.03   1   -0.7542119730736236   6.98077804950448e-5
0.09   2   -0.7542120406893595   5.390959427767329e-5
0.16   3   -0.7542123135648853   0.00014577880664547738
0.0   0   -0.7529681889069714   0.0004891676146660961
0.03   1   -0.7529690370797276   5.1901899498239134e-5
0.1   2   -0.7529690791090292   4.90419246498268e-5
0.2   3   -0.7529696317988932   0.00016108670963895321
0.0   0   -0.7519972916199423   0.00044325521232645225
0.03   1   -0.7519979803631294   5.7153949535591214e-5
0.11   2   -0.751998152917783   5.575904351899021e-5
0.0   0   -0.710291637970621   0.0044539976950115434
0.05   1   -0.711521105766425   0.007086318365826105
0.12   2   -0.715391391408475   0.01414560333719907
0.17   3   -0.7165847928183845   0.0151002731595141
0.2   4   -0.7190270699085313   0.006236483382802316
0.25   5   -0.7198955892612737   0.0038921057644009313
0.32   6   -0.7208132919400403   0.004417423635688603
0.35   7   -0.721298465831365   0.00230554205535252
0.4   8   -0.7213995696605423   0.0005607046898538506
0.44   9   -0.7214041873557223   0.00037902333735996254
0.53   10   -0.7214725004146691   0.0007253159817248622
0.58   11   -0.7215052870996795   0.00044776887766839713
0.63   12   -0.7215099580292083   0.00021791137249290753
0.7   13   -0.7215145434685328   0.000207301815961405
0.75   14   -0.7215156888088986   4.276574957322244e-5
0.8   15   -0.7215158481059147   6.018560997440155e-5
0.84   16   -0.7215159600514435   1.3331409232704939e-5
0.0   0   -0.8218298384483386   0.0036044932580712647
0.06   1   -0.8223125638456512   0.0011500064681300758
0.1   2   -0.8223374032758173   0.0016373807138033434
0.17   3   -0.8223782627183913   0.0016436939354414013
0.22   4   -0.8224657184005086   0.0005482979612955219
0.25   5   -0.8224696842951702   5.638044367700798e-5
0.3   6   -0.8224697620983532   5.082230980135146e-5
0.37   7   -0.8224708047199845   0.0001298120277310167
0.44   8   -0.8224743582592626   0.00040634935220860584
0.52   9   -0.8224754801944323   1.7958231737528204e-5
0.57   10   -0.8224755067186589   5.772230890094218e-6
0.63   11   -0.8224755151142491   1.8618228667355074e-5
0.0   0   -0.7886508092690655   0.0015713180810083467
0.05   1   -0.7887092109265288   0.0018706052642467363
0.08   2   -0.7887230415384995   0.0006265606899094154
0.17   3   -0.7887438414928815   0.0006009996647284383
0.22   4   -0.788752254651317   5.9673780533891314e-5
0.27   5   -0.7887523288790803   9.715651545162588e-5
0.34   6   -0.7887528468907784   9.225773961442519e-5
0.0   0   -0.7744463599813985   0.0011786126518976653
0.04   1   -0.7744554258051153   0.0010724163884208862
0.11   2   -0.7744625275971826   0.00045403456636847574
0.17   3   -0.7744687339094141   0.00047234530583588856
0.22   4   -0.7744697898847486   6.326800542279683e-5
0.27   5   -0.7744699664607992   0.00010750413344243277
0.35   6   -0.7744740135816945   0.00014628364654072824
0.4   7   -0.7744757992398341   5.171908449374679e-5
0.43   8   -0.7744760010386129   1.4541747751156609e-5
0.5   9   -0.7744761174336067   8.51615165908152e-5
0.0   0   -0.7615394216256385   0.0009764993765466319
0.03   1   -0.7615430414085256   0.0005458987693250515
0.08   2   -0.7615456414299777   0.00024367474376498348
0.15   3   -0.7615477831631997   0.0002605950205787337
0.22   4   -0.7615481024093733   3.1008326165380185e-5
0.31   5   -0.7615483875492061   0.0001067100823931185
0.0   0   -0.7571338657050444   0.0008050678098951782
0.03   1   -0.7571360199368837   0.00027027517047351177
0.08   2   -0.7571368801600764   0.00013848108753285426
0.12   3   -0.7571372503420665   0.00015562811011079542
0.2   4   -0.7571373914865409   3.264498490602463e-5
0.0   0   -0.7552692834444273   0.0006506633287851306
0.03   1   -0.7552706823668813   0.0001243613510519773
0.1   2   -0.7552708941539921   6.864117133420069e-5
0.16   3   -0.7552710812707075   0.00012084860351747407
0.0   0   -0.7542109098534642   0.0005556770595724302
0.04   1   -0.7542119730736236   6.98077804950448e-5
0.12   2   -0.7542120406893595   5.390959427767329e-5
0.18   3   -0.7542123135648853   0.00014577880664547738
0.0   0   -0.7529681889069714   0.0004891676146660961
0.03   1   -0.7529690370797276   5.1901899498239134e-5
0.1   2   -0.7529690791090292   4.90419246498268e-5
0.2   3   -0.7529696317988932   0.00016108670963895321
0.0   0   -0.7519972916199423   0.00044325521232645225
0.03   1   -0.7519979803631294   5.7153949535591214e-5
0.11   2   -0.751998152917783   5.575904351899021e-5
0.0   0   -0.7193465611496977   0.0049918848799066105
0.07   1   -0.7275359750861067   0.005412051255991479
0.09   2   -0.7288713163928329   0.003204761120965812
0.15   3   -0.7292576350013321   0.003913996619009023
0.22   4   -0.7297558517147402   0.004346990795941151
0.25   5   -0.7300809375963423   0.0031836639400100596
0.29   6   -0.7302692636534853   0.0009836089644863703
0.32   7   -0.7302755607380897   0.00028603383467999113
0.37   8   -0.7302763854685381   0.00024219099686392033
0.43   9   -0.7302838539674845   0.00017466451682708178
0.52   10   -0.7303038734232312   0.00021588661818719874
0.57   11   -0.7303050859593889   6.214302726586584e-5
0.62   12   -0.7303051989972205   3.164443171087925e-5
0.67   13   -0.7303052386597993   5.055527883467369e-5
0.0   0   -0.7167251034708866   0.004296466174806291
0.05   1   -0.7172036975425675   0.0015666098731617272
0.1   2   -0.7172591249757498   0.0018144927269448648
0.17   3   -0.7173163520874589   0.001569636175328482
0.22   4   -0.7173621751033186   0.0003337880002037512
0.24   5   -0.7173633554910073   0.00015536593645645657
0.32   6   -0.7173659251708306   0.00040259689278150695
0.36   7   -0.7173681790194869   0.00022107149366507194
0.45   8   -0.7173703350543554   0.00034810343028647865
0.5   9   -0.7173741632929245   3.712735075423226e-5
0.55   10   -0.717374228040573   5.86032698592883e-5
0.63   11   -0.7173752646104785   5.245857977142104e-5
0.69   12   -0.7173753109054544   9.107273125410454e-6
0.76   13   -0.7173753120788835   5.189859826291204e-6
0.0   0   -0.6806512082078713   0.002215073051139083
0.06   1   -0.6807187267194907   0.0008553764189711995
0.09   2   -0.6807239084967769   0.000989718779000257
0.16   3   -0.6807453899708507   0.0004587671517681127
0.21   4   -0.6807488585770208   0.00011162565334888879
0.31   5   -0.6807530612043529   0.00023583666181131792
0.36   6   -0.6807543709444693   2.183659396415544e-5
0.41   7   -0.6807544155356302   2.1308615216107875e-5
0.49   8   -0.6807549644529259   4.187224991072943e-5
0.0   0   -0.6617473663066993   0.0012414029995155068
0.05   1   -0.661760145170917   0.000916454275802923
0.08   2   -0.6617624755425988   0.0005121160874711517
0.17   3   -0.6617685913391077   0.00022826417518734634
0.22   4   -0.6617691707023801   0.00021925235800539548
0.27   5   -0.66177034002235   8.8829973795962e-5
0.33   6   -0.6617708597295013   5.5608387350887334e-5
0.38   7   -0.6617709378437125   4.2010137748359654e-5
0.0   0   -0.6520947426111041   0.0007563682373578429
0.05   1   -0.6520976349658782   0.0006705900861047554
0.08   2   -0.6520988254139312   0.000264651256759745
0.14   3   -0.6521003291977452   5.933049879010339e-5
0.21   4   -0.6521010158609777   0.00013002551748049785
0.26   5   -0.6521013408263587   7.523961159396247e-5
0.35   6   -0.6521015354078799   3.8702704626579194e-5
0.0   0   -0.6460348446817226   0.0004831291068258678
0.03   1   -0.6460355013491446   0.0003820194076238304
0.08   2   -0.6460360635354294   0.00015942415256677646
0.14   3   -0.6460365982703662   6.483357124942886e-5
0.0   0   -0.6442005594146043   0.00031983357635401605
0.03   1   -0.6442007568439263   0.00016610464099313954
0.11   2   -0.6442009221284162   8.588745012920785e-5
0.0   0   -0.6436278028171338   0.00021853031085866792
0.03   1   -0.6436278903745187   0.00010379327175037515
0.1   2   -0.6436280408127398   9.014953242446939e-5
0.0   0   -0.6429756635613624   0.00014433420222100446
0.03   1   -0.642975721739468   7.573354676079585e-5
0.09   2   -0.642975853737485   7.363923898817626e-5
0.0   0   -0.6426992991525888   0.00015714751059445163
0.05   1   -0.6426993503072277   6.163026604188402e-5
0.13   2   -0.6426993921479899   6.039910015455863e-5
0.0   0   -0.7373095469161443   0.008793682223963121
0.05   1   -0.7400871108444016   0.0071141453956727945
0.1   2   -0.7470101401931786   0.006456332651635008
0.13   3   -0.747706180998911   0.005047638814971375
0.15   4   -0.7481310887494367   0.006185415685555655
0.2   5   -0.7485764846716465   0.007109300634962205
0.27   6   -0.7489125279794983   0.0025232543152926105
0.3   7   -0.7489810150528387   0.0006877636388227925
0.35   8   -0.7489850829269753   0.0005099933815539041
0.43   9   -0.7490285112410191   0.0010099547201287385
0.48   10   -0.749065955170599   0.000992191020695315
0.53   11   -0.7490744036769414   0.00042466367344853325
0.6   12   -0.7490787591659713   0.0003432626624420985
0.65   13   -0.7490834608954631   0.0001814053855247352
0.68   14   -0.7490855955503506   0.0001468647887814713
0.72   15   -0.7490862602300722   4.8531584605734095e-5
0.76   16   -0.7490863102218337   2.1820538108831516e-5
0.0   0   -0.772706072997049   0.005129649701546436
0.07   1   -0.7731738552560081   0.001645714814532678
0.12   2   -0.7732003216481269   0.0020507064190316473
0.17   3   -0.7732319092684383   0.002731774442215021
0.22   4   -0.7733381980462786   0.0006530850388371665
0.25   5   -0.7733429740203577   0.00017962087148399122
0.3   6   -0.7733432511016209   0.00017125346080362557
0.36   7   -0.7733443322442948   0.00014997605475238529
0.45   8   -0.7733460717188929   0.0005285829381505635
0.49   9   -0.773350544706938   5.0151065322101306e-5
0.55   10   -0.7733505738934756   1.583260273005658e-5
0.61   11   -0.7733505838857779   1.91643296720924e-5
0.0   0   -0.7376325119089826   0.002010571275598692
0.03   1   -0.7376826792511515   0.003091125432194845
0.1   2   -0.7377077411575397   0.0012001704679577877
0.17   3   -0.7377315314946495   0.0013257283656630265
0.22   4   -0.7377366334569031   7.74201958740829e-5
0.27   5   -0.7377366906045767   8.663754226227602e-5
0.33   6   -0.7377377209833272   0.00011275727024376536
0.4   7   -0.7377409598142595   0.00020517230492138306
0.45   8   -0.7377411647027032   1.8848065558056898e-5
0.53   9   -0.7377411792894906   4.4933871652761815e-5
0.0   0   -0.7192233407000382   0.0013793670884564052
0.03   1   -0.7192376464612737   0.001397943673529455
0.08   2   -0.7192466101480666   0.0007407478943753633
0.13   3   -0.7192512087112347   0.0008020009206954933
0.2   4   -0.7192536806100932   4.643487234471689e-5
0.27   5   -0.7192537822210205   0.0001850509919614407
0.33   6   -0.7192545004359472   9.902773865405612e-5
0.0   0   -0.7112783895244335   0.0016286981657466
0.03   1   -0.7112870795024672   0.000553679767820808
0.08   2   -0.7112895540729809   0.0004814968620875575
0.15   3   -0.711290691447256   0.00045307431587421153
0.2   4   -0.7112916766041313   4.5079012870875264e-5
0.27   5   -0.7112920932037228   0.0003598992117229964
0.33   6   -0.7112941563178099   7.883467962523289e-5
0.38   7   -0.7112942197501217   6.805783710176646e-5
0.47   8   -0.7112943105905085   3.4933442259021294e-5
0.0   0   -0.7040457610546276   0.0016477982700253916
0.04   1   -0.7040522315377907   0.00032467992689086926
0.08   2   -0.7040530902173894   0.0002804317918656661
0.14   3   -0.704053449986699   0.00024264418214623492
0.19   4   -0.7040538193911938   2.9139241217798506e-5
0.0   0   -0.7020208376793506   0.0015460816331068251
0.04   1   -0.7020256586018604   0.00017460126004589587
0.12   2   -0.7020259037585008   0.00013290442688934032
0.16   3   -0.7020259867137603   0.00012007628472341953
0.0   0   -0.7011902083234808   0.0014297366709718855
0.05   1   -0.7011938498066836   8.567578639528606e-5
0.11   2   -0.701193945623475   0.00012273777119645412
0.16   3   -0.7011940608675455   0.00015380986473524647
0.0   0   -0.7004092814001162   0.001287024903694976
0.06   1   -0.7004120603260986   4.621151942116458e-5
0.12   2   -0.7004121326607426   0.00010021265755541609
0.17   3   -0.7004122402924358   0.00010789950250921206
0.0   0   -0.6996031629012418   0.0011369744757065926
0.03   1   -0.699605257679469   3.0321662176989277e-5
0.11   2   -0.6996053816807133   0.00025140781925734804
0.2   3   -0.6996061377457532   0.000150441727390535
0.25   4   -0.6996063597386164   7.818925587091645e-5
0.31   5   -0.699606619230898   4.070534632800584e-5
