0.0   0   -0.7219428724092822   0.004738411386100054
0.07   1   -0.722948556506495   0.005538773546135544
0.13   2   -0.7307669148543892   0.008904453526430293
0.17   3   -0.7316379467975238   0.006281360580535708
0.2   4   -0.7319911276291514   0.0038633477095591055
0.25   5   -0.7322299436751445   0.0037602677804060972
0.32   6   -0.7331821238069252   0.0012572754238566269
0.35   7   -0.7332599641469316   0.000744924672976564
0.4   8   -0.7332771090556608   0.0009047806928251639
0.45   9   -0.7332868796074731   0.0006450756465021329
0.5   10   -0.7332963827576415   0.0004640412890982412
0.58   11   -0.7333348050053254   0.0005694995959183662
0.63   12   -0.7333581403646572   0.0003682352362061378
0.68   13   -0.7333613190716832   7.464434967861827e-5
0.73   14   -0.7333615246885926   3.1905128826983796e-5
0.78   15   -0.7333615452287423   1.1798544850491155e-5
0.0   0   -0.7387019131698145   0.004056529999794219
0.07   1   -0.7391342234286445   0.0027504933656919282
0.1   2   -0.7391721676202657   0.00157259224334381
0.17   3   -0.7392501241461829   0.0021294684792092624
0.21   4   -0.7393177303500607   0.00039922372680779335
0.26   5   -0.7393196843516459   0.00022340539580703993
0.34   6   -0.7393241789474121   0.0005834116565878148
0.39   7   -0.739329396653662   0.0002875995694144399
0.44   8   -0.7393322191626668   0.00047225669752096124
0.49   9   -0.7393372707506507   7.350441063550578e-5
0.53   10   -0.7393373301457133   2.0056819451095012e-5
0.62   11   -0.7393374186107564   4.8637036184162026e-5
0.0   0   -0.702328752163277   0.0029957609638369513
0.03   1   -0.7023796563339815   0.0020175771960598585
0.08   2   -0.7024003363326072   0.0008306574806971734
0.15   3   -0.7024251935571293   0.00030811725907256874
0.2   4   -0.70242703114928   0.00029510329203493916
0.28   5   -0.7024298176419047   0.000245142160475849
0.33   6   -0.7024311471922422   0.0002807912951227693
0.38   7   -0.702433086832012   7.159397313883163e-5
0.42   8   -0.7024331797298553   2.89461226197635e-5
0.52   9   -0.702433764635988   0.00019834274817689084
0.0   0   -0.6855972931713199   0.002545438322504223
0.03   1   -0.6856109977037761   0.0010010942852682798
0.08   2   -0.6856204507558356   0.0005559573612660579
0.13   3   -0.6856257541255213   0.0005736274910836305
0.18   4   -0.6856268891210018   9.223251466508146e-5
0.28   5   -0.685627966334673   0.0004098055907236649
0.33   6   -0.6856293705653239   0.00012045960018586109
0.4   7   -0.6856297966390094   0.0003101975111662695
0.45   8   -0.6856301197950081   4.888669400436591e-5
0.0   0   -0.6754866182408856   0.002146332238289996
0.04   1   -0.6754939999063557   0.0004305331094961878
0.11   2   -0.6754966864853786   0.0003220093266365401
0.17   3   -0.6754981134292324   0.00031094417111092237
0.22   4   -0.6754985947228362   7.032546996216183e-5
0.3   5   -0.6754990307343199   0.00029421622104344595
0.0   0   -0.6718901121035679   0.0017728961712922856
0.05   1   -0.6718950103716743   0.00024577318996061795
0.12   2   -0.6718957266403094   0.0002155200860652533
0.17   3   -0.6718962371112935   0.0002110084178796651
0.22   4   -0.6718964522391457   7.431835197457305e-5
0.0   0   -0.6699433994187247   0.001507715322789257
0.03   1   -0.6699470561117135   0.0001398736180000814
0.1   2   -0.6699472841696958   9.084035199298335e-5
0.15   3   -0.6699474870928572   0.00020795418726627963
0.0   0   -0.6689893125049645   0.0012942672865617504
0.04   1   -0.6689921808628737   8.017073467605918e-5
0.1   2   -0.668992315441969   0.0001241408924084168
0.16   3   -0.6689927896614034   0.00028048850990008186
0.0   0   -0.6675645089321043   0.0011331815419767068
0.03   1   -0.6675668221205519   8.185132947398706e-5
0.11   2   -0.6675675842307005   0.00039128270315537194
0.16   3   -0.6675684055211965   0.0001923540290192181
0.23   4   -0.6675690408698622   0.0002425637306380994
0.3   5   -0.6675698248891129   7.659926139096164e-5
0.38   6   -0.6675723490761624   0.0003301877499267944
0.43   7   -0.6675770039133606   0.00025046832252980717
0.48   8   -0.6675781389407337   0.0001985268017563261
0.55   9   -0.6675783269240947   5.881690599786151e-5
0.6   10   -0.6675784005092429   6.576714998174676e-5
0.0   0   -0.6772716968088617   0.0011016882326066388
0.03   1   -0.677273500555043   0.00010230821812721613
0.1   2   -0.6772738033193015   0.0001465580577315287
0.15   3   -0.6772739732918944   7.500123814102523e-5
0.0   0   -0.6762651032424872   0.0009667060370173597
0.05   1   -0.6762664351221525   8.881799932799934e-5
0.12   2   -0.676266503355119   4.725590207526769e-5
0.18   3   -0.6762669144373269   0.00030808918407421106
0.0   0   -0.6749791025780509   0.0008673475323440127
0.03   1   -0.674980203461907   4.7367416114295346e-5
0.1   2   -0.6749802469294868   5.468599693914021e-5
0.18   3   -0.6749806562834189   0.00011672947019372518
0.0   0   -0.673887862845822   0.0007351936605132507
0.03   1   -0.6738887119656818   6.933131727741868e-5
0.11   2   -0.6738888510071772   6.403198913048113e-5
0.15   3   -0.6738888915699905   2.7339065808317905e-5
0.0   0   -0.6735660795217278   0.000651388569197537
0.05   1   -0.6735666873253505   3.0168624917781798e-5
0.12   2   -0.6735667013471612   2.9377166919658204e-5
0.0   0   -0.6734157049611036   0.0005465809651266263
0.03   1   -0.6734161490117008   2.150702088166335e-5
0.13   2   -0.6734162803387665   4.685405477157558e-5
0.0   0   -0.6726428442768634   0.00046712329719931757
0.05   1   -0.6726431725933364   4.530871501572902e-5
0.12   2   -0.6726432029694513   4.289827014717775e-5
0.0   0   -0.6725587645270075   0.0003826520729406323
0.04   1   -0.6725590033306943   3.0255161411316253e-5
0.1   2   -0.6725590199568348   3.333310036376046e-5
0.0   0   -0.672625547868327   0.00034551634635564466
0.05   1   -0.6726257213846782   2.7055709488843805e-5
0.12   2   -0.6726257339900297   3.1143910509934975e-5
0.0   0   -0.6725280990243754   0.0002835479594515012
0.04   1   -0.6725282264244569   2.1410794674260766e-5
0.1   2   -0.6725282384832316   3.109721203285642e-5
0.0   0   -0.6725509203568609   0.0002583443132507002
0.03   1   -0.672551013480664   2.5227878418936508e-5
0.12   2   -0.672551022818009   2.4996078807304174e-5
0.0   0   -0.6724527804889211   0.0002096745520029792
0.04   1   -0.6724528487067875   1.6699665332645915e-5
0.12   2   -0.6724528702578295   3.8760011797467274e-5
0.0   0   -0.6724350109261525   0.0001993202564378661
0.03   1   -0.672435063259034   3.0262799162512315e-5
0.12   2   -0.6724350733442888   1.74477787354533e-5
0.0   0   -0.6723409782897434   0.00015832037885040956
0.03   1   -0.6723410149957503   1.9192599004596428e-5
0.13   2   -0.6723411222649005   7.805620000148074e-5
0.0   0   -0.6716027429303135   0.0001446127182379536
0.03   1   -0.6716027853514714   5.824125644028885e-5
0.1   2   -0.6716028099518443   1.7291720803432235e-5
0.0   0   -0.6717065987700521   0.00010416204162205628
0.04   1   -0.6717066194111978   1.9592208665151403e-5
0.1   2   -0.6717066268256613   2.2800660527649065e-5
0.0   0   -0.671738404284266   0.00010059504021079126
0.03   1   -0.6717384190282054   1.9351686950366987e-5
0.13   2   -0.6717384308939129   3.1240093521656584e-5
0.0   0   -0.6716229096324016   7.811493309173055e-5
0.03   1   -0.6716229218285259   1.900155877969022e-5
0.1   2   -0.6716229288949072   2.1058932075377587e-5
0.0   0   -0.6716568695038896   7.31306551118649e-5
0.03   1   -0.6716568776741991   1.7893497024186188e-5
0.13   2   -0.6716569024591186   4.44275634213796e-5
0.0   0   -0.6714419208428901   7.039992573674754e-5
0.03   1   -0.6714419312430511   3.3394840338010134e-5
0.08   2   -0.6714419405531178   1.82080111213224e-5
0.0   0   -0.6714964122027596   4.936695256438865e-5
0.03   1   -0.6714964169436557   1.4983308794300192e-5
0.12   2   -0.6714964667587009   5.083219517915726e-5
0.0   0   -0.7219428724092822   0.004738411386100054
0.05   1   -0.722948556506495   0.005538773546135544
0.13   2   -0.7307669148543892   0.008904453526430293
0.16   3   -0.7316379467975238   0.006281360580535708
0.2   4   -0.7319911276291514   0.0038633477095591055
0.25   5   -0.7322299436751445   0.0037602677804060972
0.3   6   -0.7331821238069252   0.0012572754238566269
0.33   7   -0.7332599641469316   0.000744924672976564
0.4   8   -0.7332771090556608   0.0009047806928251639
0.45   9   -0.7332868796074731   0.0006450756465021329
0.5   10   -0.7332963827576415   0.0004640412890982412
0.56   11   -0.7333348050053254   0.0005694995959183662
0.63   12   -0.7333581403646572   0.0003682352362061378
0.68   13   -0.7333613190716832   7.464434967861827e-5
0.73   14   -0.7333615246885926   3.1905128826983796e-5
0.78   15   -0.7333615452287423   1.1798544850491155e-5
0.0   0   -0.7387019131698145   0.004056529999794219
0.05   1   -0.7391342234286445   0.0027504933656919282
0.08   2   -0.7391721676202657   0.00157259224334381
0.17   3   -0.7392501241461829   0.0021294684792092624
0.21   4   -0.7393177303500607   0.00039922372680779335
0.26   5   -0.7393196843516459   0.00022340539580703993
0.33   6   -0.7393241789474121   0.0005834116565878148
0.4   7   -0.739329396653662   0.0002875995694144399
0.45   8   -0.7393322191626668   0.00047225669752096124
0.5   9   -0.7393372707506507   7.350441063550578e-5
0.53   10   -0.7393373301457133   2.0056819451095012e-5
0.61   11   -0.7393374186107564   4.8637036184162026e-5
0.0   0   -0.702328752163277   0.0029957609638369513
0.05   1   -0.7023796563339815   0.0020175771960598585
0.1   2   -0.7024003363326072   0.0008306574806971734
0.17   3   -0.7024251935571293   0.00030811725907256874
0.22   4   -0.70242703114928   0.00029510329203493916
0.28   5   -0.7024298176419047   0.000245142160475849
0.35   6   -0.7024311471922422   0.0002807912951227693
0.4   7   -0.702433086832012   7.159397313883163e-5
0.45   8   -0.7024331797298553   2.89461226197635e-5
0.53   9   -0.702433764635988   0.00019834274817689084
0.0   0   -0.6855972931713199   0.002545438322504223
0.05   1   -0.6856109977037761   0.0010010942852682798
0.1   2   -0.6856204507558356   0.0005559573612660579
0.15   3   -0.6856257541255213   0.0005736274910836305
0.2   4   -0.6856268891210018   9.223251466508146e-5
0.28   5   -0.685627966334673   0.0004098055907236649
0.35   6   -0.6856293705653239   0.00012045960018586109
0.41   7   -0.6856297966390094   0.0003101975111662695
0.46   8   -0.6856301197950081   4.888669400436591e-5
0.0   0   -0.6754866182408856   0.002146332238289996
0.03   1   -0.6754939999063557   0.0004305331094961878
0.09   2   -0.6754966864853786   0.0003220093266365401
0.16   3   -0.6754981134292324   0.00031094417111092237
0.21   4   -0.6754985947228362   7.032546996216183e-5
0.3   5   -0.6754990307343199   0.00029421622104344595
0.0   0   -0.6718901121035679   0.0017728961712922856
0.03   1   -0.6718950103716743   0.00024577318996061795
0.12   2   -0.6718957266403094   0.0002155200860652533
0.17   3   -0.6718962371112935   0.0002110084178796651
0.22   4   -0.6718964522391457   7.431835197457305e-5
0.0   0   -0.6699433994187247   0.001507715322789257
0.04   1   -0.6699470561117135   0.0001398736180000814
0.09   2   -0.6699472841696958   9.084035199298335e-5
0.19   3   -0.6699474870928572   0.00020795418726627963
0.0   0   -0.6689893125049645   0.0012942672865617504
0.05   1   -0.6689921808628737   8.017073467605918e-5
0.13   2   -0.668992315441969   0.0001241408924084168
0.21   3   -0.6689927896614034   0.00028048850990008186
0.0   0   -0.6675645089321043   0.0011331815419767068
0.04   1   -0.6675668221205519   8.185132947398706e-5
0.17   2   -0.6675675842307005   0.00039128270315537194
0.22   3   -0.6675684055211965   0.0001923540290192181
0.28   4   -0.6675690408698622   0.0002425637306380994
0.33   5   -0.6675698248891129   7.659926139096164e-5
0.44   6   -0.6675723490761624   0.0003301877499267944
0.49   7   -0.6675770039133606   0.00025046832252980717
0.54   8   -0.6675781389407337   0.0001985268017563261
0.59   9   -0.6675783269240947   5.881690599786151e-5
0.65   10   -0.6675784005092429   6.576714998174676e-5
0.0   0   -0.6772716968088617   0.0011016882326066388
0.04   1   -0.677273500555043   0.00010230821812721613
0.12   2   -0.6772738033193015   0.0001465580577315287
0.18   3   -0.6772739732918944   7.500123814102523e-5
0.0   0   -0.6762651032424872   0.0009667060370173597
0.04   1   -0.6762664351221525   8.881799932799934e-5
0.14   2   -0.676266503355119   4.725590207526769e-5
0.21   3   -0.6762669144373269   0.00030808918407421106
0.0   0   -0.6749791025780509   0.0008673475323440127
0.03   1   -0.674980203461907   4.7367416114295346e-5
0.1   2   -0.6749802469294868   5.468599693914021e-5
0.17   3   -0.6749806562834189   0.00011672947019372518
0.0   0   -0.673887862845822   0.0007351936605132507
0.04   1   -0.6738887119656818   6.933131727741868e-5
0.12   2   -0.6738888510071772   6.403198913048113e-5
0.15   3   -0.6738888915699905   2.7339065808317905e-5
0.0   0   -0.6735660795217278   0.000651388569197537
0.03   1   -0.6735666873253505   3.0168624917781798e-5
0.12   2   -0.6735667013471612   2.9377166919658204e-5
0.0   0   -0.6734157049611036   0.0005465809651266263
0.03   1   -0.6734161490117008   2.150702088166335e-5
0.14   2   -0.6734162803387665   4.685405477157558e-5
0.0   0   -0.6726428442768634   0.00046712329719931757
0.04   1   -0.6726431725933364   4.530871501572902e-5
0.13   2   -0.6726432029694513   4.289827014717775e-5
0.0   0   -0.6725587645270075   0.0003826520729406323
0.04   1   -0.6725590033306943   3.0255161411316253e-5
0.1   2   -0.6725590199568348   3.333310036376046e-5
0.0   0   -0.672625547868327   0.00034551634635564466
0.04   1   -0.6726257213846782   2.7055709488843805e-5
0.1   2   -0.6726257339900297   3.1143910509934975e-5
0.0   0   -0.6725280990243754   0.0002835479594515012
0.03   1   -0.6725282264244569   2.1410794674260766e-5
0.1   2   -0.6725282384832316   3.109721203285642e-5
0.0   0   -0.6725509203568609   0.0002583443132507002
0.04   1   -0.672551013480664   2.5227878418936508e-5
0.11   2   -0.672551022818009   2.4996078807304174e-5
0.0   0   -0.6724527804889211   0.0002096745520029792
0.05   1   -0.6724528487067875   1.6699665332645915e-5
0.14   2   -0.6724528702578295   3.8760011797467274e-5
0.0   0   -0.6724350109261525   0.0001993202564378661
0.03   1   -0.672435063259034   3.0262799162512315e-5
0.1   2   -0.6724350733442888   1.74477787354533e-5
0.0   0   -0.6723409782897434   0.00015832037885040956
0.05   1   -0.6723410149957503   1.9192599004596428e-5
0.15   2   -0.6723411222649005   7.805620000148074e-5
0.0   0   -0.6716027429303135   0.0001446127182379536
0.03   1   -0.6716027853514714   5.824125644028885e-5
0.09   2   -0.6716028099518443   1.7291720803432235e-5
0.0   0   -0.6717065987700521   0.00010416204162205628
0.04   1   -0.6717066194111978   1.9592208665151403e-5
0.13   2   -0.6717066268256613   2.2800660527649065e-5
0.0   0   -0.671738404284266   0.00010059504021079126
0.04   1   -0.6717384190282054   1.9351686950366987e-5
0.12   2   -0.6717384308939129   3.1240093521656584e-5
0.0   0   -0.6716229096324016   7.811493309173055e-5
0.04   1   -0.6716229218285259   1.900155877969022e-5
0.13   2   -0.6716229288949072   2.1058932075377587e-5
0.0   0   -0.6716568695038896   7.31306551118649e-5
0.04   1   -0.6716568776741991   1.7893497024186188e-5
0.12   2   -0.6716569024591186   4.44275634213796e-5
0.0   0   -0.6714419208428901   7.039992573674754e-5
0.04   1   -0.6714419312430511   3.3394840338010134e-5
0.1   2   -0.6714419405531178   1.82080111213224e-5
0.0   0   -0.6714964122027596   4.936695256438865e-5
0.04   1   -0.6714964169436557   1.4983308794300192e-5
0.12   2   -0.6714964667587009   5.083219517915726e-5
