0.0   0   -0.7062776520911366   0.00560690006904572
0.07   1   -0.7133354663567533   0.012271459633830422
0.1   2   -0.716076952607213   0.009025899694356963
0.12   3   -0.7168330238699646   0.0033461951519755625
0.16   4   -0.7170075131805594   0.003212398463642605
0.22   5   -0.7175892099513398   0.003874478686568339
0.28   6   -0.7177248305996287   0.0007287474544296904
0.32   7   -0.7177380540688776   0.0003223799246043939
0.36   8   -0.7177404787786634   0.00033387368493246995
0.43   9   -0.7177759875128162   0.0005151777435957387
0.47   10   -0.7177951317949689   0.0006203514813799713
0.53   11   -0.7178005609047425   8.617778051051624e-5
0.57   12   -0.7178007915001101   3.513253390900281e-5
0.63   13   -0.7178008207569637   1.7240716823406508e-5
0.0   0   -0.7248445816076042   0.004026897513579339
0.07   1   -0.7253317979045807   0.0014821167442089162
0.1   2   -0.7253646614749698   0.0017531991503521914
0.15   3   -0.7254252560899813   0.001578247939123844
0.2   4   -0.7254809878539351   0.0003223822743142223
0.27   5   -0.7254830766245806   0.00013667405922406328
0.32   6   -0.7254852708792383   0.00029173807481626537
0.38   7   -0.7254899288092835   0.0003455298362801785
0.43   8   -0.7254921323802254   0.00024689173773030177
0.48   9   -0.7254936116873413   4.3945507964107314e-5
0.53   10   -0.7254936517526649   3.3200254429504375e-5
0.62   11   -0.7254946908063016   8.911346174296428e-5
0.66   12   -0.7254948522302493   9.624227122113474e-6
0.72   13   -0.7254948541258879   1.0148020038284212e-5
0.0   0   -0.6889654353639898   0.002097729115464208
0.05   1   -0.6890291303918985   0.0014597812054969823
0.09   2   -0.6890393542733162   0.0007516313466719608
0.18   3   -0.689060905242855   0.0006719159991839783
0.23   4   -0.6890638617694886   0.00010169807355886001
0.29   5   -0.6890646774902055   0.0002677359258306835
0.35   6   -0.6890670890760813   0.00016813521769792458
0.39   7   -0.689068381819135   8.745750881676944e-5
0.45   8   -0.6890686658820453   2.288459900088034e-5
0.53   9   -0.6890690338143655   0.00019061666628201551
0.0   0   -0.6701910640438331   0.001432342843294733
0.03   1   -0.6702029608228517   0.0010560975283321582
0.09   2   -0.6702097259158639   0.0003502167697637913
0.15   3   -0.6702144667037662   0.0004446939437296531
0.2   4   -0.6702152870836366   6.202873754657353e-5
0.29   5   -0.6702153725811222   9.853399430213336e-5
0.35   6   -0.6702165883501656   9.780811237868657e-5
0.39   7   -0.6702170165998411   2.81827729667272e-5
0.46   8   -0.6702178467702633   0.00014611989149812896
0.51   9   -0.6702183952100323   2.705792915777493e-5
0.6   10   -0.6702184834546527   0.00011636518791289664
0.0   0   -0.6604473187272369   0.0010673031697874113
0.05   1   -0.6604509251514543   0.0006023538862577982
0.1   2   -0.6604535196303735   0.00022877784638110262
0.15   3   -0.6604549024076739   0.0003063942149401729
0.2   4   -0.6604552671973117   6.75582415564069e-5
0.3   5   -0.6604558590755657   0.00020935695038434488
0.0   0   -0.655528207018955   0.0008162007258000755
0.03   1   -0.6555298506053986   0.000348500951247141
0.08   2   -0.6555306579426825   0.00014908183715267467
0.13   3   -0.655530994672961   0.00018058752393419218
0.18   4   -0.6555311342930936   5.686641573919365e-5
0.0   0   -0.6533217159611036   0.0006198091510214482
0.05   1   -0.6533226674916548   0.00017217134207999564
0.09   2   -0.6533228784116772   9.504500106753534e-5
0.15   3   -0.6533230136749852   0.00014716072737064602
0.0   0   -0.6522079185736929   0.0005164620080770004
0.03   1   -0.6522086094486494   9.172502555095685e-5
0.1   2   -0.6522086801306312   8.696082215007426e-5
0.18   3   -0.652208883403979   0.00014611777406650552
0.0   0   -0.6510760437078298   0.00045844609523583793
0.03   1   -0.651076592118037   5.033027578836475e-5
0.09   2   -0.6510766369339378   7.648704791474825e-5
0.0   0   -0.6507350420935777   0.0003952035039843682
0.03   1   -0.6507354370342537   5.420724608025141e-5
0.12   2   -0.6507355482121218   0.00010654866774228093
0.0   0   -0.6506406944693829   0.0003305024093158055
0.04   1   -0.6506409833098814   6.704402160308609e-5
0.12   2   -0.6506410219069518   5.606856345860321e-5
0.0   0   -0.7373095469161443   0.008793682223963121
0.05   1   -0.7400871108444016   0.0071141453956727945
0.1   2   -0.7470101401931786   0.006456332651635008
0.12   3   -0.747706180998911   0.005047638814971375
0.16   4   -0.7481310887494367   0.006185415685555655
0.21   5   -0.7485764846716465   0.007109300634962205
0.25   6   -0.7489125279794983   0.0025232543152926105
0.28   7   -0.7489810150528387   0.0006877636388227925
0.35   8   -0.7489850829269753   0.0005099933815539041
0.43   9   -0.7490285112410191   0.0010099547201287385
0.48   10   -0.749065955170599   0.000992191020695315
0.53   11   -0.7490744036769414   0.00042466367344853325
0.57   12   -0.7490787591659713   0.0003432626624420985
0.65   13   -0.7490834608954631   0.0001814053855247352
0.68   14   -0.7490855955503506   0.0001468647887814713
0.71   15   -0.7490862602300722   4.8531584605734095e-5
0.76   16   -0.7490863102218337   2.1820538108831516e-5
0.0   0   -0.772706072997049   0.005129649701546436
0.04   1   -0.7731738552560081   0.001645714814532678
0.09   2   -0.7732003216481269   0.0020507064190316473
0.16   3   -0.7732319092684383   0.002731774442215021
0.21   4   -0.7733381980462786   0.0006530850388371665
0.24   5   -0.7733429740203577   0.00017962087148399122
0.29   6   -0.7733432511016209   0.00017125346080362557
0.35   7   -0.7733443322442948   0.00014997605475238529
0.42   8   -0.7733460717188929   0.0005285829381505635
0.49   9   -0.773350544706938   5.0151065322101306e-5
0.53   10   -0.7733505738934756   1.583260273005658e-5
0.6   11   -0.7733505838857779   1.91643296720924e-5
0.0   0   -0.7376325119089826   0.002010571275598692
0.02   1   -0.7376826792511515   0.003091125432194845
0.08   2   -0.7377077411575397   0.0012001704679577877
0.17   3   -0.7377315314946495   0.0013257283656630265
0.21   4   -0.7377366334569031   7.74201958740829e-5
0.27   5   -0.7377366906045767   8.663754226227602e-5
0.34   6   -0.7377377209833272   0.00011275727024376536
0.41   7   -0.7377409598142595   0.00020517230492138306
0.48   8   -0.7377411647027032   1.8848065558056898e-5
0.55   9   -0.7377411792894906   4.4933871652761815e-5
0.0   0   -0.7192233407000382   0.0013793670884564052
0.03   1   -0.7192376464612737   0.001397943673529455
0.08   2   -0.7192466101480666   0.0007407478943753633
0.13   3   -0.7192512087112347   0.0008020009206954933
0.18   4   -0.7192536806100932   4.643487234471689e-5
0.27   5   -0.7192537822210205   0.0001850509919614407
0.34   6   -0.7192545004359472   9.902773865405612e-5
0.0   0   -0.7112783895244335   0.0016286981657466
0.03   1   -0.7112870795024672   0.000553679767820808
0.08   2   -0.7112895540729809   0.0004814968620875575
0.13   3   -0.711290691447256   0.00045307431587421153
0.19   4   -0.7112916766041313   4.5079012870875264e-5
0.27   5   -0.7112920932037228   0.0003598992117229964
0.33   6   -0.7112941563178099   7.883467962523289e-5
0.38   7   -0.7112942197501217   6.805783710176646e-5
0.44   8   -0.7112943105905085   3.4933442259021294e-5
0.0   0   -0.7040457610546276   0.0016477982700253916
0.03   1   -0.7040522315377907   0.00032467992689086926
0.08   2   -0.7040530902173894   0.0002804317918656661
0.13   3   -0.704053449986699   0.00024264418214623492
0.18   4   -0.7040538193911938   2.9139241217798506e-5
0.0   0   -0.7020208376793506   0.0015460816331068251
0.03   1   -0.7020256586018604   0.00017460126004589587
0.09   2   -0.7020259037585008   0.00013290442688934032
0.15   3   -0.7020259867137603   0.00012007628472341953
0.0   0   -0.7011902083234808   0.0014297366709718855
0.05   1   -0.7011938498066836   8.567578639528606e-5
0.11   2   -0.701193945623475   0.00012273777119645412
0.16   3   -0.7011940608675455   0.00015380986473524647
0.0   0   -0.7004092814001162   0.001287024903694976
0.02   1   -0.7004120603260986   4.621151942116458e-5
0.13   2   -0.7004121326607426   0.00010021265755541609
0.18   3   -0.7004122402924358   0.00010789950250921206
0.0   0   -0.6996031629012418   0.0011369744757065926
0.03   1   -0.699605257679469   3.0321662176989277e-5
0.12   2   -0.6996053816807133   0.00025140781925734804
0.19   3   -0.6996061377457532   0.000150441727390535
0.26   4   -0.6996063597386164   7.818925587091645e-5
0.31   5   -0.699606619230898   4.070534632800584e-5
0.0   0   -0.6970845424224759   0.0009594194218548969
0.03   1   -0.6970861139563214   5.587343922265763e-5
0.1   2   -0.697086179295044   9.429658809161485e-5
0.15   3   -0.6970862430329856   5.242234374645409e-5
