0.0   0   -0.7127209206335017   0.005097364688311507
0.07   1   -0.7221568351621593   0.010805159818296219
0.12   2   -0.7232445845342261   0.0036654734522808966
0.17   3   -0.7234012396574327   0.0031457072969930757
0.24   4   -0.7240611858681155   0.004259590938061359
0.27   5   -0.7243228023826526   0.003021273139431601
0.3   6   -0.7244088922311253   0.00040848732515270345
0.36   7   -0.724410758035695   0.0002207845879831156
0.45   8   -0.7244186883711778   0.00027501167736189354
0.5   9   -0.7244453749926747   0.0005072220153869845
0.55   10   -0.7244690143904946   0.00037933679541616336
0.6   11   -0.7244758478895457   0.0002650468337775009
0.65   12   -0.7244787150996279   0.00010137553928294775
0.72   13   -0.7244795636946341   6.586258059820747e-5
0.77   14   -0.7244798636356913   5.918526520294634e-5
0.82   15   -0.7244799986121915   4.717411464634535e-5
0.0   0   -0.7360374342535183   0.004010286865868743
0.05   1   -0.7365102794680529   0.0010929019568314527
0.1   2   -0.7366214300531786   0.0017301411938440646
0.16   3   -0.7366552367532365   0.0021739739142404837
0.21   4   -0.7366926785156367   9.35868623887422e-5
0.26   5   -0.7366928262001191   9.507010675488858e-5
0.32   6   -0.7366960412759169   0.00027295225315143826
0.37   7   -0.7367042896412321   0.0002601471375518323
0.44   8   -0.7367046720866182   2.421840255248259e-5
0.49   9   -0.7367046786272461   2.2105331265116628e-5
0.0   0   -0.7045855921694897   0.0015543178988479513
0.05   1   -0.7046501295197709   0.000613799871102297
0.1   2   -0.7046683148367945   0.00120263311390926
0.15   3   -0.7046851296328983   0.00011508272208501692
0.22   4   -0.704685277262965   6.45253282757994e-5
0.3   5   -0.7046875420288463   0.0002604638947290898
0.35   6   -0.7046894914924501   0.00011651722125576497
0.4   7   -0.704690469476573   8.184595159906525e-5
0.47   8   -0.7046906852147794   4.935626166199998e-5
0.53   9   -0.7046911526698125   4.299889608242332e-5
0.0   0   -0.6867863470226907   0.0007936087874285657
0.03   1   -0.6868002434211125   0.00031203877509976475
0.08   2   -0.6868028286212283   0.000529004730621623
0.13   3   -0.6868073456681874   7.85910571585559e-5
0.2   4   -0.686807450104387   9.470251571608642e-5
0.28   5   -0.686809853950346   8.859919389592157e-5
0.32   6   -0.6868101675310593   3.028244138397759e-5
0.36   7   -0.6868102921139594   4.324581358933953e-5
0.0   0   -0.6770331556878317   0.0004678974318125365
0.03   1   -0.6770368011199436   0.00019266620585087893
0.1   2   -0.6770375561976593   0.00031686618005965074
0.15   3   -0.6770392558246667   4.139359653645118e-5
0.22   4   -0.6770393416928493   9.732489894580415e-5
0.28   5   -0.677040406658989   4.972114498568258e-5
0.35   6   -0.6770405170033809   3.1672539376233406e-5
0.41   7   -0.6770407322568865   0.0001587753042826615
0.0   0   -0.6708360433241574   0.00024213774652458633
0.03   1   -0.670836984065458   0.00014281208893602846
0.08   2   -0.6708372380949876   0.00024327444494408416
0.14   3   -0.6708376392610895   3.325944466484557e-5
0.0   0   -0.6690604197353605   0.00012190993481004749
0.05   1   -0.6690606459691727   6.656011363926636e-5
0.09   2   -0.6690606741873132   6.448428883059001e-5
0.0   0   -0.6686144834709369   7.000012317059015e-5
0.06   1   -0.6686145534036373   9.667109595779651e-5
0.11   2   -0.6686146778102615   8.86713936124725e-5
0.0   0   -0.6679482934964962   6.558680290348617e-5
0.03   1   -0.6679483239910984   6.672589822262488e-5
0.1   2   -0.6679484087956487   5.451203828910408e-5
0.0   0   -0.6677654664730817   4.928929441766585e-5
0.03   1   -0.6677655000671823   5.954382925321097e-5
0.08   2   -0.6677655252409195   6.2076817060737e-5
0.0   0   -0.6675515530844607   5.078012000101486e-5
0.03   1   -0.6675515651577865   4.616115656059073e-5
0.12   2   -0.6675518806057055   7.388175394041493e-5
0.0   0   -0.6663536797211731   7.515202498987528e-5
0.05   1   -0.6663537300874699   7.207150052867003e-5
0.08   2   -0.666353755521418   5.363422909894805e-5
0.0   0   -0.6662303859954486   4.243704104958668e-5
0.03   1   -0.666230394329693   3.919464264514073e-5
0.12   2   -0.6662305691548736   5.1226450469232866e-5
0.0   0   -0.6662771687592264   3.111212182129217e-5
0.03   1   -0.6662771805078339   5.003130066727433e-5
0.12   2   -0.6662772665847148   2.678486149974201e-5
0.0   0   -0.6657772221722876   2.8390269581478174e-5
0.03   1   -0.6657772312338666   4.058542631372194e-5
0.08   2   -0.6657772448063763   4.339247578756605e-5
0.0   0   -0.6656693436063108   3.719702116058718e-5
0.03   1   -0.6656693487156473   3.181931520849866e-5
0.12   2   -0.6656693806087421   4.0625948348179274e-5
0.0   0   -0.6656608659220329   3.186981753271289e-5
0.03   1   -0.6656608799280141   4.1681829884391956e-5
0.08   2   -0.6656608888318638   3.664089608635193e-5
0.0   0   -0.6655564863659458   2.9646835988448314e-5
0.03   1   -0.6655564904377194   3.083462970358959e-5
0.13   2   -0.6655568940062979   9.167706123793535e-5
0.0   0   -0.6641010558510045   7.409557011516828e-5
0.04   1   -0.6641011556314929   4.4456519053712543e-5
0.07   2   -0.664101161015182   2.4145757821232138e-5
0.0   0   -0.6639273464538076   3.1214263456687675e-5
0.03   1   -0.6639273550057945   3.786979776307271e-5
0.08   2   -0.6639273608251018   2.6300446823061148e-5
0.0   0   -0.6638530972220655   2.1875570308263413e-5
0.04   1   -0.6638530996146885   2.51579539075977e-5
0.16   2   -0.6638534719184294   6.822924017582968e-5
0.0   0   -0.6627995817893839   7.038084781864167e-5
0.05   1   -0.6627996475623841   6.387957817638386e-5
0.08   2   -0.6627996752847835   5.274363388657926e-5
0.0   0   -0.6627851060925032   3.738082263575883e-5
0.03   1   -0.6627851223598229   5.0169191200924634e-5
0.1   2   -0.6627851428846225   3.6304110630936436e-5
0.0   0   -0.6629636253836431   3.322527267679973e-5
0.03   1   -0.6629636338075948   4.3083678688116836e-5
0.1   2   -0.6629636650470742   3.610902112034623e-5
0.0   0   -0.6630120988447483   3.3962858280492844e-5
0.03   1   -0.6630121084488558   2.8201535587305683e-5
0.08   2   -0.6630121133094729   2.029418441352711e-5
0.0   0   -0.6630758905355398   2.097312145816414e-5
0.05   1   -0.6630758929692985   2.4528150976657096e-5
0.13   2   -0.663075979634709   5.798437414132879e-5
0.0   0   -0.6631714464455424   3.169044157852549e-5
0.03   1   -0.6631714602726004   3.2818262309111975e-5
0.07   2   -0.663171464891698   2.8025536029547545e-5
0.0   0   -0.6630500585020247   2.2417263413666018e-5
0.03   1   -0.663050063899715   3.817901914335643e-5
0.12   2   -0.6630500994817706   2.173883763880401e-5
0.0   0   -0.662755304680243   2.013410422788942e-5
0.03   1   -0.662755307060422   2.5956989883070136e-5
0.1   2   -0.6627553427074224   4.2735944380406704e-5
0.0   0   -0.6626679316191957   3.653355484057622e-5
0.03   1   -0.662667950002526   3.0084217872468146e-5
0.07   2   -0.6626679535898334   1.9039354853437272e-5
0.0   0   -0.7127209206335017   0.005097364688311507
0.07   1   -0.7221568351621593   0.010805159818296219
0.1   2   -0.7232445845342261   0.0036654734522808966
0.19   3   -0.7234012396574327   0.0031457072969930757
0.26   4   -0.7240611858681155   0.004259590938061359
0.29   5   -0.7243228023826526   0.003021273139431601
0.33   6   -0.7244088922311253   0.00040848732515270345
0.38   7   -0.724410758035695   0.0002207845879831156
0.46   8   -0.7244186883711778   0.00027501167736189354
0.51   9   -0.7244453749926747   0.0005072220153869845
0.56   10   -0.7244690143904946   0.00037933679541616336
0.62   11   -0.7244758478895457   0.0002650468337775009
0.67   12   -0.7244787150996279   0.00010137553928294775
0.74   13   -0.7244795636946341   6.586258059820747e-5
0.79   14   -0.7244798636356913   5.918526520294634e-5
0.84   15   -0.7244799986121915   4.717411464634535e-5
0.0   0   -0.7360374342535183   0.004010286865868743
0.05   1   -0.7365102794680529   0.0010929019568314527
0.1   2   -0.7366214300531786   0.0017301411938440646
0.13   3   -0.7366552367532365   0.0021739739142404837
0.2   4   -0.7366926785156367   9.35868623887422e-5
0.25   5   -0.7366928262001191   9.507010675488858e-5
0.32   6   -0.7366960412759169   0.00027295225315143826
0.37   7   -0.7367042896412321   0.0002601471375518323
0.42   8   -0.7367046720866182   2.421840255248259e-5
0.48   9   -0.7367046786272461   2.2105331265116628e-5
0.0   0   -0.7045855921694897   0.0015543178988479513
0.06   1   -0.7046501295197709   0.000613799871102297
0.1   2   -0.7046683148367945   0.00120263311390926
0.15   3   -0.7046851296328983   0.00011508272208501692
0.22   4   -0.704685277262965   6.45253282757994e-5
0.3   5   -0.7046875420288463   0.0002604638947290898
0.35   6   -0.7046894914924501   0.00011651722125576497
0.4   7   -0.704690469476573   8.184595159906525e-5
0.45   8   -0.7046906852147794   4.935626166199998e-5
0.53   9   -0.7046911526698125   4.299889608242332e-5
0.0   0   -0.6867863470226907   0.0007936087874285657
0.03   1   -0.6868002434211125   0.00031203877509976475
0.09   2   -0.6868028286212283   0.000529004730621623
0.14   3   -0.6868073456681874   7.85910571585559e-5
0.19   4   -0.686807450104387   9.470251571608642e-5
0.29   5   -0.686809853950346   8.859919389592157e-5
0.32   6   -0.6868101675310593   3.028244138397759e-5
0.37   7   -0.6868102921139594   4.324581358933953e-5
0.0   0   -0.6770331556878317   0.0004678974318125365
0.03   1   -0.6770368011199436   0.00019266620585087893
0.08   2   -0.6770375561976593   0.00031686618005965074
0.15   3   -0.6770392558246667   4.139359653645118e-5
0.22   4   -0.6770393416928493   9.732489894580415e-5
0.29   5   -0.677040406658989   4.972114498568258e-5
0.34   6   -0.6770405170033809   3.1672539376233406e-5
0.42   7   -0.6770407322568865   0.0001587753042826615
0.0   0   -0.6708360433241574   0.00024213774652458633
0.03   1   -0.670836984065458   0.00014281208893602846
0.08   2   -0.6708372380949876   0.00024327444494408416
0.13   3   -0.6708376392610895   3.325944466484557e-5
0.0   0   -0.6690604197353605   0.00012190993481004749
0.03   1   -0.6690606459691727   6.656011363926636e-5
0.09   2   -0.6690606741873132   6.448428883059001e-5
0.0   0   -0.6686144834709369   7.000012317059015e-5
0.06   1   -0.6686145534036373   9.667109595779651e-5
0.11   2   -0.6686146778102615   8.86713936124725e-5
0.0   0   -0.6679482934964962   6.558680290348617e-5
0.04   1   -0.6679483239910984   6.672589822262488e-5
0.1   2   -0.6679484087956487   5.451203828910408e-5
0.0   0   -0.6677654664730817   4.928929441766585e-5
0.05   1   -0.6677655000671823   5.954382925321097e-5
0.11   2   -0.6677655252409195   6.2076817060737e-5
0.0   0   -0.6675515530844607   5.078012000101486e-5
0.03   1   -0.6675515651577865   4.616115656059073e-5
0.12   2   -0.6675518806057055   7.388175394041493e-5
0.0   0   -0.6663536797211731   7.515202498987528e-5
0.03   1   -0.6663537300874699   7.207150052867003e-5
0.08   2   -0.666353755521418   5.363422909894805e-5
0.0   0   -0.6662303859954486   4.243704104958668e-5
0.04   1   -0.666230394329693   3.919464264514073e-5
0.12   2   -0.6662305691548736   5.1226450469232866e-5
0.0   0   -0.6662771687592264   3.111212182129217e-5
0.03   1   -0.6662771805078339   5.003130066727433e-5
0.12   2   -0.6662772665847148   2.678486149974201e-5
0.0   0   -0.6657772221722876   2.8390269581478174e-5
0.03   1   -0.6657772312338666   4.058542631372194e-5
0.08   2   -0.6657772448063763   4.339247578756605e-5
0.0   0   -0.6656693436063108   3.719702116058718e-5
0.03   1   -0.6656693487156473   3.181931520849866e-5
0.1   2   -0.6656693806087421   4.0625948348179274e-5
0.0   0   -0.6656608659220329   3.186981753271289e-5
0.05   1   -0.6656608799280141   4.1681829884391956e-5
0.1   2   -0.6656608888318638   3.664089608635193e-5
0.0   0   -0.6655564863659458   2.9646835988448314e-5
0.03   1   -0.6655564904377194   3.083462970358959e-5
0.13   2   -0.6655568940062979   9.167706123793535e-5
0.0   0   -0.6641010558510045   7.409557011516828e-5
0.03   1   -0.6641011556314929   4.4456519053712543e-5
0.09   2   -0.664101161015182   2.4145757821232138e-5
0.0   0   -0.6639273464538076   3.1214263456687675e-5
0.03   1   -0.6639273550057945   3.786979776307271e-5
0.08   2   -0.6639273608251018   2.6300446823061148e-5
0.0   0   -0.6638530972220655   2.1875570308263413e-5
0.03   1   -0.6638530996146885   2.51579539075977e-5
0.15   2   -0.6638534719184294   6.822924017582968e-5
0.0   0   -0.6627995817893839   7.038084781864167e-5
0.05   1   -0.6627996475623841   6.387957817638386e-5
0.09   2   -0.6627996752847835   5.274363388657926e-5
0.0   0   -0.6627851060925032   3.738082263575883e-5
0.03   1   -0.6627851223598229   5.0169191200924634e-5
0.08   2   -0.6627851428846225   3.6304110630936436e-5
0.0   0   -0.6629636253836431   3.322527267679973e-5
0.05   1   -0.6629636338075948   4.3083678688116836e-5
0.12   2   -0.6629636650470742   3.610902112034623e-5
0.0   0   -0.6630120988447483   3.3962858280492844e-5
0.04   1   -0.6630121084488558   2.8201535587305683e-5
0.09   2   -0.6630121133094729   2.029418441352711e-5
0.0   0   -0.6630758905355398   2.097312145816414e-5
0.03   1   -0.6630758929692985   2.4528150976657096e-5
0.13   2   -0.663075979634709   5.798437414132879e-5
0.0   0   -0.6631714464455424   3.169044157852549e-5
0.03   1   -0.6631714602726004   3.2818262309111975e-5
0.07   2   -0.663171464891698   2.8025536029547545e-5
0.0   0   -0.6630500585020247   2.2417263413666018e-5
0.03   1   -0.663050063899715   3.817901914335643e-5
0.1   2   -0.6630500994817706   2.173883763880401e-5
0.0   0   -0.662755304680243   2.013410422788942e-5
0.04   1   -0.662755307060422   2.5956989883070136e-5
0.1   2   -0.6627553427074224   4.2735944380406704e-5
0.0   0   -0.6626679316191957   3.653355484057622e-5
0.04   1   -0.662667950002526   3.0084217872468146e-5
0.07   2   -0.6626679535898334   1.9039354853437272e-5
0.0   0   -0.7088826017333267   0.004546946575169143
0.08   1   -0.7100534529139262   0.006671348251680532
0.13   2   -0.7152729860819863   0.014176318728442284
0.16   3   -0.7161462737934453   0.012310273932408222
0.2   4   -0.7179091623853161   0.0021610683905701543
0.26   5   -0.7182261929914394   0.0052058775622196
0.31   6   -0.7192295279467544   0.0033201884569101503
0.37   7   -0.7193979712621695   0.0007299562799536154
0.41   8   -0.7194101407391081   0.0004104626909233107
0.46   9   -0.7194199751773431   0.00046263920803845727
0.51   10   -0.7194256459850418   0.00018009805494304494
0.57   11   -0.7194296746425959   0.0006023652694653657
0.64   12   -0.7194540442970521   0.00023303525477421137
0.71   13   -0.7194574905457571   9.202956609431102e-5
0.76   14   -0.7194583618350927   7.233226561859632e-5
0.81   15   -0.7194588140619391   3.579829080789822e-5
0.86   16   -0.7194589266528608   2.7177909912348865e-5
0.0   0   -0.7727078539846692   0.004101875532992859
0.05   1   -0.7731482057277428   0.0018831681331225936
0.11   2   -0.7731701785678713   0.0014427457253286453
0.16   3   -0.7732003164275218   0.0017139982357216386
0.2   4   -0.7732992066969545   0.0005534296876034695
0.24   5   -0.7733043777648873   0.00014004458189528633
0.29   6   -0.773304548577576   7.245934267586231e-5
0.36   7   -0.7733050545831885   7.159493442931083e-5
0.0   0   -0.7393887108215218   0.0029841362487766803
0.06   1   -0.7394322325762406   0.001997789263335221
0.11   2   -0.7394567626274082   0.0007929831512296116
0.18   3   -0.7394765165134203   0.0009291854322496245
0.23   4   -0.7394838444064915   0.00011449840428090032
0.28   5   -0.7394839904120639   0.00012399427047339362
0.39   6   -0.7394872480691232   0.0002714284950592331
0.45   7   -0.7394931216672753   0.0008931146944251438
0.5   8   -0.7394993353013908   0.0001399014167376345
0.56   9   -0.7394994506444108   1.894271287820012e-5
0.61   10   -0.7394994546265858   1.6669665563510954e-5
0.0   0   -0.7234309797672338   0.002633508299055269
0.06   1   -0.7234465027589284   0.000957268185561188
0.11   2   -0.7234556667835483   0.0005319280345579029
0.16   3   -0.7234606984035137   0.0006434724844502947
0.21   4   -0.7234640272276089   4.779716067114696e-5
0.26   5   -0.7234640964169456   0.00012195687282405248
0.33   6   -0.723464493326549   7.565912199422946e-5
0.0   0   -0.7157770362749308   0.0022731605105931686
0.03   1   -0.7157872938243464   0.00042393791134897924
0.08   2   -0.7157898452485221   0.0003237431469909201
0.13   3   -0.71579092165894   0.00030749145882497504
0.19   4   -0.7157920852269672   4.628978881967727e-5
0.25   5   -0.7157924161268143   0.0002789606400919274
0.34   6   -0.7157946463558467   0.00015645252965612306
0.39   7   -0.7157953981079525   0.0001534400016331625
0.43   8   -0.7157956547326221   2.7593190079331674e-5
0.49   9   -0.715795680263319   3.014498858341058e-5
0.0   0   -0.7070592329230487   0.00199928661770735
0.04   1   -0.7070670316214971   0.00026973675711067474
0.13   2   -0.7070679637568853   0.00019767395314603979
0.19   3   -0.7070684990021707   0.00019956771671288438
0.24   4   -0.7070689757207722   2.8114354607998844e-5
0.0   0   -0.7048769335053382   0.0017182055168897168
0.04   1   -0.704882827016656   0.00016119919534413852
0.09   2   -0.7048831267806699   0.00011230712922515822
0.16   3   -0.7048832444619959   0.00010473445376867139
0.0   0   -0.7039896705169253   0.0014653913794446616
0.03   1   -0.7039941505081614   9.785366585208594e-5
0.12   2   -0.7039942763818955   9.076704554622594e-5
0.17   3   -0.7039944694230255   0.00010037294295693466
0.0   0   -0.7030649354758152   0.0012782047815295009
0.04   1   -0.7030683682201926   6.19473278608264e-5
0.13   2   -0.7030684213290449   6.114192796095682e-5
0.2   3   -0.7030685979032315   0.00011184513944358288
0.0   0   -0.7021542241677905   0.0011223435398641775
0.04   1   -0.7021568627907481   4.28174387102575e-5
0.1   2   -0.7021568995385903   5.560064233470544e-5
0.19   3   -0.7021578001114033   0.00034903107816728295
0.26   4   -0.7021584209720926   5.774355234004087e-5
0.32   5   -0.7021584482456702   6.868426152731346e-5
0.0   0   -0.6987292949599511   0.0009987601365644943
0.03   1   -0.6987312302362436   6.030848901463897e-5
0.1   2   -0.6987313163569524   5.889490977856117e-5
0.15   3   -0.6987314191106838   3.268553448823968e-5
0.0   0   -0.6982569234916507   0.0008697749804827611
0.07   1   -0.6982583581199437   4.3454201935209014e-5
0.14   2   -0.6982583789802015   2.434729675248022e-5
0.23   3   -0.6982585321429065   0.00017334750782515613
0.0   0   -0.6978652292552517   0.0007647512389443758
0.04   1   -0.6978663691768914   2.9813118339525147e-5
0.12   2   -0.6978663875028879   3.414535051827469e-5
0.19   3   -0.6978664925416104   4.0730195260974854e-5
0.0   0   -0.6980667472708006   0.0006475968303295642
0.03   1   -0.6980675855709038   2.4477200059029397e-5
0.12   2   -0.6980676440876854   3.877774799262505e-5
0.15   3   -0.6980676777554422   2.9841026999535956e-5
0.0   0   -0.697710057706752   0.000564829446690691
0.05   1   -0.6977106764119902   2.2429240786475978e-5
0.11   2   -0.6977106960137816   3.757192492721946e-5
0.0   0   -0.6976161091449613   0.0004680133957960251
0.05   1   -0.6976165650755495   2.636434811176377e-5
0.12   2   -0.6976165772569953   2.7982956549681668e-5
0.0   0   -0.697702320309644   0.0004201169159925426
0.03   1   -0.6977026541835731   1.8181686275861423e-5
0.14   2   -0.6977026791951408   4.179868000233648e-5
0.0   0   -0.6975596034923133   0.00033930091567123996
0.05   1   -0.6975598518728034   2.894443446870369e-5
0.12   2   -0.6975598642574797   2.2776127257991735e-5
0.0   0   -0.6976454731511077   0.0003090695467119177
0.03   1   -0.6976456536121751   1.7180395024474843e-5
0.15   2   -0.6976457943575929   8.179450470184838e-5
0.0   0   -0.6971116908097941   0.0002133244488204729
0.05   1   -0.6971118471684712   5.6087934558696097e-5
0.1   2   -0.6971118855158586   2.2256865161629863e-5
0.0   0   -0.697285283827727   0.0002129280572328216
0.03   1   -0.6972853848824903   2.5376863168978797e-5
0.1   2   -0.6972853964929056   2.7073904285666675e-5
0.0   0   -0.697361523784935   0.0001999000966219634
0.06   1   -0.6973615973096289   1.9117269284980257e-5
0.13   2   -0.6973616241486644   4.2382864607963704e-5
0.0   0   -0.6971947887075188   0.0001499739731125012
0.04   1   -0.6971948458548308   3.038230605014723e-5
0.11   2   -0.6971948578364726   2.2032241146222282e-5
0.0   0   -0.6972778128201647   0.00014574533505728793
0.04   1   -0.6972778527096828   1.8429800791761185e-5
0.19   2   -0.6972798928450126   0.00013337169488291815
0.22   3   -0.6972801454849302   0.00012897133610239868
0.26   4   -0.6972803752489471   5.877798217240862e-5
0.0   0   -0.6916211429044336   0.00012373491592831674
0.05   1   -0.6916211735753864   4.719378490509976e-5
0.14   2   -0.6916212434438973   6.018304148189903e-5
0.0   0   -0.6912915574264228   8.69881332693057e-5
0.03   1   -0.6912915795432664   4.338544865238985e-5
0.1   2   -0.6912916073636024   3.9670757730269654e-5
0.0   0   -0.6913539144393093   9.991212759818719e-5
0.03   1   -0.6913539316311306   2.834075429754352e-5
0.1   2   -0.691353947739138   4.258594099593279e-5
0.0   0   -0.6912276881921398   6.748103489000712e-5
0.07   1   -0.69122770017772   3.225373732514074e-5
0.15   2   -0.6912277568125986   6.431102137205243e-5
0.0   0   -0.6912729519666185   9.28318913481065e-5
0.03   1   -0.6912729704140976   4.6616590598870504e-5
0.09   2   -0.6912729897907177   2.7480890735821634e-5
0.0   0   -0.6911450776795721   5.772310527167767e-5
0.04   1   -0.6911450848665746   2.2509141813899207e-5
0.14   2   -0.6911451266149403   5.967543689857499e-5
0.0   0   -0.7193465611496977   0.0049918848799066105
0.08   1   -0.7275359750861067   0.005412051255991479
0.12   2   -0.7288713163928329   0.003204761120965812
0.17   3   -0.7292576350013321   0.003913996619009023
0.22   4   -0.7297558517147402   0.004346990795941151
0.25   5   -0.7300809375963423   0.0031836639400100596
0.31   6   -0.7302692636534853   0.0009836089644863703
0.35   7   -0.7302755607380897   0.00028603383467999113
0.4   8   -0.7302763854685381   0.00024219099686392033
0.46   9   -0.7302838539674845   0.00017466451682708178
0.53   10   -0.7303038734232312   0.00021588661818719874
0.58   11   -0.7303050859593889   6.214302726586584e-5
0.64   12   -0.7303051989972205   3.164443171087925e-5
0.7   13   -0.7303052386597993   5.055527883467369e-5
0.0   0   -0.7167251034708866   0.004296466174806291
0.06   1   -0.7172036975425675   0.0015666098731617272
0.11   2   -0.7172591249757498   0.0018144927269448648
0.16   3   -0.7173163520874589   0.001569636175328482
0.23   4   -0.7173621751033186   0.0003337880002037512
0.26   5   -0.7173633554910073   0.00015536593645645657
0.32   6   -0.7173659251708306   0.00040259689278150695
0.38   7   -0.7173681790194869   0.00022107149366507194
0.44   8   -0.7173703350543554   0.00034810343028647865
0.49   9   -0.7173741632929245   3.712735075423226e-5
0.57   10   -0.717374228040573   5.86032698592883e-5
0.65   11   -0.7173752646104785   5.245857977142104e-5
0.69   12   -0.7173753109054544   9.107273125410454e-6
0.74   13   -0.7173753120788835   5.189859826291204e-6
0.0   0   -0.6806512082078713   0.002215073051139083
0.07   1   -0.6807187267194907   0.0008553764189711995
0.1   2   -0.6807239084967769   0.000989718779000257
0.17   3   -0.6807453899708507   0.0004587671517681127
0.22   4   -0.6807488585770208   0.00011162565334888879
0.3   5   -0.6807530612043529   0.00023583666181131792
0.37   6   -0.6807543709444693   2.183659396415544e-5
0.42   7   -0.6807544155356302   2.1308615216107875e-5
0.5   8   -0.6807549644529259   4.187224991072943e-5
0.0   0   -0.6617473663066993   0.0012414029995155068
0.05   1   -0.661760145170917   0.000916454275802923
0.08   2   -0.6617624755425988   0.0005121160874711517
0.14   3   -0.6617685913391077   0.00022826417518734634
0.22   4   -0.6617691707023801   0.00021925235800539548
0.29   5   -0.66177034002235   8.8829973795962e-5
0.33   6   -0.6617708597295013   5.5608387350887334e-5
0.39   7   -0.6617709378437125   4.2010137748359654e-5
0.0   0   -0.6520947426111041   0.0007563682373578429
0.03   1   -0.6520976349658782   0.0006705900861047554
0.09   2   -0.6520988254139312   0.000264651256759745
0.15   3   -0.6521003291977452   5.933049879010339e-5
0.22   4   -0.6521010158609777   0.00013002551748049785
0.27   5   -0.6521013408263587   7.523961159396247e-5
0.34   6   -0.6521015354078799   3.8702704626579194e-5
0.0   0   -0.6460348446817226   0.0004831291068258678
0.04   1   -0.6460355013491446   0.0003820194076238304
0.1   2   -0.6460360635354294   0.00015942415256677646
0.17   3   -0.6460365982703662   6.483357124942886e-5
0.0   0   -0.6442005594146043   0.00031983357635401605
0.03   1   -0.6442007568439263   0.00016610464099313954
0.09   2   -0.6442009221284162   8.588745012920785e-5
0.0   0   -0.6436278028171338   0.00021853031085866792
0.06   1   -0.6436278903745187   0.00010379327175037515
0.12   2   -0.6436280408127398   9.014953242446939e-5
0.0   0   -0.6429756635613624   0.00014433420222100446
0.03   1   -0.642975721739468   7.573354676079585e-5
0.12   2   -0.642975853737485   7.363923898817626e-5
0.0   0   -0.6426992991525888   0.00015714751059445163
0.03   1   -0.6426993503072277   6.163026604188402e-5
0.12   2   -0.6426993921479899   6.039910015455863e-5
0.0   0   -0.6424459283575757   0.00011187609123052701
0.03   1   -0.6424459581144589   4.494457288848642e-5
0.13   2   -0.6424465078240926   0.00013717259884787794
0.0   0   -0.6403413399945717   0.00012235526473614882
0.05   1   -0.6403413647982483   4.589023971556839e-5
0.14   2   -0.6403414097584228   4.480015584389193e-5
0.0   0   -0.6405474938518847   8.066569915307888e-5
0.03   1   -0.6405475114257013   3.25250455403858e-5
0.08   2   -0.6405475665535415   6.622626433588203e-5
0.0   0   -0.6404098829573215   9.58013664473571e-5
0.05   1   -0.6404099018509616   5.2106464470617545e-5
0.12   2   -0.640409925620063   3.5434162791837654e-5
0.0   0   -0.6405153978534739   6.578273284634267e-5
0.05   1   -0.6405154077752315   3.0989939620013345e-5
0.14   2   -0.6405157791121072   0.00012847783527051104
0.0   0   -0.639403243894891   0.00012706869014875063
0.04   1   -0.6394033596798829   0.00011110766252240542
0.09   2   -0.6394034138624259   5.307379399079534e-5
0.0   0   -0.6396352151821314   6.72798334804223e-5
0.03   1   -0.6396352263669496   4.275974291044649e-5
0.12   2   -0.6396352606408036   4.828216480572255e-5
0.0   0   -0.6396497851375121   5.367376431319268e-5
0.03   1   -0.6396497938262053   3.7839250891098154e-5
0.1   2   -0.639649812733584   4.7153912118195e-5
0.0   0   -0.6394756449430646   4.899760290892143e-5
0.03   1   -0.6394756505604444   2.946772231569294e-5
0.13   2   -0.639475705953483   5.5060236572981465e-5
0.0   0   -0.6394413762713829   5.458602835172813e-5
0.05   1   -0.6394413959465253   5.6429090244774576e-5
0.1   2   -0.639441411869035   3.908268864954556e-5
0.0   0   -0.6392936710640301   3.991974238521145e-5
0.03   1   -0.6392936753419332   2.7601905259111317e-5
0.12   2   -0.6392938991351282   0.00010804104389776179
0.0   0   -0.6385262550206184   9.263775827415823e-5
0.06   1   -0.6385263485294488   7.148693333608755e-5
0.1   2   -0.638526366273064   3.729058031036169e-5
0.0   0   -0.6387335112703554   4.888008743492335e-5
0.04   1   -0.6387335195333139   3.964527521848201e-5
0.09   2   -0.6387335368276921   3.8731754459769614e-5
0.0   0   -0.6387886101596152   3.579282114515823e-5
0.03   1   -0.6387886154259077   3.273938592972766e-5
0.1   2   -0.6387886376337626   5.0795657949232596e-5
0.0   0   -0.6385960186117675   4.58596512504596e-5
0.05   1   -0.6385960262640209   3.782829722232203e-5
0.1   2   -0.638596041114543   3.6829120171858605e-5
0.0   0   -0.6386652738766587   3.278388241176696e-5
0.03   1   -0.6386652793123686   3.3494864587596566e-5
0.1   2   -0.6386653030324044   5.269762706146415e-5
0.0   0   -0.6384811348908663   4.654604605358667e-5
0.03   1   -0.6384811444627394   3.929708878026615e-5
0.09   2   -0.6384811564025881   3.3966826883814675e-5
0.0   0   -0.6385584935447939   3.089902901016888e-5
0.03   1   -0.6385584985450415   3.317572956868761e-5
0.1   2   -0.6385585422988143   6.333302401420515e-5
0.0   0   -0.6382902568197862   5.417519520005967e-5
0.03   1   -0.6382902760278257   4.1795839649739584e-5
0.07   2   -0.6382902844768943   3.0788619194121395e-5
0.0   0   -0.6383907928839422   3.270383830024379e-5
0.04   1   -0.6383907974525338   3.3931611575315405e-5
0.15   2   -0.6383912499268046   0.0001667089728536092
0.0   0   -0.7127209206335017   0.005097364688311507
0.07   1   -0.7221568351621593   0.010805159818296219
0.1   2   -0.7232445845342261   0.0036654734522808966
0.15   3   -0.7234012396574327   0.0031457072969930757
0.22   4   -0.7240611858681155   0.004259590938061359
0.27   5   -0.7243228023826526   0.003021273139431601
0.3   6   -0.7244088922311253   0.00040848732515270345
0.35   7   -0.724410758035695   0.0002207845879831156
0.42   8   -0.7244186883711778   0.00027501167736189354
0.47   9   -0.7244453749926747   0.0005072220153869845
0.52   10   -0.7244690143904946   0.00037933679541616336
0.59   11   -0.7244758478895457   0.0002650468337775009
0.64   12   -0.7244787150996279   0.00010137553928294775
0.69   13   -0.7244795636946341   6.586258059820747e-5
0.73   14   -0.7244798636356913   5.918526520294634e-5
0.78   15   -0.7244799986121915   4.717411464634535e-5
0.0   0   -0.7360374342535183   0.004010286865868743
0.05   1   -0.7365102794680529   0.0010929019568314527
0.13   2   -0.7366214300531786   0.0017301411938440646
0.16   3   -0.7366552367532365   0.0021739739142404837
0.21   4   -0.7366926785156367   9.35868623887422e-5
0.26   5   -0.7366928262001191   9.507010675488858e-5
0.32   6   -0.7366960412759169   0.00027295225315143826
0.38   7   -0.7367042896412321   0.0002601471375518323
0.44   8   -0.7367046720866182   2.421840255248259e-5
0.49   9   -0.7367046786272461   2.2105331265116628e-5
0.0   0   -0.7045855921694897   0.0015543178988479513
0.06   1   -0.7046501295197709   0.000613799871102297
0.1   2   -0.7046683148367945   0.00120263311390926
0.16   3   -0.7046851296328983   0.00011508272208501692
0.23   4   -0.704685277262965   6.45253282757994e-5
0.31   5   -0.7046875420288463   0.0002604638947290898
0.36   6   -0.7046894914924501   0.00011651722125576497
0.41   7   -0.704690469476573   8.184595159906525e-5
0.45   8   -0.7046906852147794   4.935626166199998e-5
0.54   9   -0.7046911526698125   4.299889608242332e-5
0.0   0   -0.6867863470226907   0.0007936087874285657
0.05   1   -0.6868002434211125   0.00031203877509976475
0.1   2   -0.6868028286212283   0.000529004730621623
0.13   3   -0.6868073456681874   7.85910571585559e-5
0.19   4   -0.686807450104387   9.470251571608642e-5
0.3   5   -0.686809853950346   8.859919389592157e-5
0.33   6   -0.6868101675310593   3.028244138397759e-5
0.38   7   -0.6868102921139594   4.324581358933953e-5
0.0   0   -0.6770331556878317   0.0004678974318125365
0.03   1   -0.6770368011199436   0.00019266620585087893
0.08   2   -0.6770375561976593   0.00031686618005965074
0.13   3   -0.6770392558246667   4.139359653645118e-5
0.22   4   -0.6770393416928493   9.732489894580415e-5
0.28   5   -0.677040406658989   4.972114498568258e-5
0.33   6   -0.6770405170033809   3.1672539376233406e-5
0.38   7   -0.6770407322568865   0.0001587753042826615
0.0   0   -0.6708360433241574   0.00024213774652458633
0.05   1   -0.670836984065458   0.00014281208893602846
0.12   2   -0.6708372380949876   0.00024327444494408416
0.17   3   -0.6708376392610895   3.325944466484557e-5
0.0   0   -0.6690604197353605   0.00012190993481004749
0.03   1   -0.6690606459691727   6.656011363926636e-5
0.07   2   -0.6690606741873132   6.448428883059001e-5
0.0   0   -0.6686144834709369   7.000012317059015e-5
0.05   1   -0.6686145534036373   9.667109595779651e-5
0.1   2   -0.6686146778102615   8.86713936124725e-5
0.0   0   -0.6679482934964962   6.558680290348617e-5
0.05   1   -0.6679483239910984   6.672589822262488e-5
0.1   2   -0.6679484087956487   5.451203828910408e-5
0.0   0   -0.6677654664730817   4.928929441766585e-5
0.05   1   -0.6677655000671823   5.954382925321097e-5
0.1   2   -0.6677655252409195   6.2076817060737e-5
0.0   0   -0.6675515530844607   5.078012000101486e-5
0.05   1   -0.6675515651577865   4.616115656059073e-5
0.13   2   -0.6675518806057055   7.388175394041493e-5
0.0   0   -0.6663536797211731   7.515202498987528e-5
0.03   1   -0.6663537300874699   7.207150052867003e-5
0.07   2   -0.666353755521418   5.363422909894805e-5
0.0   0   -0.6662303859954486   4.243704104958668e-5
0.04   1   -0.666230394329693   3.919464264514073e-5
0.12   2   -0.6662305691548736   5.1226450469232866e-5
0.0   0   -0.6662771687592264   3.111212182129217e-5
0.02   1   -0.6662771805078339   5.003130066727433e-5
0.13   2   -0.6662772665847148   2.678486149974201e-5
0.0   0   -0.6657772221722876   2.8390269581478174e-5
0.02   1   -0.6657772312338666   4.058542631372194e-5
0.08   2   -0.6657772448063763   4.339247578756605e-5
0.0   0   -0.6656693436063108   3.719702116058718e-5
0.03   1   -0.6656693487156473   3.181931520849866e-5
0.1   2   -0.6656693806087421   4.0625948348179274e-5
0.0   0   -0.6656608659220329   3.186981753271289e-5
0.05   1   -0.6656608799280141   4.1681829884391956e-5
0.11   2   -0.6656608888318638   3.664089608635193e-5
0.0   0   -0.6655564863659458   2.9646835988448314e-5
0.04   1   -0.6655564904377194   3.083462970358959e-5
0.13   2   -0.6655568940062979   9.167706123793535e-5
0.0   0   -0.6641010558510045   7.409557011516828e-5
0.03   1   -0.6641011556314929   4.4456519053712543e-5
0.09   2   -0.664101161015182   2.4145757821232138e-5
0.0   0   -0.6639273464538076   3.1214263456687675e-5
0.02   1   -0.6639273550057945   3.786979776307271e-5
0.08   2   -0.6639273608251018   2.6300446823061148e-5
0.0   0   -0.6638530972220655   2.1875570308263413e-5
0.03   1   -0.6638530996146885   2.51579539075977e-5
0.13   2   -0.6638534719184294   6.822924017582968e-5
0.0   0   -0.6627995817893839   7.038084781864167e-5
0.07   1   -0.6627996475623841   6.387957817638386e-5
0.11   2   -0.6627996752847835   5.274363388657926e-5
0.0   0   -0.6627851060925032   3.738082263575883e-5
0.03   1   -0.6627851223598229   5.0169191200924634e-5
0.08   2   -0.6627851428846225   3.6304110630936436e-5
0.0   0   -0.6629636253836431   3.322527267679973e-5
0.03   1   -0.6629636338075948   4.3083678688116836e-5
0.1   2   -0.6629636650470742   3.610902112034623e-5
0.0   0   -0.6630120988447483   3.3962858280492844e-5
0.06   1   -0.6630121084488558   2.8201535587305683e-5
0.1   2   -0.6630121133094729   2.029418441352711e-5
0.0   0   -0.6630758905355398   2.097312145816414e-5
0.05   1   -0.6630758929692985   2.4528150976657096e-5
0.13   2   -0.663075979634709   5.798437414132879e-5
0.0   0   -0.6631714464455424   3.169044157852549e-5
0.03   1   -0.6631714602726004   3.2818262309111975e-5
0.09   2   -0.663171464891698   2.8025536029547545e-5
0.0   0   -0.6630500585020247   2.2417263413666018e-5
0.04   1   -0.663050063899715   3.817901914335643e-5
0.11   2   -0.6630500994817706   2.173883763880401e-5
0.0   0   -0.662755304680243   2.013410422788942e-5
0.03   1   -0.662755307060422   2.5956989883070136e-5
0.08   2   -0.6627553427074224   4.2735944380406704e-5
0.0   0   -0.6626679316191957   3.653355484057622e-5
0.03   1   -0.662667950002526   3.0084217872468146e-5
0.09   2   -0.6626679535898334   1.9039354853437272e-5
0.0   0   -0.716024260366382   0.0055523467667560255
0.06   1   -0.7258281669295685   0.010161859421692624
0.1   2   -0.7264675441136421   0.005116694806288681
0.15   3   -0.7269115369858676   0.00719257666708604
0.2   4   -0.7274746166643993   0.003711341993100018
0.26   5   -0.7275451311053878   0.0010664057727026227
0.3   6   -0.7275541506963965   0.0004593523853390619
0.34   7   -0.7275605191443697   0.00051084194770942
0.41   8   -0.7276140079309652   0.0010704476129368707
0.46   9   -0.727679922341675   0.0010862718843560853
0.51   10   -0.7276886984172621   8.980564114362762e-5
0.59   11   -0.7276888676937349   1.8630737492975773e-5
0.63   12   -0.7276888905398073   3.480536250605533e-5
0.0   0   -0.7551928757797692   0.0046322898759643995
0.06   1   -0.7556444233105248   0.0019101109187596656
0.11   2   -0.7557392620172387   0.002531491953214639
0.14   3   -0.7558040992541752   0.0006270616623293184
0.17   4   -0.755808399327884   0.0003751594477063906
0.27   5   -0.7558418716567264   0.0010843858845894908
0.33   6   -0.7558533876696447   0.00020562504540519867
0.38   7   -0.7558537375711966   0.00010788127490886418
0.43   8   -0.7558541650425148   9.809872862780616e-5
0.0   0   -0.7192884178994381   0.0021195568204662382
0.03   1   -0.7193451933472117   0.0009226130049547897
0.09   2   -0.7193677026820071   0.0007662743622762772
0.12   3   -0.7193697470051856   0.0003323718887477578
0.19   4   -0.7193702831511845   0.00033861742882344576
0.25   5   -0.7193842660622611   0.00018462160622213574
0.28   6   -0.7193859563358952   0.00013922707657305355
0.33   7   -0.7193883431861209   0.00029687998216209373
0.4   8   -0.7194063253391279   0.00024717511549084435
0.47   9   -0.7194104514823337   0.00023267234588693122
0.52   10   -0.719411737940198   6.164467518625614e-5
0.57   11   -0.7194120810147295   5.867533240516122e-5
0.62   12   -0.7194125527110775   0.00013128467949020123
0.0   0   -0.7475232847118062   0.0011980797877816061
0.05   1   -0.7475403543068274   0.0005131295297433413
0.12   2   -0.747547962651148   0.0004643406836459523
0.14   3   -0.747548636055929   0.00014279054440309076
0.2   4   -0.7475487246120899   0.00013843473504882183
0.0   0   -0.7421588408460874   0.0005650878961185516
0.05   1   -0.7421625897309103   0.00026801317202463184
0.11   2   -0.7421650342271258   0.00017919604972515586
0.15   3   -0.7421652006283499   0.0002143624417083287
0.24   4   -0.7421676328398954   0.0004250094654102306
0.3   5   -0.7421732336906077   5.483990053186152e-5
0.33   6   -0.7421732887773103   2.4743288519279824e-5
0.41   7   -0.74217341468428   6.197113556600038e-5
0.0   0   -0.7323810716273181   0.00038422738190567853
0.08   1   -0.7323824087690798   0.00021417632934434022
0.14   2   -0.732383031440951   0.0002610590113194115
0.16   3   -0.7323832190158373   6.867989726055276e-5
0.0   0   -0.7307141043132246   0.00018612252386786631
0.06   1   -0.7307144237560759   0.00010363760244889266
0.11   2   -0.7307145505089565   0.00019765361925878891
0.0   0   -0.7299910687348524   0.00010338113423192503
0.05   1   -0.7299911459281603   0.00012659860429099312
0.11   2   -0.729991283058891   0.00013827035249691253
0.0   0   -0.729372253820868   0.0001174955815664991
0.05   1   -0.72937230627467   0.00011087468501249201
0.1   2   -0.7293724452340472   0.00010901361515548354
0.0   0   -0.7291562842434461   9.437090013824284e-5
0.03   1   -0.7291563591987318   9.086992540586129e-5
0.08   2   -0.7291564058653426   0.0001165115067349174
0.0   0   -0.7288776102304346   0.00010148009212935933
0.05   1   -0.7288776400588697   8.891801314155054e-5
0.13   2   -0.7288780879631609   0.00015854890707212133
0.0   0   -0.7279345451030814   0.00013657202310709708
0.03   1   -0.727934746561683   8.385370564266023e-5
0.07   2   -0.7279347720423927   8.91009966303278e-5
0.0   0   -0.727677218116083   6.886032649778108e-5
0.03   1   -0.7276772395957033   7.211527192441676e-5
0.1   2   -0.7276773293418819   0.0001190293043857434
0.0   0   -0.7273111781197292   0.00010841504798522887
0.04   1   -0.727311218928971   8.124032976455162e-5
0.1   2   -0.7273112539656095   6.128520080155703e-5
0.0   0   -0.7273383560445783   6.925284431952641e-5
0.03   1   -0.7273383720423745   6.799297869080609e-5
0.1   2   -0.7273385258552514   0.00012650793118156964
0.0   0   -0.7266896613682698   0.00011252867556400219
0.03   1   -0.7266897232622109   7.99569935095077e-5
0.07   2   -0.7266897474405373   5.664833332925533e-5
0.0   0   -0.7267534766186188   7.131755548952734e-5
0.03   1   -0.7267534882731321   6.366025928745026e-5
0.12   2   -0.7267541749875117   0.00010299047941022625
0.0   0   -0.7245346841362794   8.938340928603148e-5
0.04   1   -0.7245347949922089   6.299774281892221e-5
0.07   2   -0.7245348055512284   4.424017900766754e-5
0.0   0   -0.7243730063573697   4.067832820074981e-5
0.03   1   -0.7243730150360765   4.823030165345357e-5
0.08   2   -0.7243730315697271   5.526800990842163e-5
0.0   0   -0.7242750099845248   5.079160101705023e-5
0.05   1   -0.7242750165778609   5.0751237113825335e-5
0.12   2   -0.7242750403408824   4.313464068236225e-5
0.0   0   -0.7242979204090576   4.109207456730046e-5
0.03   1   -0.7242979314059685   5.1374121130184604e-5
0.08   2   -0.724297944462882   5.227870481303668e-5
0.0   0   -0.724203765532829   4.683616825862456e-5
0.03   1   -0.7242037714136942   5.0214853805020314e-5
0.11   2   -0.7242038110075029   5.379749461562472e-5
0.0   0   -0.7241996801896415   4.8081504162151544e-5
0.05   1   -0.7241997010720157   5.409587543625513e-5
0.08   2   -0.724199710059863   4.711693399414987e-5
0.0   0   -0.7241061283030352   4.004713958556053e-5
0.03   1   -0.724106133372576   4.9262674105340515e-5
0.14   2   -0.7241088596594383   0.00022496284582859642
0.18   3   -0.7241095430141569   0.00013987499065734358
0.25   4   -0.7241099756245462   0.00013408647144585913
0.0   0   -0.7158466337383884   0.00011888163656283986
0.05   1   -0.7158467262354755   0.00016536091997205625
0.1   2   -0.7158468435242229   6.289231606621311e-5
0.0   0   -0.7157223919625392   6.585322477006688e-5
0.03   1   -0.7157224228363683   7.220735062622877e-5
0.07   2   -0.715722436903358   4.494619224710662e-5
0.0   0   -0.7155987896804794   4.049287199310974e-5
0.03   1   -0.7155987972822015   5.308851676648651e-5
0.12   2   -0.7155988555824564   5.1395205806700924e-5
0.0   0   -0.7154294841042577   2.938701131981465e-5
0.03   1   -0.7154294888603547   3.789120482509643e-5
0.09   2   -0.7154295106280641   4.5535503804140133e-5
0.0   0   -0.7155558523646495   4.358042692836211e-5
0.05   1   -0.7155558595465839   4.512777380855335e-5
0.1   2   -0.7155558709675363   3.244663960092011e-5
0.0   0   -0.7155082741568333   2.7188152952079636e-5
0.03   1   -0.7155082785294937   3.6977469898995354e-5
0.1   2   -0.7155082962385275   4.4009498604432114e-5
0.0   0   -0.7088826017333267   0.004546946575169143
0.05   1   -0.7100534529139262   0.006671348251680532
0.1   2   -0.7152729860819863   0.014176318728442284
0.13   3   -0.7161462737934453   0.012310273932408222
0.17   4   -0.7179091623853161   0.0021610683905701543
0.25   5   -0.7182261929914394   0.0052058775622196
0.31   6   -0.7192295279467544   0.0033201884569101503
0.34   7   -0.7193979712621695   0.0007299562799536154
0.38   8   -0.7194101407391081   0.0004104626909233107
0.42   9   -0.7194199751773431   0.00046263920803845727
0.47   10   -0.7194256459850418   0.00018009805494304494
0.56   11   -0.7194296746425959   0.0006023652694653657
0.62   12   -0.7194540442970521   0.00023303525477421137
0.68   13   -0.7194574905457571   9.202956609431102e-5
0.73   14   -0.7194583618350927   7.233226561859632e-5
0.76   15   -0.7194588140619391   3.579829080789822e-5
0.83   16   -0.7194589266528608   2.7177909912348865e-5
0.0   0   -0.7727078539846692   0.004101875532992859
0.05   1   -0.7731482057277428   0.0018831681331225936
0.08   2   -0.7731701785678713   0.0014427457253286453
0.13   3   -0.7732003164275218   0.0017139982357216386
0.18   4   -0.7732992066969545   0.0005534296876034695
0.21   5   -0.7733043777648873   0.00014004458189528633
0.26   6   -0.773304548577576   7.245934267586231e-5
0.35   7   -0.7733050545831885   7.159493442931083e-5
0.0   0   -0.7393887108215218   0.0029841362487766803
0.03   1   -0.7394322325762406   0.001997789263335221
0.09   2   -0.7394567626274082   0.0007929831512296116
0.15   3   -0.7394765165134203   0.0009291854322496245
0.21   4   -0.7394838444064915   0.00011449840428090032
0.29   5   -0.7394839904120639   0.00012399427047339362
0.38   6   -0.7394872480691232   0.0002714284950592331
0.45   7   -0.7394931216672753   0.0008931146944251438
0.5   8   -0.7394993353013908   0.0001399014167376345
0.55   9   -0.7394994506444108   1.894271287820012e-5
0.63   10   -0.7394994546265858   1.6669665563510954e-5
0.0   0   -0.7234309797672338   0.002633508299055269
0.03   1   -0.7234465027589284   0.000957268185561188
0.09   2   -0.7234556667835483   0.0005319280345579029
0.14   3   -0.7234606984035137   0.0006434724844502947
0.19   4   -0.7234640272276089   4.779716067114696e-5
0.24   5   -0.7234640964169456   0.00012195687282405248
0.34   6   -0.723464493326549   7.565912199422946e-5
0.0   0   -0.7157770362749308   0.0022731605105931686
0.04   1   -0.7157872938243464   0.00042393791134897924
0.09   2   -0.7157898452485221   0.0003237431469909201
0.14   3   -0.71579092165894   0.00030749145882497504
0.18   4   -0.7157920852269672   4.628978881967727e-5
0.28   5   -0.7157924161268143   0.0002789606400919274
0.34   6   -0.7157946463558467   0.00015645252965612306
0.39   7   -0.7157953981079525   0.0001534400016331625
0.44   8   -0.7157956547326221   2.7593190079331674e-5
0.49   9   -0.715795680263319   3.014498858341058e-5
0.0   0   -0.7070592329230487   0.00199928661770735
0.03   1   -0.7070670316214971   0.00026973675711067474
0.13   2   -0.7070679637568853   0.00019767395314603979
0.17   3   -0.7070684990021707   0.00019956771671288438
0.23   4   -0.7070689757207722   2.8114354607998844e-5
0.0   0   -0.7048769335053382   0.0017182055168897168
0.03   1   -0.704882827016656   0.00016119919534413852
0.07   2   -0.7048831267806699   0.00011230712922515822
0.15   3   -0.7048832444619959   0.00010473445376867139
0.0   0   -0.7039896705169253   0.0014653913794446616
0.03   1   -0.7039941505081614   9.785366585208594e-5
0.09   2   -0.7039942763818955   9.076704554622594e-5
0.14   3   -0.7039944694230255   0.00010037294295693466
0.0   0   -0.7030649354758152   0.0012782047815295009
0.03   1   -0.7030683682201926   6.19473278608264e-5
0.1   2   -0.7030684213290449   6.114192796095682e-5
0.19   3   -0.7030685979032315   0.00011184513944358288
0.0   0   -0.7021542241677905   0.0011223435398641775
0.03   1   -0.7021568627907481   4.28174387102575e-5
0.1   2   -0.7021568995385903   5.560064233470544e-5
0.18   3   -0.7021578001114033   0.00034903107816728295
0.25   4   -0.7021584209720926   5.774355234004087e-5
0.3   5   -0.7021584482456702   6.868426152731346e-5
0.0   0   -0.6987292949599511   0.0009987601365644943
0.03   1   -0.6987312302362436   6.030848901463897e-5
0.1   2   -0.6987313163569524   5.889490977856117e-5
0.15   3   -0.6987314191106838   3.268553448823968e-5
0.0   0   -0.6982569234916507   0.0008697749804827611
0.03   1   -0.6982583581199437   4.3454201935209014e-5
0.12   2   -0.6982583789802015   2.434729675248022e-5
0.2   3   -0.6982585321429065   0.00017334750782515613
0.0   0   -0.6978652292552517   0.0007647512389443758
0.03   1   -0.6978663691768914   2.9813118339525147e-5
0.1   2   -0.6978663875028879   3.414535051827469e-5
0.19   3   -0.6978664925416104   4.0730195260974854e-5
0.0   0   -0.6980667472708006   0.0006475968303295642
0.03   1   -0.6980675855709038   2.4477200059029397e-5
0.11   2   -0.6980676440876854   3.877774799262505e-5
0.15   3   -0.6980676777554422   2.9841026999535956e-5
0.0   0   -0.697710057706752   0.000564829446690691
0.03   1   -0.6977106764119902   2.2429240786475978e-5
0.11   2   -0.6977106960137816   3.757192492721946e-5
0.0   0   -0.6976161091449613   0.0004680133957960251
0.05   1   -0.6976165650755495   2.636434811176377e-5
0.11   2   -0.6976165772569953   2.7982956549681668e-5
0.0   0   -0.697702320309644   0.0004201169159925426
0.03   1   -0.6977026541835731   1.8181686275861423e-5
0.12   2   -0.6977026791951408   4.179868000233648e-5
0.0   0   -0.6975596034923133   0.00033930091567123996
0.06   1   -0.6975598518728034   2.894443446870369e-5
0.12   2   -0.6975598642574797   2.2776127257991735e-5
0.0   0   -0.6976454731511077   0.0003090695467119177
0.05   1   -0.6976456536121751   1.7180395024474843e-5
0.15   2   -0.6976457943575929   8.179450470184838e-5
0.0   0   -0.6971116908097941   0.0002133244488204729
0.04   1   -0.6971118471684712   5.6087934558696097e-5
0.1   2   -0.6971118855158586   2.2256865161629863e-5
0.0   0   -0.697285283827727   0.0002129280572328216
0.03   1   -0.6972853848824903   2.5376863168978797e-5
0.1   2   -0.6972853964929056   2.7073904285666675e-5
0.0   0   -0.697361523784935   0.0001999000966219634
0.03   1   -0.6973615973096289   1.9117269284980257e-5
0.12   2   -0.6973616241486644   4.2382864607963704e-5
0.0   0   -0.6971947887075188   0.0001499739731125012
0.03   1   -0.6971948458548308   3.038230605014723e-5
0.1   2   -0.6971948578364726   2.2032241146222282e-5
0.0   0   -0.6972778128201647   0.00014574533505728793
0.03   1   -0.6972778527096828   1.8429800791761185e-5
0.16   2   -0.6972798928450126   0.00013337169488291815
0.22   3   -0.6972801454849302   0.00012897133610239868
0.27   4   -0.6972803752489471   5.877798217240862e-5
0.0   0   -0.6916211429044336   0.00012373491592831674
0.05   1   -0.6916211735753864   4.719378490509976e-5
0.1   2   -0.6916212434438973   6.018304148189903e-5
0.0   0   -0.6912915574264228   8.69881332693057e-5
0.05   1   -0.6912915795432664   4.338544865238985e-5
0.13   2   -0.6912916073636024   3.9670757730269654e-5
0.0   0   -0.6913539144393093   9.991212759818719e-5
0.03   1   -0.6913539316311306   2.834075429754352e-5
0.1   2   -0.691353947739138   4.258594099593279e-5
0.0   0   -0.6912276881921398   6.748103489000712e-5
0.03   1   -0.69122770017772   3.225373732514074e-5
0.11   2   -0.6912277568125986   6.431102137205243e-5
0.0   0   -0.6912729519666185   9.28318913481065e-5
0.05   1   -0.6912729704140976   4.6616590598870504e-5
0.1   2   -0.6912729897907177   2.7480890735821634e-5
0.0   0   -0.6911450776795721   5.772310527167767e-5
0.03   1   -0.6911450848665746   2.2509141813899207e-5
0.1   2   -0.6911451266149403   5.967543689857499e-5
0.0   0   -0.7266522014184266   0.0057775395386368165
0.08   1   -0.7306280961016167   0.009072294607594364
0.12   2   -0.7318542962553989   0.012095202933302664
0.19   3   -0.7341019144701595   0.013707355298581593
0.23   4   -0.7361389404040446   0.006602598655394843
0.26   5   -0.7362829605808414   0.0030101334904193144
0.33   6   -0.7369957930800867   0.006172964161194199
0.38   7   -0.7374435080837363   0.002365094276642749
0.41   8   -0.737504672827447   0.0004420773782419225
0.46   9   -0.7375082145087262   0.00023951819215328456
0.55   10   -0.7375130932199565   0.0005835570801431847
0.6   11   -0.7375215630378543   0.000255012389473706
0.66   12   -0.7375288253677157   0.0007819731552854385
0.71   13   -0.7375410738650705   0.00013113174295327262
0.76   14   -0.7375424862339124   8.238144964861554e-5
0.84   15   -0.7375430633746172   4.6167352587920015e-5
0.88   16   -0.7375431426078256   1.916770827878035e-5
0.0   0   -0.7541597705661602   0.004624295791591175
0.05   1   -0.754633827493939   0.0017255971086226401
0.08   2   -0.7546613060830907   0.0020635210766904574
0.13   3   -0.7547088821845876   0.002168910025054321
0.18   4   -0.7547889177093944   0.0006790601450740273
0.24   5   -0.7547923289681147   6.599325929524342e-5
0.29   6   -0.7547924408259072   8.801198480122396e-5
0.36   7   -0.754795257245871   0.00019230238396128954
0.41   8   -0.7547980683684392   0.00023095063148375705
0.45   9   -0.7547982884912026   9.720078354386214e-6
0.5   10   -0.7547982896818944   9.5673634071794e-6
0.0   0   -0.720562719141851   0.001944871951587052
0.07   1   -0.7206258987866612   0.0014751131216928963
0.1   2   -0.720632596483995   0.0008788496647214863
0.17   3   -0.7206480828426354   0.0009371078671910992
0.22   4   -0.7206614044312583   8.104994388655005e-5
0.27   5   -0.7206615702762439   7.510881075540254e-5
0.37   6   -0.7206642628857843   0.00016670841944792727
0.41   7   -0.7206655406851437   9.3313118663849e-5
0.47   8   -0.7206656092735366   4.3158228430870874e-5
0.54   9   -0.720665788048352   5.7830673315237035e-5
0.0   0   -0.7030454163678808   0.0012871868934992892
0.05   1   -0.7030563030395187   0.0014077175387096656
0.1   2   -0.703061846896013   0.0005130086857996395
0.18   3   -0.7030687327498557   0.00034607290043305044
0.23   4   -0.7030691018484723   6.117352512755385e-5
0.3   5   -0.703069457123078   0.00019987937011924512
0.0   0   -0.695850452292085   0.00095232687434463
0.05   1   -0.6958534441370849   0.0007619617972594917
0.1   2   -0.6958557497799176   0.0002575249674001611
0.18   3   -0.6958571190226193   0.0002946468886697396
0.23   4   -0.6958573904893404   5.489017248348938e-5
0.33   5   -0.6958585567748494   0.0004214729061650484
0.37   6   -0.6958594414282034   5.967313819813607e-5
0.45   7   -0.6958594580660404   1.9705163274953313e-5
0.51   8   -0.6958594948851877   4.457043796778507e-5
0.0   0   -0.6885148043655883   0.000713648531496585
0.03   1   -0.6885158633971704   0.00034981146141089766
0.08   2   -0.6885166510021469   0.0002076725288221699
0.15   3   -0.6885173527147801   0.00013652513688621335
0.2   4   -0.6885174109407614   2.2847819617084756e-5
0.3   5   -0.6885180451014777   8.378430989813666e-5
0.0   0   -0.6844134938866318   0.0005785315065664532
0.03   1   -0.6844141166895681   0.00017979640270682275
0.08   2   -0.6844144311883564   0.00016625741257353196
0.0   0   -0.6837468517813674   0.00044291853799951944
0.03   1   -0.6837472336360628   0.00014901902900997803
0.12   2   -0.6837474819025675   0.00014559168299997928
0.0   0   -0.6830789896077492   0.0003629806285483115
0.03   1   -0.6830792606447139   0.00012884145983567923
0.1   2   -0.6830794307889992   5.944602812734085e-5
0.0   0   -0.6829034521910451   0.00031803743084942343
0.03   1   -0.6829036521833728   5.068506728574318e-5
0.1   2   -0.6829036861891875   4.727521490251048e-5
0.0   0   -0.6826786720151173   0.00025441531701211477
0.04   1   -0.6826788122298787   4.1799369627415803e-5
0.12   2   -0.682678855156599   4.1307698812099695e-5
0.0   0   -0.682353778401428   0.00023026386146910094
0.03   1   -0.6823538810394978   3.572348353867277e-5
0.1   2   -0.6823539051813468   3.337659051594832e-5
0.0   0   -0.6823497533340808   0.00018835664846864446
0.03   1   -0.6823498296719315   2.484708238519703e-5
0.1   2   -0.6823498426018537   2.913146858668569e-5
0.0   0   -0.6822129917136872   0.00016380632109074442
0.03   1   -0.6822130469271708   2.020101546350048e-5
0.11   2   -0.6822131361887132   6.563245144999224e-5
0.0   0   -0.6819115331727619   0.0001530565821887098
0.03   1   -0.6819115874544683   5.573093044314429e-5
0.08   2   -0.6819116169138992   2.7887640905662887e-5
0.0   0   -0.6817556565315864   0.00011133049289291965
0.04   1   -0.6817556872149692   2.2686044045704556e-5
0.11   2   -0.6817557086192801   3.91054061592309e-5
0.0   0   -0.6816260454575083   0.0001192180934947275
0.05   1   -0.6816260698811438   2.791799825388122e-5
0.12   2   -0.6816260815126325   2.4663478399221385e-5
0.0   0   -0.6816937652667276   8.302472159659968e-5
0.03   1   -0.6816937820783266   1.919972804396757e-5
0.14   2   -0.6816938589252932   6.855532198034993e-5
0.0   0   -0.6812842059376634   0.00011537659807636235
0.03   1   -0.68128423284357   5.954176767004223e-5
0.08   2   -0.6812842569580825   2.109856398342562e-5
0.0   0   -0.681403900333639   6.968253596532433e-5
0.03   1   -0.681403910421362   2.2831892015958964e-5
0.1   2   -0.6814039270801616   3.233982920200476e-5
0.0   0   -0.6814337628120604   6.138954165936098e-5
0.03   1   -0.681433771667842   2.4414519538708425e-5
0.12   2   -0.6814337819285707   2.608512728527243e-5
0.0   0   -0.6813260739443472   4.862315188902337e-5
0.03   1   -0.6813260797985488   1.7470227385121908e-5
0.11   2   -0.6813261261408401   5.1896502154834945e-5
0.0   0   -0.681295441696983   5.9572136116241195e-5
0.03   1   -0.6812954566475704   5.87752901352688e-5
0.09   2   -0.6812954713547703   2.1842975513799346e-5
0.0   0   -0.681168735705769   3.5977116726997586e-5
0.05   1   -0.6811687397098827   1.879592832713699e-5
0.13   2   -0.6811687610430445   4.011916809784958e-5
0.0   0   -0.6810017316213531   4.727353420068599e-5
0.04   1   -0.6810017380125457   3.0183560548030602e-5
0.08   2   -0.6810017477826047   2.1870453427562162e-5
0.0   0   -0.6810693400797972   2.555520281332982e-5
0.04   1   -0.6810693427627725   1.6479290374093096e-5
0.15   2   -0.6810696405339756   0.00012943214597929047
0.0   0   -0.6797188109749951   9.876493941482404e-5
0.03   1   -0.6797189077012263   7.400477897728944e-5
0.07   2   -0.67971892360559   2.328551266840944e-5
0.0   0   -0.6799438348553883   3.89223939943036e-5
0.04   1   -0.6799438425682949   3.576375366801794e-5
0.09   2   -0.6799438507869359   2.0687272836580372e-5
0.0   0   -0.6800180357886556   1.9956815018043126e-5
0.05   1   -0.6800180377210061   1.7920297071216054e-5
0.15   2   -0.6800183780838722   0.00012032523431722382
0.0   0   -0.6793178825821736   0.00010604576958032281
0.03   1   -0.6793180445847107   6.37354108477797e-5
0.07   2   -0.6793180554510958   3.72131642341441e-5
0.0   0   -0.7266522014184266   0.0057775395386368165
0.07   1   -0.7306280961016167   0.009072294607594364
0.1   2   -0.7318542962553989   0.012095202933302664
0.18   3   -0.7341019144701595   0.013707355298581593
0.21   4   -0.7361389404040446   0.006602598655394843
0.25   5   -0.7362829605808414   0.0030101334904193144
0.32   6   -0.7369957930800867   0.006172964161194199
0.37   7   -0.7374435080837363   0.002365094276642749
0.39   8   -0.737504672827447   0.0004420773782419225
0.45   9   -0.7375082145087262   0.00023951819215328456
0.54   10   -0.7375130932199565   0.0005835570801431847
0.58   11   -0.7375215630378543   0.000255012389473706
0.65   12   -0.7375288253677157   0.0007819731552854385
0.7   13   -0.7375410738650705   0.00013113174295327262
0.75   14   -0.7375424862339124   8.238144964861554e-5
0.82   15   -0.7375430633746172   4.6167352587920015e-5
0.88   16   -0.7375431426078256   1.916770827878035e-5
0.0   0   -0.7541597705661602   0.004624295791591175
0.05   1   -0.754633827493939   0.0017255971086226401
0.08   2   -0.7546613060830907   0.0020635210766904574
0.13   3   -0.7547088821845876   0.002168910025054321
0.18   4   -0.7547889177093944   0.0006790601450740273
0.21   5   -0.7547923289681147   6.599325929524342e-5
0.28   6   -0.7547924408259072   8.801198480122396e-5
0.35   7   -0.754795257245871   0.00019230238396128954
0.39   8   -0.7547980683684392   0.00023095063148375705
0.43   9   -0.7547982884912026   9.720078354386214e-6
0.48   10   -0.7547982896818944   9.5673634071794e-6
0.0   0   -0.720562719141851   0.001944871951587052
0.07   1   -0.7206258987866612   0.0014751131216928963
0.11   2   -0.720632596483995   0.0008788496647214863
0.17   3   -0.7206480828426354   0.0009371078671910992
0.21   4   -0.7206614044312583   8.104994388655005e-5
0.27   5   -0.7206615702762439   7.510881075540254e-5
0.35   6   -0.7206642628857843   0.00016670841944792727
0.42   7   -0.7206655406851437   9.3313118663849e-5
0.47   8   -0.7206656092735366   4.3158228430870874e-5
0.53   9   -0.720665788048352   5.7830673315237035e-5
0.0   0   -0.7030454163678808   0.0012871868934992892
0.03   1   -0.7030563030395187   0.0014077175387096656
0.08   2   -0.703061846896013   0.0005130086857996395
0.17   3   -0.7030687327498557   0.00034607290043305044
0.22   4   -0.7030691018484723   6.117352512755385e-5
0.3   5   -0.703069457123078   0.00019987937011924512
0.0   0   -0.695850452292085   0.00095232687434463
0.05   1   -0.6958534441370849   0.0007619617972594917
0.1   2   -0.6958557497799176   0.0002575249674001611
0.19   3   -0.6958571190226193   0.0002946468886697396
0.24   4   -0.6958573904893404   5.489017248348938e-5
0.34   5   -0.6958585567748494   0.0004214729061650484
0.39   6   -0.6958594414282034   5.967313819813607e-5
0.44   7   -0.6958594580660404   1.9705163274953313e-5
0.52   8   -0.6958594948851877   4.457043796778507e-5
0.0   0   -0.6885148043655883   0.000713648531496585
0.03   1   -0.6885158633971704   0.00034981146141089766
0.08   2   -0.6885166510021469   0.0002076725288221699
0.14   3   -0.6885173527147801   0.00013652513688621335
0.2   4   -0.6885174109407614   2.2847819617084756e-5
0.31   5   -0.6885180451014777   8.378430989813666e-5
0.0   0   -0.6844134938866318   0.0005785315065664532
0.03   1   -0.6844141166895681   0.00017979640270682275
0.07   2   -0.6844144311883564   0.00016625741257353196
0.0   0   -0.6837468517813674   0.00044291853799951944
0.05   1   -0.6837472336360628   0.00014901902900997803
0.12   2   -0.6837474819025675   0.00014559168299997928
0.0   0   -0.6830789896077492   0.0003629806285483115
0.04   1   -0.6830792606447139   0.00012884145983567923
0.1   2   -0.6830794307889992   5.944602812734085e-5
0.0   0   -0.6829034521910451   0.00031803743084942343
0.03   1   -0.6829036521833728   5.068506728574318e-5
0.1   2   -0.6829036861891875   4.727521490251048e-5
0.0   0   -0.6826786720151173   0.00025441531701211477
0.03   1   -0.6826788122298787   4.1799369627415803e-5
0.12   2   -0.682678855156599   4.1307698812099695e-5
0.0   0   -0.682353778401428   0.00023026386146910094
0.03   1   -0.6823538810394978   3.572348353867277e-5
0.1   2   -0.6823539051813468   3.337659051594832e-5
0.0   0   -0.6823497533340808   0.00018835664846864446
0.03   1   -0.6823498296719315   2.484708238519703e-5
0.1   2   -0.6823498426018537   2.913146858668569e-5
0.0   0   -0.6822129917136872   0.00016380632109074442
0.03   1   -0.6822130469271708   2.020101546350048e-5
0.12   2   -0.6822131361887132   6.563245144999224e-5
0.0   0   -0.6819115331727619   0.0001530565821887098
0.03   1   -0.6819115874544683   5.573093044314429e-5
0.09   2   -0.6819116169138992   2.7887640905662887e-5
0.0   0   -0.6817556565315864   0.00011133049289291965
0.04   1   -0.6817556872149692   2.2686044045704556e-5
0.13   2   -0.6817557086192801   3.91054061592309e-5
0.0   0   -0.6816260454575083   0.0001192180934947275
0.05   1   -0.6816260698811438   2.791799825388122e-5
0.12   2   -0.6816260815126325   2.4663478399221385e-5
0.0   0   -0.6816937652667276   8.302472159659968e-5
0.03   1   -0.6816937820783266   1.919972804396757e-5
0.12   2   -0.6816938589252932   6.855532198034993e-5
0.0   0   -0.6812842059376634   0.00011537659807636235
0.03   1   -0.68128423284357   5.954176767004223e-5
0.08   2   -0.6812842569580825   2.109856398342562e-5
0.0   0   -0.681403900333639   6.968253596532433e-5
0.03   1   -0.681403910421362   2.2831892015958964e-5
0.09   2   -0.6814039270801616   3.233982920200476e-5
0.0   0   -0.6814337628120604   6.138954165936098e-5
0.05   1   -0.681433771667842   2.4414519538708425e-5
0.13   2   -0.6814337819285707   2.608512728527243e-5
0.0   0   -0.6813260739443472   4.862315188902337e-5
0.03   1   -0.6813260797985488   1.7470227385121908e-5
0.11   2   -0.6813261261408401   5.1896502154834945e-5
0.0   0   -0.681295441696983   5.9572136116241195e-5
0.05   1   -0.6812954566475704   5.87752901352688e-5
0.1   2   -0.6812954713547703   2.1842975513799346e-5
0.0   0   -0.681168735705769   3.5977116726997586e-5
0.05   1   -0.6811687397098827   1.879592832713699e-5
0.12   2   -0.6811687610430445   4.011916809784958e-5
0.0   0   -0.6810017316213531   4.727353420068599e-5
0.04   1   -0.6810017380125457   3.0183560548030602e-5
0.09   2   -0.6810017477826047   2.1870453427562162e-5
0.0   0   -0.6810693400797972   2.555520281332982e-5
0.03   1   -0.6810693427627725   1.6479290374093096e-5
0.15   2   -0.6810696405339756   0.00012943214597929047
0.0   0   -0.6797188109749951   9.876493941482404e-5
0.05   1   -0.6797189077012263   7.400477897728944e-5
0.08   2   -0.67971892360559   2.328551266840944e-5
0.0   0   -0.6799438348553883   3.89223939943036e-5
0.03   1   -0.6799438425682949   3.576375366801794e-5
0.08   2   -0.6799438507869359   2.0687272836580372e-5
0.0   0   -0.6800180357886556   1.9956815018043126e-5
0.05   1   -0.6800180377210061   1.7920297071216054e-5
0.16   2   -0.6800183780838722   0.00012032523431722382
0.0   0   -0.6793178825821736   0.00010604576958032281
0.03   1   -0.6793180445847107   6.37354108477797e-5
0.07   2   -0.6793180554510958   3.72131642341441e-5
0.0   0   -0.7160879327578427   0.005149348583544868
0.07   1   -0.7179116516084785   0.010777564544294684
0.12   2   -0.7261777907716798   0.005296995014291236
0.15   3   -0.7264328977592853   0.004922126237262394
0.23   4   -0.7272186918742629   0.006966899186785682
0.27   5   -0.7275758006597388   0.004091208533387574
0.3   6   -0.7276792110808817   0.0014841641490105132
0.35   7   -0.7277260960053535   0.0012737826774723417
0.4   8   -0.7277774786908606   0.0003202863951780112
0.45   9   -0.7277949040013676   0.0009625502374675013
0.5   10   -0.7278126909104646   0.00020420598004347547
0.57   11   -0.7278160187814459   0.00024104678686648166
0.62   12   -0.7278179309596129   0.00010715793106562284
0.67   13   -0.7278185205632   0.00015866962563865683
0.72   14   -0.7278186705193925   2.746763244349713e-5
0.0   0   -0.7387356957655551   0.007009156525817746
0.05   1   -0.7392180160665355   0.0037076470345571294
0.08   2   -0.7392432031928855   0.0015496150187928911
0.16   3   -0.739263333982713   0.0021156168233065235
0.22   4   -0.7393716178118153   0.000898969593964266
0.26   5   -0.7393798645116686   6.211337998425955e-5
0.31   6   -0.7393799639430036   6.199947300207505e-5
0.37   7   -0.7393821254373449   0.00024922320635498163
0.42   8   -0.7393854104203134   0.0004224316468579946
0.47   9   -0.7393859127149807   5.511543127753919e-5
0.53   10   -0.7393859489521044   5.3053493464090076e-6
0.0   0   -0.7040583572994051   0.004680404600486697
0.03   1   -0.7041136251781113   0.0019231047694302048
0.07   2   -0.7041342093179387   0.0011621655417265037
0.13   3   -0.7041616878126304   0.0008120771471849753
0.17   4   -0.704163020320498   6.124143388075249e-5
0.25   5   -0.7041630370046512   4.327564073906452e-5
0.33   6   -0.704164068603093   0.00021089865942995378
0.39   7   -0.7041656317061298   0.00012561385285905392
0.43   8   -0.7041660525974505   2.3393874402595992e-5
0.48   9   -0.7041660996753252   2.5616129450846127e-5
0.0   0   -0.6841424938474854   0.0035209482071902887
0.04   1   -0.6841548963074026   0.0010178554794978882
0.11   2   -0.6841636180003072   0.00047961705989950094
0.16   3   -0.6841677958965608   0.0009558762982135495
0.21   4   -0.6841706275803063   3.0683303118171084e-5
0.27   5   -0.6841706676015366   0.00015218362822420764
0.35   6   -0.6841722374754635   0.00011860720013300744
0.41   7   -0.6841724938838261   3.7996979600703825e-5
0.46   8   -0.6841725589400327   7.237719201164972e-5
0.0   0   -0.6723581212637721   0.0028351358772409543
0.03   1   -0.6723646007955997   0.0005932127171069328
0.08   2   -0.6723671742161976   0.00033823990998165014
0.12   3   -0.6723681255468761   0.000422135364274283
0.18   4   -0.6723690554567799   2.3699740543988376e-5
0.25   5   -0.6723690793810495   0.00011772413754313205
0.33   6   -0.6723696813643543   2.3114023446217467e-5
0.0   0   -0.6664025841889394   0.0022982624831842415
0.03   1   -0.6664069528451313   0.00038890520909626357
0.08   2   -0.6664077192954945   0.00021561360154352736
0.13   3   -0.6664080169041289   0.000256780419313933
0.18   4   -0.6664083505116991   1.5301163430934264e-5
0.0   0   -0.6642220610740207   0.001887209332447411
0.02   1   -0.6642252131323524   0.00022844243552764778
0.08   2   -0.6642254308404967   0.00011433993512106814
0.13   3   -0.6642254940104091   0.00011982698311513669
0.0   0   -0.6633529508950531   0.0015609802981919243
0.03   1   -0.6633553015171649   0.00011746846771292089
0.1   2   -0.6633553767753846   0.00010029229578278084
0.17   3   -0.6633554653820062   0.00010795815691999258
0.0   0   -0.6625841647502855   0.0013235256259272537
0.03   1   -0.6625859521667755   5.297272894353741e-5
0.1   2   -0.6625859934104386   0.0001250608932296013
0.15   3   -0.662586056729153   5.985757400671762e-5
0.0   0   -0.6619048076523311   0.0011270675355464588
0.03   1   -0.661906154355774   2.433889094226444e-5
0.13   2   -0.6619062014670487   0.00019660320885846983
0.18   3   -0.6619063531794629   8.363204319728706e-5
0.0   0   -0.6606677366659659   0.0009568573837811034
0.03   1   -0.6606687372383309   2.3814327316719877e-5
0.11   2   -0.6606688049113209   0.00014830319274227732
0.16   3   -0.6606688466797015   6.051490165347576e-5
0.0   0   -0.6607257316428543   0.000835073171498761
0.03   1   -0.6607264762104434   2.9991477814363587e-5
0.12   2   -0.6607264949447378   3.858131049967101e-5
0.18   3   -0.6607265719046956   4.789894245661181e-5
0.0   0   -0.6601321725648959   0.0007385172849506965
0.03   1   -0.6601327270599756   2.738333294406444e-5
0.1   2   -0.6601327469932288   8.241021477142577e-5
0.0   0   -0.6600073717789844   0.0006004798127252225
0.03   1   -0.6600077740946082   2.396351872185725e-5
0.12   2   -0.6600077864131946   3.459627656695109e-5
0.0   0   -0.6600843083688374   0.0005449013656646159
0.03   1   -0.6600846018725932   2.208892874594296e-5
0.1   2   -0.6600846206046423   7.7774629180047e-5
0.0   0   -0.6599331892920851   0.0004323083380856384
0.02   1   -0.6599334030611568   2.4620725841973563e-5
0.12   2   -0.6599334125059868   2.6254540901648222e-5
0.0   0   -0.6599952261769503   0.00039759629712265293
0.03   1   -0.6599953818841726   1.639113156769248e-5
0.11   2   -0.6599954342243107   0.00014303454183185957
0.0   0   -0.6596560172145729   0.0002808272434540286
0.04   1   -0.6596561337916069   4.932861670467817e-5
0.09   2   -0.6596561492540587   2.307259379329237e-5
0.0   0   -0.6597538672206023   0.00027543848211021327
0.07   1   -0.6597539481333508   1.8365887591244553e-5
0.15   2   -0.6597539652934374   4.301515880861388e-5
0.0   0   -0.659766586149336   0.000271062592763905
0.03   1   -0.6597666470091994   2.7896183923441898e-5
0.1   2   -0.6597666550642629   2.1161411505703498e-5
0.0   0   -0.6596485646369377   0.00020837429321641092
0.03   1   -0.659648607978952   1.4760901950854503e-5
0.17   2   -0.6596491017600694   0.00021156271690969723
0.0   0   -0.6574698806914924   0.0001799497291565237
0.03   1   -0.657469909238218   3.0865137521174194e-5
0.1   2   -0.6574699219066789   3.1651830384381515e-5
0.0   0   -0.6573532521277597   0.00012386477673872751
0.03   1   -0.6573532700777782   2.3254520085647354e-5
0.14   2   -0.6573533097113696   5.1116945775952675e-5
0.0   0   -0.6573091825737372   9.549570265432034e-5
0.03   1   -0.6573091966332697   3.3908724726667257e-5
0.1   2   -0.6573092035876539   2.6602151900185075e-5
0.0   0   -0.6573972924324425   0.00010399939918041713
0.03   1   -0.6573973018413   1.8726394760319096e-5
0.12   2   -0.6573973643741388   8.026349241559644e-5
0.0   0   -0.6574998276219172   0.00010931229432506089
0.03   1   -0.6574998380024821   5.571985759286664e-5
0.1   2   -0.6574998524244471   3.7719917117696066e-5
0.0   0   -0.6575935640990572   6.792395595925496e-5
0.03   1   -0.6575935704167853   2.6365792485764273e-5
0.1   2   -0.6575935866958527   4.25272612649739e-5
0.0   0   -0.657478208466856   5.8988865565557134e-5
0.03   1   -0.6574782135837239   3.0313623670853987e-5
0.12   2   -0.6574782190406162   2.295600605530856e-5
0.0   0   -0.6575472077469379   5.196615538804971e-5
0.03   1   -0.6575472109397957   1.1511381718892293e-5
0.11   2   -0.6575472415013508   6.169873006026804e-5
0.0   0   -0.6574092298496648   4.1643703624071626e-5
0.03   1   -0.657409237470208   5.206597295348806e-5
0.09   2   -0.657409244351745   1.8399745322166968e-5
0.0   0   -0.7160879327578427   0.005149348583544868
0.05   1   -0.7179116516084785   0.010777564544294684
0.1   2   -0.7261777907716798   0.005296995014291236
0.13   3   -0.7264328977592853   0.004922126237262394
0.19   4   -0.7272186918742629   0.006966899186785682
0.22   5   -0.7275758006597388   0.004091208533387574
0.26   6   -0.7276792110808817   0.0014841641490105132
0.33   7   -0.7277260960053535   0.0012737826774723417
0.38   8   -0.7277774786908606   0.0003202863951780112
0.43   9   -0.7277949040013676   0.0009625502374675013
0.48   10   -0.7278126909104646   0.00020420598004347547
0.53   11   -0.7278160187814459   0.00024104678686648166
0.58   12   -0.7278179309596129   0.00010715793106562284
0.66   13   -0.7278185205632   0.00015866962563865683
0.71   14   -0.7278186705193925   2.746763244349713e-5
0.0   0   -0.7387356957655551   0.007009156525817746
0.05   1   -0.7392180160665355   0.0037076470345571294
0.08   2   -0.7392432031928855   0.0015496150187928911
0.13   3   -0.739263333982713   0.0021156168233065235
0.2   4   -0.7393716178118153   0.000898969593964266
0.25   5   -0.7393798645116686   6.211337998425955e-5
0.3   6   -0.7393799639430036   6.199947300207505e-5
0.37   7   -0.7393821254373449   0.00024922320635498163
0.41   8   -0.7393854104203134   0.0004224316468579946
0.45   9   -0.7393859127149807   5.511543127753919e-5
0.5   10   -0.7393859489521044   5.3053493464090076e-6
0.0   0   -0.7040583572994051   0.004680404600486697
0.05   1   -0.7041136251781113   0.0019231047694302048
0.09   2   -0.7041342093179387   0.0011621655417265037
0.15   3   -0.7041616878126304   0.0008120771471849753
0.19   4   -0.704163020320498   6.124143388075249e-5
0.24   5   -0.7041630370046512   4.327564073906452e-5
0.32   6   -0.704164068603093   0.00021089865942995378
0.39   7   -0.7041656317061298   0.00012561385285905392
0.42   8   -0.7041660525974505   2.3393874402595992e-5
0.47   9   -0.7041660996753252   2.5616129450846127e-5
0.0   0   -0.6841424938474854   0.0035209482071902887
0.03   1   -0.6841548963074026   0.0010178554794978882
0.08   2   -0.6841636180003072   0.00047961705989950094
0.13   3   -0.6841677958965608   0.0009558762982135495
0.2   4   -0.6841706275803063   3.0683303118171084e-5
0.27   5   -0.6841706676015366   0.00015218362822420764
0.36   6   -0.6841722374754635   0.00011860720013300744
0.39   7   -0.6841724938838261   3.7996979600703825e-5
0.45   8   -0.6841725589400327   7.237719201164972e-5
0.0   0   -0.6723581212637721   0.0028351358772409543
0.04   1   -0.6723646007955997   0.0005932127171069328
0.11   2   -0.6723671742161976   0.00033823990998165014
0.16   3   -0.6723681255468761   0.000422135364274283
0.21   4   -0.6723690554567799   2.3699740543988376e-5
0.26   5   -0.6723690793810495   0.00011772413754313205
0.35   6   -0.6723696813643543   2.3114023446217467e-5
0.0   0   -0.6664025841889394   0.0022982624831842415
0.06   1   -0.6664069528451313   0.00038890520909626357
0.11   2   -0.6664077192954945   0.00021561360154352736
0.16   3   -0.6664080169041289   0.000256780419313933
0.21   4   -0.6664083505116991   1.5301163430934264e-5
0.0   0   -0.6642220610740207   0.001887209332447411
0.04   1   -0.6642252131323524   0.00022844243552764778
0.09   2   -0.6642254308404967   0.00011433993512106814
0.17   3   -0.6642254940104091   0.00011982698311513669
0.0   0   -0.6633529508950531   0.0015609802981919243
0.03   1   -0.6633553015171649   0.00011746846771292089
0.1   2   -0.6633553767753846   0.00010029229578278084
0.15   3   -0.6633554653820062   0.00010795815691999258
0.0   0   -0.6625841647502855   0.0013235256259272537
0.03   1   -0.6625859521667755   5.297272894353741e-5
0.12   2   -0.6625859934104386   0.0001250608932296013
0.17   3   -0.662586056729153   5.985757400671762e-5
0.0   0   -0.6619048076523311   0.0011270675355464588
0.03   1   -0.661906154355774   2.433889094226444e-5
0.13   2   -0.6619062014670487   0.00019660320885846983
0.19   3   -0.6619063531794629   8.363204319728706e-5
0.0   0   -0.6606677366659659   0.0009568573837811034
0.04   1   -0.6606687372383309   2.3814327316719877e-5
0.17   2   -0.6606688049113209   0.00014830319274227732
0.22   3   -0.6606688466797015   6.051490165347576e-5
0.0   0   -0.6607257316428543   0.000835073171498761
0.03   1   -0.6607264762104434   2.9991477814363587e-5
0.1   2   -0.6607264949447378   3.858131049967101e-5
0.19   3   -0.6607265719046956   4.789894245661181e-5
0.0   0   -0.6601321725648959   0.0007385172849506965
0.05   1   -0.6601327270599756   2.738333294406444e-5
0.11   2   -0.6601327469932288   8.241021477142577e-5
0.0   0   -0.6600073717789844   0.0006004798127252225
0.03   1   -0.6600077740946082   2.396351872185725e-5
0.1   2   -0.6600077864131946   3.459627656695109e-5
0.0   0   -0.6600843083688374   0.0005449013656646159
0.04   1   -0.6600846018725932   2.208892874594296e-5
0.12   2   -0.6600846206046423   7.7774629180047e-5
0.0   0   -0.6599331892920851   0.0004323083380856384
0.03   1   -0.6599334030611568   2.4620725841973563e-5
0.1   2   -0.6599334125059868   2.6254540901648222e-5
0.0   0   -0.6599952261769503   0.00039759629712265293
0.03   1   -0.6599953818841726   1.639113156769248e-5
0.13   2   -0.6599954342243107   0.00014303454183185957
0.0   0   -0.6596560172145729   0.0002808272434540286
0.03   1   -0.6596561337916069   4.932861670467817e-5
0.1   2   -0.6596561492540587   2.307259379329237e-5
0.0   0   -0.6597538672206023   0.00027543848211021327
0.03   1   -0.6597539481333508   1.8365887591244553e-5
0.12   2   -0.6597539652934374   4.301515880861388e-5
0.0   0   -0.659766586149336   0.000271062592763905
0.06   1   -0.6597666470091994   2.7896183923441898e-5
0.12   2   -0.6597666550642629   2.1161411505703498e-5
0.0   0   -0.6596485646369377   0.00020837429321641092
0.03   1   -0.659648607978952   1.4760901950854503e-5
0.15   2   -0.6596491017600694   0.00021156271690969723
0.0   0   -0.6574698806914924   0.0001799497291565237
0.03   1   -0.657469909238218   3.0865137521174194e-5
0.13   2   -0.6574699219066789   3.1651830384381515e-5
0.0   0   -0.6573532521277597   0.00012386477673872751
0.03   1   -0.6573532700777782   2.3254520085647354e-5
0.12   2   -0.6573533097113696   5.1116945775952675e-5
0.0   0   -0.6573091825737372   9.549570265432034e-5
0.04   1   -0.6573091966332697   3.3908724726667257e-5
0.12   2   -0.6573092035876539   2.6602151900185075e-5
0.0   0   -0.6573972924324425   0.00010399939918041713
0.04   1   -0.6573973018413   1.8726394760319096e-5
0.13   2   -0.6573973643741388   8.026349241559644e-5
0.0   0   -0.6574998276219172   0.00010931229432506089
0.03   1   -0.6574998380024821   5.571985759286664e-5
0.1   2   -0.6574998524244471   3.7719917117696066e-5
0.0   0   -0.6575935640990572   6.792395595925496e-5
0.05   1   -0.6575935704167853   2.6365792485764273e-5
0.12   2   -0.6575935866958527   4.25272612649739e-5
0.0   0   -0.657478208466856   5.8988865565557134e-5
0.03   1   -0.6574782135837239   3.0313623670853987e-5
0.1   2   -0.6574782190406162   2.295600605530856e-5
0.0   0   -0.6575472077469379   5.196615538804971e-5
0.03   1   -0.6575472109397957   1.1511381718892293e-5
0.13   2   -0.6575472415013508   6.169873006026804e-5
0.0   0   -0.6574092298496648   4.1643703624071626e-5
0.03   1   -0.657409237470208   5.206597295348806e-5
0.08   2   -0.657409244351745   1.8399745322166968e-5
