0.0   0   -0.7088826017333267   0.004546946575169143
0.07   1   -0.7100534529139262   0.006671348251680532
0.11   2   -0.7152729860819863   0.014176318728442284
0.18   3   -0.7161462737934453   0.012310273932408222
0.22   4   -0.7179091623853161   0.0021610683905701543
0.29   5   -0.7182261929914394   0.0052058775622196
0.34   6   -0.7192295279467544   0.0033201884569101503
0.37   7   -0.7193979712621695   0.0007299562799536154
0.4   8   -0.7194101407391081   0.0004104626909233107
0.45   9   -0.7194199751773431   0.00046263920803845727
0.53   10   -0.7194256459850418   0.00018009805494304494
0.59   11   -0.7194296746425959   0.0006023652694653657
0.66   12   -0.7194540442970521   0.00023303525477421137
0.7   13   -0.7194574905457571   9.202956609431102e-5
0.75   14   -0.7194583618350927   7.233226561859632e-5
0.83   15   -0.7194588140619391   3.579829080789822e-5
0.88   16   -0.7194589266528608   2.7177909912348865e-5
0.0   0   -0.7727078539846692   0.004101875532992859
0.05   1   -0.7731482057277428   0.0018831681331225936
0.08   2   -0.7731701785678713   0.0014427457253286453
0.13   3   -0.7732003164275218   0.0017139982357216386
0.2   4   -0.7732992066969545   0.0005534296876034695
0.24   5   -0.7733043777648873   0.00014004458189528633
0.29   6   -0.773304548577576   7.245934267586231e-5
0.35   7   -0.7733050545831885   7.159493442931083e-5
0.0   0   -0.7393887108215218   0.0029841362487766803
0.03   1   -0.7394322325762406   0.001997789263335221
0.08   2   -0.7394567626274082   0.0007929831512296116
0.17   3   -0.7394765165134203   0.0009291854322496245
0.22   4   -0.7394838444064915   0.00011449840428090032
0.27   5   -0.7394839904120639   0.00012399427047339362
0.35   6   -0.7394872480691232   0.0002714284950592331
0.43   7   -0.7394931216672753   0.0008931146944251438
0.48   8   -0.7394993353013908   0.0001399014167376345
0.53   9   -0.7394994506444108   1.894271287820012e-5
0.58   10   -0.7394994546265858   1.6669665563510954e-5
0.0   0   -0.7234309797672338   0.002633508299055269
0.05   1   -0.7234465027589284   0.000957268185561188
0.1   2   -0.7234556667835483   0.0005319280345579029
0.17   3   -0.7234606984035137   0.0006434724844502947
0.21   4   -0.7234640272276089   4.779716067114696e-5
0.27   5   -0.7234640964169456   0.00012195687282405248
0.33   6   -0.723464493326549   7.565912199422946e-5
0.0   0   -0.7157770362749308   0.0022731605105931686
0.04   1   -0.7157872938243464   0.00042393791134897924
0.1   2   -0.7157898452485221   0.0003237431469909201
0.16   3   -0.71579092165894   0.00030749145882497504
0.2   4   -0.7157920852269672   4.628978881967727e-5
0.27   5   -0.7157924161268143   0.0002789606400919274
0.32   6   -0.7157946463558467   0.00015645252965612306
0.4   7   -0.7157953981079525   0.0001534400016331625
0.45   8   -0.7157956547326221   2.7593190079331674e-5
0.5   9   -0.715795680263319   3.014498858341058e-5
0.0   0   -0.7070592329230487   0.00199928661770735
0.05   1   -0.7070670316214971   0.00026973675711067474
0.12   2   -0.7070679637568853   0.00019767395314603979
0.16   3   -0.7070684990021707   0.00019956771671288438
0.24   4   -0.7070689757207722   2.8114354607998844e-5
0.0   0   -0.7048769335053382   0.0017182055168897168
0.03   1   -0.704882827016656   0.00016119919534413852
0.09   2   -0.7048831267806699   0.00011230712922515822
0.13   3   -0.7048832444619959   0.00010473445376867139
0.0   0   -0.7039896705169253   0.0014653913794446616
0.05   1   -0.7039941505081614   9.785366585208594e-5
0.14   2   -0.7039942763818955   9.076704554622594e-5
0.18   3   -0.7039944694230255   0.00010037294295693466
0.0   0   -0.7030649354758152   0.0012782047815295009
0.03   1   -0.7030683682201926   6.19473278608264e-5
0.09   2   -0.7030684213290449   6.114192796095682e-5
0.16   3   -0.7030685979032315   0.00011184513944358288
0.0   0   -0.7021542241677905   0.0011223435398641775
0.05   1   -0.7021568627907481   4.28174387102575e-5
0.11   2   -0.7021568995385903   5.560064233470544e-5
0.2   3   -0.7021578001114033   0.00034903107816728295
0.25   4   -0.7021584209720926   5.774355234004087e-5
0.3   5   -0.7021584482456702   6.868426152731346e-5
0.0   0   -0.6987292949599511   0.0009987601365644943
0.03   1   -0.6987312302362436   6.030848901463897e-5
0.09   2   -0.6987313163569524   5.889490977856117e-5
0.15   3   -0.6987314191106838   3.268553448823968e-5
0.0   0   -0.6982569234916507   0.0008697749804827611
0.03   1   -0.6982583581199437   4.3454201935209014e-5
0.1   2   -0.6982583789802015   2.434729675248022e-5
0.2   3   -0.6982585321429065   0.00017334750782515613
0.0   0   -0.6978652292552517   0.0007647512389443758
0.03   1   -0.6978663691768914   2.9813118339525147e-5
0.1   2   -0.6978663875028879   3.414535051827469e-5
0.17   3   -0.6978664925416104   4.0730195260974854e-5
0.0   0   -0.6980667472708006   0.0006475968303295642
0.05   1   -0.6980675855709038   2.4477200059029397e-5
0.13   2   -0.6980676440876854   3.877774799262505e-5
0.17   3   -0.6980676777554422   2.9841026999535956e-5
0.0   0   -0.697710057706752   0.000564829446690691
0.03   1   -0.6977106764119902   2.2429240786475978e-5
0.1   2   -0.6977106960137816   3.757192492721946e-5
0.0   0   -0.6976161091449613   0.0004680133957960251
0.05   1   -0.6976165650755495   2.636434811176377e-5
0.11   2   -0.6976165772569953   2.7982956549681668e-5
0.0   0   -0.697702320309644   0.0004201169159925426
0.05   1   -0.6977026541835731   1.8181686275861423e-5
0.13   2   -0.6977026791951408   4.179868000233648e-5
0.0   0   -0.6975596034923133   0.00033930091567123996
0.05   1   -0.6975598518728034   2.894443446870369e-5
0.13   2   -0.6975598642574797   2.2776127257991735e-5
0.0   0   -0.6976454731511077   0.0003090695467119177
0.03   1   -0.6976456536121751   1.7180395024474843e-5
0.13   2   -0.6976457943575929   8.179450470184838e-5
0.0   0   -0.6971116908097941   0.0002133244488204729
0.04   1   -0.6971118471684712   5.6087934558696097e-5
0.1   2   -0.6971118855158586   2.2256865161629863e-5
0.0   0   -0.697285283827727   0.0002129280572328216
0.03   1   -0.6972853848824903   2.5376863168978797e-5
0.1   2   -0.6972853964929056   2.7073904285666675e-5
0.0   0   -0.697361523784935   0.0001999000966219634
0.02   1   -0.6973615973096289   1.9117269284980257e-5
0.11   2   -0.6973616241486644   4.2382864607963704e-5
0.0   0   -0.6971947887075188   0.0001499739731125012
0.07   1   -0.6971948458548308   3.038230605014723e-5
0.13   2   -0.6971948578364726   2.2032241146222282e-5
0.0   0   -0.6972778128201647   0.00014574533505728793
0.04   1   -0.6972778527096828   1.8429800791761185e-5
0.18   2   -0.6972798928450126   0.00013337169488291815
0.23   3   -0.6972801454849302   0.00012897133610239868
0.28   4   -0.6972803752489471   5.877798217240862e-5
0.0   0   -0.6916211429044336   0.00012373491592831674
0.03   1   -0.6916211735753864   4.719378490509976e-5
0.1   2   -0.6916212434438973   6.018304148189903e-5
0.0   0   -0.6912915574264228   8.69881332693057e-5
0.03   1   -0.6912915795432664   4.338544865238985e-5
0.12   2   -0.6912916073636024   3.9670757730269654e-5
0.0   0   -0.6913539144393093   9.991212759818719e-5
0.03   1   -0.6913539316311306   2.834075429754352e-5
0.1   2   -0.691353947739138   4.258594099593279e-5
0.0   0   -0.6912276881921398   6.748103489000712e-5
0.05   1   -0.69122770017772   3.225373732514074e-5
0.13   2   -0.6912277568125986   6.431102137205243e-5
0.0   0   -0.6912729519666185   9.28318913481065e-5
0.02   1   -0.6912729704140976   4.6616590598870504e-5
0.08   2   -0.6912729897907177   2.7480890735821634e-5
0.0   0   -0.6911450776795721   5.772310527167767e-5
0.03   1   -0.6911450848665746   2.2509141813899207e-5
0.12   2   -0.6911451266149403   5.967543689857499e-5
0.0   0   -0.690978610074555   6.427225309343912e-5
0.02   1   -0.6909786224888508   4.8142226979639634e-5
0.1   2   -0.6909786371513975   2.1530870325407722e-5
0.0   0   -0.69108397286836   4.0100857457805956e-5
0.05   1   -0.6910839773481532   2.35074560289631e-5
0.13   2   -0.6910840615112792   7.584781166290566e-5
0.0   0   -0.6911885456722526   7.286337281573767e-5
0.03   1   -0.6911885705398608   4.761176455313566e-5
0.09   2   -0.6911885871451553   2.229294843954129e-5
0.0   0   -0.69104121520867   3.855667892600402e-5
0.03   1   -0.6910412190564139   2.3195813665062655e-5
0.1   2   -0.6910412305567345   3.4393674792294315e-5
0.0   0   -0.6909459682790864   3.402314284071652e-5
0.04   1   -0.6909459714949484   2.243767559363346e-5
0.1   2   -0.6909459845346244   3.2694898528933104e-5
0.0   0   -0.6910205456067108   3.2052339889260736e-5
0.03   1   -0.6910205491444028   2.4481222562419928e-5
0.12   2   -0.6910205590715573   3.228577958364795e-5
0.0   0   -0.6909289559215794   2.9892465924898548e-5
0.03   1   -0.6909289585090634   2.1605489226658053e-5
0.1   2   -0.6909289741483581   3.6168041072312276e-5
0.0   0   -0.6910037326893277   2.9925388465199836e-5
0.03   1   -0.6910037372977278   2.7637282332707038e-5
0.09   2   -0.6910037450825492   2.8326285591045244e-5
0.0   0   -0.6909163763960886   2.5010833418555664e-5
0.03   1   -0.690916378440465   2.006287430577017e-5
0.12   2   -0.6909164268113239   5.929117625334095e-5
0.0   0   -0.6909956527109969   4.372822595489704e-5
0.04   1   -0.6909956714665335   3.940258137612372e-5
0.07   2   -0.6909956772451846   2.004661934326052e-5
0.0   0   -0.6908772990146977   1.829650167175136e-5
0.03   1   -0.6908773014797753   2.2636010696877444e-5
0.12   2   -0.690877313057619   3.5112939408826524e-5
0.0   0   -0.6907724183437156   3.041886807203649e-5
0.04   1   -0.6907724223333719   3.116791758328836e-5
0.09   2   -0.6907724287553861   2.1927399048640467e-5
0.0   0   -0.6908354586354786   1.4867836044588253e-5
0.03   1   -0.6908354608244323   2.22215619307106e-5
0.1   2   -0.6908354816182669   4.330875306445152e-5
0.0   0   -0.6906859995894395   3.64204654744746e-5
0.06   1   -0.6906860080083399   3.447747746812364e-5
0.09   2   -0.6906860123663726   1.5943050225564494e-5
0.0   0   -0.6907603569504088   1.9308902501182957e-5
0.03   1   -0.6907603589247286   2.441452297822705e-5
0.11   2   -0.6907605059867559   9.01424983860888e-5
0.0   0   -0.6906861822809389   6.687405022266064e-5
0.06   1   -0.6906862405205518   3.433850837938665e-5
0.09   2   -0.6906862434994171   1.8126692813672197e-5
0.0   0   -0.6905009775480366   2.419586277036602e-5
0.03   1   -0.6905009835929117   2.6833963942608038e-5
0.06   2   -0.6905009868759462   1.700794848061979e-5
0.0   0   -0.6904226204269657   1.259940301696142e-5
0.04   1   -0.6904226219047869   2.0335111804669114e-5
0.15   2   -0.6904228499939524   9.913389812155892e-5
0.0   0   -0.6893462380370542   7.753762104819682e-5
0.03   1   -0.68934632253269   2.875431460633875e-5
0.09   2   -0.6893463255042662   1.5054047153330514e-5
0.0   0   -0.6895512043780063   2.7218797737114413e-5
0.03   1   -0.6895512128566146   2.7155958045687454e-5
0.07   2   -0.6895512153915524   1.1657670408000582e-5
0.0   0   -0.7193465611496977   0.0049918848799066105
0.07   1   -0.7275359750861067   0.005412051255991479
0.1   2   -0.7288713163928329   0.003204761120965812
0.16   3   -0.7292576350013321   0.003913996619009023
0.2   4   -0.7297558517147402   0.004346990795941151
0.24   5   -0.7300809375963423   0.0031836639400100596
0.29   6   -0.7302692636534853   0.0009836089644863703
0.34   7   -0.7302755607380897   0.00028603383467999113
0.39   8   -0.7302763854685381   0.00024219099686392033
0.45   9   -0.7302838539674845   0.00017466451682708178
0.52   10   -0.7303038734232312   0.00021588661818719874
0.57   11   -0.7303050859593889   6.214302726586584e-5
0.64   12   -0.7303051989972205   3.164443171087925e-5
0.69   13   -0.7303052386597993   5.055527883467369e-5
0.0   0   -0.7167251034708866   0.004296466174806291
0.05   1   -0.7172036975425675   0.0015666098731617272
0.11   2   -0.7172591249757498   0.0018144927269448648
0.16   3   -0.7173163520874589   0.001569636175328482
0.23   4   -0.7173621751033186   0.0003337880002037512
0.27   5   -0.7173633554910073   0.00015536593645645657
0.33   6   -0.7173659251708306   0.00040259689278150695
0.38   7   -0.7173681790194869   0.00022107149366507194
0.44   8   -0.7173703350543554   0.00034810343028647865
0.5   9   -0.7173741632929245   3.712735075423226e-5
0.57   10   -0.717374228040573   5.86032698592883e-5
0.65   11   -0.7173752646104785   5.245857977142104e-5
0.7   12   -0.7173753109054544   9.107273125410454e-6
0.75   13   -0.7173753120788835   5.189859826291204e-6
0.0   0   -0.6806512082078713   0.002215073051139083
0.05   1   -0.6807187267194907   0.0008553764189711995
0.11   2   -0.6807239084967769   0.000989718779000257
0.17   3   -0.6807453899708507   0.0004587671517681127
0.22   4   -0.6807488585770208   0.00011162565334888879
0.31   5   -0.6807530612043529   0.00023583666181131792
0.37   6   -0.6807543709444693   2.183659396415544e-5
0.44   7   -0.6807544155356302   2.1308615216107875e-5
0.52   8   -0.6807549644529259   4.187224991072943e-5
0.0   0   -0.6617473663066993   0.0012414029995155068
0.04   1   -0.661760145170917   0.000916454275802923
0.07   2   -0.6617624755425988   0.0005121160874711517
0.15   3   -0.6617685913391077   0.00022826417518734634
0.22   4   -0.6617691707023801   0.00021925235800539548
0.3   5   -0.66177034002235   8.8829973795962e-5
0.35   6   -0.6617708597295013   5.5608387350887334e-5
0.39   7   -0.6617709378437125   4.2010137748359654e-5
0.0   0   -0.6520947426111041   0.0007563682373578429
0.03   1   -0.6520976349658782   0.0006705900861047554
0.07   2   -0.6520988254139312   0.000264651256759745
0.16   3   -0.6521003291977452   5.933049879010339e-5
0.22   4   -0.6521010158609777   0.00013002551748049785
0.27   5   -0.6521013408263587   7.523961159396247e-5
0.34   6   -0.6521015354078799   3.8702704626579194e-5
0.0   0   -0.6460348446817226   0.0004831291068258678
0.04   1   -0.6460355013491446   0.0003820194076238304
0.11   2   -0.6460360635354294   0.00015942415256677646
0.17   3   -0.6460365982703662   6.483357124942886e-5
0.0   0   -0.6442005594146043   0.00031983357635401605
0.03   1   -0.6442007568439263   0.00016610464099313954
0.08   2   -0.6442009221284162   8.588745012920785e-5
0.0   0   -0.6436278028171338   0.00021853031085866792
0.03   1   -0.6436278903745187   0.00010379327175037515
0.12   2   -0.6436280408127398   9.014953242446939e-5
0.0   0   -0.6429756635613624   0.00014433420222100446
0.05   1   -0.642975721739468   7.573354676079585e-5
0.1   2   -0.642975853737485   7.363923898817626e-5
0.0   0   -0.6426992991525888   0.00015714751059445163
0.05   1   -0.6426993503072277   6.163026604188402e-5
0.11   2   -0.6426993921479899   6.039910015455863e-5
0.0   0   -0.6424459283575757   0.00011187609123052701
0.04   1   -0.6424459581144589   4.494457288848642e-5
0.15   2   -0.6424465078240926   0.00013717259884787794
0.0   0   -0.6403413399945717   0.00012235526473614882
0.02   1   -0.6403413647982483   4.589023971556839e-5
0.1   2   -0.6403414097584228   4.480015584389193e-5
0.0   0   -0.6405474938518847   8.066569915307888e-5
0.05   1   -0.6405475114257013   3.25250455403858e-5
0.13   2   -0.6405475665535415   6.622626433588203e-5
0.0   0   -0.6404098829573215   9.58013664473571e-5
0.03   1   -0.6404099018509616   5.2106464470617545e-5
0.1   2   -0.640409925620063   3.5434162791837654e-5
0.0   0   -0.6405153978534739   6.578273284634267e-5
0.03   1   -0.6405154077752315   3.0989939620013345e-5
0.16   2   -0.6405157791121072   0.00012847783527051104
0.0   0   -0.639403243894891   0.00012706869014875063
0.03   1   -0.6394033596798829   0.00011110766252240542
0.09   2   -0.6394034138624259   5.307379399079534e-5
0.0   0   -0.6396352151821314   6.72798334804223e-5
0.03   1   -0.6396352263669496   4.275974291044649e-5
0.1   2   -0.6396352606408036   4.828216480572255e-5
0.0   0   -0.6396497851375121   5.367376431319268e-5
0.05   1   -0.6396497938262053   3.7839250891098154e-5
0.12   2   -0.639649812733584   4.7153912118195e-5
0.0   0   -0.6394756449430646   4.899760290892143e-5
0.03   1   -0.6394756505604444   2.946772231569294e-5
0.11   2   -0.639475705953483   5.5060236572981465e-5
0.0   0   -0.6394413762713829   5.458602835172813e-5
0.03   1   -0.6394413959465253   5.6429090244774576e-5
0.1   2   -0.639441411869035   3.908268864954556e-5
0.0   0   -0.6392936710640301   3.991974238521145e-5
0.03   1   -0.6392936753419332   2.7601905259111317e-5
0.11   2   -0.6392938991351282   0.00010804104389776179
0.0   0   -0.6385262550206184   9.263775827415823e-5
0.03   1   -0.6385263485294488   7.148693333608755e-5
0.07   2   -0.638526366273064   3.729058031036169e-5
0.0   0   -0.6387335112703554   4.888008743492335e-5
0.03   1   -0.6387335195333139   3.964527521848201e-5
0.1   2   -0.6387335368276921   3.8731754459769614e-5
0.0   0   -0.6387886101596152   3.579282114515823e-5
0.02   1   -0.6387886154259077   3.273938592972766e-5
0.1   2   -0.6387886376337626   5.0795657949232596e-5
0.0   0   -0.6385960186117675   4.58596512504596e-5
0.03   1   -0.6385960262640209   3.782829722232203e-5
0.09   2   -0.638596041114543   3.6829120171858605e-5
0.0   0   -0.6386652738766587   3.278388241176696e-5
0.06   1   -0.6386652793123686   3.3494864587596566e-5
0.12   2   -0.6386653030324044   5.269762706146415e-5
0.0   0   -0.6384811348908663   4.654604605358667e-5
0.03   1   -0.6384811444627394   3.929708878026615e-5
0.08   2   -0.6384811564025881   3.3966826883814675e-5
0.0   0   -0.6385584935447939   3.089902901016888e-5
0.03   1   -0.6385584985450415   3.317572956868761e-5
0.12   2   -0.6385585422988143   6.333302401420515e-5
0.0   0   -0.6382902568197862   5.417519520005967e-5
0.03   1   -0.6382902760278257   4.1795839649739584e-5
0.07   2   -0.6382902844768943   3.0788619194121395e-5
0.0   0   -0.6383907928839422   3.270383830024379e-5
0.03   1   -0.6383907974525338   3.3931611575315405e-5
0.13   2   -0.6383912499268046   0.0001667089728536092
0.0   0   -0.6376637479633377   0.00012446533614350876
0.03   1   -0.6376639554788524   4.5727691106841776e-5
0.09   2   -0.6376639619263869   3.5606490883597027e-5
0.0   0   -0.6373233586156124   4.260768787857776e-5
0.03   1   -0.6373233782464865   3.930974362417202e-5
0.07   2   -0.6373233851347341   3.107814414755698e-5
0.0   0   -0.6371913194444951   2.721667959779527e-5
0.03   1   -0.6371913231132187   3.087265867257223e-5
0.12   2   -0.6371913920912731   6.8052317836862e-5
0.0   0   -0.6368055188405761   5.698928685868976e-5
0.05   1   -0.6368055488613166   4.01542209914877e-5
0.09   2   -0.6368055555011204   2.7212036949359025e-5
0.0   0   -0.6369288358529015   3.2386680004103215e-5
0.03   1   -0.636928840360524   3.093475875804024e-5
0.1   2   -0.6369288627576907   4.522436341968664e-5
0.0   0   -0.6369828660317914   3.0537338580461827e-5
0.03   1   -0.6369828765865588   3.494916417124676e-5
0.09   2   -0.6369828836588489   3.3783178198273e-5
0.0   0   -0.6368681957247835   2.7860228539158332e-5
0.05   1   -0.6368681994830028   3.1262348117926006e-5
0.13   2   -0.6368684107762337   0.00012281986982513543
0.0   0   -0.6365629195925705   8.960330015544508e-5
0.03   1   -0.6365630215124405   3.932052272285459e-5
0.06   2   -0.636563026403924   3.134267491755856e-5
0.0   0   -0.6363163562107481   3.129568679702138e-5
0.04   1   -0.6363163667597171   3.470577440435888e-5
0.09   2   -0.6363163732463477   3.1051991294071586e-5
0.0   0   -0.6362040020700025   2.564367107389543e-5
0.02   1   -0.6362040052836496   2.9823273589631326e-5
0.12   2   -0.636204909168324   0.0002183335079794258
0.18   3   -0.6362064840104258   0.00015755250363053635
0.22   4   -0.6362068342715554   9.142853828339865e-5
0.28   5   -0.6362069565471926   5.466511312762345e-5
0.0   0   -0.6280302346522697   4.571809116340354e-5
0.04   1   -0.6280302421133878   5.2276657159360965e-5
0.1   2   -0.6280302754909877   1.8504302766545526e-5
0.0   0   -0.6277477853354969   3.0090888996416963e-5
0.04   1   -0.6277477868978976   2.5357952656758162e-5
0.11   2   -0.627747800714469   2.642898070412381e-5
0.0   0   -0.6275206660109258   2.171043030947718e-5
0.04   1   -0.6275206679776251   2.0276566861205115e-5
0.11   2   -0.6275206721944793   2.259708761806847e-5
0.0   0   -0.6275555435637976   2.2137857776461438e-5
0.03   1   -0.6275555447094001   1.7211038863540544e-5
0.1   2   -0.627555553307108   2.3456046740879332e-5
0.0   0   -0.6274200337768644   2.1925351090785667e-5
0.03   1   -0.6274200363710176   2.1687415270331632e-5
0.08   2   -0.6274200393319078   1.927366464296715e-5
0.0   0   -0.6274579835294909   1.717092156032371e-5
0.05   1   -0.6274579843651082   1.526278380038469e-5
0.13   2   -0.6274580225673747   4.1932184367793545e-5
0.0   0   -0.6269948734898765   2.58512654519769e-5
0.03   1   -0.6269948804543328   2.3097887978408895e-5
0.07   2   -0.6269948822973792   1.2963004546159848e-5
0.0   0   -0.627059486115874   1.3983202366048196e-5
0.03   1   -0.6270594869526465   1.3465464420114086e-5
0.12   2   -0.6270594894835223   1.7778608577842083e-5
0.0   0   -0.6270863095429403   1.5217791400397613e-5
0.03   1   -0.6270863104008753   1.4734753486363824e-5
0.08   2   -0.6270863128551395   1.4909491753922861e-5
0.0   0   -0.6270258792410224   1.3321164119883917e-5
0.03   1   -0.6270258801233257   1.4094019364890433e-5
0.08   2   -0.6270258826299275   1.8411529985965694e-5
