0.0   0   -0.7193465611496977   0.0049918848799066105
0.07   1   -0.7275359750861067   0.005412051255991479
0.1   2   -0.7288713163928329   0.003204761120965812
0.18   3   -0.7292576350013321   0.003913996619009023
0.23   4   -0.7297558517147402   0.004346990795941151
0.26   5   -0.7300809375963423   0.0031836639400100596
0.29   6   -0.7302692636534853   0.0009836089644863703
0.33   7   -0.7302755607380897   0.00028603383467999113
0.38   8   -0.7302763854685381   0.00024219099686392033
0.45   9   -0.7302838539674845   0.00017466451682708178
0.54   10   -0.7303038734232312   0.00021588661818719874
0.58   11   -0.7303050859593889   6.214302726586584e-5
0.63   12   -0.7303051989972205   3.164443171087925e-5
0.68   13   -0.7303052386597993   5.055527883467369e-5
0.0   0   -0.7167251034708866   0.004296466174806291
0.05   1   -0.7172036975425675   0.0015666098731617272
0.13   2   -0.7172591249757498   0.0018144927269448648
0.16   3   -0.7173163520874589   0.001569636175328482
0.22   4   -0.7173621751033186   0.0003337880002037512
0.24   5   -0.7173633554910073   0.00015536593645645657
0.32   6   -0.7173659251708306   0.00040259689278150695
0.37   7   -0.7173681790194869   0.00022107149366507194
0.46   8   -0.7173703350543554   0.00034810343028647865
0.5   9   -0.7173741632929245   3.712735075423226e-5
0.56   10   -0.717374228040573   5.86032698592883e-5
0.65   11   -0.7173752646104785   5.245857977142104e-5
0.71   12   -0.7173753109054544   9.107273125410454e-6
0.77   13   -0.7173753120788835   5.189859826291204e-6
0.0   0   -0.6806512082078713   0.002215073051139083
0.05   1   -0.6807187267194907   0.0008553764189711995
0.08   2   -0.6807239084967769   0.000989718779000257
0.15   3   -0.6807453899708507   0.0004587671517681127
0.2   4   -0.6807488585770208   0.00011162565334888879
0.3   5   -0.6807530612043529   0.00023583666181131792
0.35   6   -0.6807543709444693   2.183659396415544e-5
0.4   7   -0.6807544155356302   2.1308615216107875e-5
0.48   8   -0.6807549644529259   4.187224991072943e-5
0.0   0   -0.6617473663066993   0.0012414029995155068
0.05   1   -0.661760145170917   0.000916454275802923
0.09   2   -0.6617624755425988   0.0005121160874711517
0.15   3   -0.6617685913391077   0.00022826417518734634
0.2   4   -0.6617691707023801   0.00021925235800539548
0.27   5   -0.66177034002235   8.8829973795962e-5
0.32   6   -0.6617708597295013   5.5608387350887334e-5
0.39   7   -0.6617709378437125   4.2010137748359654e-5
0.0   0   -0.6520947426111041   0.0007563682373578429
0.03   1   -0.6520976349658782   0.0006705900861047554
0.07   2   -0.6520988254139312   0.000264651256759745
0.13   3   -0.6521003291977452   5.933049879010339e-5
0.2   4   -0.6521010158609777   0.00013002551748049785
0.27   5   -0.6521013408263587   7.523961159396247e-5
0.34   6   -0.6521015354078799   3.8702704626579194e-5
0.0   0   -0.6460348446817226   0.0004831291068258678
0.03   1   -0.6460355013491446   0.0003820194076238304
0.08   2   -0.6460360635354294   0.00015942415256677646
0.15   3   -0.6460365982703662   6.483357124942886e-5
0.0   0   -0.6442005594146043   0.00031983357635401605
0.06   1   -0.6442007568439263   0.00016610464099313954
0.11   2   -0.6442009221284162   8.588745012920785e-5
0.0   0   -0.6436278028171338   0.00021853031085866792
0.03   1   -0.6436278903745187   0.00010379327175037515
0.1   2   -0.6436280408127398   9.014953242446939e-5
0.0   0   -0.6429756635613624   0.00014433420222100446
0.03   1   -0.642975721739468   7.573354676079585e-5
0.12   2   -0.642975853737485   7.363923898817626e-5
0.0   0   -0.6426992991525888   0.00015714751059445163
0.03   1   -0.6426993503072277   6.163026604188402e-5
0.1   2   -0.6426993921479899   6.039910015455863e-5
0.0   0   -0.6424459283575757   0.00011187609123052701
0.03   1   -0.6424459581144589   4.494457288848642e-5
0.15   2   -0.6424465078240926   0.00013717259884787794
0.0   0   -0.6403413399945717   0.00012235526473614882
0.03   1   -0.6403413647982483   4.589023971556839e-5
0.1   2   -0.6403414097584228   4.480015584389193e-5
0.0   0   -0.6405474938518847   8.066569915307888e-5
0.03   1   -0.6405475114257013   3.25250455403858e-5
0.1   2   -0.6405475665535415   6.622626433588203e-5
0.0   0   -0.6404098829573215   9.58013664473571e-5
0.04   1   -0.6404099018509616   5.2106464470617545e-5
0.12   2   -0.640409925620063   3.5434162791837654e-5
0.0   0   -0.6405153978534739   6.578273284634267e-5
0.03   1   -0.6405154077752315   3.0989939620013345e-5
0.12   2   -0.6405157791121072   0.00012847783527051104
0.0   0   -0.639403243894891   0.00012706869014875063
0.05   1   -0.6394033596798829   0.00011110766252240542
0.12   2   -0.6394034138624259   5.307379399079534e-5
0.0   0   -0.6396352151821314   6.72798334804223e-5
0.03   1   -0.6396352263669496   4.275974291044649e-5
0.1   2   -0.6396352606408036   4.828216480572255e-5
0.0   0   -0.6396497851375121   5.367376431319268e-5
0.04   1   -0.6396497938262053   3.7839250891098154e-5
0.11   2   -0.639649812733584   4.7153912118195e-5
0.0   0   -0.6394756449430646   4.899760290892143e-5
0.06   1   -0.6394756505604444   2.946772231569294e-5
0.14   2   -0.639475705953483   5.5060236572981465e-5
0.0   0   -0.6394413762713829   5.458602835172813e-5
0.03   1   -0.6394413959465253   5.6429090244774576e-5
0.08   2   -0.639441411869035   3.908268864954556e-5
0.0   0   -0.6392936710640301   3.991974238521145e-5
0.03   1   -0.6392936753419332   2.7601905259111317e-5
0.14   2   -0.6392938991351282   0.00010804104389776179
0.0   0   -0.6385262550206184   9.263775827415823e-5
0.03   1   -0.6385263485294488   7.148693333608755e-5
0.07   2   -0.638526366273064   3.729058031036169e-5
0.0   0   -0.6387335112703554   4.888008743492335e-5
0.04   1   -0.6387335195333139   3.964527521848201e-5
0.08   2   -0.6387335368276921   3.8731754459769614e-5
0.0   0   -0.6387886101596152   3.579282114515823e-5
0.06   1   -0.6387886154259077   3.273938592972766e-5
0.13   2   -0.6387886376337626   5.0795657949232596e-5
0.0   0   -0.6385960186117675   4.58596512504596e-5
0.04   1   -0.6385960262640209   3.782829722232203e-5
0.09   2   -0.638596041114543   3.6829120171858605e-5
0.0   0   -0.6386652738766587   3.278388241176696e-5
0.03   1   -0.6386652793123686   3.3494864587596566e-5
0.12   2   -0.6386653030324044   5.269762706146415e-5
0.0   0   -0.6384811348908663   4.654604605358667e-5
0.03   1   -0.6384811444627394   3.929708878026615e-5
0.08   2   -0.6384811564025881   3.3966826883814675e-5
0.0   0   -0.6385584935447939   3.089902901016888e-5
0.03   1   -0.6385584985450415   3.317572956868761e-5
0.1   2   -0.6385585422988143   6.333302401420515e-5
0.0   0   -0.6382902568197862   5.417519520005967e-5
0.04   1   -0.6382902760278257   4.1795839649739584e-5
0.11   2   -0.6382902844768943   3.0788619194121395e-5
0.0   0   -0.6383907928839422   3.270383830024379e-5
0.03   1   -0.6383907974525338   3.3931611575315405e-5
0.13   2   -0.6383912499268046   0.0001667089728536092
0.0   0   -0.6376637479633377   0.00012446533614350876
0.03   1   -0.6376639554788524   4.5727691106841776e-5
0.07   2   -0.6376639619263869   3.5606490883597027e-5
0.0   0   -0.6373233586156124   4.260768787857776e-5
0.06   1   -0.6373233782464865   3.930974362417202e-5
0.09   2   -0.6373233851347341   3.107814414755698e-5
0.0   0   -0.6371913194444951   2.721667959779527e-5
0.04   1   -0.6371913231132187   3.087265867257223e-5
0.11   2   -0.6371913920912731   6.8052317836862e-5
0.0   0   -0.6368055188405761   5.698928685868976e-5
0.03   1   -0.6368055488613166   4.01542209914877e-5
0.07   2   -0.6368055555011204   2.7212036949359025e-5
0.0   0   -0.6369288358529015   3.2386680004103215e-5
0.05   1   -0.636928840360524   3.093475875804024e-5
0.13   2   -0.6369288627576907   4.522436341968664e-5
0.0   0   -0.6369828660317914   3.0537338580461827e-5
0.04   1   -0.6369828765865588   3.494916417124676e-5
0.09   2   -0.6369828836588489   3.3783178198273e-5
0.0   0   -0.6368681957247835   2.7860228539158332e-5
0.03   1   -0.6368681994830028   3.1262348117926006e-5
0.14   2   -0.6368684107762337   0.00012281986982513543
0.0   0   -0.6365629195925705   8.960330015544508e-5
0.03   1   -0.6365630215124405   3.932052272285459e-5
0.07   2   -0.636563026403924   3.134267491755856e-5
0.0   0   -0.6363163562107481   3.129568679702138e-5
0.03   1   -0.6363163667597171   3.470577440435888e-5
0.08   2   -0.6363163732463477   3.1051991294071586e-5
0.0   0   -0.6362040020700025   2.564367107389543e-5
0.04   1   -0.6362040052836496   2.9823273589631326e-5
0.15   2   -0.636204909168324   0.0002183335079794258
0.2   3   -0.6362064840104258   0.00015755250363053635
0.25   4   -0.6362068342715554   9.142853828339865e-5
0.3   5   -0.6362069565471926   5.466511312762345e-5
0.0   0   -0.6280302346522697   4.571809116340354e-5
0.05   1   -0.6280302421133878   5.2276657159360965e-5
0.12   2   -0.6280302754909877   1.8504302766545526e-5
0.0   0   -0.6277477853354969   3.0090888996416963e-5
0.03   1   -0.6277477868978976   2.5357952656758162e-5
0.1   2   -0.627747800714469   2.642898070412381e-5
0.0   0   -0.6275206660109258   2.171043030947718e-5
0.03   1   -0.6275206679776251   2.0276566861205115e-5
0.1   2   -0.6275206721944793   2.259708761806847e-5
0.0   0   -0.6275555435637976   2.2137857776461438e-5
0.03   1   -0.6275555447094001   1.7211038863540544e-5
0.1   2   -0.627555553307108   2.3456046740879332e-5
0.0   0   -0.6274200337768644   2.1925351090785667e-5
0.03   1   -0.6274200363710176   2.1687415270331632e-5
0.08   2   -0.6274200393319078   1.927366464296715e-5
0.0   0   -0.6274579835294909   1.717092156032371e-5
0.03   1   -0.6274579843651082   1.526278380038469e-5
0.13   2   -0.6274580225673747   4.1932184367793545e-5
0.0   0   -0.6269948734898765   2.58512654519769e-5
0.03   1   -0.6269948804543328   2.3097887978408895e-5
0.07   2   -0.6269948822973792   1.2963004546159848e-5
0.0   0   -0.627059486115874   1.3983202366048196e-5
0.04   1   -0.6270594869526465   1.3465464420114086e-5
0.1   2   -0.6270594894835223   1.7778608577842083e-5
0.0   0   -0.6270863095429403   1.5217791400397613e-5
0.03   1   -0.6270863104008753   1.4734753486363824e-5
0.08   2   -0.6270863128551395   1.4909491753922861e-5
0.0   0   -0.6270258792410224   1.3321164119883917e-5
0.04   1   -0.6270258801233257   1.4094019364890433e-5
0.08   2   -0.6270258826299275   1.8411529985965694e-5
0.0   0   -0.6270526308288353   1.4546192091799945e-5
0.03   1   -0.6270526318026903   1.5244539980961892e-5
0.09   2   -0.6270526340019984   1.469059909467083e-5
0.0   0   -0.6269945558276354   1.2682566865433796e-5
0.03   1   -0.6269945567178279   1.4356536440160006e-5
0.09   2   -0.6269945594134614   1.951868095153927e-5
0.0   0   -0.6270207864452403   1.4625671864218143e-5
0.03   1   -0.6270207876124623   1.5641047310632152e-5
0.08   2   -0.6270207894264406   1.3999916544509841e-5
0.0   0   -0.6269666028854599   1.1757957944839092e-5
0.03   1   -0.6269666037021386   1.4315932445876253e-5
0.12   2   -0.6269666075040918   2.2612946046211645e-5
0.0   0   -0.6269904466192999   1.6398490487270365e-5
0.04   1   -0.6269904483774771   1.608141913560624e-5
0.08   2   -0.6269904496579   1.2466750882695772e-5
0.0   0   -0.6269396859988061   9.979136676167954e-6
0.03   1   -0.6269396866799803   1.448913204861866e-5
0.12   2   -0.6269397153155296   4.921532894299586e-5
0.0   0   -0.6268563870974424   3.360458937311691e-5
0.05   1   -0.626856400662734   1.7737663850722193e-5
0.07   2   -0.6268564015503608   1.1298057640813673e-5
0.0   0   -0.626760425862025   1.5684257551910738e-5
0.03   1   -0.6267604274565255   1.6051354533342004e-5
0.08   2   -0.6267604287674345   1.232019667031251e-5
0.0   0   -0.6267112375117891   9.989705297433474e-6
0.04   1   -0.6267112381651639   1.4274877196213187e-5
0.14   2   -0.6267112564433523   4.135122263527946e-5
0.0   0   -0.6266906805677812   2.818473991768371e-5
0.03   1   -0.6266906891939639   1.7264358396091653e-5
0.07   2   -0.6266906900625022   1.0208718185767361e-5
0.0   0   -0.6266118137931149   1.3578743372453359e-5
0.03   1   -0.6266118149208859   1.5507866862543057e-5
0.08   2   -0.6266118166303423   1.3719431324979777e-5
0.0   0   -0.6265604264861337   1.1411906334364624e-5
0.04   1   -0.6265604272871568   1.4178867091545551e-5
0.12   2   -0.6265604306820183   2.1436520811854434e-5
0.0   0   -0.626587043469922   1.5187239690697634e-5
0.03   1   -0.6265870450624442   1.5776070417485796e-5
0.08   2   -0.6265870463075032   1.2374777681918044e-5
0.0   0   -0.6265384540797952   9.904612861610634e-6
0.03   1   -0.6265384547484989   1.4391996532507502e-5
0.12   2   -0.626538471201923   3.980720349351222e-5
0.0   0   -0.6265246761064474   2.6899899107169977e-5
0.05   1   -0.6265246838843803   1.6791600972301995e-5
0.09   2   -0.626524684708889   1.0065390316702283e-5
0.0   0   -0.6264492591486792   1.3018604133993486e-5
0.03   1   -0.6264492602077405   1.5281478694800302e-5
0.08   2   -0.6264492619917752   1.4031713189504484e-5
0.0   0   -0.6263968178196307   1.1649739118204388e-5
0.05   1   -0.6263968186694073   1.4125779993897493e-5
0.1   2   -0.6263968214153248   1.9799964544760446e-5
0.0   0   -0.6264237249670646   1.3926683629651308e-5
0.07   1   -0.6264237262756361   1.5450039081521882e-5
0.12   2   -0.6264237276782174   1.302615807403312e-5
0.0   0   -0.6263747491991987   1.058967262704499e-5
0.05   1   -0.6263747499252529   1.4265228860379671e-5
0.11   2   -0.6263747556005235   2.6194894275205313e-5
0.0   0   -0.6263963049725372   1.814381551283075e-5
0.05   1   -0.6263963076768166   1.5867868934134657e-5
0.09   2   -0.626396308605536   1.106761463845989e-5
0.0   0   -0.6263443522565444   9.065502484188834e-6
0.04   1   -0.6263443529088631   1.4583392945330502e-5
0.11   2   -0.6263443792526311   4.603066886014821e-5
0.0   0   -0.626037505376456   3.0447864880716244e-5
0.03   1   -0.6260375170515506   1.6720163570780787e-5
0.07   2   -0.6260375179740583   1.4182083252283406e-5
0.0   0   -0.6261177600898152   1.3975125813154422e-5
0.04   1   -0.6261177615086093   1.4368953072177865e-5
0.11   2   -0.6261177627795147   1.4678204514552888e-5
0.0   0   -0.6261487750411334   9.525432773331683e-6
0.03   1   -0.6261487757089056   1.4522837407636629e-5
0.09   2   -0.626148785728919   2.81804501363882e-5
0.0   0   -0.6260001732527811   2.0098558714572796e-5
0.05   1   -0.6260001778212709   1.5174125813136545e-5
0.08   2   -0.6260001787035426   1.3019854982614194e-5
0.0   0   -0.6260507594382012   1.1018716588570832e-5
0.04   1   -0.6260507602124155   1.400054275885568e-5
0.12   2   -0.6260507636008168   2.1482127642303193e-5
0.0   0   -0.6260757780434447   1.49289903673826e-5
0.03   1   -0.6260757796784164   1.5269314290753652e-5
0.08   2   -0.6260757807735339   1.1994057130098563e-5
0.0   0   -0.6260284680380086   9.451830812615729e-6
0.03   1   -0.6260284686729513   1.4155496666964797e-5
0.12   2   -0.6260284956086609   4.8579281403640993e-5
0.0   0   -0.6259611946154371   3.2177156119464484e-5
0.04   1   -0.6259612073270098   1.663999457604426e-5
0.07   2   -0.6259612081091022   1.1023519177507056e-5
0.0   0   -0.6258685525932444   1.4902711376107225e-5
0.04   1   -0.6258685540883286   1.5235288519013387e-5
0.09   2   -0.6258685552366301   1.1851609940863315e-5
0.0   0   -0.625821706566344   9.570580266566528e-6
0.05   1   -0.6258217071569501   1.3615597363104392e-5
0.15   2   -0.6258217278933393   4.3321256664382524e-5
0.0   0   -0.6257811379901471   2.9105477503368372e-5
0.05   1   -0.6257811477619584   1.6533853813061657e-5
0.08   2   -0.6257811485438006   1.0117177098080236e-5
0.0   0   -0.6256984989587014   1.3737141642358838e-5
0.04   1   -0.6256985001623389   1.4914010434389872e-5
0.09   2   -0.625698501465918   1.2420125199346643e-5
0.0   0   -0.6256515590170038   1.0247332587828982e-5
0.04   1   -0.625651559644774   1.3413898438873987e-5
0.13   2   -0.625651565768758   2.6553815894141346e-5
0.0   0   -0.6256694961838088   1.849433593050727e-5
0.03   1   -0.6256694990499014   1.5473920281191603e-5
0.07   2   -0.6256694998995923   1.0483460597272871e-5
0.0   0   -0.6256173400250836   9.270798405494644e-6
0.02   1   -0.625617340633964   1.3918946443025032e-5
0.1   2   -0.6256173510545721   2.8949537225010798e-5
0.0   0   -0.625460657922786   2.0220581666575267e-5
0.04   1   -0.6254606626319306   1.4989820567952992e-5
0.09   2   -0.625460663474612   1.2557601815591222e-5
0.0   0   -0.6255120036007259   1.106983003718477e-5
0.03   1   -0.6255120043585715   1.3492975152055617e-5
0.08   2   -0.6255120070593454   1.951620768148595e-5
0.0   0   -0.6255369976962248   1.3595333010630999e-5
0.03   1   -0.6255369989924604   1.4730472276045944e-5
0.09   2   -0.6255370001705465   1.2272315461077833e-5
0.0   0   -0.6254906435898797   9.897533926467946e-6
0.06   1   -0.6254906442239478   1.361999063693472e-5
0.11   2   -0.6254906518887756   2.9161980511216457e-5
0.0   0   -0.6255026458430086   1.988660295049492e-5
0.03   1   -0.6255026494839286   1.5290121817076372e-5
0.07   2   -0.6255026502517997   1.0176963764121645e-5
0.0   0   -0.6254467499001606   9.904918370362778e-6
0.04   1   -0.6254467505711302   1.405281015976798e-5
0.1   2   -0.625446755035808   1.8825008609283876e-5
0.0   0   -0.6253589823351804   1.5507982530463594e-5
0.03   1   -0.625358984393696   1.4138997668447336e-5
0.07   2   -0.6253589853285986   1.2982418025238562e-5
0.0   0   -0.6253940584657454   8.780590962870022e-6
0.03   1   -0.6253940590479343   1.371988441176391e-5
0.12   2   -0.6253942383610697   0.00010982087216997193
0.0   0   -0.6243569757769745   7.732997245734378e-5
0.03   1   -0.6243570527587343   2.0075104875093534e-5
0.09   2   -0.6243570546836281   2.8031425002817613e-5
0.0   0   -0.6241489279911494   2.8373503215590712e-5
0.03   1   -0.6241489350952855   1.7805426806522057e-5
0.07   2   -0.6241489361735799   8.494923844047295e-6
0.0   0   -0.6240741633249705   1.4220181052518248e-5
0.03   1   -0.6240741641331067   1.3038552666026885e-5
0.08   2   -0.6240741654531756   1.1449152573142015e-5
0.0   0   -0.6240284841663646   1.0273161005461679e-5
0.03   1   -0.6240284846181132   1.075591781557788e-5
0.12   2   -0.6240284894616757   2.2567348318681e-5
0.0   0   -0.6240396393073673   1.7257706067695167e-5
0.03   1   -0.6240396414194943   1.4930278367518053e-5
0.07   2   -0.6240396423193271   9.80872553409959e-6
0.0   0   -0.6239921934729429   8.743702612297037e-6
0.04   1   -0.6239921939155814   1.1892704553356279e-5
0.12   2   -0.6239922084120515   3.4759612806469466e-5
