0.0   0   -1.138183275247631   0.015666342854955342
0.11   1   -1.219163945111078   0.04424551961762955
0.17   2   -1.2230914372559643   0.05402423551729355
0.22   3   -1.23099955171028   0.03210022200666902
0.26   4   -1.2338658819187465   0.0483995807734835
0.29   5   -1.237412414374386   0.03366404721337191
0.33   6   -1.2387623626889144   0.013072432984812817
0.4   7   -1.2399702534693613   0.017047587535758208
0.45   8   -1.242851748492054   0.027158646410434962
0.49   9   -1.245190598809914   0.007134229622026587
0.54   10   -1.2457630714476864   0.008762821541336991
0.59   11   -1.2460072069113803   0.0066923757785350545
0.65   12   -1.2462033690564311   0.00446340941770013
0.72   13   -1.2463777950407215   0.0022857867846255947
0.77   14   -1.2464862629593618   0.002884526663069552
0.82   15   -1.2465996078604717   0.0037541490646683336
0.87   16   -1.2467957809231207   0.0015490909957476225
0.92   17   -1.2468275096776171   0.0011993585814385485
0.99   18   -1.246846924133737   0.0011692767776660196
1.04   19   -1.246855898262514   0.0004621389019603931
1.09   20   -1.2468584608508142   0.0004135135722611201
1.14   21   -1.2468647940410724   0.00045203465392732356
1.2   22   -1.2468782504884215   0.0006685394718996404
1.25   23   -1.2468840817860816   0.0003334698858362043
1.3   24   -1.2468887803070448   0.0007822976566924047
1.36   25   -1.246890924943897   0.0001616891228194153
1.39   26   -1.2468912736560887   0.00011600913041188934
1.44   27   -1.246891478408941   9.52985307436545e-5
0.0   0   -1.56938629602015   0.03650188257809656
0.03   1   -1.578350056016804   0.02329101024932089
0.08   2   -1.5802382401792712   0.00937893502876329
0.12   3   -1.5806150341400347   0.011973880329014249
0.18   4   -1.5807160035024033   0.017822702413523503
0.26   5   -1.5816130100210524   0.005385221776135869
0.3   6   -1.581635699512351   0.007386172722220041
0.37   7   -1.5817311841018848   0.004856692558003035
0.4   8   -1.5818877449124527   0.011142643671918619
0.44   9   -1.5819075897630466   0.0017720108749197507
0.49   10   -1.5819094742079836   0.0020616651036627566
0.55   11   -1.581931324666268   0.0008284408310097381
0.6   12   -1.5819357058393457   0.0011121965175305976
0.67   13   -1.5819380498252746   0.0012468231960323533
0.72   14   -1.5819384149488283   0.0004213497168659841
0.79   15   -1.5819391350611895   0.0007775133050580103
0.0   0   -1.5764975525222087   0.03474441590758892
0.1   1   -1.577462480776521   0.011314315106637147
0.16   2   -1.5775933092303216   0.0010263669303203862
0.21   3   -1.577596932630736   0.0014465676208056228
0.33   4   -1.577618122554777   0.011938117415665524
0.71   5   -1.5776190729966504   0.014882265428079937
0.78   6   -1.5776672166261718   0.0121934832740211
0.86   7   -1.5777575503782675   0.009961592407786796
0.9   8   -1.5777596187367244   0.014566812317006008
0.93   9   -1.5777708797277163   0.00784052568565071
0.97   10   -1.577773023159542   0.0010724131557074035
1.04   11   -1.5777730818997358   0.0012478222015857843
1.11   12   -1.5777744891891095   0.004322842694657507
0.0   0   -1.576307433835189   0.07337097960644325
0.23   1   -1.5763308003284386   0.008670617549604426
0.3   2   -1.5764714268522921   0.00013344049633360217
0.37   3   -1.5764716354536303   0.00024122195372116388
0.43   4   -1.5764719304774815   6.621582253460652e-5
0.0   0   -1.5843472853668432   0.000275919644926049
0.04   1   -1.584347418221875   7.953075866725233e-5
0.11   2   -1.584347498102741   0.00017410603167855246
0.0   0   -1.5844601385169537   0.00018266401599728997
0.04   1   -1.5844601986115232   8.855596342236555e-5
0.12   2   -1.5844603773670336   0.00022319348404744037
0.0   0   -1.5847640235408584   0.00021845713116229145
0.05   1   -1.5847641263185916   9.053588920960132e-5
0.12   2   -1.5847641805536954   8.142335523520128e-5
0.0   0   -1.5848273929999865   9.38545217577721e-5
0.03   1   -1.5848274142937198   7.999674641430627e-5
0.1   2   -1.5848275391616693   0.00011740734500592724
0.0   0   -1.585126504473842   0.00011382485056812566
0.04   1   -1.5851265583587364   8.760012777588425e-5
0.11   2   -1.585126603136202   5.7732385742607245e-5
0.0   0   -1.5851577429483465   5.1362256081417994e-5
0.05   1   -1.5851577693675825   9.171791909060925e-5
0.1   2   -1.5851578544984952   0.00010964812251576173
0.0   0   -1.5855193527678724   0.00010516683158744539
0.03   1   -1.5855194164060218   7.202441171925274e-5
0.07   2   -1.5855194333709468   3.789671262339791e-5
0.0   0   -1.58553914951845   3.471227089877066e-5
0.07   1   -1.585539164644217   7.322976513076723e-5
0.13   2   -1.5855392681335427   0.00012958340119773295
0.0   0   -1.5861064221174028   0.00012488014724669334
0.03   1   -1.5861064904441164   6.144264512562122e-5
0.07   2   -1.5861065006671993   2.0991311169517463e-5
0.0   0   -1.5861208447601847   2.1919740820101625e-5
0.05   1   -1.5861208536985485   5.8097482221771476e-5
0.14   2   -1.5861209710000013   9.356263274056617e-5
0.0   0   -1.58708006969943   8.909108693336015e-5
0.03   1   -1.5870801301630812   4.9976248040101354e-5
0.07   2   -1.5870801421983949   4.1297620985198845e-5
0.0   0   -1.5870939648917628   3.7753737863192566e-5
0.03   1   -1.587093973355084   3.8331949627702174e-5
0.08   2   -1.5870939934025863   4.886685052551116e-5
0.0   0   -1.5872012955640407   4.7519820315270874e-5
0.06   1   -1.5872013049574   2.9473910654773727e-5
0.09   2   -1.5872013090110206   2.1794515629084218e-5
0.0   0   -1.5872380823043555   2.0387815297599987e-5
0.04   1   -1.5872380860859598   2.9415168183623663e-5
0.09   2   -1.5872380968681992   5.151641323482958e-5
0.0   0   -1.5873576033774581   4.963657698082589e-5
0.03   1   -1.587357612917124   2.9726278083598947e-5
0.08   2   -1.587357616860174   2.063414010895086e-5
0.0   0   -1.5873905031487312   1.9170687808472054e-5
0.05   1   -1.587390506833334   2.9619107513399258e-5
0.1   2   -1.5873905182264232   5.4046672150857336e-5
0.0   0   -1.5875220686199771   5.2068605647605374e-5
0.03   1   -1.587522078767873   2.934863030862427e-5
0.07   2   -1.5875220824970016   1.9401654189362552e-5
0.0   0   -1.587551156360095   1.7882107133224722e-5
0.04   1   -1.5875511598477243   2.9336203811307835e-5
0.12   2   -1.5875511726275875   5.772014686419988e-5
0.0   0   -1.587702621645244   5.5631213424505665e-5
0.03   1   -1.5877026330551771   2.8839601763916647e-5
0.07   2   -1.5877026365063522   1.7917119684045208e-5
0.0   0   -1.5877277280588102   1.632238257013761e-5
0.03   1   -1.5877277312930382   2.8921943515512925e-5
0.1   2   -1.5877277468642668   6.353845702548846e-5
0.0   0   -1.5879156835801647   6.127112917711259e-5
0.03   1   -1.5879156974801965   2.82009822145984e-5
0.09   2   -1.5879157006095128   1.617925172866792e-5
0.0   0   -1.587936364889699   1.4457582333663342e-5
0.03   1   -1.5879363678365528   2.8391456435376995e-5
0.1   2   -1.5879363897948682   7.39385875006106e-5
0.0   0   -1.588204844082502   7.132920549789193e-5
0.04   1   -1.5882048635240489   2.719000889533707e-5
0.07   2   -1.5882048662637271   1.4076429476180787e-5
0.0   0   -1.5882200672090945   1.298147098691801e-5
0.05   1   -1.588220069820423   2.7512738778396423e-5
0.12   2   -1.5882201135215674   9.808978402009295e-5
0.0   0   -1.5887600444619165   9.461162523132044e-5
0.03   1   -1.5887600814710767   2.463019520989864e-5
0.07   2   -1.5887600836185678   1.250530751515905e-5
0.0   0   -1.5887663498296272   1.1922613758184357e-5
0.03   1   -1.5887663519558024   2.5129746708732518e-5
0.15   2   -1.5887668008891005   0.0001981725726610453
0.0   0   -1.5958264556136736   0.00019003528131855135
0.04   1   -1.595826631704559   1.90158569218145e-5
0.07   2   -1.5958266330961073   4.840072167082198e-6
0.0   0   -1.5958029413800678   1.2081301128226733e-5
0.05   1   -1.5958029422227904   8.555024449400204e-6
0.1   2   -1.5958029434016994   1.3077876415634271e-5
0.0   0   -1.5958433520504072   1.2098876915200156e-5
0.03   1   -1.5958433530791791   8.071391805964239e-6
0.08   2   -1.59584335392258   1.2042939221935051e-5
0.0   0   -1.5958729631579511   1.154855988394008e-5
0.03   1   -1.5958729638976736   8.596083877545983e-6
0.08   2   -1.595872964911746   1.0391138501984025e-5
0.0   0   -1.595907056271761   9.915858573363364e-6
0.03   1   -1.595907057187061   8.427203074846673e-6
0.1   2   -1.5959070579483055   1.1967222625640825e-5
0.0   0   -1.595935419717834   1.1385528683994847e-5
0.03   1   -1.5959354204008465   8.58295756302341e-6
0.08   2   -1.5959354214092758   1.0200935952974912e-5
0.0   0   -1.595968609680884   9.756428112933172e-6
0.03   1   -1.595968610596632   8.426258210435366e-6
0.08   2   -1.5959686113037446   1.1796829746191941e-5
0.0   0   -1.5959961739707569   1.1180085064834443e-5
0.05   1   -1.5959961746108435   8.479303710914475e-6
0.1   2   -1.595996175640668   1.0695914933995992e-5
0.0   0   -1.59602973150045   1.0082599666025755e-5
0.03   1   -1.5960297324372945   8.334996324606701e-6
0.08   2   -1.5960297331015585   1.1558302919104493e-5
0.0   0   -1.5960565304012024   1.0921168192971792e-5
0.03   1   -1.5960565310052697   8.348944676622538e-6
0.08   2   -1.5960565320709785   1.1196072276566858e-5
0.0   0   -1.596091191642298   1.0529777541665385e-5
0.04   1   -1.5960911926120933   8.218068145197848e-6
0.09   2   -1.5960911932387223   1.1260241334240515e-5
0.0   0   -1.596117176989829   1.0609060539427754e-5
0.03   1   -1.5961171775611884   8.215979127799753e-6
0.08   2   -1.5961171786778574   1.1751659252595231e-5
0.0   0   -1.5961536282667852   1.1070208178157226e-5
0.03   1   -1.5961536292826954   8.096144804197103e-6
0.1   2   -1.59615362987391   1.0906369837557906e-5
0.0   0   -1.5961787325407388   1.02434712672304e-5
0.03   1   -1.5961787330807402   8.087628381658218e-6
0.1   2   -1.5961787342690648   1.2419655596666325e-5
0.0   0   -1.5962178165498502   1.1722663328207138e-5
0.03   1   -1.5962178176304327   7.974866226954881e-6
0.08   2   -1.5962178181869235   1.0496773309069697e-5
0.0   0   -1.596241976490828   9.845274762170745e-6
0.05   1   -1.5962419769997813   7.964299001067194e-6
0.12   2   -1.5962419782913635   1.3272996621554503e-5
0.0   0   -1.596284911478123   1.2556818167944198e-5
0.04   1   -1.5962849126522227   7.854719209695285e-6
0.09   2   -1.5962849131738661   1.0114178555979464e-5
0.0   0   -1.5963080774409808   9.461301986706344e-6
0.03   1   -1.5963080779186325   7.844248808614358e-6
0.12   2   -1.5963080793661155   1.4419313073590892e-5
0.0   0   -1.5963568263934222   1.3676095064166575e-5
0.03   1   -1.5963568277083606   7.732067874798618e-6
0.08   2   -1.5963568281947649   9.688170886559123e-6
0.0   0   -1.5963789829066908   9.013758155101855e-6
0.03   1   -1.59637898335267   7.722854556835974e-6
0.1   2   -1.5963789850511678   1.6050161816951823e-5
0.0   0   -1.5964370641171506   1.526479708711414e-5
0.03   1   -1.5964370656582125   7.6007338399058665e-6
0.08   2   -1.5964370661089622   9.197956932749778e-6
0.0   0   -1.5964582479257277   8.48802690303884e-6
0.03   1   -1.596458248339761   7.5936354197415565e-6
0.1   2   -1.5964582504877487   1.8567265871143576e-5
0.0   0   -1.5965330080744273   1.770982278327482e-5
0.03   1   -1.5965330100187498   7.44988173886226e-6
0.1   2   -1.5965330104334605   8.627962002768855e-6
0.0   0   -1.5965533483411694   7.85526902471004e-6
0.04   1   -1.5965533487232215   7.4460065615998144e-6
0.1   2   -1.5965533518473334   2.302933808021648e-5
0.0   0   -1.5966643760940609   2.2030908805220102e-5
0.03   1   -1.596664378907631   7.255541451401357e-6
0.08   2   -1.596664379285646   7.946065150589476e-6
0.0   0   -1.5966842144040312   7.0481763347854e-6
0.03   1   -1.596684214754414   7.257404643501246e-6
0.12   2   -1.5966842211389198   3.370313230642158e-5
0.0   0   -1.596917593009442   3.233711770343431e-5
0.03   1   -1.5969175986885478   6.9455930443734905e-6
0.08   2   -1.5969175990261388   7.059122417338937e-6
0.0   0   -1.5969380180118402   6.132614914272021e-6
0.05   1   -1.5969380183310908   6.961302489714635e-6
0.15   2   -1.59693810038697   0.00010561311331930374
0.0   0   -1.6001537460608959   0.00010168633228586896
0.03   1   -1.6001538006472562   6.237935738033917e-6
0.07   2   -1.6001538008998042   4.825208353404072e-6
0.0   0   -1.6001828217036271   6.05031378661677e-6
0.03   1   -1.60018282199807   5.026999590031199e-6
0.12   2   -1.6001828227212398   1.3200748890647983e-5
0.0   0   -1.600214902718927   1.263492420192297e-5
0.03   1   -1.6002149033762074   4.98591084907269e-6
0.09   2   -1.6002149036771829   6.146005810598272e-6
0.0   0   -1.6002241346424992   5.709943786774688e-6
0.03   1   -1.6002241349181952   4.9909730036483814e-6
0.1   2   -1.6002241357097513   1.3841728630553633e-5
0.0   0   -1.6002595098014196   1.3272265793293322e-5
0.04   1   -1.6002595105214197   4.965933140794523e-6
0.09   2   -1.6002595108019584   5.769655039642804e-6
0.0   0   -1.6002681022644127   5.330842135454862e-6
0.04   1   -1.6002681025217331   4.958067340949827e-6
0.11   2   -1.6002681034287403   1.4818566904872974e-5
0.0   0   -1.6003088913282952   1.4230913449385094e-5
0.04   1   -1.6003088921530795   4.936550267119345e-6
0.1   2   -1.6003088924132534   5.365373092139416e-6
0.0   0   -1.6003167511679828   4.9133222389649e-6
0.03   1   -1.6003167514069627   4.922922546814081e-6
0.1   2   -1.6003167525167927   1.6340719186673247e-5
0.0   0   -1.6003669260972662   1.57140916910889e-5
0.03   1   -1.6003669271051928   4.903388367113639e-6
0.09   2   -1.6003669273448684   4.915146762877792e-6
0.0   0   -1.6003739254471503   4.434207447653209e-6
0.04   1   -1.6003739256677691   4.88715284215679e-6
0.1   2   -1.6003739271870971   1.8939969126815954e-5
0.0   0   -1.600442926607114   1.8234121300153717e-5
0.04   1   -1.6004429279825958   4.8644195685013285e-6
0.08   2   -1.6004429282014974   4.390571639076399e-6
0.0   0   -1.600448849927725   4.278719131434293e-6
0.05   1   -1.600448850130046   4.8468472677857335e-6
0.14   2   -1.6004488527757519   2.4428732605452425e-5
0.0   0   -1.600569609951041   2.353437497633511e-5
0.04   1   -1.6005696123279443   4.804291086058918e-6
0.09   2   -1.6005696125250262   4.228621893881393e-6
0.0   0   -1.6005739101702723   4.1203427052725205e-6
0.03   1   -1.6005739103544618   4.783909113837506e-6
0.14   2   -1.60057392115112   4.567028303499005e-5
0.0   0   -1.6010707095597136   4.397413940293946e-5
0.04   1   -1.6010707187135838   4.504729120681024e-6
0.09   2   -1.601070718879765   4.03544244386114e-6
0.0   0   -1.6010703908687285   4.753266463912023e-6
0.03   1   -1.6010703910364241   4.454340591335945e-6
0.13   2   -1.6010703954234322   2.81166870665948e-5
0.0   0   -1.6012813646497803   2.7002622336097562e-5
0.03   1   -1.601281368558172   4.235684280705793e-6
0.08   2   -1.6012813687211211   4.6682700528880065e-6
0.0   0   -1.6012951184226911   4.008941005731992e-6
0.04   1   -1.6012951185800053   4.236331537082102e-6
0.17   2   -1.6012952581611917   8.956558063408832e-5
0.0   0   -1.6090436079870867   8.539479824589517e-5
0.04   1   -1.6090436522554292   8.205840556109801e-6
0.11   2   -1.609043654281722   9.115230170840602e-6
0.0   0   -1.6090394756247877   8.561779384939772e-6
0.04   1   -1.6090394762348834   3.5128092583668152e-6
0.1   2   -1.609039476762085   8.141173559651985e-6
0.0   0   -1.6090446930406836   7.800079935838046e-6
0.04   1   -1.609044693317267   3.0367609474932177e-6
0.1   2   -1.6090446936495584   5.846596121899607e-6
0.0   0   -1.609059392179138   5.511807633750328e-6
0.03   1   -1.6090593924577905   2.8084285440527162e-6
0.11   2   -1.6090593927466017   7.816896007524497e-6
0.0   0   -1.6090667817271183   7.488359223386496e-6
0.05   1   -1.6090667819842284   2.636937840802486e-6
0.12   2   -1.6090667821998523   4.486869975137103e-6
0.0   0   -1.609077940974095   4.2948507363932445e-6
0.04   1   -1.6090779411612588   2.5077813919103346e-6
0.1   2   -1.6090779414422491   7.648192042118836e-6
0.0   0   -1.609087320960408   7.313934497352244e-6
0.03   1   -1.6090873212097638   2.358856276478497e-6
0.12   2   -1.6090873213722323   3.795340539810514e-6
0.0   0   -1.609096738721552   3.6764390923543672e-6
0.03   1   -1.6090967388650401   2.2693877991621053e-6
0.1   2   -1.609096739146957   7.625425110170177e-6
0.0   0   -1.609107967575143   7.29061601512558e-6
0.04   1   -1.6091079678247326   2.13658207932248e-6
0.12   2   -1.6091079679545923   3.43639334945513e-6
0.0   0   -1.60911627777578   3.2901676743307724e-6
0.03   1   -1.6091162778917494   2.071713036514001e-6
0.1   2   -1.6091162781844175   7.7600405688997e-6
0.0   0   -1.6091296554294348   7.423517425325455e-6
0.03   1   -1.6091296556879144   1.9483934970784017e-6
0.1   2   -1.6091296557946362   3.151078188040265e-6
0.0   0   -1.6091371631326097   3.0185853875809225e-6
0.05   1   -1.609137163228684   1.9005052670399052e-6
0.12   2   -1.609137163546842   8.099422404323037e-6
0.0   0   -1.6091535119465608   7.75610072944934e-6
0.03   1   -1.6091535122266167   1.7805871681335394e-6
0.08   2   -1.6091535123154077   2.888761340796966e-6
0.0   0   -1.609160397169855   2.8094154314159393e-6
0.03   1   -1.6091603972503277   1.7451071236165563e-6
0.12   2   -1.609160397621594   8.760189116008507e-6
0.0   0   -1.609181617965421   8.399603173821159e-6
0.03   1   -1.6091816182903924   1.620761955915189e-6
0.09   2   -1.609181618364421   2.6577974211015504e-6
0.0   0   -1.6091880157085479   2.6330834577921463e-6
0.04   1   -1.609188015776082   1.594678526535399e-6
0.13   2   -1.6091880162681336   1.0062899416244928e-5
0.0   0   -1.6092192336846365   9.661750945274696e-6
0.03   1   -1.6092192341108822   1.4507237949474378e-6
0.08   2   -1.6092192341720406   2.4853902196653932e-6
0.0   0   -1.6092252902959434   2.466227721889795e-6
0.03   1   -1.6092252903522133   1.4320499059864015e-6
0.11   2   -1.6092252912303882   1.3184889897809167e-5
0.0   0   -1.6092875745785218   1.2673921153220369e-5
0.05   1   -1.6092875753147207   1.2188099868415508e-6
0.1   2   -1.6092875753640028   2.305018067689601e-6
0.0   0   -1.6092936230444783   2.3095361617251825e-6
0.03   1   -1.609293623090643   1.2057175896359124e-6
0.13   2   -1.609293628926157   2.7358977155902825e-5
0.0   0   -1.6097724223877288   2.6312674586362442e-5
0.05   1   -1.6097724257006703   1.5115441685739794e-6
0.12   2   -1.6097724258331816   4.092313370178013e-6
0.0   0   -1.609785595695485   3.837240539835385e-6
0.03   1   -1.6097855958108818   1.3697730042489636e-6
0.11   2   -1.6097855963943957   9.180746045063473e-6
0.0   0   -1.6098217658679186   8.727537965831876e-6
0.03   1   -1.6098217663211547   1.550266346936508e-6
0.12   2   -1.6098217664244918   3.092229541631644e-6
0.0   0   -1.609826927379985   2.905199766625491e-6
0.03   1   -1.6098269274484795   1.300622988136957e-6
0.13   2   -1.6098269289336202   1.5742901584088364e-5
0.0   0   -1.155753738056226   0.03625723741247244
0.05   1   -1.216478841383456   0.030353814429770167
0.1   2   -1.2390440935359246   0.01608212598526882
0.17   3   -1.2640924048748752   0.004195379347064606
0.22   4   -1.2657183719928693   0.0007186526744582365
0.29   5   -1.2660544663440978   0.0010004824285912983
0.34   6   -1.2664799964434252   0.001584441749688246
0.37   7   -1.2665924064694798   0.0018052595536782443
0.4   8   -1.2668112845747976   0.001700762748181875
0.44   9   -1.2670474441435537   0.001217160542699928
0.51   10   -1.2672025446668165   0.000884133947223231
0.58   11   -1.2672754984815227   0.0006277897560210867
0.71   12   -1.2689080289614636   0.002633095540659418
0.76   13   -1.2691306612449909   0.0037736392899735825
0.81   14   -1.2695630421844397   0.002433697575056774
0.85   15   -1.2698704918927008   0.0014036643559617046
0.89   16   -1.2699599086148645   0.0009059216047330575
0.94   17   -1.2702709263365886   0.0008983028681618188
0.98   18   -1.2703553454136995   0.0006828003307441481
1.01   19   -1.270461190033048   0.0004458786876827258
1.06   20   -1.2704789288255955   0.00030634232955353857
1.13   21   -1.2704846823398652   4.41127789468851e-5
1.16   22   -1.2704847728410202   3.0030196304446377e-5
1.21   23   -1.2704848188980755   2.348918617348781e-5
0.0   0   -2.201375731499397   0.013813628517140587
0.05   1   -2.205127428566538   0.004595337522858972
0.1   2   -2.2059022548041485   0.00012069280179522525
0.14   3   -2.2059039027824427   0.0001740761579403716
0.22   4   -2.2059069118777934   2.17378738969455e-5
0.27   5   -2.205906965412396   1.487667047689572e-5
0.35   6   -2.2059077858547886   6.412461500642148e-5
0.0   0   -2.2613608180438174   0.0003123096459902196
0.05   1   -2.2613703194548997   0.00024552124676795146
0.13   2   -2.2613873394431927   0.00017439184652096
0.18   3   -2.2613889957523288   7.727472957775073e-5
0.25   4   -2.2613913075535463   2.6309019306819183e-5
0.3   5   -2.2613915857374667   6.977280460449502e-6
0.34   6   -2.2613915881820548   1.6496681115293843e-6
0.0   0   -2.267742714596866   2.6192854434928334e-5
0.05   1   -2.2677427570020687   1.6109562498637663e-5
0.13   2   -2.2677429104216973   4.4425834829647346e-6
0.0   0   -2.2678110264832076   4.004868276774618e-6
0.07   1   -2.267811028009651   6.5670954762567555e-6
0.14   2   -2.267811061942168   1.4880661254194831e-6
0.0   0   -2.2678828423105704   1.6166382471169533e-6
0.12   1   -2.267882845804165   9.288864058375048e-6
0.18   2   -2.267882866183613   4.142224511545085e-6
0.0   0   -2.268756781078231   4.275861339349426e-6
0.08   1   -2.268756784803463   9.179219849290158e-6
0.13   2   -2.2687567938480324   1.4278738874221235e-6
0.0   0   -2.2687679693169804   1.2714895368533363e-6
0.1   1   -2.26876796968565   2.848969339273607e-6
0.16   2   -2.268767973986405   1.0015964870042887e-6
0.0   0   -2.2688638640547705   9.079877024310724e-7
0.1   1   -2.268863865548683   3.8238924732991424e-6
0.13   2   -2.2688638665761447   1.4053757497380604e-6
0.0   0   -2.268940581776829   1.328572926257628e-6
0.08   1   -2.2689405821883835   2.440294529652511e-6
0.13   2   -2.2689405831429967   7.518013672629264e-7
0.0   0   -2.2689647159330306   8.079148094406295e-7
0.09   1   -2.2689647169707823   3.739097732883391e-6
0.15   2   -2.2689647175439047   1.4085160247931928e-6
0.0   0   -2.269029406768012   1.3476041675112972e-6
0.08   1   -2.2690294075615594   3.47605453370316e-6
0.11   2   -2.2690294081604163   7.396066473510915e-7
0.0   0   -2.269051016456566   7.974219301884104e-7
0.08   1   -2.2690510165848137   1.911254051256086e-6
0.16   2   -2.26905101831911   1.3990736391590447e-6
0.0   0   -2.269137244230506   1.3352492400451278e-6
0.08   1   -2.2691372457208776   1.4576150483304133e-6
0.11   2   -2.269137245817498   6.858998291527966e-7
0.0   0   -2.269155982971994   7.476707216138517e-7
0.09   1   -2.269155983358292   2.8708671084791297e-6
0.18   2   -2.269155985806962   1.8332171259212053e-6
0.0   0   -2.269307329614892   1.8761140623082799e-6
0.08   1   -2.2693073305873215   3.7117938003518657e-6
0.13   2   -2.26930733190872   6.566035851438911e-7
0.0   0   -2.2693233649843867   7.261865287432586e-7
0.08   1   -2.2693233651467923   2.3064371421736154e-6
0.18   2   -2.269323377013254   3.0697448678999994e-6
0.0   0   -2.270142728142203   2.833048152419535e-6
0.08   1   -2.2701427345675538   9.395898763853564e-7
0.11   2   -2.270142734595819   3.560524628123514e-7
0.0   0   -2.2701552259088893   4.4443632632370803e-7
0.06   1   -2.2701552259198423   4.6068239074625313e-7
0.16   2   -2.270155226223664   5.134608875885341e-7
0.0   0   -2.2701776758090126   4.472721051518444e-7
0.08   1   -2.2701776759489953   1.3900605472732958e-6
0.13   2   -2.2701776760837378   4.1208423798416407e-7
0.0   0   -2.2701839432684845   3.973866750659519e-7
0.12   1   -2.270183943460378   1.6021734293801564e-6
0.15   2   -2.2701839436183078   6.483682965067744e-7
0.0   0   -2.2702124622997903   5.829468062112074e-7
0.08   1   -2.27021246253416   1.2330540844193118e-6
0.11   2   -2.2702124626089337   3.9451853928246813e-7
0.0   0   -2.2702177203912006   3.7892799495262375e-7
0.1   1   -2.270217720409204   5.946546227682328e-7
0.18   2   -2.2702177208593954   7.07107462065316e-7
0.0   0   -2.270259010804738   6.377612852830271e-7
0.08   1   -2.2702590111613286   1.1822889754240317e-6
0.11   2   -2.2702590112112517   3.738564658029243e-7
0.0   0   -2.270263153583359   3.560113653300585e-7
0.12   1   -2.270263153877918   2.4760777913941036e-6
0.16   2   -2.2702631545870284   1.098887334898187e-6
0.0   0   -2.2703593525664427   9.928304594085336e-7
0.08   1   -2.2703593533397046   1.1200173390626385e-6
0.11   2   -2.270359353389239   3.3651793943142484e-7
0.0   0   -2.2703616908564612   3.113576202425193e-7
0.09   1   -2.270361690863777   3.6141381362930336e-7
0.2   2   -2.2703616993924602   1.8176419752933621e-6
0.0   0   -2.2712775932208644   1.7655986595519912e-6
0.08   1   -2.271277595112242   4.1095291551479845e-6
0.11   2   -2.2712775960395737   1.6470161001085007e-7
0.0   0   -2.2712842955410806   2.527579771465253e-7
0.07   1   -2.2712842955438926   2.0953374948074662e-7
0.14   2   -2.2712842955912307   1.4430292875549322e-7
0.0   0   -2.271287148883685   1.3066966015272708e-7
0.08   1   -2.271287148896449   4.403639911438533e-7
0.15   2   -2.271287148924714   1.71310469964607e-7
0.0   0   -2.2712879684752507   1.7193219476473067e-7
0.1   1   -2.271287968507569   4.677229613768626e-7
0.13   2   -2.2712879685168375   1.843086749637421e-7
0.0   0   -2.2712903700982214   1.6231471161842105e-7
0.08   1   -2.2712903701150533   5.228695157149196e-7
0.15   2   -2.271290370137407   1.699186257158745e-7
0.0   0   -2.2712909757810604   1.7076983390052598e-7
0.08   1   -2.2712909757878217   3.7442421838826306e-7
0.14   2   -2.271290975821771   1.673810937397119e-7
0.0   0   -2.2712933341438197   1.4697891184430577e-7
0.11   1   -2.2712933341759247   3.7209418435913893e-7
0.15   2   -2.2712933341821633   1.5759222630073304e-7
0.0   0   -2.2712938591566507   1.5856079909291337e-7
0.08   1   -2.271293859171952   4.877035688562385e-7
0.13   2   -2.2712938591971996   1.550216380919238e-7
0.0   0   -2.271296295545739   1.494234532978579e-7
0.08   1   -2.271296295556095   4.2198862218802735e-7
0.15   2   -2.2712962955835874   1.5784540572920993e-7
0.0   0   -2.2712967396800714   1.5842077322470562e-7
0.1   1   -2.2712967397043333   5.439550430065275e-7
0.13   2   -2.2712967397211172   1.917925381632093e-7
0.0   0   -2.271299319273779   1.6950124363717488e-7
0.11   1   -2.2712993193040547   3.8669831852849713e-7
0.15   2   -2.271299319311634   1.5879500631928675e-7
0.0   0   -2.2712996912589807   1.5947014580288422e-7
0.07   1   -2.271299691261982   2.572386234201481e-7
0.13   2   -2.2712996913017074   1.8677933030761223e-7
0.0   0   -2.271302519605577   1.6599920614295548e-7
0.12   1   -2.2713025196374024   3.907292869482498e-7
0.15   2   -2.2713025196445096   1.4587978029896327e-7
0.0   0   -2.271302805401392   1.4675422604585708e-7
0.1   1   -2.2713028054360835   4.7279354535486126e-7
0.13   2   -2.2713028054482916   2.076237655022867e-7
0.0   0   -2.2713060982122224   2.1280000186485122e-7
0.06   1   -2.271306098219381   3.7972424011365376e-7
0.15   2   -2.271306098254465   1.4375134863894945e-7
0.0   0   -2.2713062664674806   1.440931619254003e-7
0.1   1   -2.2713062664810257   5.400450665173028e-7
0.14   2   -2.2713062665236943   2.4025089857491496e-7
0.0   0   -2.271310447449284   2.1494207016840885e-7
0.12   1   -2.271310447497969   1.508193676050358e-7
0.15   2   -2.2713104474992023   1.3087102167874265e-7
0.0   0   -2.2713105246481478   1.2279914836884425e-7
0.06   1   -2.271310524649256   1.50840070576557e-7
0.16   2   -2.2713105247345293   2.8982723719248917e-7
0.0   0   -2.2713173263333117   2.576752071277983e-7
0.11   1   -2.271317326381054   6.350694005220001e-7
0.14   2   -2.271317326407057   1.273483558704654e-7
0.0   0   -2.271317127856079   1.282463356203228e-7
0.08   1   -2.2713171278612605   3.707789579050199e-7
0.16   2   -2.271317128154708   5.271029159185243e-7
0.0   0   -2.2713418890693067   4.768660959998097e-7
0.08   1   -2.271341889265567   8.086499066525649e-7
0.11   2   -2.271341889294752   1.0196792759354529e-7
0.0   0   -2.2713409745990907   1.0236102843494182e-7
0.06   1   -2.2713409746000752   1.5005854996473615e-7
0.16   2   -2.2713409746811157   2.797597307179947e-7
0.0   0   -2.2713472735183764   2.6039250681487275e-7
0.08   1   -2.2713472735646287   6.28262368445307e-7
0.11   2   -2.271347273587425   9.095383920938307e-8
0.0   0   -2.271348562513231   9.243844998368858e-8
0.08   1   -2.2713485625152945   2.2453145608997848e-7
0.19   2   -2.2713485635079786   6.042169676489469e-7
0.0   0   -2.271442909349063   5.668491341850861e-7
0.08   1   -2.271442909546718   1.2455400268464395e-6
0.11   2   -2.2714429096330893   4.842014848560471e-8
0.0   0   -2.2714448098465305   6.850532869612868e-8
0.06   1   -2.2714448098468054   7.497425449622523e-8
0.16   2   -2.2714448098510815   4.665385578725361e-8
0.0   0   -2.2714455343966504   4.310560724962574e-8
0.08   1   -2.2714455343979347   1.603918755201869e-7
0.13   2   -2.2714455344009785   6.245032851062679e-8
0.0   0   -2.271445898238633   5.981077435457766e-8
0.11   1   -2.271445898242203   1.332924705490488e-7
0.15   2   -2.2714458982428885   5.4348170271086905e-8
0.0   0   -2.271446685199801   4.731450497334811e-8
0.08   1   -2.2714466852009747   1.5983453342473287e-7
0.13   2   -2.2714466852039856   6.01911153427951e-8
0.0   0   -2.2714470790665477   5.83376426042128e-8
0.1   1   -2.271447079067549   1.379142140360666e-7
0.15   2   -2.271447079070679   4.5827565443460886e-8
0.0   0   -2.271447870139054   4.2141791947420265e-8
0.09   1   -2.2714478701423713   1.467031373876157e-7
0.13   2   -2.271447870143125   6.095875526719832e-8
0.0   0   -2.2714482687273625   5.8232729217587086e-8
0.1   1   -2.2714482687288093   1.7308822227527256e-7
0.15   2   -2.271448268731382   4.307233523989164e-8
0.0   0   -2.271449057127462   4.2082369706423355e-8
0.08   1   -2.271449057128359   1.3565205024702691e-7
0.13   2   -2.2714490571314188   5.860505197351381e-8
0.0   0   -2.2714494504756733   5.6964434002578056e-8
0.12   1   -2.271449450478743   1.434234081810039e-7
0.16   2   -2.2714494504795884   5.0348340131286326e-8
0.0   0   -2.2714502351522934   4.368747118239204e-8
0.08   1   -2.2714502351540062   1.654207772316084e-7
0.13   2   -2.2714502351561405   5.774907144665105e-8
0.0   0   -2.2714506289705283   5.6140064691360354e-8
0.1   1   -2.271450628971286   1.2047443690169414e-7
0.15   2   -2.2714506289743386   4.405083008206284e-8
0.0   0   -2.2714514097735687   4.0788144522835296e-8
0.1   1   -2.2714514097764917   1.48890705557227e-7
0.13   2   -2.271451409777315   5.740098510656407e-8
0.0   0   -2.271451802815519   5.566331875229075e-8
0.1   1   -2.271451802817271   1.6844807077783434e-7
0.15   2   -2.2714518028192274   4.173798339065398e-8
0.0   0   -2.2714525813863284   4.0783760491024886e-8
0.08   1   -2.2714525813870536   1.2143467127068473e-7
0.13   2   -2.2714525813899735   5.639936927025568e-8
0.0   0   -2.2714529680496165   5.485040692718585e-8
0.12   1   -2.271452968052342   1.4417564713350205e-7
0.15   2   -2.2714529680532327   4.823725561125968e-8
0.0   0   -2.2714537442461267   4.1873370942945154e-8
0.08   1   -2.2714537442480176   1.5705594350035131e-7
0.11   2   -2.271453744249673   5.557120464584053e-8
0.0   0   -2.2714541300612288   5.40297018726854e-8
0.1   1   -2.2714541300618443   1.0857613365960197e-7
0.16   2   -2.271454130064754   4.275457791659394e-8
0.0   0   -2.271454904928495   3.9544777338958306e-8
0.09   1   -2.2714549049311463   1.4512517117161172e-7
0.13   2   -2.2714549049319497   5.508537960040193e-8
0.0   0   -2.2714552882438683   5.354881856949401e-8
0.1   1   -2.271455288245663   1.597744318298329e-7
0.13   2   -2.2714552882473056   4.052204413292723e-8
0.0   0   -2.271456064073715   3.960184903376267e-8
0.08   1   -2.271456064074352   1.1276511418946616e-7
0.13   2   -2.2714560640770793   5.4226791200321706e-8
0.0   0   -2.2714564392292376   5.2739940207207084e-8
0.12   1   -2.2714564392316965   1.4266063399726682e-7
0.15   2   -2.2714564392325944   4.6909360349112764e-8
0.0   0   -2.2714572161483173   4.0794492349565494e-8
0.1   1   -2.2714572161502344   1.4784255300834534e-7
0.13   2   -2.271457216151593   5.338151191407491e-8
0.0   0   -2.2714575879448895   5.190143820539407e-8
0.1   1   -2.2714575879454055   1.0024835403466088e-7
0.17   2   -2.27145758794817   4.198980432894937e-8
0.0   0   -2.271458368201499   3.8481448661206686e-8
0.09   1   -2.271458368203953   1.3876388409251814e-7
0.13   2   -2.271458368204693   5.286348352999317e-8
0.0   0   -2.2714587343075547   5.1386460402640694e-8
0.13   1   -2.271458734309277   1.5256912031517557e-7
0.16   2   -2.2714587343107633   3.951186281263268e-8
0.0   0   -2.2714595217140494   3.8949370040565386e-8
0.08   1   -2.2714595217146463   1.0827599652725558e-7
0.13   2   -2.2714595217171656   5.1972524003528506e-8
0.0   0   -2.2714598760130356   5.054236146859921e-8
0.12   1   -2.2714598760152596   1.4199364097355395e-7
0.15   2   -2.2714598760161815   4.640451309486208e-8
0.0   0   -2.2714606721321307   4.0496415173488e-8
0.09   1   -2.271460672134057   1.3841898063151605e-7
0.13   2   -2.271460672135169   5.106966670109869e-8
0.0   0   -2.2714610184066686   4.964475968753965e-8
0.1   1   -2.2714610184070954   9.164160302599836e-8
0.16   2   -2.271461018409761   4.210527394065037e-8
0.0   0   -2.271461828166188   3.7724615129712477e-8
0.09   1   -2.271461828168506   1.3088264130986272e-7
0.13   2   -2.2714618281691608   5.046835202985248e-8
0.0   0   -2.2714621631816385   4.904360200830337e-8
0.1   1   -2.2714621631832754   1.470683651260321e-7
0.13   2   -2.271462163184688   3.889346424741098e-8
0.0   0   -2.2714629946069396   3.9726922134117315e-8
0.08   1   -2.2714629946075333   1.0787226980811271e-7
0.15   2   -2.2714629946098563   4.9485229246884845e-8
0.0   0   -2.271463311500816   4.8102020017909886e-8
0.1   1   -2.2714633115027953   1.4535900475286452e-7
0.13   2   -2.271463311503841   4.7256013301552256e-8
0.0   0   -2.2714641711756687   4.14830782108532e-8
0.1   1   -2.271464171177737   1.2372074608104645e-7
0.15   2   -2.271464171178537   4.844852123030727e-8
0.0   0   -2.2714644724455253   4.706526431227323e-8
0.08   1   -2.2714644724458406   7.913251065659385e-8
0.14   2   -2.271464472448553   4.403599505844763e-8
0.0   0   -2.2714653743472057   3.8774256133965754e-8
0.09   1   -2.2714653743494773   1.231600784671049e-7
0.15   2   -2.271465374350053   4.7679663520648404e-8
0.0   0   -2.2714656555842674   4.6286054169133215e-8
0.09   1   -2.271465655586019   1.420274520433026e-7
0.13   2   -2.2714656555873427   4.206325864703081e-8
0.0   0   -2.2714666239769485   4.3984164010065946e-8
0.08   1   -2.271466623977563   1.1060942617963704e-7
0.15   2   -2.2714666239798165   4.650288502867254e-8
0.0   0   -2.27146687749218   4.5133880892707876e-8
0.1   1   -2.2714668774938005   1.5590684824770917e-7
0.14   2   -2.271466877495373   5.126489521303806e-8
0.0   0   -2.2714679436565683   4.539899094933558e-8
0.11   1   -2.2714679436592093   7.785615335605508e-8
0.15   2   -2.271467943659508   4.515336769345602e-8
0.0   0   -2.2714681709465143   4.37614958667869e-8
0.07   1   -2.2714681709466715   5.279607500327226e-8
0.15   2   -2.2714681709499667   5.0983417462002194e-8
0.0   0   -2.2714694022780266   4.549681429995764e-8
0.1   1   -2.271469402280563   1.235173812573632e-7
0.13   2   -2.27146940228116   4.407325111708285e-8
0.0   0   -2.2714695955785595   4.261549784453747e-8
0.1   1   -2.271469595582188   9.441610210775313e-8
0.13   2   -2.2714695955826425   8.305977378833081e-8
0.0   0   -2.271471173882036   8.388459232224114e-8
0.08   1   -2.2714711738824156   8.47785608070588e-8
0.15   2   -2.271471173885714   4.241179853938958e-8
0.0   0   -2.2714713188606495   4.092937782411167e-8
0.09   1   -2.271471318861825   1.6503755342571452e-7
0.14   2   -2.2714713188660682   7.072037173740803e-8
0.0   0   -2.2714735812913363   6.325006489645315e-8
0.1   1   -2.27147358129601   4.221812625552634e-8
0.13   2   -2.2714735812961   4.080516245918114e-8
0.0   0   -2.271473685054207   3.8977625235478524e-8
0.07   1   -2.2714736850543074   5.007665293534931e-8
0.16   2   -2.2714736850659607   1.0415937555407416e-7
0.0   0   -2.2714790358850787   9.546313284602894e-8
0.1   1   -2.2714790358919155   2.309505332669793e-7
0.13   2   -2.271479035894922   3.717914306606706e-8
