0.0   0   -1.1334714954395853   0.03461947292306723
0.06   1   -1.2256060394064185   0.022804189693827765
0.1   2   -1.238278497593456   0.0022203063105983674
0.16   3   -1.2387004885783037   0.0028606260279577223
0.21   4   -1.2393662308495499   0.0029583275585452944
0.24   5   -1.2396939663056812   0.002011924467594802
0.29   6   -1.2398027548950998   0.001906980140870946
0.38   7   -1.2419301823303517   0.009327079048773819
0.46   8   -1.2420912542844782   0.010803658357249033
0.51   9   -1.2433236776297192   0.015325789048348236
0.57   10   -1.243843217035962   0.01575193825592786
0.6   11   -1.245410935780487   0.010029177713724533
0.63   12   -1.246375835333067   0.004939101719214112
0.67   13   -1.246461628723386   0.0020200125395359045
0.73   14   -1.2465467867758229   0.0014835463940769788
0.78   15   -1.2465819233055864   0.0010627618597755827
0.83   16   -1.2465964922482167   0.0007737590248340785
0.87   17   -1.2466081241007285   0.0006740703406177362
0.94   18   -1.2466169432515133   0.00022389840505576035
1.0   19   -1.246621812660446   0.00039277558907323804
1.05   20   -1.2466254295314763   9.662821912539828e-5
1.1   21   -1.2466256160072324   9.583947976421753e-5
1.16   22   -1.2466258050654118   2.1060498733957705e-5
0.0   0   -1.767096015533913   0.044316452230954984
0.03   1   -1.77429982194775   0.005008096843085958
0.08   2   -1.774969220132021   0.00046366813025611474
0.13   3   -1.7749755085108003   0.00020563341391577745
0.19   4   -1.7749766477754418   5.753553571575396e-5
0.27   5   -1.77497863297786   0.00010427340200589649
0.32   6   -1.7749834099594686   0.00020180592988144525
0.37   7   -1.7749904683194966   0.0002519341195847974
0.41   8   -1.7749946098890808   0.00013524533481874061
0.45   9   -1.7749955669543607   6.468516908966087e-5
0.48   10   -1.7749959986836092   0.00014285841408673291
0.0   0   -1.8080224350733836   0.0016278623212954224
0.05   1   -1.808069447892705   0.001153548109025481
0.1   2   -1.8080906129541627   0.00025838933961654494
0.16   3   -1.8080929753517163   0.0002539562258861531
0.21   4   -1.8080948511109969   8.044881554444923e-5
0.28   5   -1.8080955740047975   0.0002148727446454133
0.36   6   -1.8081023045096787   0.000134937762322494
0.41   7   -1.8081027783913817   1.4521424419715234e-5
0.46   8   -1.808102794084396   1.1421901946218992e-5
0.0   0   -1.8310241122115958   9.907492848193201e-5
0.05   1   -1.8310243664499908   9.722860779948371e-5
0.11   2   -1.8310245889769248   2.8893577765160204e-5
0.0   0   -1.8309704768917876   2.4017427923163474e-5
0.06   1   -1.8309705144591233   4.2189013920560375e-5
0.12   2   -1.8309705622211694   1.1314599229930496e-5
0.0   0   -1.8309490951005591   1.0649338936307113e-5
0.08   1   -1.830949107901855   1.3284594491315452e-5
0.14   2   -1.8309491165488598   2.8063131410858922e-5
0.0   0   -1.8309616456530307   2.6671152957615933e-5
0.05   1   -1.830961653467117   1.2713562293052067e-5
0.11   2   -1.830961665034272   1.0483329028865466e-5
0.0   0   -1.830986750554855   9.808854189080125e-6
0.06   1   -1.8309867609358443   1.2811307526899479e-5
0.1   2   -1.830986766500015   2.266651131315248e-5
0.0   0   -1.8309927716045382   2.147719505561225e-5
0.05   1   -1.8309927766055898   1.2225930582082337e-5
0.13   2   -1.8309927862511044   9.699160544219198e-6
0.0   0   -1.8310147338431022   8.99619015869209e-6
0.06   1   -1.8310147426849577   1.1990629591829416e-5
0.1   2   -1.8310147474649274   2.1051700178278288e-5
0.0   0   -1.8310192377240946   1.9952869773462385e-5
0.05   1   -1.831019242021579   1.1450202380989756e-5
0.13   2   -1.8310192502332865   9.008000012216603e-6
0.0   0   -1.8310387442434253   8.248360418030915e-6
0.06   1   -1.8310387517866389   1.124151299559814e-5
0.1   2   -1.8310387559003354   1.9566516222779227e-5
0.0   0   -1.8310420177386064   1.8550140035903175e-5
0.06   1   -1.8310420214370735   1.0739210585821379e-5
0.13   2   -1.8310420284382674   8.37471438825267e-6
0.0   0   -1.83105940452161   7.55930902135016e-6
0.07   1   -1.8310594109695888   1.055417007777435e-5
0.11   2   -1.8310594145222123   1.8217727306691817e-5
0.0   0   -1.8310617170344532   1.7276518763309194e-5
0.05   1   -1.8310617202278776   1.008593118324998e-5
0.11   2   -1.8310617262059714   7.778405082890475e-6
0.0   0   -1.8310772704484108   7.002112735184527e-6
0.08   1   -1.8310772759712446   9.923719586239012e-6
0.11   2   -1.8310772790521808   1.699822314806631e-5
0.0   0   -1.8310788472887554   1.6125456365150445e-5
0.05   1   -1.8310788500571111   9.48579055085394e-6
0.12   2   -1.8310788551687622   7.2142908271982264e-6
0.0   0   -1.8310928108149638   6.494655011212599e-6
0.08   1   -1.8310928155549462   9.346341184385904e-6
0.11   2   -1.8310928182396036   1.589924262068289e-5
0.0   0   -1.831093839469398   1.508877381656503e-5
0.05   1   -1.8310938418801717   8.935191127926082e-6
0.11   2   -1.8310938462565445   6.677773811535728e-6
0.0   0   -1.8311064202715814   6.009803036840385e-6
0.07   1   -1.831106424348147   8.818922829622524e-6
0.1   2   -1.8311064267003754   1.4913126179501198e-5
