0.0   0   -1.138183275247631   0.015666342854955342
0.09   1   -1.219163945111078   0.04424551961762955
0.16   2   -1.2230914372559643   0.05402423551729355
0.25   3   -1.23099955171028   0.03210022200666902
0.28   4   -1.2338658819187465   0.0483995807734835
0.31   5   -1.237412414374386   0.03366404721337191
0.35   6   -1.2387623626889144   0.013072432984812817
0.4   7   -1.2399702534693613   0.017047587535758208
0.45   8   -1.242851748492054   0.027158646410434962
0.49   9   -1.245190598809914   0.007134229622026587
0.56   10   -1.2457630714476864   0.008762821541336991
0.62   11   -1.2460072069113803   0.0066923757785350545
0.67   12   -1.2462033690564311   0.00446340941770013
0.72   13   -1.2463777950407215   0.0022857867846255947
0.77   14   -1.2464862629593618   0.002884526663069552
0.84   15   -1.2465996078604717   0.0037541490646683336
0.89   16   -1.2467957809231207   0.0015490909957476225
0.94   17   -1.2468275096776171   0.0011993585814385485
0.99   18   -1.246846924133737   0.0011692767776660196
1.04   19   -1.246855898262514   0.0004621389019603931
1.1   20   -1.2468584608508142   0.0004135135722611201
1.16   21   -1.2468647940410724   0.00045203465392732356
1.22   22   -1.2468782504884215   0.0006685394718996404
1.26   23   -1.2468840817860816   0.0003334698858362043
1.31   24   -1.2468887803070448   0.0007822976566924047
1.36   25   -1.246890924943897   0.0001616891228194153
1.41   26   -1.2468912736560887   0.00011600913041188934
1.46   27   -1.246891478408941   9.52985307436545e-5
0.0   0   -1.56938629602015   0.03650188257809656
0.03   1   -1.578350056016804   0.02329101024932089
0.07   2   -1.5802382401792712   0.00937893502876329
0.1   3   -1.5806150341400347   0.011973880329014249
0.17   4   -1.5807160035024033   0.017822702413523503
0.27   5   -1.5816130100210524   0.005385221776135869
0.31   6   -1.581635699512351   0.007386172722220041
0.36   7   -1.5817311841018848   0.004856692558003035
0.39   8   -1.5818877449124527   0.011142643671918619
0.43   9   -1.5819075897630466   0.0017720108749197507
0.49   10   -1.5819094742079836   0.0020616651036627566
0.56   11   -1.581931324666268   0.0008284408310097381
0.61   12   -1.5819357058393457   0.0011121965175305976
0.66   13   -1.5819380498252746   0.0012468231960323533
0.71   14   -1.5819384149488283   0.0004213497168659841
0.79   15   -1.5819391350611895   0.0007775133050580103
0.0   0   -1.5764975525222087   0.03474441590758892
0.1   1   -1.577462480776521   0.011314315106637147
0.15   2   -1.5775933092303216   0.0010263669303203862
0.2   3   -1.577596932630736   0.0014465676208056228
0.33   4   -1.577618122554777   0.011938117415665524
0.66   5   -1.5776190729966504   0.014882265428079937
0.73   6   -1.5776672166261718   0.0121934832740211
0.83   7   -1.5777575503782675   0.009961592407786796
0.87   8   -1.5777596187367244   0.014566812317006008
0.9   9   -1.5777708797277163   0.00784052568565071
0.93   10   -1.577773023159542   0.0010724131557074035
0.98   11   -1.5777730818997358   0.0012478222015857843
1.07   12   -1.5777744891891095   0.004322842694657507
0.0   0   -1.576307433835189   0.07337097960644325
0.19   1   -1.5763308003284386   0.008670617549604426
0.28   2   -1.5764714268522921   0.00013344049633360217
0.35   3   -1.5764716354536303   0.00024122195372116388
0.4   4   -1.5764719304774815   6.621582253460652e-5
0.0   0   -1.5843472853668432   0.000275919644926049
0.03   1   -1.584347418221875   7.953075866725233e-5
0.12   2   -1.584347498102741   0.00017410603167855246
0.0   0   -1.5844601385169537   0.00018266401599728997
0.03   1   -1.5844601986115232   8.855596342236555e-5
0.12   2   -1.5844603773670336   0.00022319348404744037
0.0   0   -1.5847640235408584   0.00021845713116229145
0.03   1   -1.5847641263185916   9.053588920960132e-5
0.1   2   -1.5847641805536954   8.142335523520128e-5
0.0   0   -1.5848273929999865   9.38545217577721e-5
0.04   1   -1.5848274142937198   7.999674641430627e-5
0.11   2   -1.5848275391616693   0.00011740734500592724
0.0   0   -1.585126504473842   0.00011382485056812566
0.04   1   -1.5851265583587364   8.760012777588425e-5
0.09   2   -1.585126603136202   5.7732385742607245e-5
0.0   0   -1.5851577429483465   5.1362256081417994e-5
0.07   1   -1.5851577693675825   9.171791909060925e-5
0.12   2   -1.5851578544984952   0.00010964812251576173
0.0   0   -1.5855193527678724   0.00010516683158744539
0.04   1   -1.5855194164060218   7.202441171925274e-5
0.08   2   -1.5855194333709468   3.789671262339791e-5
0.0   0   -1.58553914951845   3.471227089877066e-5
0.06   1   -1.585539164644217   7.322976513076723e-5
0.14   2   -1.5855392681335427   0.00012958340119773295
0.0   0   -1.5861064221174028   0.00012488014724669334
0.03   1   -1.5861064904441164   6.144264512562122e-5
0.07   2   -1.5861065006671993   2.0991311169517463e-5
0.0   0   -1.5861208447601847   2.1919740820101625e-5
0.05   1   -1.5861208536985485   5.8097482221771476e-5
0.11   2   -1.5861209710000013   9.356263274056617e-5
0.0   0   -1.58708006969943   8.909108693336015e-5
0.05   1   -1.5870801301630812   4.9976248040101354e-5
0.08   2   -1.5870801421983949   4.1297620985198845e-5
0.0   0   -1.5870939648917628   3.7753737863192566e-5
0.03   1   -1.587093973355084   3.8331949627702174e-5
0.08   2   -1.5870939934025863   4.886685052551116e-5
0.0   0   -1.5872012955640407   4.7519820315270874e-5
0.03   1   -1.5872013049574   2.9473910654773727e-5
0.07   2   -1.5872013090110206   2.1794515629084218e-5
0.0   0   -1.5872380823043555   2.0387815297599987e-5
0.05   1   -1.5872380860859598   2.9415168183623663e-5
0.1   2   -1.5872380968681992   5.151641323482958e-5
0.0   0   -1.5873576033774581   4.963657698082589e-5
0.04   1   -1.587357612917124   2.9726278083598947e-5
0.07   2   -1.587357616860174   2.063414010895086e-5
0.0   0   -1.5873905031487312   1.9170687808472054e-5
0.04   1   -1.587390506833334   2.9619107513399258e-5
0.09   2   -1.5873905182264232   5.4046672150857336e-5
0.0   0   -1.5875220686199771   5.2068605647605374e-5
0.03   1   -1.587522078767873   2.934863030862427e-5
0.07   2   -1.5875220824970016   1.9401654189362552e-5
0.0   0   -1.587551156360095   1.7882107133224722e-5
0.03   1   -1.5875511598477243   2.9336203811307835e-5
0.1   2   -1.5875511726275875   5.772014686419988e-5
0.0   0   -1.587702621645244   5.5631213424505665e-5
0.03   1   -1.5877026330551771   2.8839601763916647e-5
0.09   2   -1.5877026365063522   1.7917119684045208e-5
0.0   0   -1.5877277280588102   1.632238257013761e-5
0.03   1   -1.5877277312930382   2.8921943515512925e-5
0.1   2   -1.5877277468642668   6.353845702548846e-5
0.0   0   -1.5879156835801647   6.127112917711259e-5
0.03   1   -1.5879156974801965   2.82009822145984e-5
0.07   2   -1.5879157006095128   1.617925172866792e-5
0.0   0   -1.587936364889699   1.4457582333663342e-5
0.03   1   -1.5879363678365528   2.8391456435376995e-5
0.12   2   -1.5879363897948682   7.39385875006106e-5
0.0   0   -1.588204844082502   7.132920549789193e-5
0.03   1   -1.5882048635240489   2.719000889533707e-5
0.07   2   -1.5882048662637271   1.4076429476180787e-5
0.0   0   -1.5882200672090945   1.298147098691801e-5
0.03   1   -1.588220069820423   2.7512738778396423e-5
0.1   2   -1.5882201135215674   9.808978402009295e-5
0.0   0   -1.5887600444619165   9.461162523132044e-5
0.03   1   -1.5887600814710767   2.463019520989864e-5
0.07   2   -1.5887600836185678   1.250530751515905e-5
0.0   0   -1.5887663498296272   1.1922613758184357e-5
0.03   1   -1.5887663519558024   2.5129746708732518e-5
0.13   2   -1.5887668008891005   0.0001981725726610453
0.0   0   -1.5958264556136736   0.00019003528131855135
0.05   1   -1.595826631704559   1.90158569218145e-5
0.08   2   -1.5958266330961073   4.840072167082198e-6
0.0   0   -1.5958029413800678   1.2081301128226733e-5
0.05   1   -1.5958029422227904   8.555024449400204e-6
0.1   2   -1.5958029434016994   1.3077876415634271e-5
0.0   0   -1.5958433520504072   1.2098876915200156e-5
0.03   1   -1.5958433530791791   8.071391805964239e-6
0.08   2   -1.59584335392258   1.2042939221935051e-5
0.0   0   -1.5958729631579511   1.154855988394008e-5
0.04   1   -1.5958729638976736   8.596083877545983e-6
0.08   2   -1.595872964911746   1.0391138501984025e-5
0.0   0   -1.595907056271761   9.915858573363364e-6
0.03   1   -1.595907057187061   8.427203074846673e-6
0.08   2   -1.5959070579483055   1.1967222625640825e-5
0.0   0   -1.595935419717834   1.1385528683994847e-5
0.04   1   -1.5959354204008465   8.58295756302341e-6
0.1   2   -1.5959354214092758   1.0200935952974912e-5
0.0   0   -1.595968609680884   9.756428112933172e-6
0.03   1   -1.595968610596632   8.426258210435366e-6
0.08   2   -1.5959686113037446   1.1796829746191941e-5
0.0   0   -1.5959961739707569   1.1180085064834443e-5
0.03   1   -1.5959961746108435   8.479303710914475e-6
0.08   2   -1.595996175640668   1.0695914933995992e-5
0.0   0   -1.59602973150045   1.0082599666025755e-5
0.05   1   -1.5960297324372945   8.334996324606701e-6
0.1   2   -1.5960297331015585   1.1558302919104493e-5
0.0   0   -1.5960565304012024   1.0921168192971792e-5
0.03   1   -1.5960565310052697   8.348944676622538e-6
0.08   2   -1.5960565320709785   1.1196072276566858e-5
0.0   0   -1.596091191642298   1.0529777541665385e-5
0.03   1   -1.5960911926120933   8.218068145197848e-6
0.1   2   -1.5960911932387223   1.1260241334240515e-5
0.0   0   -1.596117176989829   1.0609060539427754e-5
0.04   1   -1.5961171775611884   8.215979127799753e-6
0.09   2   -1.5961171786778574   1.1751659252595231e-5
0.0   0   -1.5961536282667852   1.1070208178157226e-5
0.03   1   -1.5961536292826954   8.096144804197103e-6
0.08   2   -1.59615362987391   1.0906369837557906e-5
0.0   0   -1.5961787325407388   1.02434712672304e-5
0.04   1   -1.5961787330807402   8.087628381658218e-6
0.12   2   -1.5961787342690648   1.2419655596666325e-5
0.0   0   -1.5962178165498502   1.1722663328207138e-5
0.03   1   -1.5962178176304327   7.974866226954881e-6
0.09   2   -1.5962178181869235   1.0496773309069697e-5
0.0   0   -1.596241976490828   9.845274762170745e-6
0.03   1   -1.5962419769997813   7.964299001067194e-6
0.13   2   -1.5962419782913635   1.3272996621554503e-5
0.0   0   -1.596284911478123   1.2556818167944198e-5
0.04   1   -1.5962849126522227   7.854719209695285e-6
0.09   2   -1.5962849131738661   1.0114178555979464e-5
0.0   0   -1.5963080774409808   9.461301986706344e-6
0.04   1   -1.5963080779186325   7.844248808614358e-6
0.1   2   -1.5963080793661155   1.4419313073590892e-5
0.0   0   -1.5963568263934222   1.3676095064166575e-5
0.05   1   -1.5963568277083606   7.732067874798618e-6
0.1   2   -1.5963568281947649   9.688170886559123e-6
0.0   0   -1.5963789829066908   9.013758155101855e-6
0.04   1   -1.59637898335267   7.722854556835974e-6
0.11   2   -1.5963789850511678   1.6050161816951823e-5
0.0   0   -1.138183275247631   0.015666342854955342
0.11   1   -1.219163945111078   0.04424551961762955
0.18   2   -1.2230914372559643   0.05402423551729355
0.23   3   -1.23099955171028   0.03210022200666902
0.26   4   -1.2338658819187465   0.0483995807734835
0.29   5   -1.237412414374386   0.03366404721337191
0.35   6   -1.2387623626889144   0.013072432984812817
0.4   7   -1.2399702534693613   0.017047587535758208
0.45   8   -1.242851748492054   0.027158646410434962
0.49   9   -1.245190598809914   0.007134229622026587
0.54   10   -1.2457630714476864   0.008762821541336991
0.59   11   -1.2460072069113803   0.0066923757785350545
0.66   12   -1.2462033690564311   0.00446340941770013
0.71   13   -1.2463777950407215   0.0022857867846255947
0.76   14   -1.2464862629593618   0.002884526663069552
0.81   15   -1.2465996078604717   0.0037541490646683336
0.86   16   -1.2467957809231207   0.0015490909957476225
0.93   17   -1.2468275096776171   0.0011993585814385485
0.98   18   -1.246846924133737   0.0011692767776660196
1.03   19   -1.246855898262514   0.0004621389019603931
1.08   20   -1.2468584608508142   0.0004135135722611201
1.13   21   -1.2468647940410724   0.00045203465392732356
1.22   22   -1.2468782504884215   0.0006685394718996404
1.25   23   -1.2468840817860816   0.0003334698858362043
1.3   24   -1.2468887803070448   0.0007822976566924047
1.35   25   -1.246890924943897   0.0001616891228194153
1.38   26   -1.2468912736560887   0.00011600913041188934
1.43   27   -1.246891478408941   9.52985307436545e-5
0.0   0   -1.56938629602015   0.03650188257809656
0.05   1   -1.578350056016804   0.02329101024932089
0.09   2   -1.5802382401792712   0.00937893502876329
0.12   3   -1.5806150341400347   0.011973880329014249
0.19   4   -1.5807160035024033   0.017822702413523503
0.27   5   -1.5816130100210524   0.005385221776135869
0.32   6   -1.581635699512351   0.007386172722220041
0.37   7   -1.5817311841018848   0.004856692558003035
0.4   8   -1.5818877449124527   0.011142643671918619
0.43   9   -1.5819075897630466   0.0017720108749197507
0.48   10   -1.5819094742079836   0.0020616651036627566
0.55   11   -1.581931324666268   0.0008284408310097381
0.62   12   -1.5819357058393457   0.0011121965175305976
0.67   13   -1.5819380498252746   0.0012468231960323533
0.71   14   -1.5819384149488283   0.0004213497168659841
0.78   15   -1.5819391350611895   0.0007775133050580103
0.0   0   -1.5764975525222087   0.03474441590758892
0.12   1   -1.577462480776521   0.011314315106637147
0.17   2   -1.5775933092303216   0.0010263669303203862
0.22   3   -1.577596932630736   0.0014465676208056228
0.33   4   -1.577618122554777   0.011938117415665524
0.69   5   -1.5776190729966504   0.014882265428079937
0.75   6   -1.5776672166261718   0.0121934832740211
0.84   7   -1.5777575503782675   0.009961592407786796
0.87   8   -1.5777596187367244   0.014566812317006008
0.92   9   -1.5777708797277163   0.00784052568565071
0.95   10   -1.577773023159542   0.0010724131557074035
1.0   11   -1.5777730818997358   0.0012478222015857843
1.07   12   -1.5777744891891095   0.004322842694657507
0.0   0   -1.576307433835189   0.07337097960644325
0.21   1   -1.5763308003284386   0.008670617549604426
0.28   2   -1.5764714268522921   0.00013344049633360217
0.35   3   -1.5764716354536303   0.00024122195372116388
0.41   4   -1.5764719304774815   6.621582253460652e-5
0.0   0   -1.5843472853668432   0.000275919644926049
0.03   1   -1.584347418221875   7.953075866725233e-5
0.1   2   -1.584347498102741   0.00017410603167855246
0.0   0   -1.5844601385169537   0.00018266401599728997
0.03   1   -1.5844601986115232   8.855596342236555e-5
0.13   2   -1.5844603773670336   0.00022319348404744037
0.0   0   -1.5847640235408584   0.00021845713116229145
0.03   1   -1.5847641263185916   9.053588920960132e-5
0.1   2   -1.5847641805536954   8.142335523520128e-5
0.0   0   -1.5848273929999865   9.38545217577721e-5
0.03   1   -1.5848274142937198   7.999674641430627e-5
0.1   2   -1.5848275391616693   0.00011740734500592724
0.0   0   -1.585126504473842   0.00011382485056812566
0.05   1   -1.5851265583587364   8.760012777588425e-5
0.1   2   -1.585126603136202   5.7732385742607245e-5
0.0   0   -1.5851577429483465   5.1362256081417994e-5
0.05   1   -1.5851577693675825   9.171791909060925e-5
0.1   2   -1.5851578544984952   0.00010964812251576173
0.0   0   -1.5855193527678724   0.00010516683158744539
0.03   1   -1.5855194164060218   7.202441171925274e-5
0.08   2   -1.5855194333709468   3.789671262339791e-5
0.0   0   -1.58553914951845   3.471227089877066e-5
0.05   1   -1.585539164644217   7.322976513076723e-5
0.12   2   -1.5855392681335427   0.00012958340119773295
0.0   0   -1.5861064221174028   0.00012488014724669334
0.03   1   -1.5861064904441164   6.144264512562122e-5
0.07   2   -1.5861065006671993   2.0991311169517463e-5
0.0   0   -1.5861208447601847   2.1919740820101625e-5
0.07   1   -1.5861208536985485   5.8097482221771476e-5
0.13   2   -1.5861209710000013   9.356263274056617e-5
0.0   0   -1.58708006969943   8.909108693336015e-5
0.03   1   -1.5870801301630812   4.9976248040101354e-5
0.07   2   -1.5870801421983949   4.1297620985198845e-5
0.0   0   -1.5870939648917628   3.7753737863192566e-5
0.04   1   -1.587093973355084   3.8331949627702174e-5
0.09   2   -1.5870939934025863   4.886685052551116e-5
0.0   0   -1.5872012955640407   4.7519820315270874e-5
0.04   1   -1.5872013049574   2.9473910654773727e-5
0.08   2   -1.5872013090110206   2.1794515629084218e-5
0.0   0   -1.5872380823043555   2.0387815297599987e-5
0.03   1   -1.5872380860859598   2.9415168183623663e-5
0.08   2   -1.5872380968681992   5.151641323482958e-5
0.0   0   -1.5873576033774581   4.963657698082589e-5
0.03   1   -1.587357612917124   2.9726278083598947e-5
0.07   2   -1.587357616860174   2.063414010895086e-5
0.0   0   -1.5873905031487312   1.9170687808472054e-5
0.03   1   -1.587390506833334   2.9619107513399258e-5
0.08   2   -1.5873905182264232   5.4046672150857336e-5
0.0   0   -1.5875220686199771   5.2068605647605374e-5
0.03   1   -1.587522078767873   2.934863030862427e-5
0.07   2   -1.5875220824970016   1.9401654189362552e-5
0.0   0   -1.587551156360095   1.7882107133224722e-5
0.03   1   -1.5875511598477243   2.9336203811307835e-5
0.11   2   -1.5875511726275875   5.772014686419988e-5
0.0   0   -1.587702621645244   5.5631213424505665e-5
0.04   1   -1.5877026330551771   2.8839601763916647e-5
0.07   2   -1.5877026365063522   1.7917119684045208e-5
0.0   0   -1.5877277280588102   1.632238257013761e-5
0.03   1   -1.5877277312930382   2.8921943515512925e-5
0.1   2   -1.5877277468642668   6.353845702548846e-5
0.0   0   -1.5879156835801647   6.127112917711259e-5
0.05   1   -1.5879156974801965   2.82009822145984e-5
0.09   2   -1.5879157006095128   1.617925172866792e-5
0.0   0   -1.587936364889699   1.4457582333663342e-5
0.03   1   -1.5879363678365528   2.8391456435376995e-5
0.1   2   -1.5879363897948682   7.39385875006106e-5
0.0   0   -1.588204844082502   7.132920549789193e-5
0.03   1   -1.5882048635240489   2.719000889533707e-5
0.07   2   -1.5882048662637271   1.4076429476180787e-5
0.0   0   -1.5882200672090945   1.298147098691801e-5
0.05   1   -1.588220069820423   2.7512738778396423e-5
0.12   2   -1.5882201135215674   9.808978402009295e-5
0.0   0   -1.5887600444619165   9.461162523132044e-5
0.03   1   -1.5887600814710767   2.463019520989864e-5
0.07   2   -1.5887600836185678   1.250530751515905e-5
0.0   0   -1.5887663498296272   1.1922613758184357e-5
0.03   1   -1.5887663519558024   2.5129746708732518e-5
0.15   2   -1.5887668008891005   0.0001981725726610453
0.0   0   -1.5958264556136736   0.00019003528131855135
0.03   1   -1.595826631704559   1.90158569218145e-5
0.07   2   -1.5958266330961073   4.840072167082198e-6
0.0   0   -1.5958029413800678   1.2081301128226733e-5
0.05   1   -1.5958029422227904   8.555024449400204e-6
0.1   2   -1.5958029434016994   1.3077876415634271e-5
0.0   0   -1.5958433520504072   1.2098876915200156e-5
0.03   1   -1.5958433530791791   8.071391805964239e-6
0.08   2   -1.59584335392258   1.2042939221935051e-5
0.0   0   -1.5958729631579511   1.154855988394008e-5
0.04   1   -1.5958729638976736   8.596083877545983e-6
0.09   2   -1.595872964911746   1.0391138501984025e-5
0.0   0   -1.595907056271761   9.915858573363364e-6
0.03   1   -1.595907057187061   8.427203074846673e-6
0.1   2   -1.5959070579483055   1.1967222625640825e-5
0.0   0   -1.595935419717834   1.1385528683994847e-5
0.04   1   -1.5959354204008465   8.58295756302341e-6
0.08   2   -1.5959354214092758   1.0200935952974912e-5
0.0   0   -1.595968609680884   9.756428112933172e-6
0.03   1   -1.595968610596632   8.426258210435366e-6
0.08   2   -1.5959686113037446   1.1796829746191941e-5
0.0   0   -1.5959961739707569   1.1180085064834443e-5
0.05   1   -1.5959961746108435   8.479303710914475e-6
0.1   2   -1.595996175640668   1.0695914933995992e-5
0.0   0   -1.59602973150045   1.0082599666025755e-5
0.03   1   -1.5960297324372945   8.334996324606701e-6
0.08   2   -1.5960297331015585   1.1558302919104493e-5
0.0   0   -1.5960565304012024   1.0921168192971792e-5
0.03   1   -1.5960565310052697   8.348944676622538e-6
0.08   2   -1.5960565320709785   1.1196072276566858e-5
0.0   0   -1.596091191642298   1.0529777541665385e-5
0.03   1   -1.5960911926120933   8.218068145197848e-6
0.09   2   -1.5960911932387223   1.1260241334240515e-5
0.0   0   -1.596117176989829   1.0609060539427754e-5
0.03   1   -1.5961171775611884   8.215979127799753e-6
0.08   2   -1.5961171786778574   1.1751659252595231e-5
0.0   0   -1.5961536282667852   1.1070208178157226e-5
0.03   1   -1.5961536292826954   8.096144804197103e-6
0.1   2   -1.59615362987391   1.0906369837557906e-5
0.0   0   -1.5961787325407388   1.02434712672304e-5
0.03   1   -1.5961787330807402   8.087628381658218e-6
0.1   2   -1.5961787342690648   1.2419655596666325e-5
0.0   0   -1.5962178165498502   1.1722663328207138e-5
0.03   1   -1.5962178176304327   7.974866226954881e-6
0.09   2   -1.5962178181869235   1.0496773309069697e-5
0.0   0   -1.596241976490828   9.845274762170745e-6
0.05   1   -1.5962419769997813   7.964299001067194e-6
0.12   2   -1.5962419782913635   1.3272996621554503e-5
0.0   0   -1.596284911478123   1.2556818167944198e-5
0.03   1   -1.5962849126522227   7.854719209695285e-6
0.09   2   -1.5962849131738661   1.0114178555979464e-5
0.0   0   -1.5963080774409808   9.461301986706344e-6
0.03   1   -1.5963080779186325   7.844248808614358e-6
0.12   2   -1.5963080793661155   1.4419313073590892e-5
0.0   0   -1.5963568263934222   1.3676095064166575e-5
0.04   1   -1.5963568277083606   7.732067874798618e-6
0.09   2   -1.5963568281947649   9.688170886559123e-6
0.0   0   -1.5963789829066908   9.013758155101855e-6
0.04   1   -1.59637898335267   7.722854556835974e-6
0.11   2   -1.5963789850511678   1.6050161816951823e-5
0.0   0   -1.1414612128985757   0.017441554707486207
0.07   1   -1.2213202995963996   0.18292438286492313
0.15   2   -1.2270343340337646   0.0857895730612835
0.2   3   -1.2340407650474554   0.049951639399818656
0.25   4   -1.2359394765804252   0.02191130274419649
0.32   5   -1.2417465853588388   0.01447516139786154
0.37   6   -1.2430075848019033   0.02819546815074593
0.4   7   -1.2459616498456816   0.031946276933679345
0.47   8   -1.2478412305625435   0.02931046014594981
0.51   9   -1.2483973333421754   0.011798139779678855
0.57   10   -1.2488226724443527   0.0028194037877926877
0.62   11   -1.248943209365156   0.007522911263714928
0.67   12   -1.2491618816164725   0.0118612080067176
0.74   13   -1.2494746672605777   0.006023178513153682
0.79   14   -1.2496129634248216   0.003761897844879429
0.85   15   -1.2497100820970344   0.0016653359424891627
0.89   16   -1.2497647303435109   0.002086459132656472
0.94   17   -1.2498446692948928   0.0022963565501967296
0.99   18   -1.2498765322984644   0.0019316414095031681
1.06   19   -1.2499161843924207   0.0010578365529953688
1.12   20   -1.2499283333682114   0.0005571452304570895
1.17   21   -1.2499318347973052   0.00023106169659580636
1.22   22   -1.2499326521947887   0.00039924260354936143
1.27   23   -1.2499330709888137   0.000219821585417509
0.0   0   -1.5633133197674016   0.0400346882819792
0.06   1   -1.5728043512280974   0.01618050482405361
0.11   2   -1.573483181501837   0.020929138657380095
0.15   3   -1.573809157947072   0.028891783575068872
0.19   4   -1.575265477215055   0.005673356539442992
0.22   5   -1.5753326760658553   0.01670893158770761
0.27   6   -1.5754877216473555   0.011255359927112518
0.31   7   -1.5755087823414695   0.004391316108064343
0.37   8   -1.5755291254496608   0.0043901804361884105
0.44   9   -1.5757468894675557   0.019756613429673567
0.5   10   -1.5758346719331522   0.004033682922115179
0.55   11   -1.5758408224534701   0.0023637288077693287
0.62   12   -1.575849765235187   0.0018502551612139097
0.69   13   -1.5759099144682849   0.005066157913766221
0.73   14   -1.5759130768532483   0.0007617503970452647
0.78   15   -1.5759132282372548   0.0002872478403733916
0.86   16   -1.575915220986861   0.0006930439267498097
0.94   17   -1.575938130490067   0.0015478111748874822
1.0   18   -1.5759455700133136   0.001928355793551981
1.05   19   -1.5759463744561846   0.0005796432486370506
1.11   20   -1.5759476698488752   0.0004985596711456634
0.0   0   -1.5940485795292902   0.07624735919527562
0.03   1   -1.5948796376053895   0.0099150991482575
0.1   2   -1.595354781479793   0.0012700835995200868
0.17   3   -1.595430660137143   7.853464024519718e-5
0.21   4   -1.5954323232182284   0.00020201082644648137
0.28   5   -1.5954370789869035   0.00012876213134227054
0.33   6   -1.595437206495324   9.491624324351282e-6
0.39   7   -1.5954372137757213   8.213189874388337e-6
0.0   0   -1.802271279844777   7.588518608941833e-5
0.05   1   -1.8022713138663335   2.641209764009375e-5
0.12   2   -1.8022713676103752   8.458544275886355e-6
0.0   0   -1.8024234587646901   8.304649946597582e-6
0.05   1   -1.8024234611051533   1.5536692925030568e-5
0.14   2   -1.8024235619539155   2.3200594852923702e-5
0.0   0   -1.8031376132661519   2.2457262162803058e-5
0.07   1   -1.8031376453046477   2.5019722496101678e-6
0.1   2   -1.8031376455852053   5.347221580215235e-6
0.0   0   -1.8032281621063064   3.63115957668569e-6
0.05   1   -1.8032281623195963   3.0571434531944016e-6
0.16   2   -1.8032281720628178   9.908233208650007e-6
0.0   0   -1.8035574685796827   9.326292492594459e-6
0.07   1   -1.8035574741826177   2.978579745474329e-6
0.1   2   -1.8035574742977356   1.8580047021216165e-6
0.0   0   -1.8035489107236384   1.3037017929365968e-6
0.07   1   -1.8035489109406133   5.496678462447972e-6
0.18   2   -1.8035489409245224   7.5505117547677075e-6
0.0   0   -1.8054607942960597   7.035400315686186e-6
0.06   1   -1.8054607963483917   1.4492351678492989e-5
0.11   2   -1.805460798923468   3.4080630075457863e-6
0.0   0   -1.8054481566670262   3.398086257408938e-6
0.1   1   -1.8054481612658977   6.8377450313921095e-6
0.13   2   -1.805448162510312   1.0984965644664162e-5
0.0   0   -1.8055355530213792   1.0017388544517338e-5
0.05   1   -1.8055355540548144   6.1257537122239365e-6
0.12   2   -1.8055355571405018   2.5249596024043928e-6
0.0   0   -1.805522369746458   2.5005515500555955e-6
0.08   1   -1.8055223700892151   6.943359925797091e-6
0.15   2   -1.8055223757047534   7.92827721809461e-6
0.0   0   -1.8056594196953575   7.550671627788369e-6
0.07   1   -1.8056594235293373   1.4898234374804626e-6
0.11   2   -1.8056594239681294   8.898052460250086e-6
0.0   0   -1.805661936591266   7.962464925399718e-6
0.06   1   -1.8056619369441358   1.4072910659163102e-6
0.18   2   -1.805661954406871   5.733649524884798e-6
0.0   0   -1.8064150781406918   5.543419877151255e-6
0.07   1   -1.8064150792245557   9.808197417518644e-6
0.12   2   -1.8064150807690746   1.620272281570122e-6
0.0   0   -1.80641116456122   1.6275844004407414e-6
0.08   1   -1.8064111667553502   1.1834246894720021e-5
0.12   2   -1.8064111682372652   6.4193578213018945e-6
0.0   0   -1.8065576642946706   6.007746612552887e-6
0.07   1   -1.8065576656656772   1.0283917425659018e-5
0.11   2   -1.8065576667712624   1.1288824876219416e-6
0.0   0   -1.8065506720789137   1.2173346290414749e-6
0.07   1   -1.8065506722100775   4.891393850978908e-6
0.15   2   -1.806550679357525   8.190042646739248e-6
0.0   0   -1.8069612195480467   7.694818902912179e-6
0.07   1   -1.8069612232624315   1.9237708191164664e-6
0.1   2   -1.8069612233068542   1.15931362387438e-6
0.0   0   -1.806947198495786   9.380139221430539e-7
0.07   1   -1.8069471986486514   4.976297305185472e-6
0.15   2   -1.8069472072800163   8.535654053132987e-6
0.0   0   -1.8073674560748467   7.976519678350116e-6
0.07   1   -1.8073674601327263   4.289717716218013e-6
0.12   2   -1.8073674602370449   1.0274091251632297e-6
0.0   0   -1.8073974182302912   8.579307639774247e-7
0.08   1   -1.8073974189960622   1.0984546416872905e-5
0.13   2   -1.8073974225412968   6.7871025903284684e-6
0.0   0   -1.807703900248187   6.3579207040360195e-6
0.07   1   -1.8077039019808083   1.0371699091821495e-5
0.12   2   -1.8077039028664939   8.909072945079952e-7
0.0   0   -1.8076921349400634   7.197645830951601e-7
0.07   1   -1.807692135056212   4.717725895030941e-6
0.15   2   -1.8076921418581753   7.630519440334246e-6
0.0   0   -1.8080634268249751   7.117488487842541e-6
0.07   1   -1.808063429728183   7.498630419443709e-6
0.12   2   -1.8080634300679832   8.68570272258295e-7
0.0   0   -1.8080892341437016   7.784062740482119e-7
0.07   1   -1.8080892341757395   1.8717963286610546e-6
0.15   2   -1.8080892363383043   4.9288768326177184e-6
0.0   0   -1.8082669093827801   4.603601901748733e-6
0.07   1   -1.8082669105904723   5.068982762841062e-6
0.12   2   -1.80826691075039   6.988339794319905e-7
0.0   0   -1.8082590158517524   6.042282170590253e-7
0.09   1   -1.808259016023542   5.82136894213431e-6
0.17   2   -1.8082590279470245   7.817302368774572e-6
0.0   0   -1.8090713112396746   7.306393879620924e-6
0.07   1   -1.8090713124907931   9.800712474512686e-6
0.12   2   -1.8090713145455073   6.073390492651199e-7
0.0   0   -1.8090957649663835   5.997462073345664e-7
0.05   1   -1.8090957649803592   1.1300546921906118e-6
0.13   2   -1.8090957653108624   2.0111156543199827e-6
0.0   0   -1.809133461997791   1.8744662439541162e-6
0.08   1   -1.8091334622159905   2.678656249054048e-6
0.12   2   -1.809133462262255   4.837665229113788e-7
0.0   0   -1.8091323016406056   4.442395237860667e-7
0.1   1   -1.8091323019055825   4.350618461964689e-6
0.13   2   -1.8091323020940464   2.393951686542367e-6
0.0   0   -1.8091923486230785   2.2491849913708715e-6
0.08   1   -1.8091923487568098   3.5906263700897556e-6
0.13   2   -1.8091923489703952   4.2697417108465084e-7
0.0   0   -1.809189847283919   4.3649883482369637e-7
0.08   1   -1.8091898473885737   4.284179902467297e-6
0.14   2   -1.8091898489994809   4.789302494334293e-6
0.0   0   -1.8094454027804527   4.504842643743143e-6
0.09   1   -1.8094454039773447   6.259119657262522e-7
0.12   2   -1.8094454039836094   5.395882067669727e-7
0.0   0   -1.8094363963646316   8.067911364380832e-7
0.05   1   -1.8094363963721525   5.107811790443754e-7
0.15   2   -1.8094363967536593   2.031705183637805e-6
0.0   0   -1.8094698571608312   1.8862328312810231e-6
0.08   1   -1.80946985742168   2.2484086253569814e-6
0.12   2   -1.8094698574531616   4.0745529264565996e-7
0.0   0   -1.809478368745676   3.960188640140163e-7
0.1   1   -1.809478369207644   8.677044758200611e-6
0.16   2   -1.80947837172062   5.414845222237899e-6
0.0   0   -1.8099054164699746   5.071333522404638e-6
0.07   1   -1.809905418158814   9.05610331345644e-7
0.1   2   -1.8099054181653214   4.477240814617907e-7
0.0   0   -1.8099223041170829   5.597671448953792e-7
0.05   1   -1.809922304124155   6.252315776389735e-7
0.13   2   -1.8099223043172108   1.5599662126741632e-6
0.0   0   -1.8099519970669236   1.4545986038114776e-6
0.07   1   -1.8099519971872495   1.980153326143049e-6
0.1   2   -1.809951997210228   3.3561583289477813e-7
0.0   0   -1.809951046784721   3.099773999371013e-7
0.1   1   -1.8099510469635187   3.1143121934365418e-6
0.13   2   -1.809951047052877   1.834444364178888e-6
0.0   0   -1.810002971795857   1.7249716634889312e-6
0.05   1   -1.8100029718603536   2.5063164748907944e-6
0.1   2   -1.8100029719868984   2.9987589323737245e-7
0.0   0   -1.810001041547736   3.0643533107333827e-7
0.08   1   -1.8100010415888996   2.688462078498955e-6
0.18   2   -1.810001043546028   4.81041549354595e-6
0.0   0   -1.8104402160029673   4.521471933196911e-6
0.07   1   -1.810440217202939   1.5835191157412855e-6
0.1   2   -1.8104402172181528   3.810925411747895e-7
0.0   0   -1.8104300102334263   3.8446641079603754e-7
0.07   1   -1.8104300102516993   1.6656315827657226e-6
0.15   2   -1.8104300103891717   1.0983080005135268e-6
0.0   0   -1.8104375969614666   1.0097090876809343e-6
0.07   1   -1.8104375970420632   1.935256921653987e-6
0.1   2   -1.8104375970702984   3.0257941474585517e-7
0.0   0   -1.810442675442359   2.595194089058412e-7
0.1   1   -1.8104426755925234   2.206432461788998e-6
0.15   2   -1.8104426756496084   1.3871584547205257e-6
0.0   0   -1.810467399206221   1.2813148560173646e-6
0.07   1   -1.8104673992568767   2.059003259251968e-6
0.12   2   -1.8104673993422113   2.4173080324707383e-7
0.0   0   -1.155753738056226   0.03625723741247244
0.05   1   -1.216478841383456   0.030353814429770167
0.1   2   -1.2390440935359246   0.01608212598526882
0.16   3   -1.2640924048748752   0.004195379347064606
0.21   4   -1.2657183719928693   0.0007186526744582365
0.29   5   -1.2660544663440978   0.0010004824285912983
0.35   6   -1.2664799964434252   0.001584441749688246
0.38   7   -1.2665924064694798   0.0018052595536782443
0.41   8   -1.2668112845747976   0.001700762748181875
0.45   9   -1.2670474441435537   0.001217160542699928
0.5   10   -1.2672025446668165   0.000884133947223231
0.59   11   -1.2672754984815227   0.0006277897560210867
0.72   12   -1.2689080289614636   0.002633095540659418
0.76   13   -1.2691306612449909   0.0037736392899735825
0.8   14   -1.2695630421844397   0.002433697575056774
0.83   15   -1.2698704918927008   0.0014036643559617046
0.9   16   -1.2699599086148645   0.0009059216047330575
0.95   17   -1.2702709263365886   0.0008983028681618188
0.98   18   -1.2703553454136995   0.0006828003307441481
1.02   19   -1.270461190033048   0.0004458786876827258
1.07   20   -1.2704789288255955   0.00030634232955353857
1.12   21   -1.2704846823398652   4.41127789468851e-5
1.17   22   -1.2704847728410202   3.0030196304446377e-5
1.22   23   -1.2704848188980755   2.348918617348781e-5
0.0   0   -2.201375731499397   0.013813628517140587
0.05   1   -2.205127428566538   0.004595337522858972
0.1   2   -2.2059022548041485   0.00012069280179522525
0.15   3   -2.2059039027824427   0.0001740761579403716
0.22   4   -2.2059069118777934   2.17378738969455e-5
0.27   5   -2.205906965412396   1.487667047689572e-5
0.35   6   -2.2059077858547886   6.412461500642148e-5
0.0   0   -2.2613608180438174   0.0003123096459902196
0.05   1   -2.2613703194548997   0.00024552124676795146
0.14   2   -2.2613873394431927   0.00017439184652096
0.19   3   -2.2613889957523288   7.727472957775073e-5
0.26   4   -2.2613913075535463   2.6309019306819183e-5
0.31   5   -2.2613915857374667   6.977280460449502e-6
0.36   6   -2.2613915881820548   1.6496681115293843e-6
0.0   0   -2.267742714596866   2.6192854434928334e-5
0.07   1   -2.2677427570020687   1.6109562498637663e-5
0.13   2   -2.2677429104216973   4.4425834829647346e-6
0.0   0   -2.2678110264832076   4.004868276774618e-6
0.07   1   -2.267811028009651   6.5670954762567555e-6
0.15   2   -2.267811061942168   1.4880661254194831e-6
0.0   0   -2.2678828423105704   1.6166382471169533e-6
0.1   1   -2.267882845804165   9.288864058375048e-6
0.17   2   -2.267882866183613   4.142224511545085e-6
0.0   0   -2.268756781078231   4.275861339349426e-6
0.1   1   -2.268756784803463   9.179219849290158e-6
0.16   2   -2.2687567938480324   1.4278738874221235e-6
0.0   0   -2.2687679693169804   1.2714895368533363e-6
0.11   1   -2.26876796968565   2.848969339273607e-6
0.19   2   -2.268767973986405   1.0015964870042887e-6
0.0   0   -2.2688638640547705   9.079877024310724e-7
0.13   1   -2.268863865548683   3.8238924732991424e-6
0.16   2   -2.2688638665761447   1.4053757497380604e-6
0.0   0   -2.268940581776829   1.328572926257628e-6
0.08   1   -2.2689405821883835   2.440294529652511e-6
0.13   2   -2.2689405831429967   7.518013672629264e-7
0.0   0   -2.2689647159330306   8.079148094406295e-7
0.1   1   -2.2689647169707823   3.739097732883391e-6
0.13   2   -2.2689647175439047   1.4085160247931928e-6
0.0   0   -2.269029406768012   1.3476041675112972e-6
0.08   1   -2.2690294075615594   3.47605453370316e-6
0.12   2   -2.2690294081604163   7.396066473510915e-7
0.0   0   -2.269051016456566   7.974219301884104e-7
0.08   1   -2.2690510165848137   1.911254051256086e-6
0.15   2   -2.26905101831911   1.3990736391590447e-6
0.0   0   -2.269137244230506   1.3352492400451278e-6
0.08   1   -2.2691372457208776   1.4576150483304133e-6
0.13   2   -2.269137245817498   6.858998291527966e-7
0.0   0   -2.269155982971994   7.476707216138517e-7
0.1   1   -2.269155983358292   2.8708671084791297e-6
0.16   2   -2.269155985806962   1.8332171259212053e-6
0.0   0   -2.269307329614892   1.8761140623082799e-6
0.1   1   -2.2693073305873215   3.7117938003518657e-6
0.15   2   -2.26930733190872   6.566035851438911e-7
0.0   0   -2.2693233649843867   7.261865287432586e-7
0.08   1   -2.2693233651467923   2.3064371421736154e-6
0.18   2   -2.269323377013254   3.0697448678999994e-6
0.0   0   -2.270142728142203   2.833048152419535e-6
0.08   1   -2.2701427345675538   9.395898763853564e-7
0.12   2   -2.270142734595819   3.560524628123514e-7
0.0   0   -2.2701552259088893   4.4443632632370803e-7
0.07   1   -2.2701552259198423   4.6068239074625313e-7
0.16   2   -2.270155226223664   5.134608875885341e-7
0.0   0   -2.2701776758090126   4.472721051518444e-7
0.09   1   -2.2701776759489953   1.3900605472732958e-6
0.13   2   -2.2701776760837378   4.1208423798416407e-7
0.0   0   -2.2701839432684845   3.973866750659519e-7
0.11   1   -2.270183943460378   1.6021734293801564e-6
0.15   2   -2.2701839436183078   6.483682965067744e-7
0.0   0   -2.2702124622997903   5.829468062112074e-7
0.08   1   -2.27021246253416   1.2330540844193118e-6
0.11   2   -2.2702124626089337   3.9451853928246813e-7
0.0   0   -2.2702177203912006   3.7892799495262375e-7
0.1   1   -2.270217720409204   5.946546227682328e-7
0.18   2   -2.2702177208593954   7.07107462065316e-7
0.0   0   -2.270259010804738   6.377612852830271e-7
0.08   1   -2.2702590111613286   1.1822889754240317e-6
0.12   2   -2.2702590112112517   3.738564658029243e-7
0.0   0   -2.270263153583359   3.560113653300585e-7
0.12   1   -2.270263153877918   2.4760777913941036e-6
0.17   2   -2.2702631545870284   1.098887334898187e-6
0.0   0   -2.2703593525664427   9.928304594085336e-7
0.08   1   -2.2703593533397046   1.1200173390626385e-6
0.13   2   -2.270359353389239   3.3651793943142484e-7
0.0   0   -2.2703616908564612   3.113576202425193e-7
0.07   1   -2.270361690863777   3.6141381362930336e-7
0.19   2   -2.2703616993924602   1.8176419752933621e-6
0.0   0   -2.2712775932208644   1.7655986595519912e-6
0.1   1   -2.271277595112242   4.1095291551479845e-6
0.13   2   -2.2712775960395737   1.6470161001085007e-7
0.0   0   -2.2712842955410806   2.527579771465253e-7
0.07   1   -2.2712842955438926   2.0953374948074662e-7
0.16   2   -2.2712842955912307   1.4430292875549322e-7
0.0   0   -2.271287148883685   1.3066966015272708e-7
0.1   1   -2.271287148896449   4.403639911438533e-7
0.15   2   -2.271287148924714   1.71310469964607e-7
0.0   0   -2.2712879684752507   1.7193219476473067e-7
0.1   1   -2.271287968507569   4.677229613768626e-7
0.16   2   -2.2712879685168375   1.843086749637421e-7
0.0   0   -2.2712903700982214   1.6231471161842105e-7
0.08   1   -2.2712903701150533   5.228695157149196e-7
0.13   2   -2.271290370137407   1.699186257158745e-7
0.0   0   -2.2712909757810604   1.7076983390052598e-7
0.08   1   -2.2712909757878217   3.7442421838826306e-7
0.16   2   -2.271290975821771   1.673810937397119e-7
0.0   0   -2.2712933341438197   1.4697891184430577e-7
0.1   1   -2.2712933341759247   3.7209418435913893e-7
0.13   2   -2.2712933341821633   1.5759222630073304e-7
0.0   0   -2.2712938591566507   1.5856079909291337e-7
0.1   1   -2.271293859171952   4.877035688562385e-7
0.15   2   -2.2712938591971996   1.550216380919238e-7
0.0   0   -2.271296295545739   1.494234532978579e-7
0.08   1   -2.271296295556095   4.2198862218802735e-7
0.13   2   -2.2712962955835874   1.5784540572920993e-7
0.0   0   -2.2712967396800714   1.5842077322470562e-7
0.11   1   -2.2712967397043333   5.439550430065275e-7
0.15   2   -2.2712967397211172   1.917925381632093e-7
0.0   0   -2.271299319273779   1.6950124363717488e-7
0.1   1   -2.2712993193040547   3.8669831852849713e-7
0.14   2   -2.271299319311634   1.5879500631928675e-7
0.0   0   -2.2712996912589807   1.5947014580288422e-7
0.07   1   -2.271299691261982   2.572386234201481e-7
0.13   2   -2.2712996913017074   1.8677933030761223e-7
0.0   0   -2.271302519605577   1.6599920614295548e-7
0.1   1   -2.2713025196374024   3.907292869482498e-7
0.15   2   -2.2713025196445096   1.4587978029896327e-7
0.0   0   -2.271302805401392   1.4675422604585708e-7
0.1   1   -2.2713028054360835   4.7279354535486126e-7
0.13   2   -2.2713028054482916   2.076237655022867e-7
0.0   0   -2.2713060982122224   2.1280000186485122e-7
0.07   1   -2.271306098219381   3.7972424011365376e-7
0.15   2   -2.271306098254465   1.4375134863894945e-7
0.0   0   -2.2713062664674806   1.440931619254003e-7
0.1   1   -2.2713062664810257   5.400450665173028e-7
0.15   2   -2.2713062665236943   2.4025089857491496e-7
0.0   0   -2.271310447449284   2.1494207016840885e-7
0.12   1   -2.271310447497969   1.508193676050358e-7
0.15   2   -2.2713104474992023   1.3087102167874265e-7
0.0   0   -2.2713105246481478   1.2279914836884425e-7
0.07   1   -2.271310524649256   1.50840070576557e-7
0.19   2   -2.2713105247345293   2.8982723719248917e-7
0.0   0   -2.2713173263333117   2.576752071277983e-7
0.08   1   -2.271317326381054   6.350694005220001e-7
0.12   2   -2.271317326407057   1.273483558704654e-7
0.0   0   -2.271317127856079   1.282463356203228e-7
0.08   1   -2.2713171278612605   3.707789579050199e-7
0.18   2   -2.271317128154708   5.271029159185243e-7
0.0   0   -2.2713418890693067   4.768660959998097e-7
0.09   1   -2.271341889265567   8.086499066525649e-7
0.12   2   -2.271341889294752   1.0196792759354529e-7
0.0   0   -2.2713409745990907   1.0236102843494182e-7
0.08   1   -2.2713409746000752   1.5005854996473615e-7
0.17   2   -2.2713409746811157   2.797597307179947e-7
0.0   0   -2.2713472735183764   2.6039250681487275e-7
0.09   1   -2.2713472735646287   6.28262368445307e-7
0.12   2   -2.271347273587425   9.095383920938307e-8
0.0   0   -1.155753738056226   0.03625723741247244
0.05   1   -1.216478841383456   0.030353814429770167
0.1   2   -1.2390440935359246   0.01608212598526882
0.18   3   -1.2640924048748752   0.004195379347064606
0.23   4   -1.2657183719928693   0.0007186526744582365
0.3   5   -1.2660544663440978   0.0010004824285912983
0.35   6   -1.2664799964434252   0.001584441749688246
0.38   7   -1.2665924064694798   0.0018052595536782443
0.41   8   -1.2668112845747976   0.001700762748181875
0.45   9   -1.2670474441435537   0.001217160542699928
0.52   10   -1.2672025446668165   0.000884133947223231
0.59   11   -1.2672754984815227   0.0006277897560210867
0.71   12   -1.2689080289614636   0.002633095540659418
0.79   13   -1.2691306612449909   0.0037736392899735825
0.82   14   -1.2695630421844397   0.002433697575056774
0.85   15   -1.2698704918927008   0.0014036643559617046
0.9   16   -1.2699599086148645   0.0009059216047330575
0.95   17   -1.2702709263365886   0.0008983028681618188
0.98   18   -1.2703553454136995   0.0006828003307441481
1.02   19   -1.270461190033048   0.0004458786876827258
1.09   20   -1.2704789288255955   0.00030634232955353857
1.14   21   -1.2704846823398652   4.41127789468851e-5
1.17   22   -1.2704847728410202   3.0030196304446377e-5
1.22   23   -1.2704848188980755   2.348918617348781e-5
0.0   0   -2.201375731499397   0.013813628517140587
0.05   1   -2.205127428566538   0.004595337522858972
0.1   2   -2.2059022548041485   0.00012069280179522525
0.17   3   -2.2059039027824427   0.0001740761579403716
0.22   4   -2.2059069118777934   2.17378738969455e-5
0.27   5   -2.205906965412396   1.487667047689572e-5
0.34   6   -2.2059077858547886   6.412461500642148e-5
0.0   0   -2.2613608180438174   0.0003123096459902196
0.07   1   -2.2613703194548997   0.00024552124676795146
0.14   2   -2.2613873394431927   0.00017439184652096
0.18   3   -2.2613889957523288   7.727472957775073e-5
0.25   4   -2.2613913075535463   2.6309019306819183e-5
0.3   5   -2.2613915857374667   6.977280460449502e-6
0.36   6   -2.2613915881820548   1.6496681115293843e-6
0.0   0   -2.267742714596866   2.6192854434928334e-5
0.05   1   -2.2677427570020687   1.6109562498637663e-5
0.11   2   -2.2677429104216973   4.4425834829647346e-6
0.0   0   -2.2678110264832076   4.004868276774618e-6
0.07   1   -2.267811028009651   6.5670954762567555e-6
0.18   2   -2.267811061942168   1.4880661254194831e-6
0.0   0   -2.2678828423105704   1.6166382471169533e-6
0.1   1   -2.267882845804165   9.288864058375048e-6
0.17   2   -2.267882866183613   4.142224511545085e-6
0.0   0   -2.268756781078231   4.275861339349426e-6
0.1   1   -2.268756784803463   9.179219849290158e-6
0.15   2   -2.2687567938480324   1.4278738874221235e-6
0.0   0   -2.2687679693169804   1.2714895368533363e-6
0.08   1   -2.26876796968565   2.848969339273607e-6
0.15   2   -2.268767973986405   1.0015964870042887e-6
0.0   0   -2.2688638640547705   9.079877024310724e-7
0.1   1   -2.268863865548683   3.8238924732991424e-6
0.13   2   -2.2688638665761447   1.4053757497380604e-6
0.0   0   -2.268940581776829   1.328572926257628e-6
0.08   1   -2.2689405821883835   2.440294529652511e-6
0.15   2   -2.2689405831429967   7.518013672629264e-7
0.0   0   -2.2689647159330306   8.079148094406295e-7
0.1   1   -2.2689647169707823   3.739097732883391e-6
0.13   2   -2.2689647175439047   1.4085160247931928e-6
0.0   0   -2.269029406768012   1.3476041675112972e-6
0.08   1   -2.2690294075615594   3.47605453370316e-6
0.14   2   -2.2690294081604163   7.396066473510915e-7
0.0   0   -2.269051016456566   7.974219301884104e-7
0.09   1   -2.2690510165848137   1.911254051256086e-6
0.15   2   -2.26905101831911   1.3990736391590447e-6
0.0   0   -2.269137244230506   1.3352492400451278e-6
0.11   1   -2.2691372457208776   1.4576150483304133e-6
0.14   2   -2.269137245817498   6.858998291527966e-7
0.0   0   -2.269155982971994   7.476707216138517e-7
0.1   1   -2.269155983358292   2.8708671084791297e-6
0.16   2   -2.269155985806962   1.8332171259212053e-6
0.0   0   -2.269307329614892   1.8761140623082799e-6
0.1   1   -2.2693073305873215   3.7117938003518657e-6
0.15   2   -2.26930733190872   6.566035851438911e-7
0.0   0   -2.2693233649843867   7.261865287432586e-7
0.08   1   -2.2693233651467923   2.3064371421736154e-6
0.18   2   -2.269323377013254   3.0697448678999994e-6
0.0   0   -2.270142728142203   2.833048152419535e-6
0.08   1   -2.2701427345675538   9.395898763853564e-7
0.11   2   -2.270142734595819   3.560524628123514e-7
0.0   0   -2.2701552259088893   4.4443632632370803e-7
0.07   1   -2.2701552259198423   4.6068239074625313e-7
0.17   2   -2.270155226223664   5.134608875885341e-7
0.0   0   -2.2701776758090126   4.472721051518444e-7
0.08   1   -2.2701776759489953   1.3900605472732958e-6
0.13   2   -2.2701776760837378   4.1208423798416407e-7
0.0   0   -2.2701839432684845   3.973866750659519e-7
0.12   1   -2.270183943460378   1.6021734293801564e-6
0.15   2   -2.2701839436183078   6.483682965067744e-7
0.0   0   -2.2702124622997903   5.829468062112074e-7
0.08   1   -2.27021246253416   1.2330540844193118e-6
0.11   2   -2.2702124626089337   3.9451853928246813e-7
0.0   0   -2.2702177203912006   3.7892799495262375e-7
0.1   1   -2.270217720409204   5.946546227682328e-7
0.19   2   -2.2702177208593954   7.07107462065316e-7
0.0   0   -2.270259010804738   6.377612852830271e-7
0.08   1   -2.2702590111613286   1.1822889754240317e-6
0.12   2   -2.2702590112112517   3.738564658029243e-7
0.0   0   -2.270263153583359   3.560113653300585e-7
0.12   1   -2.270263153877918   2.4760777913941036e-6
0.17   2   -2.2702631545870284   1.098887334898187e-6
0.0   0   -2.2703593525664427   9.928304594085336e-7
0.08   1   -2.2703593533397046   1.1200173390626385e-6
0.12   2   -2.270359353389239   3.3651793943142484e-7
0.0   0   -2.2703616908564612   3.113576202425193e-7
0.09   1   -2.270361690863777   3.6141381362930336e-7
0.19   2   -2.2703616993924602   1.8176419752933621e-6
0.0   0   -2.2712775932208644   1.7655986595519912e-6
0.08   1   -2.271277595112242   4.1095291551479845e-6
0.14   2   -2.2712775960395737   1.6470161001085007e-7
0.0   0   -2.2712842955410806   2.527579771465253e-7
0.08   1   -2.2712842955438926   2.0953374948074662e-7
0.16   2   -2.2712842955912307   1.4430292875549322e-7
0.0   0   -2.271287148883685   1.3066966015272708e-7
0.1   1   -2.271287148896449   4.403639911438533e-7
0.15   2   -2.271287148924714   1.71310469964607e-7
0.0   0   -2.2712879684752507   1.7193219476473067e-7
0.1   1   -2.271287968507569   4.677229613768626e-7
0.13   2   -2.2712879685168375   1.843086749637421e-7
0.0   0   -2.2712903700982214   1.6231471161842105e-7
0.1   1   -2.2712903701150533   5.228695157149196e-7
0.15   2   -2.271290370137407   1.699186257158745e-7
0.0   0   -2.2712909757810604   1.7076983390052598e-7
0.08   1   -2.2712909757878217   3.7442421838826306e-7
0.14   2   -2.271290975821771   1.673810937397119e-7
0.0   0   -2.2712933341438197   1.4697891184430577e-7
0.12   1   -2.2712933341759247   3.7209418435913893e-7
0.15   2   -2.2712933341821633   1.5759222630073304e-7
0.0   0   -2.2712938591566507   1.5856079909291337e-7
0.08   1   -2.271293859171952   4.877035688562385e-7
0.15   2   -2.2712938591971996   1.550216380919238e-7
0.0   0   -2.271296295545739   1.494234532978579e-7
0.08   1   -2.271296295556095   4.2198862218802735e-7
0.13   2   -2.2712962955835874   1.5784540572920993e-7
0.0   0   -2.2712967396800714   1.5842077322470562e-7
0.1   1   -2.2712967397043333   5.439550430065275e-7
0.15   2   -2.2712967397211172   1.917925381632093e-7
0.0   0   -2.271299319273779   1.6950124363717488e-7
0.1   1   -2.2712993193040547   3.8669831852849713e-7
0.13   2   -2.271299319311634   1.5879500631928675e-7
0.0   0   -2.2712996912589807   1.5947014580288422e-7
0.06   1   -2.271299691261982   2.572386234201481e-7
0.15   2   -2.2712996913017074   1.8677933030761223e-7
0.0   0   -2.271302519605577   1.6599920614295548e-7
0.09   1   -2.2713025196374024   3.907292869482498e-7
0.13   2   -2.2713025196445096   1.4587978029896327e-7
0.0   0   -2.271302805401392   1.4675422604585708e-7
0.12   1   -2.2713028054360835   4.7279354535486126e-7
0.15   2   -2.2713028054482916   2.076237655022867e-7
0.0   0   -2.2713060982122224   2.1280000186485122e-7
0.07   1   -2.271306098219381   3.7972424011365376e-7
0.13   2   -2.271306098254465   1.4375134863894945e-7
0.0   0   -2.2713062664674806   1.440931619254003e-7
0.12   1   -2.2713062664810257   5.400450665173028e-7
0.16   2   -2.2713062665236943   2.4025089857491496e-7
0.0   0   -2.271310447449284   2.1494207016840885e-7
0.1   1   -2.271310447497969   1.508193676050358e-7
0.13   2   -2.2713104474992023   1.3087102167874265e-7
0.0   0   -2.2713105246481478   1.2279914836884425e-7
0.06   1   -2.271310524649256   1.50840070576557e-7
0.16   2   -2.2713105247345293   2.8982723719248917e-7
0.0   0   -2.2713173263333117   2.576752071277983e-7
0.08   1   -2.271317326381054   6.350694005220001e-7
0.14   2   -2.271317326407057   1.273483558704654e-7
0.0   0   -2.271317127856079   1.282463356203228e-7
0.08   1   -2.2713171278612605   3.707789579050199e-7
0.16   2   -2.271317128154708   5.271029159185243e-7
0.0   0   -2.2713418890693067   4.768660959998097e-7
0.1   1   -2.271341889265567   8.086499066525649e-7
0.13   2   -2.271341889294752   1.0196792759354529e-7
0.0   0   -2.2713409745990907   1.0236102843494182e-7
0.06   1   -2.2713409746000752   1.5005854996473615e-7
0.14   2   -2.2713409746811157   2.797597307179947e-7
0.0   0   -2.2713472735183764   2.6039250681487275e-7
0.1   1   -2.2713472735646287   6.28262368445307e-7
0.13   2   -2.271347273587425   9.095383920938307e-8
0.0   0   -1.155753738056226   0.03625723741247244
0.05   1   -1.216478841383456   0.030353814429770167
0.1   2   -1.2390440935359246   0.01608212598526882
0.14   3   -1.2640924048748752   0.004195379347064606
0.22   4   -1.2657183719928693   0.0007186526744582365
0.29   5   -1.2660544663440978   0.0010004824285912983
0.34   6   -1.2664799964434252   0.001584441749688246
0.37   7   -1.2665924064694798   0.0018052595536782443
0.4   8   -1.2668112845747976   0.001700762748181875
0.44   9   -1.2670474441435537   0.001217160542699928
0.51   10   -1.2672025446668165   0.000884133947223231
0.58   11   -1.2672754984815227   0.0006277897560210867
0.71   12   -1.2689080289614636   0.002633095540659418
0.76   13   -1.2691306612449909   0.0037736392899735825
0.82   14   -1.2695630421844397   0.002433697575056774
0.85   15   -1.2698704918927008   0.0014036643559617046
0.9   16   -1.2699599086148645   0.0009059216047330575
0.96   17   -1.2702709263365886   0.0008983028681618188
0.99   18   -1.2703553454136995   0.0006828003307441481
1.02   19   -1.270461190033048   0.0004458786876827258
1.07   20   -1.2704789288255955   0.00030634232955353857
1.15   21   -1.2704846823398652   4.41127789468851e-5
1.19   22   -1.2704847728410202   3.0030196304446377e-5
1.24   23   -1.2704848188980755   2.348918617348781e-5
0.0   0   -2.201375731499397   0.013813628517140587
0.05   1   -2.205127428566538   0.004595337522858972
0.1   2   -2.2059022548041485   0.00012069280179522525
0.15   3   -2.2059039027824427   0.0001740761579403716
0.22   4   -2.2059069118777934   2.17378738969455e-5
0.28   5   -2.205906965412396   1.487667047689572e-5
0.36   6   -2.2059077858547886   6.412461500642148e-5
0.0   0   -2.2613608180438174   0.0003123096459902196
0.05   1   -2.2613703194548997   0.00024552124676795146
0.12   2   -2.2613873394431927   0.00017439184652096
0.18   3   -2.2613889957523288   7.727472957775073e-5
0.25   4   -2.2613913075535463   2.6309019306819183e-5
0.3   5   -2.2613915857374667   6.977280460449502e-6
0.35   6   -2.2613915881820548   1.6496681115293843e-6
0.0   0   -2.267742714596866   2.6192854434928334e-5
0.05   1   -2.2677427570020687   1.6109562498637663e-5
0.13   2   -2.2677429104216973   4.4425834829647346e-6
0.0   0   -2.2678110264832076   4.004868276774618e-6
0.07   1   -2.267811028009651   6.5670954762567555e-6
0.15   2   -2.267811061942168   1.4880661254194831e-6
0.0   0   -2.2678828423105704   1.6166382471169533e-6
0.13   1   -2.267882845804165   9.288864058375048e-6
0.19   2   -2.267882866183613   4.142224511545085e-6
0.0   0   -2.268756781078231   4.275861339349426e-6
0.08   1   -2.268756784803463   9.179219849290158e-6
0.13   2   -2.2687567938480324   1.4278738874221235e-6
0.0   0   -2.2687679693169804   1.2714895368533363e-6
0.1   1   -2.26876796968565   2.848969339273607e-6
0.16   2   -2.268767973986405   1.0015964870042887e-6
0.0   0   -2.2688638640547705   9.079877024310724e-7
0.1   1   -2.268863865548683   3.8238924732991424e-6
0.13   2   -2.2688638665761447   1.4053757497380604e-6
0.0   0   -2.268940581776829   1.328572926257628e-6
0.08   1   -2.2689405821883835   2.440294529652511e-6
0.13   2   -2.2689405831429967   7.518013672629264e-7
0.0   0   -2.2689647159330306   8.079148094406295e-7
0.1   1   -2.2689647169707823   3.739097732883391e-6
0.15   2   -2.2689647175439047   1.4085160247931928e-6
0.0   0   -2.269029406768012   1.3476041675112972e-6
0.08   1   -2.2690294075615594   3.47605453370316e-6
0.11   2   -2.2690294081604163   7.396066473510915e-7
0.0   0   -2.269051016456566   7.974219301884104e-7
0.08   1   -2.2690510165848137   1.911254051256086e-6
0.17   2   -2.26905101831911   1.3990736391590447e-6
0.0   0   -2.269137244230506   1.3352492400451278e-6
0.08   1   -2.2691372457208776   1.4576150483304133e-6
0.11   2   -2.269137245817498   6.858998291527966e-7
0.0   0   -2.269155982971994   7.476707216138517e-7
0.1   1   -2.269155983358292   2.8708671084791297e-6
0.18   2   -2.269155985806962   1.8332171259212053e-6
0.0   0   -2.269307329614892   1.8761140623082799e-6
0.08   1   -2.2693073305873215   3.7117938003518657e-6
0.13   2   -2.26930733190872   6.566035851438911e-7
0.0   0   -2.2693233649843867   7.261865287432586e-7
0.08   1   -2.2693233651467923   2.3064371421736154e-6
0.18   2   -2.269323377013254   3.0697448678999994e-6
0.0   0   -2.270142728142203   2.833048152419535e-6
0.08   1   -2.2701427345675538   9.395898763853564e-7
0.11   2   -2.270142734595819   3.560524628123514e-7
0.0   0   -2.2701552259088893   4.4443632632370803e-7
0.08   1   -2.2701552259198423   4.6068239074625313e-7
0.16   2   -2.270155226223664   5.134608875885341e-7
0.0   0   -2.2701776758090126   4.472721051518444e-7
0.08   1   -2.2701776759489953   1.3900605472732958e-6
0.13   2   -2.2701776760837378   4.1208423798416407e-7
0.0   0   -2.2701839432684845   3.973866750659519e-7
0.12   1   -2.270183943460378   1.6021734293801564e-6
0.15   2   -2.2701839436183078   6.483682965067744e-7
0.0   0   -2.2702124622997903   5.829468062112074e-7
0.08   1   -2.27021246253416   1.2330540844193118e-6
0.11   2   -2.2702124626089337   3.9451853928246813e-7
0.0   0   -2.2702177203912006   3.7892799495262375e-7
0.1   1   -2.270217720409204   5.946546227682328e-7
0.18   2   -2.2702177208593954   7.07107462065316e-7
0.0   0   -2.270259010804738   6.377612852830271e-7
0.08   1   -2.2702590111613286   1.1822889754240317e-6
0.11   2   -2.2702590112112517   3.738564658029243e-7
0.0   0   -2.270263153583359   3.560113653300585e-7
0.12   1   -2.270263153877918   2.4760777913941036e-6
0.16   2   -2.2702631545870284   1.098887334898187e-6
0.0   0   -2.2703593525664427   9.928304594085336e-7
0.08   1   -2.2703593533397046   1.1200173390626385e-6
0.11   2   -2.270359353389239   3.3651793943142484e-7
0.0   0   -2.2703616908564612   3.113576202425193e-7
0.08   1   -2.270361690863777   3.6141381362930336e-7
0.19   2   -2.2703616993924602   1.8176419752933621e-6
0.0   0   -2.2712775932208644   1.7655986595519912e-6
0.08   1   -2.271277595112242   4.1095291551479845e-6
0.13   2   -2.2712775960395737   1.6470161001085007e-7
0.0   0   -2.2712842955410806   2.527579771465253e-7
0.06   1   -2.2712842955438926   2.0953374948074662e-7
0.14   2   -2.2712842955912307   1.4430292875549322e-7
0.0   0   -2.271287148883685   1.3066966015272708e-7
0.08   1   -2.271287148896449   4.403639911438533e-7
0.15   2   -2.271287148924714   1.71310469964607e-7
0.0   0   -2.2712879684752507   1.7193219476473067e-7
0.1   1   -2.271287968507569   4.677229613768626e-7
0.13   2   -2.2712879685168375   1.843086749637421e-7
0.0   0   -2.2712903700982214   1.6231471161842105e-7
0.08   1   -2.2712903701150533   5.228695157149196e-7
0.15   2   -2.271290370137407   1.699186257158745e-7
0.0   0   -2.2712909757810604   1.7076983390052598e-7
0.08   1   -2.2712909757878217   3.7442421838826306e-7
0.14   2   -2.271290975821771   1.673810937397119e-7
0.0   0   -2.2712933341438197   1.4697891184430577e-7
0.12   1   -2.2712933341759247   3.7209418435913893e-7
0.15   2   -2.2712933341821633   1.5759222630073304e-7
0.0   0   -2.2712938591566507   1.5856079909291337e-7
0.08   1   -2.271293859171952   4.877035688562385e-7
0.13   2   -2.2712938591971996   1.550216380919238e-7
0.0   0   -2.271296295545739   1.494234532978579e-7
0.1   1   -2.271296295556095   4.2198862218802735e-7
0.15   2   -2.2712962955835874   1.5784540572920993e-7
0.0   0   -2.2712967396800714   1.5842077322470562e-7
0.09   1   -2.2712967397043333   5.439550430065275e-7
0.13   2   -2.2712967397211172   1.917925381632093e-7
0.0   0   -2.271299319273779   1.6950124363717488e-7
0.12   1   -2.2712993193040547   3.8669831852849713e-7
0.15   2   -2.271299319311634   1.5879500631928675e-7
0.0   0   -2.2712996912589807   1.5947014580288422e-7
0.07   1   -2.271299691261982   2.572386234201481e-7
0.13   2   -2.2712996913017074   1.8677933030761223e-7
0.0   0   -2.271302519605577   1.6599920614295548e-7
0.11   1   -2.2713025196374024   3.907292869482498e-7
0.15   2   -2.2713025196445096   1.4587978029896327e-7
0.0   0   -2.271302805401392   1.4675422604585708e-7
0.09   1   -2.2713028054360835   4.7279354535486126e-7
0.12   2   -2.2713028054482916   2.076237655022867e-7
0.0   0   -2.2713060982122224   2.1280000186485122e-7
0.08   1   -2.271306098219381   3.7972424011365376e-7
0.15   2   -2.271306098254465   1.4375134863894945e-7
0.0   0   -2.2713062664674806   1.440931619254003e-7
0.1   1   -2.2713062664810257   5.400450665173028e-7
0.14   2   -2.2713062665236943   2.4025089857491496e-7
0.0   0   -2.271310447449284   2.1494207016840885e-7
0.12   1   -2.271310447497969   1.508193676050358e-7
0.15   2   -2.2713104474992023   1.3087102167874265e-7
0.0   0   -2.2713105246481478   1.2279914836884425e-7
0.06   1   -2.271310524649256   1.50840070576557e-7
0.18   2   -2.2713105247345293   2.8982723719248917e-7
0.0   0   -2.2713173263333117   2.576752071277983e-7
0.08   1   -2.271317326381054   6.350694005220001e-7
0.11   2   -2.271317326407057   1.273483558704654e-7
0.0   0   -2.271317127856079   1.282463356203228e-7
0.08   1   -2.2713171278612605   3.707789579050199e-7
0.18   2   -2.271317128154708   5.271029159185243e-7
0.0   0   -2.2713418890693067   4.768660959998097e-7
0.08   1   -2.271341889265567   8.086499066525649e-7
0.11   2   -2.271341889294752   1.0196792759354529e-7
0.0   0   -2.2713409745990907   1.0236102843494182e-7
0.06   1   -2.2713409746000752   1.5005854996473615e-7
0.16   2   -2.2713409746811157   2.797597307179947e-7
0.0   0   -2.2713472735183764   2.6039250681487275e-7
0.08   1   -2.2713472735646287   6.28262368445307e-7
0.12   2   -2.271347273587425   9.095383920938307e-8
0.0   0   -1.155753738056226   0.03625723741247244
0.09   1   -1.216478841383456   0.030353814429770167
0.14   2   -1.2390440935359246   0.01608212598526882
0.2   3   -1.2640924048748752   0.004195379347064606
0.25   4   -1.2657183719928693   0.0007186526744582365
0.33   5   -1.2660544663440978   0.0010004824285912983
0.4   6   -1.2664799964434252   0.001584441749688246
0.44   7   -1.2665924064694798   0.0018052595536782443
0.47   8   -1.2668112845747976   0.001700762748181875
0.51   9   -1.2670474441435537   0.001217160542699928
0.56   10   -1.2672025446668165   0.000884133947223231
0.63   11   -1.2672754984815227   0.0006277897560210867
0.78   12   -1.2689080289614636   0.002633095540659418
0.83   13   -1.2691306612449909   0.0037736392899735825
0.85   14   -1.2695630421844397   0.002433697575056774
0.9   15   -1.2698704918927008   0.0014036643559617046
0.95   16   -1.2699599086148645   0.0009059216047330575
1.03   17   -1.2702709263365886   0.0008983028681618188
1.06   18   -1.2703553454136995   0.0006828003307441481
1.09   19   -1.270461190033048   0.0004458786876827258
1.14   20   -1.2704789288255955   0.00030634232955353857
1.19   21   -1.2704846823398652   4.41127789468851e-5
1.23   22   -1.2704847728410202   3.0030196304446377e-5
1.28   23   -1.2704848188980755   2.348918617348781e-5
0.0   0   -2.201375731499397   0.013813628517140587
0.05   1   -2.205127428566538   0.004595337522858972
0.1   2   -2.2059022548041485   0.00012069280179522525
0.15   3   -2.2059039027824427   0.0001740761579403716
0.2   4   -2.2059069118777934   2.17378738969455e-5
0.25   5   -2.205906965412396   1.487667047689572e-5
0.36   6   -2.2059077858547886   6.412461500642148e-5
0.0   0   -2.2613608180438174   0.0003123096459902196
0.05   1   -2.2613703194548997   0.00024552124676795146
0.11   2   -2.2613873394431927   0.00017439184652096
0.17   3   -2.2613889957523288   7.727472957775073e-5
0.26   4   -2.2613913075535463   2.6309019306819183e-5
0.31   5   -2.2613915857374667   6.977280460449502e-6
0.36   6   -2.2613915881820548   1.6496681115293843e-6
0.0   0   -2.267742714596866   2.6192854434928334e-5
0.05   1   -2.2677427570020687   1.6109562498637663e-5
0.12   2   -2.2677429104216973   4.4425834829647346e-6
0.0   0   -2.2678110264832076   4.004868276774618e-6
0.07   1   -2.267811028009651   6.5670954762567555e-6
0.15   2   -2.267811061942168   1.4880661254194831e-6
0.0   0   -2.2678828423105704   1.6166382471169533e-6
0.12   1   -2.267882845804165   9.288864058375048e-6
0.18   2   -2.267882866183613   4.142224511545085e-6
0.0   0   -2.268756781078231   4.275861339349426e-6
0.1   1   -2.268756784803463   9.179219849290158e-6
0.15   2   -2.2687567938480324   1.4278738874221235e-6
0.0   0   -2.2687679693169804   1.2714895368533363e-6
0.11   1   -2.26876796968565   2.848969339273607e-6
0.17   2   -2.268767973986405   1.0015964870042887e-6
0.0   0   -2.2688638640547705   9.079877024310724e-7
0.12   1   -2.268863865548683   3.8238924732991424e-6
0.15   2   -2.2688638665761447   1.4053757497380604e-6
0.0   0   -2.268940581776829   1.328572926257628e-6
0.11   1   -2.2689405821883835   2.440294529652511e-6
0.16   2   -2.2689405831429967   7.518013672629264e-7
0.0   0   -2.2689647159330306   8.079148094406295e-7
0.1   1   -2.2689647169707823   3.739097732883391e-6
0.16   2   -2.2689647175439047   1.4085160247931928e-6
0.0   0   -2.269029406768012   1.3476041675112972e-6
0.08   1   -2.2690294075615594   3.47605453370316e-6
0.12   2   -2.2690294081604163   7.396066473510915e-7
0.0   0   -2.269051016456566   7.974219301884104e-7
0.09   1   -2.2690510165848137   1.911254051256086e-6
0.17   2   -2.26905101831911   1.3990736391590447e-6
0.0   0   -2.269137244230506   1.3352492400451278e-6
0.08   1   -2.2691372457208776   1.4576150483304133e-6
0.12   2   -2.269137245817498   6.858998291527966e-7
0.0   0   -2.269155982971994   7.476707216138517e-7
0.12   1   -2.269155983358292   2.8708671084791297e-6
0.19   2   -2.269155985806962   1.8332171259212053e-6
0.0   0   -2.269307329614892   1.8761140623082799e-6
0.08   1   -2.2693073305873215   3.7117938003518657e-6
0.13   2   -2.26930733190872   6.566035851438911e-7
0.0   0   -2.2693233649843867   7.261865287432586e-7
0.11   1   -2.2693233651467923   2.3064371421736154e-6
0.19   2   -2.269323377013254   3.0697448678999994e-6
0.0   0   -2.270142728142203   2.833048152419535e-6
0.08   1   -2.2701427345675538   9.395898763853564e-7
0.12   2   -2.270142734595819   3.560524628123514e-7
0.0   0   -2.2701552259088893   4.4443632632370803e-7
0.09   1   -2.2701552259198423   4.6068239074625313e-7
0.17   2   -2.270155226223664   5.134608875885341e-7
0.0   0   -2.2701776758090126   4.472721051518444e-7
0.08   1   -2.2701776759489953   1.3900605472732958e-6
0.15   2   -2.2701776760837378   4.1208423798416407e-7
0.0   0   -2.2701839432684845   3.973866750659519e-7
0.12   1   -2.270183943460378   1.6021734293801564e-6
0.15   2   -2.2701839436183078   6.483682965067744e-7
0.0   0   -2.2702124622997903   5.829468062112074e-7
0.09   1   -2.27021246253416   1.2330540844193118e-6
0.14   2   -2.2702124626089337   3.9451853928246813e-7
0.0   0   -2.2702177203912006   3.7892799495262375e-7
0.1   1   -2.270217720409204   5.946546227682328e-7
0.18   2   -2.2702177208593954   7.07107462065316e-7
0.0   0   -2.270259010804738   6.377612852830271e-7
0.1   1   -2.2702590111613286   1.1822889754240317e-6
0.13   2   -2.2702590112112517   3.738564658029243e-7
0.0   0   -2.270263153583359   3.560113653300585e-7
0.11   1   -2.270263153877918   2.4760777913941036e-6
0.17   2   -2.2702631545870284   1.098887334898187e-6
0.0   0   -2.2703593525664427   9.928304594085336e-7
0.1   1   -2.2703593533397046   1.1200173390626385e-6
0.12   2   -2.270359353389239   3.3651793943142484e-7
0.0   0   -2.2703616908564612   3.113576202425193e-7
0.07   1   -2.270361690863777   3.6141381362930336e-7
0.21   2   -2.2703616993924602   1.8176419752933621e-6
0.0   0   -2.2712775932208644   1.7655986595519912e-6
0.08   1   -2.271277595112242   4.1095291551479845e-6
0.12   2   -2.2712775960395737   1.6470161001085007e-7
0.0   0   -2.2712842955410806   2.527579771465253e-7
0.07   1   -2.2712842955438926   2.0953374948074662e-7
0.17   2   -2.2712842955912307   1.4430292875549322e-7
0.0   0   -2.271287148883685   1.3066966015272708e-7
0.08   1   -2.271287148896449   4.403639911438533e-7
0.13   2   -2.271287148924714   1.71310469964607e-7
0.0   0   -2.2712879684752507   1.7193219476473067e-7
0.14   1   -2.271287968507569   4.677229613768626e-7
0.16   2   -2.2712879685168375   1.843086749637421e-7
0.0   0   -2.2712903700982214   1.6231471161842105e-7
0.1   1   -2.2712903701150533   5.228695157149196e-7
0.15   2   -2.271290370137407   1.699186257158745e-7
0.0   0   -2.2712909757810604   1.7076983390052598e-7
0.11   1   -2.2712909757878217   3.7442421838826306e-7
0.17   2   -2.271290975821771   1.673810937397119e-7
0.0   0   -2.2712933341438197   1.4697891184430577e-7
0.1   1   -2.2712933341759247   3.7209418435913893e-7
0.14   2   -2.2712933341821633   1.5759222630073304e-7
0.0   0   -2.2712938591566507   1.5856079909291337e-7
0.11   1   -2.271293859171952   4.877035688562385e-7
0.15   2   -2.2712938591971996   1.550216380919238e-7
0.0   0   -2.271296295545739   1.494234532978579e-7
0.1   1   -2.271296295556095   4.2198862218802735e-7
0.15   2   -2.2712962955835874   1.5784540572920993e-7
0.0   0   -2.2712967396800714   1.5842077322470562e-7
0.1   1   -2.2712967397043333   5.439550430065275e-7
0.13   2   -2.2712967397211172   1.917925381632093e-7
0.0   0   -2.271299319273779   1.6950124363717488e-7
0.1   1   -2.2712993193040547   3.8669831852849713e-7
0.16   2   -2.271299319311634   1.5879500631928675e-7
0.0   0   -2.2712996912589807   1.5947014580288422e-7
0.07   1   -2.271299691261982   2.572386234201481e-7
0.12   2   -2.2712996913017074   1.8677933030761223e-7
0.0   0   -2.271302519605577   1.6599920614295548e-7
0.14   1   -2.2713025196374024   3.907292869482498e-7
0.17   2   -2.2713025196445096   1.4587978029896327e-7
0.0   0   -2.271302805401392   1.4675422604585708e-7
0.1   1   -2.2713028054360835   4.7279354535486126e-7
0.13   2   -2.2713028054482916   2.076237655022867e-7
0.0   0   -2.2713060982122224   2.1280000186485122e-7
0.09   1   -2.271306098219381   3.7972424011365376e-7
0.16   2   -2.271306098254465   1.4375134863894945e-7
0.0   0   -2.2713062664674806   1.440931619254003e-7
0.1   1   -2.2713062664810257   5.400450665173028e-7
0.15   2   -2.2713062665236943   2.4025089857491496e-7
0.0   0   -2.271310447449284   2.1494207016840885e-7
0.12   1   -2.271310447497969   1.508193676050358e-7
0.16   2   -2.2713104474992023   1.3087102167874265e-7
0.0   0   -2.2713105246481478   1.2279914836884425e-7
0.07   1   -2.271310524649256   1.50840070576557e-7
0.19   2   -2.2713105247345293   2.8982723719248917e-7
0.0   0   -2.2713173263333117   2.576752071277983e-7
0.08   1   -2.271317326381054   6.350694005220001e-7
0.12   2   -2.271317326407057   1.273483558704654e-7
0.0   0   -2.271317127856079   1.282463356203228e-7
0.09   1   -2.2713171278612605   3.707789579050199e-7
0.19   2   -2.271317128154708   5.271029159185243e-7
0.0   0   -2.2713418890693067   4.768660959998097e-7
0.08   1   -2.271341889265567   8.086499066525649e-7
0.12   2   -2.271341889294752   1.0196792759354529e-7
0.0   0   -2.2713409745990907   1.0236102843494182e-7
0.07   1   -2.2713409746000752   1.5005854996473615e-7
0.16   2   -2.2713409746811157   2.797597307179947e-7
0.0   0   -2.2713472735183764   2.6039250681487275e-7
0.1   1   -2.2713472735646287   6.28262368445307e-7
0.13   2   -2.271347273587425   9.095383920938307e-8
0.0   0   -1.155753738056226   0.03625723741247244
0.06   1   -1.216478841383456   0.030353814429770167
0.11   2   -1.2390440935359246   0.01608212598526882
0.18   3   -1.2640924048748752   0.004195379347064606
0.24   4   -1.2657183719928693   0.0007186526744582365
0.3   5   -1.2660544663440978   0.0010004824285912983
0.35   6   -1.2664799964434252   0.001584441749688246
0.38   7   -1.2665924064694798   0.0018052595536782443
0.45   8   -1.2668112845747976   0.001700762748181875
0.48   9   -1.2670474441435537   0.001217160542699928
0.53   10   -1.2672025446668165   0.000884133947223231
0.59   11   -1.2672754984815227   0.0006277897560210867
0.75   12   -1.2689080289614636   0.002633095540659418
0.8   13   -1.2691306612449909   0.0037736392899735825
0.84   14   -1.2695630421844397   0.002433697575056774
0.87   15   -1.2698704918927008   0.0014036643559617046
0.92   16   -1.2699599086148645   0.0009059216047330575
0.97   17   -1.2702709263365886   0.0008983028681618188
1.01   18   -1.2703553454136995   0.0006828003307441481
1.06   19   -1.270461190033048   0.0004458786876827258
1.11   20   -1.2704789288255955   0.00030634232955353857
1.16   21   -1.2704846823398652   4.41127789468851e-5
1.2   22   -1.2704847728410202   3.0030196304446377e-5
1.25   23   -1.2704848188980755   2.348918617348781e-5
0.0   0   -2.201375731499397   0.013813628517140587
0.05   1   -2.205127428566538   0.004595337522858972
0.12   2   -2.2059022548041485   0.00012069280179522525
0.17   3   -2.2059039027824427   0.0001740761579403716
0.22   4   -2.2059069118777934   2.17378738969455e-5
0.27   5   -2.205906965412396   1.487667047689572e-5
0.36   6   -2.2059077858547886   6.412461500642148e-5
0.0   0   -2.2613608180438174   0.0003123096459902196
0.07   1   -2.2613703194548997   0.00024552124676795146
0.13   2   -2.2613873394431927   0.00017439184652096
0.18   3   -2.2613889957523288   7.727472957775073e-5
0.25   4   -2.2613913075535463   2.6309019306819183e-5
0.3   5   -2.2613915857374667   6.977280460449502e-6
0.37   6   -2.2613915881820548   1.6496681115293843e-6
0.0   0   -2.267742714596866   2.6192854434928334e-5
0.05   1   -2.2677427570020687   1.6109562498637663e-5
0.12   2   -2.2677429104216973   4.4425834829647346e-6
0.0   0   -2.2678110264832076   4.004868276774618e-6
0.07   1   -2.267811028009651   6.5670954762567555e-6
0.17   2   -2.267811061942168   1.4880661254194831e-6
0.0   0   -2.2678828423105704   1.6166382471169533e-6
0.1   1   -2.267882845804165   9.288864058375048e-6
0.17   2   -2.267882866183613   4.142224511545085e-6
0.0   0   -2.268756781078231   4.275861339349426e-6
0.11   1   -2.268756784803463   9.179219849290158e-6
0.15   2   -2.2687567938480324   1.4278738874221235e-6
0.0   0   -2.2687679693169804   1.2714895368533363e-6
0.08   1   -2.26876796968565   2.848969339273607e-6
0.15   2   -2.268767973986405   1.0015964870042887e-6
0.0   0   -2.2688638640547705   9.079877024310724e-7
0.11   1   -2.268863865548683   3.8238924732991424e-6
0.14   2   -2.2688638665761447   1.4053757497380604e-6
0.0   0   -2.268940581776829   1.328572926257628e-6
0.08   1   -2.2689405821883835   2.440294529652511e-6
0.15   2   -2.2689405831429967   7.518013672629264e-7
0.0   0   -2.2689647159330306   8.079148094406295e-7
0.1   1   -2.2689647169707823   3.739097732883391e-6
0.13   2   -2.2689647175439047   1.4085160247931928e-6
0.0   0   -2.269029406768012   1.3476041675112972e-6
0.08   1   -2.2690294075615594   3.47605453370316e-6
0.14   2   -2.2690294081604163   7.396066473510915e-7
0.0   0   -2.269051016456566   7.974219301884104e-7
0.08   1   -2.2690510165848137   1.911254051256086e-6
0.14   2   -2.26905101831911   1.3990736391590447e-6
0.0   0   -2.269137244230506   1.3352492400451278e-6
0.12   1   -2.2691372457208776   1.4576150483304133e-6
0.15   2   -2.269137245817498   6.858998291527966e-7
0.0   0   -2.269155982971994   7.476707216138517e-7
0.11   1   -2.269155983358292   2.8708671084791297e-6
0.18   2   -2.269155985806962   1.8332171259212053e-6
0.0   0   -2.269307329614892   1.8761140623082799e-6
0.11   1   -2.2693073305873215   3.7117938003518657e-6
0.15   2   -2.26930733190872   6.566035851438911e-7
0.0   0   -2.2693233649843867   7.261865287432586e-7
0.1   1   -2.2693233651467923   2.3064371421736154e-6
0.18   2   -2.269323377013254   3.0697448678999994e-6
0.0   0   -2.270142728142203   2.833048152419535e-6
0.08   1   -2.2701427345675538   9.395898763853564e-7
0.12   2   -2.270142734595819   3.560524628123514e-7
0.0   0   -2.2701552259088893   4.4443632632370803e-7
0.07   1   -2.2701552259198423   4.6068239074625313e-7
0.17   2   -2.270155226223664   5.134608875885341e-7
0.0   0   -2.2701776758090126   4.472721051518444e-7
0.08   1   -2.2701776759489953   1.3900605472732958e-6
0.13   2   -2.2701776760837378   4.1208423798416407e-7
0.0   0   -2.2701839432684845   3.973866750659519e-7
0.11   1   -2.270183943460378   1.6021734293801564e-6
0.17   2   -2.2701839436183078   6.483682965067744e-7
0.0   0   -2.2702124622997903   5.829468062112074e-7
0.08   1   -2.27021246253416   1.2330540844193118e-6
0.11   2   -2.2702124626089337   3.9451853928246813e-7
0.0   0   -2.2702177203912006   3.7892799495262375e-7
0.1   1   -2.270217720409204   5.946546227682328e-7
0.2   2   -2.2702177208593954   7.07107462065316e-7
0.0   0   -2.270259010804738   6.377612852830271e-7
0.08   1   -2.2702590111613286   1.1822889754240317e-6
0.12   2   -2.2702590112112517   3.738564658029243e-7
0.0   0   -2.270263153583359   3.560113653300585e-7
0.12   1   -2.270263153877918   2.4760777913941036e-6
0.17   2   -2.2702631545870284   1.098887334898187e-6
0.0   0   -2.2703593525664427   9.928304594085336e-7
0.08   1   -2.2703593533397046   1.1200173390626385e-6
0.11   2   -2.270359353389239   3.3651793943142484e-7
0.0   0   -2.2703616908564612   3.113576202425193e-7
0.1   1   -2.270361690863777   3.6141381362930336e-7
0.22   2   -2.2703616993924602   1.8176419752933621e-6
0.0   0   -2.2712775932208644   1.7655986595519912e-6
0.08   1   -2.271277595112242   4.1095291551479845e-6
0.12   2   -2.2712775960395737   1.6470161001085007e-7
0.0   0   -2.2712842955410806   2.527579771465253e-7
0.09   1   -2.2712842955438926   2.0953374948074662e-7
0.17   2   -2.2712842955912307   1.4430292875549322e-7
0.0   0   -2.271287148883685   1.3066966015272708e-7
0.08   1   -2.271287148896449   4.403639911438533e-7
0.14   2   -2.271287148924714   1.71310469964607e-7
0.0   0   -2.2712879684752507   1.7193219476473067e-7
0.1   1   -2.271287968507569   4.677229613768626e-7
0.13   2   -2.2712879685168375   1.843086749637421e-7
0.0   0   -2.2712903700982214   1.6231471161842105e-7
0.08   1   -2.2712903701150533   5.228695157149196e-7
0.15   2   -2.271290370137407   1.699186257158745e-7
0.0   0   -2.2712909757810604   1.7076983390052598e-7
0.08   1   -2.2712909757878217   3.7442421838826306e-7
0.14   2   -2.271290975821771   1.673810937397119e-7
0.0   0   -2.2712933341438197   1.4697891184430577e-7
0.13   1   -2.2712933341759247   3.7209418435913893e-7
0.17   2   -2.2712933341821633   1.5759222630073304e-7
0.0   0   -2.2712938591566507   1.5856079909291337e-7
0.08   1   -2.271293859171952   4.877035688562385e-7
0.13   2   -2.2712938591971996   1.550216380919238e-7
0.0   0   -2.271296295545739   1.494234532978579e-7
0.1   1   -2.271296295556095   4.2198862218802735e-7
0.15   2   -2.2712962955835874   1.5784540572920993e-7
0.0   0   -2.2712967396800714   1.5842077322470562e-7
0.1   1   -2.2712967397043333   5.439550430065275e-7
0.13   2   -2.2712967397211172   1.917925381632093e-7
0.0   0   -2.271299319273779   1.6950124363717488e-7
0.11   1   -2.2712993193040547   3.8669831852849713e-7
0.16   2   -2.271299319311634   1.5879500631928675e-7
0.0   0   -2.2712996912589807   1.5947014580288422e-7
0.07   1   -2.271299691261982   2.572386234201481e-7
0.13   2   -2.2712996913017074   1.8677933030761223e-7
0.0   0   -2.271302519605577   1.6599920614295548e-7
0.12   1   -2.2713025196374024   3.907292869482498e-7
0.14   2   -2.2713025196445096   1.4587978029896327e-7
0.0   0   -2.271302805401392   1.4675422604585708e-7
0.11   1   -2.2713028054360835   4.7279354535486126e-7
0.15   2   -2.2713028054482916   2.076237655022867e-7
0.0   0   -2.2713060982122224   2.1280000186485122e-7
0.07   1   -2.271306098219381   3.7972424011365376e-7
0.13   2   -2.271306098254465   1.4375134863894945e-7
0.0   0   -2.2713062664674806   1.440931619254003e-7
0.1   1   -2.2713062664810257   5.400450665173028e-7
0.16   2   -2.2713062665236943   2.4025089857491496e-7
0.0   0   -2.271310447449284   2.1494207016840885e-7
0.11   1   -2.271310447497969   1.508193676050358e-7
0.15   2   -2.2713104474992023   1.3087102167874265e-7
0.0   0   -2.2713105246481478   1.2279914836884425e-7
0.07   1   -2.271310524649256   1.50840070576557e-7
0.17   2   -2.2713105247345293   2.8982723719248917e-7
0.0   0   -2.2713173263333117   2.576752071277983e-7
0.08   1   -2.271317326381054   6.350694005220001e-7
0.12   2   -2.271317326407057   1.273483558704654e-7
0.0   0   -2.271317127856079   1.282463356203228e-7
0.11   1   -2.2713171278612605   3.707789579050199e-7
0.19   2   -2.271317128154708   5.271029159185243e-7
0.0   0   -2.2713418890693067   4.768660959998097e-7
0.1   1   -2.271341889265567   8.086499066525649e-7
0.13   2   -2.271341889294752   1.0196792759354529e-7
0.0   0   -2.2713409745990907   1.0236102843494182e-7
0.09   1   -2.2713409746000752   1.5005854996473615e-7
0.18   2   -2.2713409746811157   2.797597307179947e-7
0.0   0   -2.2713472735183764   2.6039250681487275e-7
0.08   1   -2.2713472735646287   6.28262368445307e-7
0.12   2   -2.271347273587425   9.095383920938307e-8
