0.0   0   -1.155753738056226   0.03625723741247244
4.66   1   -1.216478841383456   0.030353814429770167
4.71   2   -1.2390440935359246   0.01608212598526882
4.78   3   -1.2640924048748752   0.004195379347064606
4.83   4   -1.2657183719928693   0.0007186526744582365
4.9   5   -1.2660544663440978   0.0010004824285912983
4.95   6   -1.2664799964434252   0.001584441749688246
5.0   7   -1.2665924064694798   0.0018052595536782443
5.03   8   -1.2668112845747976   0.001700762748181875
5.07   9   -1.2670474441435537   0.001217160542699928
5.12   10   -1.2672025446668165   0.000884133947223231
5.2   11   -1.2672754984815227   0.0006277897560210867
5.34   12   -1.2689080289614636   0.002633095540659418
5.39   13   -1.2691306612449909   0.0037736392899735825
5.44   14   -1.2695630421844397   0.002433697575056774
5.48   15   -1.2698704918927008   0.0014036643559617046
5.53   16   -1.2699599086148645   0.0009059216047330575
5.58   17   -1.2702709263365886   0.0008983028681618188
5.61   18   -1.2703553454136995   0.0006828003307441481
5.66   19   -1.270461190033048   0.0004458786876827258
5.71   20   -1.2704789288255955   0.00030634232955353857
5.76   21   -1.2704846823398652   4.41127789468851e-5
5.79   22   -1.2704847728410202   3.0030196304446377e-5
5.84   23   -1.2704848188980755   2.348918617348781e-5
0.0   0   -2.201375731499397   0.013813628517140587
0.07   1   -2.205127428566538   0.004595337522858972
0.12   2   -2.2059022548041485   0.00012069280179522525
0.16   3   -2.2059039027824427   0.0001740761579403716
0.21   4   -2.2059069118777934   2.17378738969455e-5
0.28   5   -2.205906965412396   1.487667047689572e-5
0.36   6   -2.2059077858547886   6.412461500642148e-5
0.0   0   -2.2613608180438174   0.0003123096459902196
0.06   1   -2.2613703194548997   0.00024552124676795146
0.14   2   -2.2613873394431927   0.00017439184652096
0.18   3   -2.2613889957523288   7.727472957775073e-5
0.25   4   -2.2613913075535463   2.6309019306819183e-5
0.3   5   -2.2613915857374667   6.977280460449502e-6
0.37   6   -2.2613915881820548   1.6496681115293843e-6
0.0   0   -2.267742714596866   2.6192854434928334e-5
0.05   1   -2.2677427570020687   1.6109562498637663e-5
0.12   2   -2.2677429104216973   4.4425834829647346e-6
0.0   0   -2.2678110264832076   4.004868276774618e-6
0.08   1   -2.267811028009651   6.5670954762567555e-6
0.16   2   -2.267811061942168   1.4880661254194831e-6
0.0   0   -2.2678828423105704   1.6166382471169533e-6
0.11   1   -2.267882845804165   9.288864058375048e-6
0.17   2   -2.267882866183613   4.142224511545085e-6
0.0   0   -2.268756781078231   4.275861339349426e-6
0.08   1   -2.268756784803463   9.179219849290158e-6
0.14   2   -2.2687567938480324   1.4278738874221235e-6
0.0   0   -2.2687679693169804   1.2714895368533363e-6
0.08   1   -2.26876796968565   2.848969339273607e-6
0.14   2   -2.268767973986405   1.0015964870042887e-6
0.0   0   -2.2688638640547705   9.079877024310724e-7
0.1   1   -2.268863865548683   3.8238924732991424e-6
0.13   2   -2.2688638665761447   1.4053757497380604e-6
0.0   0   -2.268940581776829   1.328572926257628e-6
0.1   1   -2.2689405821883835   2.440294529652511e-6
0.15   2   -2.2689405831429967   7.518013672629264e-7
0.0   0   -2.2689647159330306   8.079148094406295e-7
0.1   1   -2.2689647169707823   3.739097732883391e-6
0.14   2   -2.2689647175439047   1.4085160247931928e-6
0.0   0   -2.269029406768012   1.3476041675112972e-6
0.08   1   -2.2690294075615594   3.47605453370316e-6
0.11   2   -2.2690294081604163   7.396066473510915e-7
0.0   0   -2.269051016456566   7.974219301884104e-7
0.09   1   -2.2690510165848137   1.911254051256086e-6
0.16   2   -2.26905101831911   1.3990736391590447e-6
0.0   0   -2.269137244230506   1.3352492400451278e-6
0.1   1   -2.2691372457208776   1.4576150483304133e-6
0.13   2   -2.269137245817498   6.858998291527966e-7
0.0   0   -2.269155982971994   7.476707216138517e-7
0.1   1   -2.269155983358292   2.8708671084791297e-6
0.17   2   -2.269155985806962   1.8332171259212053e-6
0.0   0   -2.269307329614892   1.8761140623082799e-6
0.08   1   -2.2693073305873215   3.7117938003518657e-6
0.13   2   -2.26930733190872   6.566035851438911e-7
0.0   0   -2.2693233649843867   7.261865287432586e-7
0.09   1   -2.2693233651467923   2.3064371421736154e-6
0.17   2   -2.269323377013254   3.0697448678999994e-6
0.0   0   -2.270142728142203   2.833048152419535e-6
0.09   1   -2.2701427345675538   9.395898763853564e-7
0.13   2   -2.270142734595819   3.560524628123514e-7
0.0   0   -2.2701552259088893   4.4443632632370803e-7
0.06   1   -2.2701552259198423   4.6068239074625313e-7
0.16   2   -2.270155226223664   5.134608875885341e-7
0.0   0   -2.2701776758090126   4.472721051518444e-7
0.08   1   -2.2701776759489953   1.3900605472732958e-6
0.13   2   -2.2701776760837378   4.1208423798416407e-7
