0.0   0   -1.1399522820857344   0.05550871181412971
0.05   1   -1.2000387884044452   0.04893115878075777
0.12   2   -1.2307874360507962   0.02178508398423986
0.17   3   -1.2524717715142082   0.004678556716882888
0.22   4   -1.2534815974263538   0.0009067384464695244
0.3   5   -1.2538844417747572   0.0006991592837914378
0.4   6   -1.2548484400861266   0.0007985274027804944
0.43   7   -1.2548794240670669   0.0008562127598009967
0.48   8   -1.2549537033538265   0.0012328885392328165
0.55   9   -1.2553705158807356   0.003096082488178994
0.66   10   -1.2554795139003454   0.003963759639370811
0.71   11   -1.2557244184885707   0.004600974597572158
0.76   12   -1.2565652978932929   0.0015126521468823598
0.8   13   -1.2566251711483831   0.0015691648359156926
0.91   14   -1.2575297960536491   0.0015646883238414583
0.98   15   -1.2576732434889824   0.001552606017160039
1.01   16   -1.2578292881646194   0.0005209461899184976
1.05   17   -1.2579263673864363   0.0005375700985488079
1.09   18   -1.2579851325076659   0.0005312715953847864
1.13   19   -1.2580051452286947   0.00010973986378191756
1.2   20   -1.2580071654385583   6.751300200033763e-5
1.25   21   -1.2580078988773347   4.3181093874696616e-5
1.3   22   -1.258008742700681   8.297434898348116e-5
0.0   0   -2.2353895259798757   0.013077533663031918
0.05   1   -2.239085810323982   0.005303296763853495
0.11   2   -2.2397064252058745   0.0002915897967235335
0.2   3   -2.2397287202071485   0.0006444626979973951
0.26   4   -2.2397392465384236   1.2107913608183766e-5
0.32   5   -2.2397392808313765   1.2771230672635981e-5
0.38   6   -2.239740232282101   4.357238744930771e-5
0.0   0   -2.287108404866037   0.0003872463113379612
0.08   1   -2.287118037051712   0.00034282630320483864
0.15   2   -2.287139821462924   0.00027225142746550895
0.2   3   -2.28714179011782   5.8455620382018694e-5
0.27   4   -2.2871421292698626   7.994498615154141e-5
0.0   0   -2.2945287548734914   3.98136099818881e-5
0.11   1   -2.2945290696977407   0.00012873560126324063
0.18   2   -2.294530707196485   2.5576666671420505e-5
0.0   0   -2.295905689909501   2.4245461199221326e-5
0.1   1   -2.2959061374129623   7.451517675266665e-5
0.15   2   -2.2959062669551895   1.326056170125228e-5
0.0   0   -2.2964733302202007   1.2188797638317574e-5
0.07   1   -2.296473346912017   3.185957835069415e-5
0.13   2   -2.296473568018024   7.409923642494589e-6
0.0   0   -2.2966905364322496   7.187750479046473e-6
0.1   1   -2.2966905565175963   2.111798339572584e-5
0.15   2   -2.296690592923361   4.757149200946793e-6
0.0   0   -2.2967871970187996   3.807406101624045e-6
0.1   1   -2.2967872183477733   2.634569813720924e-6
0.13   2   -2.2967872187125775   2.3245730747408634e-6
0.0   0   -2.296851987575386   1.8632604265929426e-6
0.09   1   -2.2968519878982723   2.6967883291706e-6
0.15   2   -2.2968519913264434   1.1857719080669839e-6
0.0   0   -2.296882678719092   8.568922417737062e-7
0.07   1   -2.296882678782848   2.1924837463072374e-6
0.17   2   -2.2968826812967915   1.1652318675556182e-6
0.0   0   -2.2969909329027325   1.1722362294427824e-6
0.1   1   -2.296990933472847   3.7434721502301683e-6
0.13   2   -2.2969909339159624   7.435322626787517e-7
0.0   0   -2.297021152436466   6.444751124111868e-7
0.11   1   -2.2970211528129343   3.0349150367100244e-6
0.16   2   -2.297021153449549   9.507145803640005e-7
0.0   0   -2.2970803442251913   9.56365399138893e-7
0.1   1   -2.297080345069697   6.919187742838119e-7
0.15   2   -2.29708034534179   3.5334411387537143e-6
0.0   0   -2.297131979871162   3.2597930032179325e-6
0.07   1   -2.297131980100722   6.424574684946095e-7
0.16   2   -2.2971319811881363   1.0550291153959209e-6
0.0   0   -2.2972081002699563   1.1546691912799803e-6
0.08   1   -2.2972081004655798   2.6773590652900487e-6
0.15   2   -2.2972081012436956   7.245574328126495e-7
0.0   0   -2.2972334886239194   5.920463350113079e-7
0.08   1   -2.297233488766346   2.4347268837466256e-6
0.15   2   -2.2972334900689586   1.1554886173129601e-6
0.0   0   -2.2973441213253194   1.1840477020268798e-6
0.12   1   -2.2973441224464493   2.80185451340906e-6
0.15   2   -2.297344122597044   6.946614621639944e-7
0.0   0   -2.2973676726901666   5.301089761605195e-7
0.1   1   -2.297367672900908   2.8563033723594397e-6
0.18   2   -2.29736767565657   1.557502465589539e-6
0.0   0   -2.2976258344079348   1.6008944587424695e-6
0.1   1   -2.29762583681782   2.625399970901122e-6
0.13   2   -2.297625836940542   5.823642426181702e-7
0.0   0   -2.2976490716005196   5.184705817429623e-7
0.11   1   -2.2976490716409836   1.4462343608001888e-6
0.23   2   -2.2976491153837157   2.615401527960203e-6
0.0   0   -2.301829614179768   2.6647678535760223e-6
0.08   1   -2.3018296146026844   4.151124280766715e-6
0.17   2   -2.3018296190948053   1.4695606285396932e-7
0.0   0   -2.301815409192045   3.7926420223142827e-7
0.07   1   -2.301815409195052   2.9230013025860793e-7
0.16   2   -2.3018154092947594   2.66095765987151e-7
0.0   0   -2.301814402293629   2.796616452570391e-7
0.1   1   -2.3018144023122034   8.199768576890584e-7
0.15   2   -2.3018144023891356   2.1443329354603664e-7
0.0   0   -2.30181752939156   1.8897874579362147e-7
0.1   1   -2.3018175294159184   8.443011217596627e-7
0.15   2   -2.3018175294930927   2.676480882121018e-7
0.0   0   -2.301816578102896   2.7580723091523127e-7
0.1   1   -2.301816578153007   1.0897790683679738e-6
0.14   2   -2.3018165781985878   2.120584486951748e-7
0.0   0   -2.3018196182866992   1.857103685843543e-7
0.11   1   -2.301819618320622   9.056419491107189e-7
0.17   2   -2.301819618390969   2.755039682472724e-7
0.0   0   -2.301818665768104   2.839983830432994e-7
0.1   1   -2.3018186658302016   1.0688884045732146e-6
0.13   2   -2.3018186658654893   2.067439427653367e-7
0.0   0   -2.301821621765426   1.7998535369584748e-7
0.12   1   -2.301821621802248   9.473768244754058e-7
0.18   2   -2.301821621875314   2.883892031974377e-7
0.0   0   -2.3018206513945016   2.972013040641076e-7
0.1   1   -2.301820651465193   1.0462443041001644e-6
0.13   2   -2.3018206514959654   1.995571373180116e-7
0.0   0   -2.3018235489057024   1.7218874588152194e-7
0.1   1   -2.301823548939078   9.392187463290279e-7
0.15   2   -2.30182354902669   3.10332062850496e-7
0.0   0   -1.1399522820857344   0.05550871181412971
0.05   1   -1.2000387884044452   0.04893115878075777
0.1   2   -1.2307874360507962   0.02178508398423986
0.15   3   -1.2524717715142082   0.004678556716882888
0.2   4   -1.2534815974263538   0.0009067384464695244
0.3   5   -1.2538844417747572   0.0006991592837914378
0.38   6   -1.2548484400861266   0.0007985274027804944
0.42   7   -1.2548794240670669   0.0008562127598009967
0.47   8   -1.2549537033538265   0.0012328885392328165
0.56   9   -1.2553705158807356   0.003096082488178994
0.66   10   -1.2554795139003454   0.003963759639370811
0.71   11   -1.2557244184885707   0.004600974597572158
0.76   12   -1.2565652978932929   0.0015126521468823598
0.81   13   -1.2566251711483831   0.0015691648359156926
0.91   14   -1.2575297960536491   0.0015646883238414583
0.98   15   -1.2576732434889824   0.001552606017160039
1.01   16   -1.2578292881646194   0.0005209461899184976
1.07   17   -1.2579263673864363   0.0005375700985488079
1.12   18   -1.2579851325076659   0.0005312715953847864
1.16   19   -1.2580051452286947   0.00010973986378191756
1.21   20   -1.2580071654385583   6.751300200033763e-5
1.26   21   -1.2580078988773347   4.3181093874696616e-5
1.3   22   -1.258008742700681   8.297434898348116e-5
0.0   0   -2.2353895259798757   0.013077533663031918
0.07   1   -2.239085810323982   0.005303296763853495
0.12   2   -2.2397064252058745   0.0002915897967235335
0.18   3   -2.2397287202071485   0.0006444626979973951
0.23   4   -2.2397392465384236   1.2107913608183766e-5
0.3   5   -2.2397392808313765   1.2771230672635981e-5
0.37   6   -2.239740232282101   4.357238744930771e-5
0.0   0   -2.287108404866037   0.0003872463113379612
0.07   1   -2.287118037051712   0.00034282630320483864
0.13   2   -2.287139821462924   0.00027225142746550895
0.2   3   -2.28714179011782   5.8455620382018694e-5
0.26   4   -2.2871421292698626   7.994498615154141e-5
0.0   0   -2.2945287548734914   3.98136099818881e-5
0.08   1   -2.2945290696977407   0.00012873560126324063
0.15   2   -2.294530707196485   2.5576666671420505e-5
0.0   0   -2.295905689909501   2.4245461199221326e-5
0.1   1   -2.2959061374129623   7.451517675266665e-5
0.13   2   -2.2959062669551895   1.326056170125228e-5
0.0   0   -2.2964733302202007   1.2188797638317574e-5
0.07   1   -2.296473346912017   3.185957835069415e-5
0.15   2   -2.296473568018024   7.409923642494589e-6
0.0   0   -2.2966905364322496   7.187750479046473e-6
0.08   1   -2.2966905565175963   2.111798339572584e-5
0.13   2   -2.296690592923361   4.757149200946793e-6
0.0   0   -2.2967871970187996   3.807406101624045e-6
0.11   1   -2.2967872183477733   2.634569813720924e-6
0.15   2   -2.2967872187125775   2.3245730747408634e-6
0.0   0   -2.296851987575386   1.8632604265929426e-6
0.07   1   -2.2968519878982723   2.6967883291706e-6
0.13   2   -2.2968519913264434   1.1857719080669839e-6
0.0   0   -2.296882678719092   8.568922417737062e-7
0.08   1   -2.296882678782848   2.1924837463072374e-6
0.17   2   -2.2968826812967915   1.1652318675556182e-6
0.0   0   -2.2969909329027325   1.1722362294427824e-6
0.1   1   -2.296990933472847   3.7434721502301683e-6
0.15   2   -2.2969909339159624   7.435322626787517e-7
0.0   0   -2.297021152436466   6.444751124111868e-7
0.1   1   -2.2970211528129343   3.0349150367100244e-6
0.14   2   -2.297021153449549   9.507145803640005e-7
0.0   0   -2.2970803442251913   9.56365399138893e-7
0.12   1   -2.297080345069697   6.919187742838119e-7
0.16   2   -2.29708034534179   3.5334411387537143e-6
0.0   0   -2.297131979871162   3.2597930032179325e-6
0.05   1   -2.297131980100722   6.424574684946095e-7
0.15   2   -2.2971319811881363   1.0550291153959209e-6
0.0   0   -2.2972081002699563   1.1546691912799803e-6
0.08   1   -2.2972081004655798   2.6773590652900487e-6
0.13   2   -2.2972081012436956   7.245574328126495e-7
0.0   0   -2.2972334886239194   5.920463350113079e-7
0.08   1   -2.297233488766346   2.4347268837466256e-6
0.17   2   -2.2972334900689586   1.1554886173129601e-6
0.0   0   -2.2973441213253194   1.1840477020268798e-6
0.1   1   -2.2973441224464493   2.80185451340906e-6
0.13   2   -2.297344122597044   6.946614621639944e-7
0.0   0   -2.2973676726901666   5.301089761605195e-7
0.11   1   -2.297367672900908   2.8563033723594397e-6
0.18   2   -2.29736767565657   1.557502465589539e-6
0.0   0   -2.2976258344079348   1.6008944587424695e-6
0.1   1   -2.29762583681782   2.625399970901122e-6
0.15   2   -2.297625836940542   5.823642426181702e-7
0.0   0   -2.2976490716005196   5.184705817429623e-7
0.08   1   -2.2976490716409836   1.4462343608001888e-6
0.19   2   -2.2976491153837157   2.615401527960203e-6
0.0   0   -2.301829614179768   2.6647678535760223e-6
0.08   1   -2.3018296146026844   4.151124280766715e-6
0.15   2   -2.3018296190948053   1.4695606285396932e-7
0.0   0   -2.301815409192045   3.7926420223142827e-7
0.07   1   -2.301815409195052   2.9230013025860793e-7
0.16   2   -2.3018154092947594   2.66095765987151e-7
0.0   0   -2.301814402293629   2.796616452570391e-7
0.08   1   -2.3018144023122034   8.199768576890584e-7
0.13   2   -2.3018144023891356   2.1443329354603664e-7
0.0   0   -2.30181752939156   1.8897874579362147e-7
0.12   1   -2.3018175294159184   8.443011217596627e-7
0.16   2   -2.3018175294930927   2.676480882121018e-7
0.0   0   -2.301816578102896   2.7580723091523127e-7
0.1   1   -2.301816578153007   1.0897790683679738e-6
0.13   2   -2.3018165781985878   2.120584486951748e-7
0.0   0   -2.3018196182866992   1.857103685843543e-7
0.1   1   -2.301819618320622   9.056419491107189e-7
0.15   2   -2.301819618390969   2.755039682472724e-7
0.0   0   -2.301818665768104   2.839983830432994e-7
0.12   1   -2.3018186658302016   1.0688884045732146e-6
0.15   2   -2.3018186658654893   2.067439427653367e-7
0.0   0   -2.301821621765426   1.7998535369584748e-7
0.1   1   -2.301821621802248   9.473768244754058e-7
0.15   2   -2.301821621875314   2.883892031974377e-7
0.0   0   -2.3018206513945016   2.972013040641076e-7
0.11   1   -2.301820651465193   1.0462443041001644e-6
0.15   2   -2.3018206514959654   1.995571373180116e-7
0.0   0   -2.3018235489057024   1.7218874588152194e-7
0.1   1   -2.301823548939078   9.392187463290279e-7
0.17   2   -2.30182354902669   3.10332062850496e-7
