0.0   0   -1.138183275247631   0.015666342854955342
0.11   1   -1.219163945111078   0.04424551961762955
0.18   2   -1.2230914372559643   0.05402423551729355
0.23   3   -1.23099955171028   0.03210022200666902
0.26   4   -1.2338658819187465   0.0483995807734835
0.3   5   -1.237412414374386   0.03366404721337191
0.35   6   -1.2387623626889144   0.013072432984812817
0.4   7   -1.2399702534693613   0.017047587535758208
0.45   8   -1.242851748492054   0.027158646410434962
0.49   9   -1.245190598809914   0.007134229622026587
0.54   10   -1.2457630714476864   0.008762821541336991
0.59   11   -1.2460072069113803   0.0066923757785350545
0.66   12   -1.2462033690564311   0.00446340941770013
0.71   13   -1.2463777950407215   0.0022857867846255947
0.76   14   -1.2464862629593618   0.002884526663069552
0.81   15   -1.2465996078604717   0.0037541490646683336
0.86   16   -1.2467957809231207   0.0015490909957476225
0.92   17   -1.2468275096776171   0.0011993585814385485
0.97   18   -1.246846924133737   0.0011692767776660196
1.02   19   -1.246855898262514   0.0004621389019603931
1.08   20   -1.2468584608508142   0.0004135135722611201
1.12   21   -1.2468647940410724   0.00045203465392732356
1.21   22   -1.2468782504884215   0.0006685394718996404
1.24   23   -1.2468840817860816   0.0003334698858362043
1.29   24   -1.2468887803070448   0.0007822976566924047
1.34   25   -1.246890924943897   0.0001616891228194153
1.38   26   -1.2468912736560887   0.00011600913041188934
1.43   27   -1.246891478408941   9.52985307436545e-5
0.0   0   -1.56938629602015   0.03650188257809656
0.05   1   -1.578350056016804   0.02329101024932089
0.08   2   -1.5802382401792712   0.00937893502876329
0.12   3   -1.5806150341400347   0.011973880329014249
0.18   4   -1.5807160035024033   0.017822702413523503
0.26   5   -1.5816130100210524   0.005385221776135869
0.3   6   -1.581635699512351   0.007386172722220041
0.37   7   -1.5817311841018848   0.004856692558003035
0.4   8   -1.5818877449124527   0.011142643671918619
0.43   9   -1.5819075897630466   0.0017720108749197507
0.49   10   -1.5819094742079836   0.0020616651036627566
0.56   11   -1.581931324666268   0.0008284408310097381
0.62   12   -1.5819357058393457   0.0011121965175305976
0.68   13   -1.5819380498252746   0.0012468231960323533
0.73   14   -1.5819384149488283   0.0004213497168659841
0.8   15   -1.5819391350611895   0.0007775133050580103
0.0   0   -1.5764975525222087   0.03474441590758892
0.11   1   -1.577462480776521   0.011314315106637147
0.16   2   -1.5775933092303216   0.0010263669303203862
0.21   3   -1.577596932630736   0.0014465676208056228
0.33   4   -1.577618122554777   0.011938117415665524
0.69   5   -1.5776190729966504   0.014882265428079937
0.75   6   -1.5776672166261718   0.0121934832740211
0.83   7   -1.5777575503782675   0.009961592407786796
0.87   8   -1.5777596187367244   0.014566812317006008
0.9   9   -1.5777708797277163   0.00784052568565071
0.95   10   -1.577773023159542   0.0010724131557074035
1.0   11   -1.5777730818997358   0.0012478222015857843
1.07   12   -1.5777744891891095   0.004322842694657507
0.0   0   -1.576307433835189   0.07337097960644325
0.21   1   -1.5763308003284386   0.008670617549604426
0.27   2   -1.5764714268522921   0.00013344049633360217
0.34   3   -1.5764716354536303   0.00024122195372116388
0.39   4   -1.5764719304774815   6.621582253460652e-5
0.0   0   -1.5843472853668432   0.000275919644926049
0.04   1   -1.584347418221875   7.953075866725233e-5
0.1   2   -1.584347498102741   0.00017410603167855246
0.0   0   -1.5844601385169537   0.00018266401599728997
0.03   1   -1.5844601986115232   8.855596342236555e-5
0.11   2   -1.5844603773670336   0.00022319348404744037
0.0   0   -1.5847640235408584   0.00021845713116229145
0.05   1   -1.5847641263185916   9.053588920960132e-5
0.12   2   -1.5847641805536954   8.142335523520128e-5
0.0   0   -1.5848273929999865   9.38545217577721e-5
0.03   1   -1.5848274142937198   7.999674641430627e-5
0.1   2   -1.5848275391616693   0.00011740734500592724
0.0   0   -1.585126504473842   0.00011382485056812566
0.03   1   -1.5851265583587364   8.760012777588425e-5
0.1   2   -1.585126603136202   5.7732385742607245e-5
0.0   0   -1.5851577429483465   5.1362256081417994e-5
0.05   1   -1.5851577693675825   9.171791909060925e-5
0.11   2   -1.5851578544984952   0.00010964812251576173
0.0   0   -1.5855193527678724   0.00010516683158744539
0.04   1   -1.5855194164060218   7.202441171925274e-5
0.07   2   -1.5855194333709468   3.789671262339791e-5
0.0   0   -1.58553914951845   3.471227089877066e-5
0.08   1   -1.585539164644217   7.322976513076723e-5
0.14   2   -1.5855392681335427   0.00012958340119773295
0.0   0   -1.5861064221174028   0.00012488014724669334
0.03   1   -1.5861064904441164   6.144264512562122e-5
0.07   2   -1.5861065006671993   2.0991311169517463e-5
0.0   0   -1.5861208447601847   2.1919740820101625e-5
0.05   1   -1.5861208536985485   5.8097482221771476e-5
0.13   2   -1.5861209710000013   9.356263274056617e-5
0.0   0   -1.58708006969943   8.909108693336015e-5
0.03   1   -1.5870801301630812   4.9976248040101354e-5
0.07   2   -1.5870801421983949   4.1297620985198845e-5
0.0   0   -1.5870939648917628   3.7753737863192566e-5
0.03   1   -1.587093973355084   3.8331949627702174e-5
0.08   2   -1.5870939934025863   4.886685052551116e-5
0.0   0   -1.5872012955640407   4.7519820315270874e-5
0.05   1   -1.5872013049574   2.9473910654773727e-5
0.08   2   -1.5872013090110206   2.1794515629084218e-5
0.0   0   -1.5872380823043555   2.0387815297599987e-5
0.03   1   -1.5872380860859598   2.9415168183623663e-5
0.08   2   -1.5872380968681992   5.151641323482958e-5
0.0   0   -1.5873576033774581   4.963657698082589e-5
0.03   1   -1.587357612917124   2.9726278083598947e-5
0.07   2   -1.587357616860174   2.063414010895086e-5
0.0   0   -1.5873905031487312   1.9170687808472054e-5
0.05   1   -1.587390506833334   2.9619107513399258e-5
0.1   2   -1.5873905182264232   5.4046672150857336e-5
0.0   0   -1.5875220686199771   5.2068605647605374e-5
0.03   1   -1.587522078767873   2.934863030862427e-5
0.07   2   -1.5875220824970016   1.9401654189362552e-5
0.0   0   -1.587551156360095   1.7882107133224722e-5
0.03   1   -1.5875511598477243   2.9336203811307835e-5
0.1   2   -1.5875511726275875   5.772014686419988e-5
0.0   0   -1.587702621645244   5.5631213424505665e-5
0.03   1   -1.5877026330551771   2.8839601763916647e-5
0.07   2   -1.5877026365063522   1.7917119684045208e-5
0.0   0   -1.5877277280588102   1.632238257013761e-5
0.04   1   -1.5877277312930382   2.8921943515512925e-5
0.1   2   -1.5877277468642668   6.353845702548846e-5
0.0   0   -1.5879156835801647   6.127112917711259e-5
0.03   1   -1.5879156974801965   2.82009822145984e-5
0.08   2   -1.5879157006095128   1.617925172866792e-5
0.0   0   -1.587936364889699   1.4457582333663342e-5
0.04   1   -1.5879363678365528   2.8391456435376995e-5
0.1   2   -1.5879363897948682   7.39385875006106e-5
0.0   0   -1.588204844082502   7.132920549789193e-5
0.03   1   -1.5882048635240489   2.719000889533707e-5
0.07   2   -1.5882048662637271   1.4076429476180787e-5
0.0   0   -1.5882200672090945   1.298147098691801e-5
0.03   1   -1.588220069820423   2.7512738778396423e-5
0.11   2   -1.5882201135215674   9.808978402009295e-5
0.0   0   -1.5887600444619165   9.461162523132044e-5
0.03   1   -1.5887600814710767   2.463019520989864e-5
0.07   2   -1.5887600836185678   1.250530751515905e-5
0.0   0   -1.5887663498296272   1.1922613758184357e-5
0.03   1   -1.5887663519558024   2.5129746708732518e-5
0.14   2   -1.5887668008891005   0.0001981725726610453
0.0   0   -1.5958264556136736   0.00019003528131855135
0.03   1   -1.595826631704559   1.90158569218145e-5
0.07   2   -1.5958266330961073   4.840072167082198e-6
0.0   0   -1.5958029413800678   1.2081301128226733e-5
0.05   1   -1.5958029422227904   8.555024449400204e-6
0.1   2   -1.5958029434016994   1.3077876415634271e-5
0.0   0   -1.5958433520504072   1.2098876915200156e-5
0.03   1   -1.5958433530791791   8.071391805964239e-6
0.1   2   -1.59584335392258   1.2042939221935051e-5
0.0   0   -1.5958729631579511   1.154855988394008e-5
0.03   1   -1.5958729638976736   8.596083877545983e-6
0.08   2   -1.595872964911746   1.0391138501984025e-5
0.0   0   -1.595907056271761   9.915858573363364e-6
0.03   1   -1.595907057187061   8.427203074846673e-6
0.08   2   -1.5959070579483055   1.1967222625640825e-5
0.0   0   -1.595935419717834   1.1385528683994847e-5
0.05   1   -1.5959354204008465   8.58295756302341e-6
0.1   2   -1.5959354214092758   1.0200935952974912e-5
0.0   0   -1.595968609680884   9.756428112933172e-6
0.03   1   -1.595968610596632   8.426258210435366e-6
0.09   2   -1.5959686113037446   1.1796829746191941e-5
0.0   0   -1.5959961739707569   1.1180085064834443e-5
0.03   1   -1.5959961746108435   8.479303710914475e-6
0.1   2   -1.595996175640668   1.0695914933995992e-5
0.0   0   -1.59602973150045   1.0082599666025755e-5
0.03   1   -1.5960297324372945   8.334996324606701e-6
0.08   2   -1.5960297331015585   1.1558302919104493e-5
0.0   0   -1.5960565304012024   1.0921168192971792e-5
0.03   1   -1.5960565310052697   8.348944676622538e-6
0.08   2   -1.5960565320709785   1.1196072276566858e-5
0.0   0   -1.596091191642298   1.0529777541665385e-5
0.03   1   -1.5960911926120933   8.218068145197848e-6
0.1   2   -1.5960911932387223   1.1260241334240515e-5
0.0   0   -1.596117176989829   1.0609060539427754e-5
0.03   1   -1.5961171775611884   8.215979127799753e-6
0.09   2   -1.5961171786778574   1.1751659252595231e-5
0.0   0   -1.5961536282667852   1.1070208178157226e-5
0.04   1   -1.5961536292826954   8.096144804197103e-6
0.09   2   -1.59615362987391   1.0906369837557906e-5
0.0   0   -1.5961787325407388   1.02434712672304e-5
0.05   1   -1.5961787330807402   8.087628381658218e-6
0.12   2   -1.5961787342690648   1.2419655596666325e-5
0.0   0   -1.5962178165498502   1.1722663328207138e-5
0.03   1   -1.5962178176304327   7.974866226954881e-6
0.08   2   -1.5962178181869235   1.0496773309069697e-5
0.0   0   -1.596241976490828   9.845274762170745e-6
0.03   1   -1.5962419769997813   7.964299001067194e-6
0.12   2   -1.5962419782913635   1.3272996621554503e-5
0.0   0   -1.596284911478123   1.2556818167944198e-5
0.03   1   -1.5962849126522227   7.854719209695285e-6
0.09   2   -1.5962849131738661   1.0114178555979464e-5
0.0   0   -1.5963080774409808   9.461301986706344e-6
0.04   1   -1.5963080779186325   7.844248808614358e-6
0.1   2   -1.5963080793661155   1.4419313073590892e-5
0.0   0   -1.5963568263934222   1.3676095064166575e-5
0.05   1   -1.5963568277083606   7.732067874798618e-6
0.1   2   -1.5963568281947649   9.688170886559123e-6
0.0   0   -1.5963789829066908   9.013758155101855e-6
0.03   1   -1.59637898335267   7.722854556835974e-6
0.1   2   -1.5963789850511678   1.6050161816951823e-5
0.0   0   -1.5964370641171506   1.526479708711414e-5
0.03   1   -1.5964370656582125   7.6007338399058665e-6
0.1   2   -1.5964370661089622   9.197956932749778e-6
0.0   0   -1.5964582479257277   8.48802690303884e-6
0.03   1   -1.596458248339761   7.5936354197415565e-6
0.1   2   -1.5964582504877487   1.8567265871143576e-5
0.0   0   -1.5965330080744273   1.770982278327482e-5
0.03   1   -1.5965330100187498   7.44988173886226e-6
0.08   2   -1.5965330104334605   8.627962002768855e-6
0.0   0   -1.5965533483411694   7.85526902471004e-6
0.05   1   -1.5965533487232215   7.4460065615998144e-6
0.12   2   -1.5965533518473334   2.302933808021648e-5
0.0   0   -1.5966643760940609   2.2030908805220102e-5
0.03   1   -1.596664378907631   7.255541451401357e-6
0.08   2   -1.596664379285646   7.946065150589476e-6
0.0   0   -1.5966842144040312   7.0481763347854e-6
0.03   1   -1.596684214754414   7.257404643501246e-6
0.13   2   -1.5966842211389198   3.370313230642158e-5
0.0   0   -1.596917593009442   3.233711770343431e-5
0.03   1   -1.5969175986885478   6.9455930443734905e-6
0.08   2   -1.5969175990261388   7.059122417338937e-6
0.0   0   -1.5969380180118402   6.132614914272021e-6
0.04   1   -1.5969380183310908   6.961302489714635e-6
0.15   2   -1.59693810038697   0.00010561311331930374
0.0   0   -1.6001537460608959   0.00010168633228586896
0.03   1   -1.6001538006472562   6.237935738033917e-6
0.07   2   -1.6001538008998042   4.825208353404072e-6
0.0   0   -1.6001828217036271   6.05031378661677e-6
0.03   1   -1.60018282199807   5.026999590031199e-6
0.1   2   -1.6001828227212398   1.3200748890647983e-5
