0.0   0   -1.155753738056226   0.03625723741247244
0.06   1   -1.216478841383456   0.030353814429770167
0.12   2   -1.2390440935359246   0.01608212598526882
0.23   3   -1.2640924048748752   0.004195379347064606
0.28   4   -1.2657183719928693   0.0007186526744582365
0.35   5   -1.2660544663440978   0.0010004824285912983
0.4   6   -1.2664799964434252   0.001584441749688246
0.43   7   -1.2665924064694798   0.0018052595536782443
0.46   8   -1.2668112845747976   0.001700762748181875
0.52   9   -1.2670474441435537   0.001217160542699928
0.57   10   -1.2672025446668165   0.000884133947223231
0.64   11   -1.2672754984815227   0.0006277897560210867
0.76   12   -1.2689080289614636   0.002633095540659418
0.84   13   -1.2691306612449909   0.0037736392899735825
0.87   14   -1.2695630421844397   0.002433697575056774
0.9   15   -1.2698704918927008   0.0014036643559617046
0.95   16   -1.2699599086148645   0.0009059216047330575
1.0   17   -1.2702709263365886   0.0008983028681618188
1.04   18   -1.2703553454136995   0.0006828003307441481
1.07   19   -1.270461190033048   0.0004458786876827258
1.14   20   -1.2704789288255955   0.00030634232955353857
1.19   21   -1.2704846823398652   4.41127789468851e-5
1.22   22   -1.2704847728410202   3.0030196304446377e-5
1.27   23   -1.2704848188980755   2.348918617348781e-5
0.0   0   -2.201375731499397   0.013813628517140587
0.05   1   -2.205127428566538   0.004595337522858972
0.1   2   -2.2059022548041485   0.00012069280179522525
0.17   3   -2.2059039027824427   0.0001740761579403716
0.21   4   -2.2059069118777934   2.17378738969455e-5
0.26   5   -2.205906965412396   1.487667047689572e-5
0.34   6   -2.2059077858547886   6.412461500642148e-5
0.0   0   -2.2613608180438174   0.0003123096459902196
0.05   1   -2.2613703194548997   0.00024552124676795146
0.13   2   -2.2613873394431927   0.00017439184652096
0.18   3   -2.2613889957523288   7.727472957775073e-5
0.25   4   -2.2613913075535463   2.6309019306819183e-5
0.29   5   -2.2613915857374667   6.977280460449502e-6
0.34   6   -2.2613915881820548   1.6496681115293843e-6
0.0   0   -2.267742714596866   2.6192854434928334e-5
0.07   1   -2.2677427570020687   1.6109562498637663e-5
0.13   2   -2.2677429104216973   4.4425834829647346e-6
0.0   0   -2.2678110264832076   4.004868276774618e-6
0.06   1   -2.267811028009651   6.5670954762567555e-6
0.14   2   -2.267811061942168   1.4880661254194831e-6
0.0   0   -2.2678828423105704   1.6166382471169533e-6
0.12   1   -2.267882845804165   9.288864058375048e-6
0.18   2   -2.267882866183613   4.142224511545085e-6
0.0   0   -2.268756781078231   4.275861339349426e-6
0.08   1   -2.268756784803463   9.179219849290158e-6
0.13   2   -2.2687567938480324   1.4278738874221235e-6
0.0   0   -2.2687679693169804   1.2714895368533363e-6
0.08   1   -2.26876796968565   2.848969339273607e-6
0.15   2   -2.268767973986405   1.0015964870042887e-6
0.0   0   -2.2688638640547705   9.079877024310724e-7
0.1   1   -2.268863865548683   3.8238924732991424e-6
0.15   2   -2.2688638665761447   1.4053757497380604e-6
0.0   0   -2.268940581776829   1.328572926257628e-6
0.08   1   -2.2689405821883835   2.440294529652511e-6
0.13   2   -2.2689405831429967   7.518013672629264e-7
0.0   0   -2.2689647159330306   8.079148094406295e-7
0.1   1   -2.2689647169707823   3.739097732883391e-6
0.15   2   -2.2689647175439047   1.4085160247931928e-6
0.0   0   -2.269029406768012   1.3476041675112972e-6
0.08   1   -2.2690294075615594   3.47605453370316e-6
0.11   2   -2.2690294081604163   7.396066473510915e-7
0.0   0   -2.269051016456566   7.974219301884104e-7
0.08   1   -2.2690510165848137   1.911254051256086e-6
0.16   2   -2.26905101831911   1.3990736391590447e-6
0.0   0   -2.269137244230506   1.3352492400451278e-6
0.08   1   -2.2691372457208776   1.4576150483304133e-6
0.11   2   -2.269137245817498   6.858998291527966e-7
0.0   0   -2.269155982971994   7.476707216138517e-7
0.09   1   -2.269155983358292   2.8708671084791297e-6
0.18   2   -2.269155985806962   1.8332171259212053e-6
0.0   0   -2.269307329614892   1.8761140623082799e-6
0.08   1   -2.2693073305873215   3.7117938003518657e-6
0.13   2   -2.26930733190872   6.566035851438911e-7
0.0   0   -2.2693233649843867   7.261865287432586e-7
0.08   1   -2.2693233651467923   2.3064371421736154e-6
0.18   2   -2.269323377013254   3.0697448678999994e-6
0.0   0   -2.270142728142203   2.833048152419535e-6
0.08   1   -2.2701427345675538   9.395898763853564e-7
0.11   2   -2.270142734595819   3.560524628123514e-7
0.0   0   -2.2701552259088893   4.4443632632370803e-7
0.08   1   -2.2701552259198423   4.6068239074625313e-7
0.16   2   -2.270155226223664   5.134608875885341e-7
0.0   0   -2.2701776758090126   4.472721051518444e-7
0.08   1   -2.2701776759489953   1.3900605472732958e-6
0.13   2   -2.2701776760837378   4.1208423798416407e-7
0.0   0   -2.2701839432684845   3.973866750659519e-7
0.12   1   -2.270183943460378   1.6021734293801564e-6
0.16   2   -2.2701839436183078   6.483682965067744e-7
0.0   0   -2.2702124622997903   5.829468062112074e-7
0.08   1   -2.27021246253416   1.2330540844193118e-6
0.11   2   -2.2702124626089337   3.9451853928246813e-7
0.0   0   -2.2702177203912006   3.7892799495262375e-7
0.11   1   -2.270217720409204   5.946546227682328e-7
0.19   2   -2.2702177208593954   7.07107462065316e-7
0.0   0   -2.270259010804738   6.377612852830271e-7
0.08   1   -2.2702590111613286   1.1822889754240317e-6
0.11   2   -2.2702590112112517   3.738564658029243e-7
0.0   0   -2.270263153583359   3.560113653300585e-7
0.12   1   -2.270263153877918   2.4760777913941036e-6
0.17   2   -2.2702631545870284   1.098887334898187e-6
0.0   0   -2.2703593525664427   9.928304594085336e-7
0.08   1   -2.2703593533397046   1.1200173390626385e-6
0.11   2   -2.270359353389239   3.3651793943142484e-7
0.0   0   -2.2703616908564612   3.113576202425193e-7
0.08   1   -2.270361690863777   3.6141381362930336e-7
0.19   2   -2.2703616993924602   1.8176419752933621e-6
0.0   0   -2.2712775932208644   1.7655986595519912e-6
0.08   1   -2.271277595112242   4.1095291551479845e-6
0.11   2   -2.2712775960395737   1.6470161001085007e-7
0.0   0   -2.2712842955410806   2.527579771465253e-7
0.06   1   -2.2712842955438926   2.0953374948074662e-7
0.14   2   -2.2712842955912307   1.4430292875549322e-7
0.0   0   -2.271287148883685   1.3066966015272708e-7
0.08   1   -2.271287148896449   4.403639911438533e-7
0.15   2   -2.271287148924714   1.71310469964607e-7
0.0   0   -2.2712879684752507   1.7193219476473067e-7
0.1   1   -2.271287968507569   4.677229613768626e-7
0.13   2   -2.2712879685168375   1.843086749637421e-7
0.0   0   -2.2712903700982214   1.6231471161842105e-7
0.08   1   -2.2712903701150533   5.228695157149196e-7
0.15   2   -2.271290370137407   1.699186257158745e-7
0.0   0   -2.2712909757810604   1.7076983390052598e-7
0.08   1   -2.2712909757878217   3.7442421838826306e-7
0.14   2   -2.271290975821771   1.673810937397119e-7
0.0   0   -2.2712933341438197   1.4697891184430577e-7
0.11   1   -2.2712933341759247   3.7209418435913893e-7
0.15   2   -2.2712933341821633   1.5759222630073304e-7
0.0   0   -2.2712938591566507   1.5856079909291337e-7
0.08   1   -2.271293859171952   4.877035688562385e-7
0.13   2   -2.2712938591971996   1.550216380919238e-7
0.0   0   -2.271296295545739   1.494234532978579e-7
0.08   1   -2.271296295556095   4.2198862218802735e-7
0.15   2   -2.2712962955835874   1.5784540572920993e-7
0.0   0   -2.2712967396800714   1.5842077322470562e-7
0.1   1   -2.2712967397043333   5.439550430065275e-7
0.13   2   -2.2712967397211172   1.917925381632093e-7
0.0   0   -2.271299319273779   1.6950124363717488e-7
0.11   1   -2.2712993193040547   3.8669831852849713e-7
0.15   2   -2.271299319311634   1.5879500631928675e-7
0.0   0   -2.2712996912589807   1.5947014580288422e-7
0.06   1   -2.271299691261982   2.572386234201481e-7
0.13   2   -2.2712996913017074   1.8677933030761223e-7
0.0   0   -2.271302519605577   1.6599920614295548e-7
0.12   1   -2.2713025196374024   3.907292869482498e-7
0.15   2   -2.2713025196445096   1.4587978029896327e-7
0.0   0   -2.271302805401392   1.4675422604585708e-7
0.09   1   -2.2713028054360835   4.7279354535486126e-7
0.13   2   -2.2713028054482916   2.076237655022867e-7
0.0   0   -2.2713060982122224   2.1280000186485122e-7
0.06   1   -2.271306098219381   3.7972424011365376e-7
0.15   2   -2.271306098254465   1.4375134863894945e-7
0.0   0   -2.2713062664674806   1.440931619254003e-7
0.09   1   -2.2713062664810257   5.400450665173028e-7
0.14   2   -2.2713062665236943   2.4025089857491496e-7
0.0   0   -2.271310447449284   2.1494207016840885e-7
0.12   1   -2.271310447497969   1.508193676050358e-7
0.15   2   -2.2713104474992023   1.3087102167874265e-7
0.0   0   -2.2713105246481478   1.2279914836884425e-7
0.06   1   -2.271310524649256   1.50840070576557e-7
0.16   2   -2.2713105247345293   2.8982723719248917e-7
0.0   0   -2.2713173263333117   2.576752071277983e-7
0.1   1   -2.271317326381054   6.350694005220001e-7
0.13   2   -2.271317326407057   1.273483558704654e-7
0.0   0   -2.271317127856079   1.282463356203228e-7
0.08   1   -2.2713171278612605   3.707789579050199e-7
0.16   2   -2.271317128154708   5.271029159185243e-7
0.0   0   -2.2713418890693067   4.768660959998097e-7
0.1   1   -2.271341889265567   8.086499066525649e-7
0.13   2   -2.271341889294752   1.0196792759354529e-7
0.0   0   -2.2713409745990907   1.0236102843494182e-7
0.06   1   -2.2713409746000752   1.5005854996473615e-7
0.14   2   -2.2713409746811157   2.797597307179947e-7
0.0   0   -2.2713472735183764   2.6039250681487275e-7
0.1   1   -2.2713472735646287   6.28262368445307e-7
0.13   2   -2.271347273587425   9.095383920938307e-8
0.0   0   -2.271348562513231   9.243844998368858e-8
0.08   1   -2.2713485625152945   2.2453145608997848e-7
0.19   2   -2.2713485635079786   6.042169676489469e-7
0.0   0   -2.271442909349063   5.668491341850861e-7
0.08   1   -2.271442909546718   1.2455400268464395e-6
0.11   2   -2.2714429096330893   4.842014848560471e-8
0.0   0   -2.2714448098465305   6.850532869612868e-8
0.06   1   -2.2714448098468054   7.497425449622523e-8
0.16   2   -2.2714448098510815   4.665385578725361e-8
0.0   0   -2.2714455343966504   4.310560724962574e-8
0.08   1   -2.2714455343979347   1.603918755201869e-7
0.13   2   -2.2714455344009785   6.245032851062679e-8
0.0   0   -2.271445898238633   5.981077435457766e-8
0.09   1   -2.271445898242203   1.332924705490488e-7
0.15   2   -2.2714458982428885   5.4348170271086905e-8
0.0   0   -2.271446685199801   4.731450497334811e-8
0.08   1   -2.2714466852009747   1.5983453342473287e-7
0.13   2   -2.2714466852039856   6.01911153427951e-8
0.0   0   -2.2714470790665477   5.83376426042128e-8
0.08   1   -2.271447079067549   1.379142140360666e-7
0.15   2   -2.271447079070679   4.5827565443460886e-8
0.0   0   -2.271447870139054   4.2141791947420265e-8
0.1   1   -2.2714478701423713   1.467031373876157e-7
0.13   2   -2.271447870143125   6.095875526719832e-8
0.0   0   -2.2714482687273625   5.8232729217587086e-8
0.08   1   -2.2714482687288093   1.7308822227527256e-7
0.15   2   -2.271448268731382   4.307233523989164e-8
0.0   0   -2.271449057127462   4.2082369706423355e-8
0.08   1   -2.271449057128359   1.3565205024702691e-7
0.13   2   -2.2714490571314188   5.860505197351381e-8
0.0   0   -2.2714494504756733   5.6964434002578056e-8
0.11   1   -2.271449450478743   1.434234081810039e-7
0.15   2   -2.2714494504795884   5.0348340131286326e-8
0.0   0   -2.2714502351522934   4.368747118239204e-8
0.08   1   -2.2714502351540062   1.654207772316084e-7
0.13   2   -2.2714502351561405   5.774907144665105e-8
0.0   0   -2.2714506289705283   5.6140064691360354e-8
0.08   1   -2.271450628971286   1.2047443690169414e-7
0.15   2   -2.2714506289743386   4.405083008206284e-8
0.0   0   -2.2714514097735687   4.0788144522835296e-8
0.09   1   -2.2714514097764917   1.48890705557227e-7
0.13   2   -2.271451409777315   5.740098510656407e-8
0.0   0   -2.271451802815519   5.566331875229075e-8
0.08   1   -2.271451802817271   1.6844807077783434e-7
0.15   2   -2.2714518028192274   4.173798339065398e-8
0.0   0   -2.2714525813863284   4.0783760491024886e-8
0.08   1   -2.2714525813870536   1.2143467127068473e-7
0.13   2   -2.2714525813899735   5.639936927025568e-8
0.0   0   -2.2714529680496165   5.485040692718585e-8
0.11   1   -2.271452968052342   1.4417564713350205e-7
0.15   2   -2.2714529680532327   4.823725561125968e-8
0.0   0   -2.2714537442461267   4.1873370942945154e-8
0.08   1   -2.2714537442480176   1.5705594350035131e-7
0.11   2   -2.271453744249673   5.557120464584053e-8
0.0   0   -2.2714541300612288   5.40297018726854e-8
0.08   1   -2.2714541300618443   1.0857613365960197e-7
0.16   2   -2.271454130064754   4.275457791659394e-8
0.0   0   -2.271454904928495   3.9544777338958306e-8
0.1   1   -2.2714549049311463   1.4512517117161172e-7
0.13   2   -2.2714549049319497   5.508537960040193e-8
0.0   0   -2.2714552882438683   5.354881856949401e-8
0.1   1   -2.271455288245663   1.597744318298329e-7
0.13   2   -2.2714552882473056   4.052204413292723e-8
0.0   0   -2.271456064073715   3.960184903376267e-8
0.08   1   -2.271456064074352   1.1276511418946616e-7
0.13   2   -2.2714560640770793   5.4226791200321706e-8
0.0   0   -2.2714564392292376   5.2739940207207084e-8
0.11   1   -2.2714564392316965   1.4266063399726682e-7
0.15   2   -2.2714564392325944   4.6909360349112764e-8
0.0   0   -2.2714572161483173   4.0794492349565494e-8
0.1   1   -2.2714572161502344   1.4784255300834534e-7
0.13   2   -2.271457216151593   5.338151191407491e-8
0.0   0   -2.2714575879448895   5.190143820539407e-8
0.08   1   -2.2714575879454055   1.0024835403466088e-7
0.16   2   -2.27145758794817   4.198980432894937e-8
0.0   0   -2.271458368201499   3.8481448661206686e-8
0.1   1   -2.271458368203953   1.3876388409251814e-7
0.13   2   -2.271458368204693   5.286348352999317e-8
0.0   0   -2.2714587343075547   5.1386460402640694e-8
0.12   1   -2.271458734309277   1.5256912031517557e-7
0.15   2   -2.2714587343107633   3.951186281263268e-8
0.0   0   -2.2714595217140494   3.8949370040565386e-8
0.08   1   -2.2714595217146463   1.0827599652725558e-7
0.13   2   -2.2714595217171656   5.1972524003528506e-8
0.0   0   -2.2714598760130356   5.054236146859921e-8
0.12   1   -2.2714598760152596   1.4199364097355395e-7
0.15   2   -2.2714598760161815   4.640451309486208e-8
0.0   0   -2.2714606721321307   4.0496415173488e-8
0.09   1   -2.271460672134057   1.3841898063151605e-7
0.13   2   -2.271460672135169   5.106966670109869e-8
0.0   0   -2.2714610184066686   4.964475968753965e-8
0.1   1   -2.2714610184070954   9.164160302599836e-8
0.16   2   -2.271461018409761   4.210527394065037e-8
0.0   0   -2.271461828166188   3.7724615129712477e-8
0.09   1   -2.271461828168506   1.3088264130986272e-7
0.13   2   -2.2714618281691608   5.046835202985248e-8
0.0   0   -2.2714621631816385   4.904360200830337e-8
0.12   1   -2.2714621631832754   1.470683651260321e-7
0.15   2   -2.271462163184688   3.889346424741098e-8
0.0   0   -2.2714629946069396   3.9726922134117315e-8
0.08   1   -2.2714629946075333   1.0787226980811271e-7
0.13   2   -2.2714629946098563   4.9485229246884845e-8
0.0   0   -2.271463311500816   4.8102020017909886e-8
0.12   1   -2.2714633115027953   1.4535900475286452e-7
0.15   2   -2.271463311503841   4.7256013301552256e-8
0.0   0   -2.2714641711756687   4.14830782108532e-8
0.1   1   -2.271464171177737   1.2372074608104645e-7
0.13   2   -2.271464171178537   4.844852123030727e-8
0.0   0   -2.2714644724455253   4.706526431227323e-8
0.1   1   -2.2714644724458406   7.913251065659385e-8
0.16   2   -2.271464472448553   4.403599505844763e-8
0.0   0   -2.2714653743472057   3.8774256133965754e-8
0.1   1   -2.2714653743494773   1.231600784671049e-7
0.13   2   -2.271465374350053   4.7679663520648404e-8
0.0   0   -2.2714656555842674   4.6286054169133215e-8
0.12   1   -2.271465655586019   1.420274520433026e-7
0.15   2   -2.2714656555873427   4.206325864703081e-8
0.0   0   -2.2714666239769485   4.3984164010065946e-8
0.08   1   -2.271466623977563   1.1060942617963704e-7
0.13   2   -2.2714666239798165   4.650288502867254e-8
0.0   0   -2.27146687749218   4.5133880892707876e-8
0.12   1   -2.2714668774938005   1.5590684824770917e-7
0.17   2   -2.271466877495373   5.126489521303806e-8
0.0   0   -2.2714679436565683   4.539899094933558e-8
0.09   1   -2.2714679436592093   7.785615335605508e-8
0.13   2   -2.271467943659508   4.515336769345602e-8
0.0   0   -2.2714681709465143   4.37614958667869e-8
0.07   1   -2.2714681709466715   5.279607500327226e-8
0.14   2   -2.2714681709499667   5.0983417462002194e-8
0.0   0   -2.2714694022780266   4.549681429995764e-8
0.08   1   -2.271469402280563   1.235173812573632e-7
0.13   2   -2.27146940228116   4.407325111708285e-8
0.0   0   -2.2714695955785595   4.261549784453747e-8
0.1   1   -2.271469595582188   9.441610210775313e-8
0.13   2   -2.2714695955826425   8.305977378833081e-8
0.0   0   -2.271471173882036   8.388459232224114e-8
0.06   1   -2.2714711738824156   8.47785608070588e-8
0.15   2   -2.271471173885714   4.241179853938958e-8
0.0   0   -2.2714713188606495   4.092937782411167e-8
0.1   1   -2.271471318861825   1.6503755342571452e-7
0.14   2   -2.2714713188660682   7.072037173740803e-8
0.0   0   -2.2714735812913363   6.325006489645315e-8
0.08   1   -2.27147358129601   4.221812625552634e-8
0.13   2   -2.2714735812961   4.080516245918114e-8
0.0   0   -2.271473685054207   3.8977625235478524e-8
0.07   1   -2.2714736850543074   5.007665293534931e-8
0.16   2   -2.2714736850659607   1.0415937555407416e-7
0.0   0   -2.2714790358850787   9.546313284602894e-8
0.08   1   -2.2714790358919155   2.309505332669793e-7
0.13   2   -2.271479035894922   3.717914306606706e-8
0.0   0   -2.2714790089202497   3.4617665817275676e-8
0.08   1   -2.271479008920431   7.012908628010986e-8
0.19   2   -2.2714790090778836   1.827616464618288e-7
0.0   0   -2.2715566343995213   1.690775894930072e-7
0.1   1   -2.271556634419396   3.747627728803193e-7
0.13   2   -2.271556634426856   1.2658130076122915e-8
0.0   0   -2.271557410124441   2.2621623382838184e-8
0.06   1   -2.2715574101244673   2.2444426143413153e-8
0.14   2   -2.271557410124874   1.4389536939685773e-8
0.0   0   -2.271558055042756   1.5621446604947488e-8
0.1   1   -2.271558055042879   4.410608399517443e-8
0.15   2   -2.2715580550431724   1.6030122664723043e-8
0.0   0   -2.2715585628095267   1.4392462510246224e-8
0.1   1   -2.2715585628098722   4.341194545120675e-8
0.13   2   -2.271558562809938   1.676423138179177e-8
0.0   0   -2.271559216113699   1.517487371885781e-8
0.1   1   -2.2715592161138107   5.033267637931695e-8
0.15   2   -2.2715592161141016   1.4543263753695579e-8
0.0   0   -2.2715597279919537   1.4621041888035182e-8
0.08   1   -2.2715597279920496   4.286631081909974e-8
0.13   2   -2.271559727992351   1.43374295175247e-8
0.0   0   -2.2715603812778307   1.31713479766897e-8
0.11   1   -2.27156038127815   4.310687841533891e-8
0.15   2   -2.271560381278221   1.765177518922727e-8
0.0   0   -2.271560892646326   1.5415514180516884e-8
0.08   1   -2.2715608926464634   4.921860453169693e-8
0.13   2   -2.271560892646712   1.4670278867039663e-8
0.0   0   -2.271561549133012   1.5360650020359326e-8
0.1   1   -2.271561549133099   3.9247385774223154e-8
0.15   2   -2.2715615491333896   1.539553811824917e-8
0.0   0   -2.271562054567627   1.3447516534876812e-8
0.09   1   -2.2715620545679194   4.582213450012183e-8
0.13   2   -2.271562054568002   1.5653919942769332e-8
0.0   0   -2.2715627146384985   1.4163212548488026e-8
0.11   1   -2.2715627146386645   5.160341453403326e-8
0.15   2   -2.2715627146388653   1.3792694758490969e-8
0.0   0   -2.271563217683328   1.4375288857956263e-8
0.08   1   -2.2715632176833984   3.683824066977052e-8
0.13   2   -2.271563217683693   1.3854840211979702e-8
0.0   0   -2.2715638804344933   1.2789437756091065e-8
0.12   1   -2.271563880434773   4.3185484868244685e-8
0.15   2   -2.271563880434849   1.6570313205054692e-8
0.0   0   -2.271564379347245   1.4453612593740081e-8
0.08   1   -2.27156437934741   4.7283464185412e-8
0.13   2   -2.2715643793476   1.4575445161174408e-8
0.0   0   -2.2715650493491655   1.520088717013106e-8
0.1   1   -2.2715650493492374   3.644838441303952e-8
0.15   2   -2.271565049349512   1.4638932694345573e-8
0.0   0   -2.271565539481668   1.2728161435931899e-8
0.09   1   -2.2715655394819247   4.607962988849247e-8
0.13   2   -2.271565539482015   1.5088507905974316e-8
0.0   0   -2.271566217800495   1.3666518372348045e-8
0.11   1   -2.271566217800683   4.8207680211345296e-8
0.14   2   -2.2715662178008316   1.3204580076674665e-8
0.0   0   -2.27156670173626   1.3882472309231934e-8
0.08   1   -2.271566701736315   3.297533025017314e-8
0.14   2   -2.271566701736599   1.3551862920125694e-8
0.0   0   -2.2715673896207123   1.261952528647692e-8
0.09   1   -2.271567389620969   4.1615185502002714e-8
0.13   2   -2.2715673896210404   1.5568092200727516e-8
0.0   0   -2.271567864650199   1.3545026625115273e-8
0.09   1   -2.271567864650368   4.4804432087020136e-8
0.16   2   -2.2715678646505317   1.465734318451125e-8
0.0   0   -2.271568569125789   1.524256713440127e-8
0.08   1   -2.2715685691258547   3.523026477418102e-8
0.13   2   -2.2715685691261096   1.3738568686947842e-8
0.0   0   -2.271569030144148   1.190976705776349e-8
0.1   1   -2.271569030144375   4.671473784568563e-8
0.15   2   -2.271569030144475   1.4826022350271527e-8
0.0   0   -2.271569754899565   1.343690864956354e-8
0.1   1   -2.271569754899768   4.384849310956682e-8
0.13   2   -2.2715697548998786   1.2498235366393507e-8
0.0   0   -2.2715702033894094   1.3150359852780544e-8
0.08   1   -2.271570203389451   2.9027506107178025e-8
0.17   2   -2.2715702033897327   1.36139259261322e-8
0.0   0   -2.271570954750469   1.291629325118812e-8
0.1   1   -2.2715709547507132   3.9394841595759216e-8
0.13   2   -2.2715709547507776   1.4317805749257398e-8
0.0   0   -2.271571386948825   1.236532096041439e-8
0.11   1   -2.2715713869489966   4.284736871115826e-8
0.16   2   -2.271571386949148   1.541831092865417e-8
0.0   0   -2.2715721800309123   1.597357508592964e-8
0.08   1   -2.271572180030978   3.547589371613243e-8
0.13   2   -2.271572180031218   1.2489478424024907e-8
0.0   0   -2.2715725903238506   1.0716302508750673e-8
0.12   1   -2.271572590324047   4.9247773848617503e-8
0.15   2   -2.271572590324177   1.5576521158275333e-8
0.0   0   -2.2715734397256377   1.3679316964658874e-8
0.1   1   -2.2715734397258807   3.501564848512175e-8
0.13   2   -2.271573439725943   1.1729336061560341e-8
0.0   0   -2.271573828782917   1.234157664032331e-8
0.06   1   -2.2715738287829437   2.3790950641618102e-8
0.15   2   -2.2715738287832528   1.533909705935554e-8
0.0   0   -2.2715747620026536   1.43653064878485e-8
0.09   1   -2.271574762002903   3.776914694517943e-8
0.13   2   -2.271574762002964   1.243481986541812e-8
0.0   0   -2.2715751250022156   1.0494634571495523e-8
0.12   1   -2.271575125002454   4.4656195325487464e-8
0.15   2   -2.2715751250025726   1.8952532775860813e-8
0.0   0   -2.2715762004976923   1.9456214519419378e-8
0.08   1   -2.271576200497755   3.615740627309827e-8
0.14   2   -2.27157620049802   1.0552575843152695e-8
0.0   0   -2.2715765321453345   9.58101070018803e-9
0.0   0   -2.271576532145334   9.581010701067048e-9
0.0   0   -2.271576532145334   9.581010752199726e-9
0.0   0   -2.2715765321453345   9.581010707981792e-9
0.0   0   -2.2715765321453345   9.58101068493852e-9
0.0   0   -2.2715765321453345   9.581010693175925e-9
0.0   0   -2.2715765321453345   9.581010734183393e-9
0.0   0   -2.271576532145334   9.581010718597523e-9
0.0   0   -2.2715765321453345   9.581010699115913e-9
0.0   0   -2.2715765321453345   9.581010725043174e-9
0.0   0   -2.271576532145334   9.58101073414484e-9
0.0   0   -2.2715765321453345   9.581010690587264e-9
0.0   0   -2.271576532145334   9.581010720936755e-9
0.0   0   -2.2715765321453345   9.581010722574268e-9
0.0   0   -2.2715765321453345   9.581010733730842e-9
0.0   0   -2.2715765321453345   9.58101070907509e-9
0.0   0   -2.271576532145334   9.581010711922725e-9
0.0   0   -2.2715765321453345   9.581010695340444e-9
0.0   0   -2.271576532145334   9.58101074330997e-9
0.0   0   -2.271576532145334   9.581010701946386e-9
0.0   0   -2.271576532145334   9.581010728301652e-9
0.0   0   -2.271576532145334   9.581010689770795e-9
0.0   0   -2.271576532145334   9.581010702044556e-9
0.0   0   -2.2715765321453345   9.581010726171397e-9
0.0   0   -2.271576532145334   9.581010682313054e-9
0.0   0   -2.2715765321453345   9.5810107128726e-9
0.0   0   -2.271576532145334   9.581010714352512e-9
0.0   0   -2.271576532145334   9.58101068564131e-9
0.0   0   -2.271576532145334   9.58101071586202e-9
0.0   0   -2.271576532145334   9.581010721948735e-9
0.0   0   -2.271576532145334   9.581010742111323e-9
0.0   0   -2.271576532145334   9.581010731753785e-9
0.0   0   -2.271576532145334   9.58101070708628e-9
0.0   0   -2.271576532145334   9.581010729446521e-9
0.0   0   -2.271576532145334   9.581010706369096e-9
0.0   0   -2.271576532145334   9.581010707393415e-9
0.0   0   -2.2715765321453345   9.581010730867856e-9
0.0   0   -2.271576532145334   9.581010735604537e-9
0.0   0   -2.2715765321453345   9.581010703755913e-9
0.0   0   -2.2715765321453345   9.581010717952021e-9
0.0   0   -2.271576532145334   9.581010716880814e-9
0.0   0   -2.271576532145334   9.58101071300335e-9
0.0   0   -2.2715765321453345   9.58101071701471e-9
0.0   0   -2.271576532145334   9.581010667193853e-9
0.0   0   -2.271576532145334   9.581010710653947e-9
0.0   0   -2.2715765321453345   9.581010718563432e-9
0.0   0   -2.271576532145334   9.581010681378613e-9
0.0   0   -2.271576532145334   9.581010746656643e-9
0.0   0   -2.2715765321453345   9.581010746395606e-9
0.0   0   -2.2715765321453345   9.581010710262123e-9
0.0   0   -2.271576532145334   9.581010693617683e-9
0.0   0   -2.2715765321453345   9.581010706859652e-9
0.0   0   -2.271576532145334   9.581010735823042e-9
0.0   0   -2.271576532145334   9.581010735838546e-9
0.0   0   -2.271576532145334   9.581010706213751e-9
0.0   0   -2.271576532145334   9.581010694223687e-9
0.0   0   -2.271576532145334   9.581010736871417e-9
0.0   0   -2.271576532145334   9.581010697352445e-9
0.0   0   -2.2715765321453345   9.581010739059831e-9
0.0   0   -2.2715765321453345   9.58101070808732e-9
0.0   0   -2.271576532145334   9.581010720391332e-9
0.0   0   -2.2715765321453345   9.581010677860427e-9
0.0   0   -2.2715765321453345   9.581010716211777e-9
0.0   0   -2.271576532145334   9.581010689193124e-9
0.0   0   -2.271576532145334   9.581010709992934e-9
0.0   0   -2.271576532145334   9.581010717992834e-9
