0.0   0   -1.134188569999015   0.056404091839189124
0.05   1   -1.1997102043791388   0.036679915675402235
0.1   2   -1.234957190156224   0.01420772866682025
0.16   3   -1.2507175137901045   0.0023702213595908623
0.21   4   -1.2510180910224589   0.0008351890520640894
0.28   5   -1.251306355513863   0.00048368307750309297
0.33   6   -1.2522504167288697   0.0005735152266459763
0.36   7   -1.2522628074746938   0.0005176703641687658
0.41   8   -1.2523358131596156   0.000676112244896439
0.49   9   -1.25275205644198   0.0023662983775660355
0.54   10   -1.2527880614747051   0.0026326600222149675
0.58   11   -1.2530351392929573   0.0030798908569140736
0.61   12   -1.253296978613541   0.0015596490185178433
0.64   13   -1.2534527535792899   0.0006623739422492186
0.69   14   -1.2534879609157588   0.0012412993800915582
0.77   15   -1.254223655283381   0.0012420406035643056
0.81   16   -1.254266273557395   0.0009735530077063495
0.86   17   -1.2543807208603877   0.0005803248120868524
0.89   18   -1.254408478011466   0.0001620594115865698
0.92   19   -1.2544176058440542   0.00016393578468336303
0.95   20   -1.2544241878998301   4.5032738929475745e-5
1.0   21   -1.2544246215731683   3.9289989995586875e-5
1.05   22   -1.2544248361470995   2.3541610443137527e-5
0.0   0   -2.122821317218438   0.013122696638999815
0.05   1   -2.1255632988461572   0.0044867596739372
0.1   2   -2.126125425058931   0.0008509258720286832
0.16   3   -2.1261371039393375   0.0004932760583603087
0.21   4   -2.1262124986757   0.0002146256559310121
0.26   5   -2.1262166558126294   0.0001740617501788289
0.33   6   -2.1262243119153688   0.00012425006811593546
0.36   7   -2.1262257009162724   3.340702520851622e-5
0.39   8   -2.1262258308256263   8.366385472377495e-6
0.0   0   -2.185001633921401   0.0002948464846667985
0.05   1   -2.1850080106281746   0.00028084111668653326
0.11   2   -2.185021602299892   0.00013629697700026007
0.16   3   -2.1850232571165655   0.00011042670698537433
0.24   4   -2.185025997292107   1.5333972333663638e-5
0.29   5   -2.1850261783256806   1.1854768991690574e-5
0.34   6   -2.1850262353262324   2.5560578048082014e-6
0.0   0   -2.1934549991368453   2.0656683747155035e-5
0.05   1   -2.19345502231664   1.1392109458900908e-5
0.13   2   -2.1934550920276306   5.1134414508504535e-6
0.0   0   -2.1935979503861156   5.2732720780679885e-6
0.06   1   -2.193597953279503   1.1159371329857878e-5
0.14   2   -2.1935980085279416   6.168738490734986e-6
0.0   0   -2.193860034909007   6.2832065487393715e-6
0.08   1   -2.1938600682419453   3.107353376947486e-6
0.16   2   -2.1938601720956497   1.4986600989654442e-5
0.0   0   -2.19510283744404   1.4530152580863064e-5
0.05   1   -2.1951028439076223   3.947559671054721e-6
0.13   2   -2.1951028544503597   1.4256284549952091e-6
0.0   0   -2.1951355330786337   1.4536650941282096e-6
0.08   1   -2.1951355344411514   6.361257893996341e-6
0.16   2   -2.1951355451459698   4.419656186454463e-6
0.0   0   -2.1952218375920123   4.415031569262844e-6
0.08   1   -2.1952218431749113   8.102524663192764e-6
0.11   2   -2.1952218466883906   1.200919756876544e-6
0.0   0   -2.1952503653552142   1.221636745316936e-6
0.11   1   -2.1952503670607046   6.495267366440364e-6
0.18   2   -2.1952503779910795   4.283933176005179e-6
0.0   0   -2.1953722696178786   4.27544092657786e-6
0.08   1   -2.1953722780196965   3.638019794525858e-6
0.11   2   -2.195372278523852   9.448582426107137e-7
0.0   0   -2.1953973769803286   9.63441786242069e-7
0.12   1   -2.1953973798278734   8.844725562275112e-6
0.18   2   -2.1953973971371905   4.726167318180712e-6
0.0   0   -2.195677414526203   4.720150026423137e-6
0.08   1   -2.1956774250416378   2.3517008408392834e-6
0.11   2   -2.195677425293082   5.339722718738677e-7
0.0   0   -2.195699533653496   6.526622190447638e-7
0.1   1   -2.195699533758924   1.9435921191605566e-6
0.19   2   -2.1956995476353742   4.145081635741911e-6
0.0   0   -2.1960479367629966   4.185024972425246e-6
0.06   1   -2.196047938985731   7.155450195644591e-6
0.11   2   -2.1960479443064957   4.212494626296014e-7
0.0   0   -2.1960384942238567   4.611108554211349e-7
0.09   1   -2.1960384942405695   6.586660341191373e-7
0.17   2   -2.1960384953899292   1.5796613144455221e-6
0.0   0   -2.1960529880495603   1.5813113587887299e-6
0.08   1   -2.1960529886851043   2.406014387236569e-6
0.11   2   -2.196052988997383   3.365753141221526e-7
0.0   0   -2.1960590189917273   3.888064334801515e-7
0.1   1   -2.1960590190502303   1.3583914172174142e-6
0.18   2   -2.1960590215435474   2.058763415206509e-6
0.0   0   -2.1961030402976056   2.053220973658726e-6
0.08   1   -2.196103041752593   2.586435871104948e-6
0.11   2   -2.196103042041662   2.621885847771759e-7
0.0   0   -2.196110198882043   3.3441633359403616e-7
0.07   1   -2.1961101988939995   6.339771786325747e-7
0.16   2   -2.1961102022784402   2.114493395085508e-6
0.0   0   -2.1962040770000084   2.107780090736705e-6
0.08   1   -2.1962040778435292   4.0037718528807335e-6
0.15   2   -2.1962040791295148   1.7829584951126502e-7
0.0   0   -2.196198322724864   2.732430285617928e-7
0.07   1   -2.196198322728093   2.5747642347690003e-7
0.16   2   -2.1961983228919397   6.229328668769289e-7
0.0   0   -2.1961990032617194   6.244562999352858e-7
0.09   1   -2.196199003356649   9.321386634987812e-7
0.14   2   -2.196199003408092   1.825540012485614e-7
0.0   0   -2.1962010248763857   1.672499172932332e-7
0.1   1   -2.1962010249038366   9.267228906145863e-7
0.16   2   -2.1962010251267974   7.278960567616995e-7
0.0   0   -2.196202959004861   7.265788132467363e-7
0.1   1   -2.1962029592038634   5.135791287530451e-7
0.13   2   -2.19620295921601   1.7042486720522196e-7
0.0   0   -2.1962052745052514   1.5713635659323282e-7
0.1   1   -2.1962052745421516   1.1101362294029806e-6
0.16   2   -2.1962052752745915   1.0941736067448948e-6
0.0   0   -2.196215938906411   1.0919185803262652e-6
0.1   1   -2.1962159393643326   1.1155113345895902e-6
0.13   2   -2.196215939413462   1.0633947192528971e-7
0.0   0   -2.196219307725769   1.4575769487874798e-7
0.07   1   -2.196219307727408   2.2970941257081267e-7
0.16   2   -2.1962193079193866   4.870706769079025e-7
0.0   0   -2.1962260589721385   4.856040680205243e-7
0.1   1   -2.1962260590835863   1.0669425270175593e-6
0.13   2   -2.1962260591324787   1.0790784453120711e-7
0.0   0   -2.1962245555915727   1.037981576799401e-7
0.08   1   -2.1962245555939868   2.3081987972916597e-7
0.21   2   -2.1962245570988346   3.060291675573756e-7
0.0   0   -2.196267521739483   2.688000152939297e-7
0.05   1   -2.196267521742258   3.028034861432583e-8
0.16   2   -2.196267521807385   6.882526236533405e-8
0.0   0   -2.196314463974735   7.909980499963373e-8
0.06   1   -2.1963144639750833   9.42004948036356e-8
0.15   2   -2.196314463978727   6.002622217410708e-8
0.0   0   -2.196314482370092   5.897183173945784e-8
0.1   1   -2.196314482372521   1.8101763093849273e-7
0.13   2   -2.1963144823740066   5.908755511858581e-8
0.0   0   -2.19631522101738   5.141250735588833e-8
0.08   1   -2.1963152210200216   1.5108450065068888e-7
0.13   2   -2.196315221020891   5.9261414205976036e-8
0.0   0   -2.196315267873588   5.899109882969079e-8
0.06   1   -2.196315267873951   1.020029094586499e-7
0.13   2   -2.1963152678771576   5.338824068065108e-8
0.0   0   -2.1963160785281146   4.679843376608861e-8
0.08   1   -2.1963160785308835   9.910871419577148e-8
0.13   2   -2.1963160785313116   4.202549714532815e-8
0.0   0   -2.1963161447789   4.2048149721559904e-8
0.08   1   -2.1963161447800226   1.3915525933895518e-7
0.13   2   -2.1963161447822475   5.234016457669142e-8
0.0   0   -2.196317060692509   5.397448029685602e-8
0.08   1   -2.1963170606935676   1.4012616339541015e-7
0.15   2   -2.196317060695499   4.149214242000856e-8
0.0   0   -2.19631713748826   4.1136702546885834e-8
0.1   1   -2.1963171374900625   1.6310363042264536e-7
0.13   2   -2.1963171374915116   6.302018277457822e-8
0.0   0   -2.196318202978852   5.603861025871716e-8
0.08   1   -2.1963182029811454   1.2382262416967928e-7
0.13   2   -2.1963182029817414   4.1097641063898164e-8
0.0   0   -2.196318283712631   4.0894135440569406e-8
0.07   1   -2.1963182837128397   7.401322225612353e-8
0.13   2   -2.196318283715963   6.083173402464768e-8
0.0   0   -2.19631958494571   5.4448073659830956e-8
0.08   1   -2.196319584948338   8.556486333854662e-8
0.11   2   -2.196319584948659   2.955532914522414e-8
0.0   0   -2.196319660082927   2.8816695540367896e-8
0.1   1   -2.1963196600848653   1.6576349486542213e-7
0.13   2   -2.196319660086664   6.810200642304656e-8
0.0   0   -2.196321404711892   6.95215021380188e-8
0.08   1   -2.1963214047129167   1.5389250022023942e-7
0.13   2   -2.1963214047151824   2.7913780232549372e-8
0.0   0   -2.196321462047723   2.770714659874465e-8
0.09   1   -2.196321462048367   1.3158061169832714e-7
0.15   2   -2.1963214620526266   8.191366877219158e-8
0.0   0   -2.196324199969605   7.38563291715779e-8
0.08   1   -2.1963241999737506   5.0700140866133635e-8
0.11   2   -2.196324199973861   2.5869303046000704e-8
0.0   0   -2.1963242213185903   2.263215395418444e-8
0.08   1   -2.1963242213191707   1.3098266521469782e-7
0.14   2   -2.1963242213287586   1.2362112049751582e-7
0.0   0   -2.1963310619094734   1.2337720935355038e-7
0.08   1   -2.1963310619153495   2.424495985674006e-7
0.13   2   -2.196331061917986   1.9767974165924527e-8
0.0   0   -2.196330972204395   2.2623758350835988e-8
0.08   1   -2.196330972204513   4.756496117102256e-8
0.21   2   -2.196330972619563   5.005726624542278e-7
0.0   0   -2.1966571129352865   4.910526163143101e-7
0.07   1   -2.1966571129410433   6.903075851601802e-8
0.17   2   -2.1966571129743118   2.458652133313021e-7
0.0   0   -2.1966635881090886   2.3590195428406103e-7
0.08   1   -2.196663588133754   5.819683243981674e-8
0.13   2   -2.196663588137854   4.0428554450451475e-7
0.0   0   -2.1966645303692376   4.030051948995819e-7
0.07   1   -2.196664530373155   5.1319283738049233e-8
0.16   2   -2.1966645304044303   2.215454838674926e-7
0.0   0   -2.1966728937611686   2.1319284167580868e-7
0.08   1   -2.196672893780998   1.0465904628880169e-7
0.11   2   -2.1966728937812308   4.425640308404139e-8
0.0   0   -2.196672753506267   3.78060824872291e-8
0.1   1   -2.196672753507727   2.452736041143731e-7
0.18   2   -2.19667275355119   1.3544842384389814e-7
0.0   0   -2.1966912411718145   1.34744862684694e-7
0.08   1   -2.196691241174733   2.3905275130597534e-7
0.13   2   -2.196691241179348   1.2976897771051261e-8
0.0   0   -2.1966910779090343   1.56360308429971e-8
0.07   1   -2.1966910779090614   2.467890014581043e-8
0.16   2   -2.196691077913005   8.187810519945467e-8
0.0   0   -2.196696751410743   8.188427364111705e-8
0.08   1   -2.196696751413308   1.2993136357328706e-7
0.13   2   -2.1966967514140703   1.0499176992494407e-8
0.0   0   -2.196697206402536   1.1873194655506023e-8
0.06   1   -2.1966972064025705   3.437804268318153e-8
0.17   2   -2.196697206451974   2.2982682778718622e-7
0.0   0   -2.196776088444375   2.2917553604776442e-7
0.1   1   -2.19677608846503   4.075767453998211e-7
0.14   2   -2.1967760884727343   1.9654214585441258e-8
0.0   0   -2.196775379489147   2.3695346318118168e-8
0.07   1   -2.1967753794891918   3.3544628165897836e-8
0.14   2   -2.1967753794915543   7.100485216401406e-8
0.0   0   -2.1967754715673413   7.11712819702705e-8
0.1   1   -2.1967754715685466   1.2645845877104337e-7
0.13   2   -2.196775471569283   1.6358193553653433e-8
0.0   0   -2.1967757313288447   1.8284730358252305e-8
0.08   1   -2.1967757313291294   8.065216151097747e-8
0.14   2   -2.1967757313319085   7.522384839112164e-8
0.0   0   -2.1967762654958785   7.504079738406107e-8
0.1   1   -2.196776265498005   7.944836267094809e-8
0.14   2   -2.196776265498204   1.4235683187060984e-8
0.0   0   -2.196776568267251   1.583858575664417e-8
0.08   1   -2.1967765682674396   7.003309919052949e-8
0.16   2   -2.1967765682746077   9.47260977348688e-8
0.0   0   -2.196780064528123   9.441901117477184e-8
0.1   1   -2.1967800645314153   1.3572387807260826e-7
0.13   2   -2.1967800645321645   9.565531089302448e-9
0.0   0   -2.19678049332971   1.2990842943278506e-8
0.06   1   -2.1967804933297304   2.2862184148821372e-8
0.16   2   -2.196780493334917   9.484295711988918e-8
0.0   0   -2.1967884909109623   9.475380657991441e-8
0.1   1   -2.1967884909145607   1.646146701110944e-7
0.14   2   -2.196788490915634   1.1550073023936603e-8
0.0   0   -2.1967883366532774   1.2489565956146666e-8
0.06   1   -2.196788336653295   1.864284672319363e-8
0.16   2   -2.1967883366563754   7.85810966567379e-8
0.0   0   -2.196792879012065   7.853738098194757e-8
0.08   1   -2.196792879014158   1.2580496470635682e-7
0.11   2   -2.1967928790148794   8.80037937999314e-9
0.0   0   -2.196793265329428   1.1636531730159314e-8
0.06   1   -2.1967932653294513   2.6657581498128425e-8
0.19   2   -2.1967932653504945   1.931890031383795e-7
0.0   0   -2.196827352181797   1.9287793470508043e-7
0.08   1   -2.1968273521963306   3.072025724464727e-7
0.11   2   -2.1968273521999935   1.0541167806318163e-8
0.0   0   -2.1968268918877896   2.0790614741225436e-8
0.06   1   -2.196826891887806   1.6878689438450348e-8
0.16   2   -2.1968268918882234   2.7805535608328387e-8
0.0   0   -2.19682732432724   2.8097689985199613e-8
0.08   1   -2.1968273243274496   5.188113455732868e-8
0.13   2   -2.196827324327644   1.2258516232422931e-8
0.0   0   -2.196827607428476   1.1381100941020777e-8
0.1   1   -2.196827607428774   6.029062935743275e-8
0.15   2   -2.1968276074289523   2.7019253363936606e-8
0.0   0   -2.1968281245178956   2.7143435552214385e-8
0.08   1   -2.196828124518186   5.865688737580196e-8
0.12   2   -2.1968281245183414   1.1974458052265552e-8
0.0   0   -2.1968284011942734   1.2554529821386713e-8
0.08   1   -2.19682840119431   3.29100691848365e-8
0.16   2   -2.1968284011948374   3.197317896780892e-8
0.0   0   -2.1968290647604047   3.1962358270146905e-8
0.08   1   -2.1968290647608724   3.5072067366261265e-8
0.11   2   -2.1968290647609297   1.20366749969616e-8
0.0   0   -2.196829337991941   9.652814679653217e-9
0.0   0   -2.196829337991941   9.652814677012316e-9
0.0   0   -2.1968293379919404   9.65281467558841e-9
0.0   0   -2.196829337991941   9.652814680605038e-9
0.0   0   -2.196829337991941   9.652814675314966e-9
0.0   0   -2.1968293379919404   9.652814678966975e-9
0.0   0   -2.196829337991941   9.652814679485925e-9
0.0   0   -2.1968293379919404   9.652814679664053e-9
0.0   0   -2.196829337991941   9.652814674336385e-9
0.0   0   -2.196829337991941   9.652814675260711e-9
0.0   0   -2.196829337991941   9.65281467903514e-9
0.0   0   -2.196829337991941   9.652814677547068e-9
0.0   0   -2.196829337991941   9.65281468241749e-9
0.0   0   -2.196829337991941   9.652814675704669e-9
0.0   0   -2.196829337991941   9.65281467617456e-9
0.0   0   -2.196829337991941   9.65281467357442e-9
0.0   0   -2.196829337991941   9.652814677041512e-9
0.0   0   -2.196829337991941   9.652814681505424e-9
0.0   0   -2.1968293379919404   9.652814678214352e-9
0.0   0   -2.196829337991941   9.652814674980896e-9
0.0   0   -2.196829337991941   9.65281467840679e-9
0.0   0   -2.196829337991941   9.65281467952419e-9
0.0   0   -2.196829337991941   9.652814677149588e-9
0.0   0   -2.196829337991941   9.652814681936236e-9
0.0   0   -2.196829337991941   9.652814680886357e-9
0.0   0   -2.196829337991941   9.652814678998939e-9
0.0   0   -2.1968293379919404   9.652814676818382e-9
0.0   0   -2.1968293379919404   9.65281467368034e-9
0.0   0   -2.196829337991941   9.652814677199341e-9
0.0   0   -2.196829337991941   9.652814680762252e-9
0.0   0   -2.196829337991941   9.652814675703213e-9
0.0   0   -2.196829337991941   9.652814684834298e-9
0.0   0   -2.1968293379919404   9.652814678893076e-9
0.0   0   -2.196829337991941   9.652814684930114e-9
0.0   0   -2.196829337991941   9.652814673971823e-9
0.0   0   -2.196829337991941   9.652814680494956e-9
0.0   0   -2.196829337991941   9.652814673720544e-9
0.0   0   -2.196829337991941   9.652814680602152e-9
0.0   0   -2.196829337991941   9.65281468186975e-9
0.0   0   -2.196829337991941   9.652814671741951e-9
0.0   0   -2.196829337991941   9.652814679169176e-9
0.0   0   -2.1968293379919404   9.652814674872626e-9
0.0   0   -2.196829337991941   9.652814677781266e-9
0.0   0   -2.196829337991941   9.652814672449394e-9
0.0   0   -2.196829337991941   9.652814675286336e-9
0.0   0   -2.196829337991941   9.65281467492505e-9
0.0   0   -2.196829337991941   9.652814674663712e-9
0.0   0   -2.196829337991941   9.652814675488952e-9
0.0   0   -2.196829337991941   9.65281468173031e-9
0.0   0   -2.1968293379919404   9.65281467685837e-9
0.0   0   -2.1968293379919404   9.652814676504961e-9
0.0   0   -2.196829337991941   9.65281468126713e-9
0.0   0   -2.196829337991941   9.652814681280207e-9
0.0   0   -2.196829337991941   9.652814676757908e-9
0.0   0   -2.1968293379919404   9.652814672024473e-9
0.0   0   -2.1968293379919404   9.652814677521467e-9
0.0   0   -2.196829337991941   9.652814673351994e-9
0.0   0   -2.196829337991941   9.652814676174582e-9
0.0   0   -2.196829337991941   9.652814676970815e-9
0.0   0   -2.196829337991941   9.652814677613059e-9
0.0   0   -2.1968293379919404   9.652814688544089e-9
0.0   0   -2.196829337991941   9.652814676103608e-9
0.0   0   -2.196829337991941   9.652814676710602e-9
0.0   0   -2.196829337991941   9.652814685652828e-9
0.0   0   -2.196829337991941   9.652814681701446e-9
0.0   0   -2.196829337991941   9.65281467562663e-9
0.0   0   -2.196829337991941   9.652814679150388e-9
0.0   0   -2.196829337991941   9.652814690366694e-9
0.0   0   -2.196829337991941   9.652814671610147e-9
0.0   0   -2.196829337991941   9.652814678975886e-9
0.0   0   -2.1968293379919404   9.652814675677906e-9
0.0   0   -2.196829337991941   9.65281467390531e-9
0.0   0   -2.1968293379919404   9.652814681311761e-9
0.0   0   -2.196829337991941   9.652814673099561e-9
0.0   0   -2.196829337991941   9.652814682714884e-9
0.0   0   -2.196829337991941   9.652814677332905e-9
0.0   0   -2.196829337991941   9.652814678768607e-9
0.0   0   -2.196829337991941   9.652814678211385e-9
0.0   0   -2.196829337991941   9.65281468188771e-9
0.0   0   -2.196829337991941   9.652814674272098e-9
0.0   0   -2.1968293379919404   9.652814677239987e-9
0.0   0   -2.1968293379919404   9.652814676998717e-9
0.0   0   -2.1968293379919404   9.652814676648345e-9
0.0   0   -2.196829337991941   9.652814679462104e-9
0.0   0   -2.196829337991941   9.652814682571039e-9
0.0   0   -2.196829337991941   9.652814678471688e-9
0.0   0   -2.196829337991941   9.65281467780584e-9
0.0   0   -2.196829337991941   9.65281467868272e-9
0.0   0   -2.196829337991941   9.652814680398479e-9
0.0   0   -2.1968293379919404   9.652814678166524e-9
0.0   0   -2.196829337991941   9.652814673177634e-9
0.0   0   -2.196829337991941   9.652814674231005e-9
0.0   0   -2.196829337991941   9.652814679375468e-9
0.0   0   -2.1968293379919404   9.652814675371674e-9
0.0   0   -2.196829337991941   9.6528146805708e-9
0.0   0   -2.196829337991941   9.652814674118866e-9
0.0   0   -2.196829337991941   9.652814673139612e-9
0.0   0   -2.1968293379919404   9.652814682033572e-9
0.0   0   -2.196829337991941   9.65281467302252e-9
0.0   0   -2.196829337991941   9.652814675803744e-9
0.0   0   -2.196829337991941   9.652814678163166e-9
0.0   0   -2.1968293379919404   9.652814680819969e-9
0.0   0   -2.196829337991941   9.652814679323373e-9
0.0   0   -2.196829337991941   9.652814673373027e-9
0.0   0   -2.196829337991941   9.652814681876427e-9
0.0   0   -2.1968293379919404   9.652814683271517e-9
0.0   0   -2.1968293379919404   9.652814676788638e-9
0.0   0   -2.196829337991941   9.652814675017689e-9
0.0   0   -2.196829337991941   9.652814675770144e-9
0.0   0   -2.1968293379919404   9.652814685681246e-9
0.0   0   -2.196829337991941   9.652814682087628e-9
0.0   0   -2.196829337991941   9.65281467547864e-9
0.0   0   -2.196829337991941   9.652814680900761e-9
0.0   0   -2.1968293379919404   9.652814673744579e-9
0.0   0   -2.196829337991941   9.652814675820967e-9
0.0   0   -2.1968293379919404   9.652814681965867e-9
0.0   0   -2.1968293379919404   9.652814675304066e-9
0.0   0   -2.196829337991941   9.652814680171425e-9
0.0   0   -2.1968293379919404   9.652814674144036e-9
0.0   0   -2.1968293379919404   9.652814677342973e-9
0.0   0   -2.196829337991941   9.652814682059987e-9
0.0   0   -2.1968293379919404   9.65281467787474e-9
0.0   0   -2.196829337991941   9.652814684193364e-9
