0.0   0   -1.138183275247631   0.015666342854955342
0.11   1   -1.219163945111078   0.04424551961762955
0.17   2   -1.2230914372559643   0.05402423551729355
0.22   3   -1.23099955171028   0.03210022200666902
0.26   4   -1.2338658819187465   0.0483995807734835
0.3   5   -1.237412414374386   0.03366404721337191
0.33   6   -1.2387623626889144   0.013072432984812817
0.41   7   -1.2399702534693613   0.017047587535758208
0.46   8   -1.242851748492054   0.027158646410434962
0.5   9   -1.245190598809914   0.007134229622026587
0.55   10   -1.2457630714476864   0.008762821541336991
0.6   11   -1.2460072069113803   0.0066923757785350545
0.65   12   -1.2462033690564311   0.00446340941770013
0.72   13   -1.2463777950407215   0.0022857867846255947
0.77   14   -1.2464862629593618   0.002884526663069552
0.82   15   -1.2465996078604717   0.0037541490646683336
0.88   16   -1.2467957809231207   0.0015490909957476225
0.93   17   -1.2468275096776171   0.0011993585814385485
0.99   18   -1.246846924133737   0.0011692767776660196
1.05   19   -1.246855898262514   0.0004621389019603931
1.1   20   -1.2468584608508142   0.0004135135722611201
1.15   21   -1.2468647940410724   0.00045203465392732356
1.21   22   -1.2468782504884215   0.0006685394718996404
1.27   23   -1.2468840817860816   0.0003334698858362043
1.32   24   -1.2468887803070448   0.0007822976566924047
1.37   25   -1.246890924943897   0.0001616891228194153
1.4   26   -1.2468912736560887   0.00011600913041188934
1.45   27   -1.246891478408941   9.52985307436545e-5
0.0   0   -1.56938629602015   0.03650188257809656
0.05   1   -1.578350056016804   0.02329101024932089
0.09   2   -1.5802382401792712   0.00937893502876329
0.12   3   -1.5806150341400347   0.011973880329014249
0.18   4   -1.5807160035024033   0.017822702413523503
0.26   5   -1.5816130100210524   0.005385221776135869
0.3   6   -1.581635699512351   0.007386172722220041
0.37   7   -1.5817311841018848   0.004856692558003035
0.4   8   -1.5818877449124527   0.011142643671918619
0.43   9   -1.5819075897630466   0.0017720108749197507
0.48   10   -1.5819094742079836   0.0020616651036627566
0.55   11   -1.581931324666268   0.0008284408310097381
0.62   12   -1.5819357058393457   0.0011121965175305976
0.67   13   -1.5819380498252746   0.0012468231960323533
0.72   14   -1.5819384149488283   0.0004213497168659841
0.78   15   -1.5819391350611895   0.0007775133050580103
0.0   0   -1.5764975525222087   0.03474441590758892
0.12   1   -1.577462480776521   0.011314315106637147
0.17   2   -1.5775933092303216   0.0010263669303203862
0.22   3   -1.577596932630736   0.0014465676208056228
0.33   4   -1.577618122554777   0.011938117415665524
0.7   5   -1.5776190729966504   0.014882265428079937
0.77   6   -1.5776672166261718   0.0121934832740211
0.86   7   -1.5777575503782675   0.009961592407786796
0.89   8   -1.5777596187367244   0.014566812317006008
0.94   9   -1.5777708797277163   0.00784052568565071
0.98   10   -1.577773023159542   0.0010724131557074035
1.03   11   -1.5777730818997358   0.0012478222015857843
1.09   12   -1.5777744891891095   0.004322842694657507
0.0   0   -1.576307433835189   0.07337097960644325
0.21   1   -1.5763308003284386   0.008670617549604426
0.28   2   -1.5764714268522921   0.00013344049633360217
0.36   3   -1.5764716354536303   0.00024122195372116388
0.41   4   -1.5764719304774815   6.621582253460652e-5
0.0   0   -1.5843472853668432   0.000275919644926049
0.03   1   -1.584347418221875   7.953075866725233e-5
0.11   2   -1.584347498102741   0.00017410603167855246
0.0   0   -1.5844601385169537   0.00018266401599728997
0.04   1   -1.5844601986115232   8.855596342236555e-5
0.13   2   -1.5844603773670336   0.00022319348404744037
0.0   0   -1.5847640235408584   0.00021845713116229145
0.03   1   -1.5847641263185916   9.053588920960132e-5
0.1   2   -1.5847641805536954   8.142335523520128e-5
0.0   0   -1.5848273929999865   9.38545217577721e-5
0.03   1   -1.5848274142937198   7.999674641430627e-5
0.12   2   -1.5848275391616693   0.00011740734500592724
0.0   0   -1.585126504473842   0.00011382485056812566
0.03   1   -1.5851265583587364   8.760012777588425e-5
0.08   2   -1.585126603136202   5.7732385742607245e-5
0.0   0   -1.5851577429483465   5.1362256081417994e-5
0.05   1   -1.5851577693675825   9.171791909060925e-5
0.1   2   -1.5851578544984952   0.00010964812251576173
0.0   0   -1.5855193527678724   0.00010516683158744539
0.05   1   -1.5855194164060218   7.202441171925274e-5
0.08   2   -1.5855194333709468   3.789671262339791e-5
0.0   0   -1.58553914951845   3.471227089877066e-5
0.05   1   -1.585539164644217   7.322976513076723e-5
0.11   2   -1.5855392681335427   0.00012958340119773295
0.0   0   -1.5861064221174028   0.00012488014724669334
0.03   1   -1.5861064904441164   6.144264512562122e-5
0.08   2   -1.5861065006671993   2.0991311169517463e-5
0.0   0   -1.5861208447601847   2.1919740820101625e-5
0.05   1   -1.5861208536985485   5.8097482221771476e-5
0.12   2   -1.5861209710000013   9.356263274056617e-5
0.0   0   -1.58708006969943   8.909108693336015e-5
0.03   1   -1.5870801301630812   4.9976248040101354e-5
0.07   2   -1.5870801421983949   4.1297620985198845e-5
0.0   0   -1.5870939648917628   3.7753737863192566e-5
0.05   1   -1.587093973355084   3.8331949627702174e-5
0.1   2   -1.5870939934025863   4.886685052551116e-5
0.0   0   -1.5872012955640407   4.7519820315270874e-5
0.04   1   -1.5872013049574   2.9473910654773727e-5
0.07   2   -1.5872013090110206   2.1794515629084218e-5
0.0   0   -1.5872380823043555   2.0387815297599987e-5
0.04   1   -1.5872380860859598   2.9415168183623663e-5
0.09   2   -1.5872380968681992   5.151641323482958e-5
0.0   0   -1.5873576033774581   4.963657698082589e-5
0.03   1   -1.587357612917124   2.9726278083598947e-5
0.07   2   -1.587357616860174   2.063414010895086e-5
0.0   0   -1.5873905031487312   1.9170687808472054e-5
0.03   1   -1.587390506833334   2.9619107513399258e-5
0.08   2   -1.5873905182264232   5.4046672150857336e-5
0.0   0   -1.5875220686199771   5.2068605647605374e-5
0.03   1   -1.587522078767873   2.934863030862427e-5
0.07   2   -1.5875220824970016   1.9401654189362552e-5
0.0   0   -1.587551156360095   1.7882107133224722e-5
0.04   1   -1.5875511598477243   2.9336203811307835e-5
0.1   2   -1.5875511726275875   5.772014686419988e-5
0.0   0   -1.587702621645244   5.5631213424505665e-5
0.03   1   -1.5877026330551771   2.8839601763916647e-5
0.07   2   -1.5877026365063522   1.7917119684045208e-5
0.0   0   -1.5877277280588102   1.632238257013761e-5
0.04   1   -1.5877277312930382   2.8921943515512925e-5
0.12   2   -1.5877277468642668   6.353845702548846e-5
0.0   0   -1.5879156835801647   6.127112917711259e-5
0.04   1   -1.5879156974801965   2.82009822145984e-5
0.07   2   -1.5879157006095128   1.617925172866792e-5
0.0   0   -1.587936364889699   1.4457582333663342e-5
0.03   1   -1.5879363678365528   2.8391456435376995e-5
0.1   2   -1.5879363897948682   7.39385875006106e-5
0.0   0   -1.588204844082502   7.132920549789193e-5
0.03   1   -1.5882048635240489   2.719000889533707e-5
0.07   2   -1.5882048662637271   1.4076429476180787e-5
0.0   0   -1.5882200672090945   1.298147098691801e-5
0.03   1   -1.588220069820423   2.7512738778396423e-5
0.1   2   -1.5882201135215674   9.808978402009295e-5
0.0   0   -1.5887600444619165   9.461162523132044e-5
0.03   1   -1.5887600814710767   2.463019520989864e-5
0.08   2   -1.5887600836185678   1.250530751515905e-5
0.0   0   -1.5887663498296272   1.1922613758184357e-5
0.03   1   -1.5887663519558024   2.5129746708732518e-5
0.13   2   -1.5887668008891005   0.0001981725726610453
0.0   0   -1.138183275247631   0.015666342854955342
0.08   1   -1.219163945111078   0.04424551961762955
0.15   2   -1.2230914372559643   0.05402423551729355
0.23   3   -1.23099955171028   0.03210022200666902
0.26   4   -1.2338658819187465   0.0483995807734835
0.3   5   -1.237412414374386   0.03366404721337191
0.33   6   -1.2387623626889144   0.013072432984812817
0.38   7   -1.2399702534693613   0.017047587535758208
0.43   8   -1.242851748492054   0.027158646410434962
0.47   9   -1.245190598809914   0.007134229622026587
0.54   10   -1.2457630714476864   0.008762821541336991
0.59   11   -1.2460072069113803   0.0066923757785350545
0.64   12   -1.2462033690564311   0.00446340941770013
0.69   13   -1.2463777950407215   0.0022857867846255947
0.74   14   -1.2464862629593618   0.002884526663069552
0.81   15   -1.2465996078604717   0.0037541490646683336
0.86   16   -1.2467957809231207   0.0015490909957476225
0.91   17   -1.2468275096776171   0.0011993585814385485
0.96   18   -1.246846924133737   0.0011692767776660196
1.01   19   -1.246855898262514   0.0004621389019603931
1.08   20   -1.2468584608508142   0.0004135135722611201
1.13   21   -1.2468647940410724   0.00045203465392732356
1.19   22   -1.2468782504884215   0.0006685394718996404
1.23   23   -1.2468840817860816   0.0003334698858362043
1.28   24   -1.2468887803070448   0.0007822976566924047
1.35   25   -1.246890924943897   0.0001616891228194153
1.38   26   -1.2468912736560887   0.00011600913041188934
1.43   27   -1.246891478408941   9.52985307436545e-5
0.0   0   -1.56938629602015   0.03650188257809656
0.03   1   -1.578350056016804   0.02329101024932089
0.07   2   -1.5802382401792712   0.00937893502876329
0.1   3   -1.5806150341400347   0.011973880329014249
0.18   4   -1.5807160035024033   0.017822702413523503
0.27   5   -1.5816130100210524   0.005385221776135869
0.3   6   -1.581635699512351   0.007386172722220041
0.36   7   -1.5817311841018848   0.004856692558003035
0.39   8   -1.5818877449124527   0.011142643671918619
0.43   9   -1.5819075897630466   0.0017720108749197507
0.49   10   -1.5819094742079836   0.0020616651036627566
0.56   11   -1.581931324666268   0.0008284408310097381
0.61   12   -1.5819357058393457   0.0011121965175305976
0.66   13   -1.5819380498252746   0.0012468231960323533
0.71   14   -1.5819384149488283   0.0004213497168659841
0.79   15   -1.5819391350611895   0.0007775133050580103
0.0   0   -1.5764975525222087   0.03474441590758892
0.1   1   -1.577462480776521   0.011314315106637147
0.15   2   -1.5775933092303216   0.0010263669303203862
0.22   3   -1.577596932630736   0.0014465676208056228
0.33   4   -1.577618122554777   0.011938117415665524
0.67   5   -1.5776190729966504   0.014882265428079937
0.75   6   -1.5776672166261718   0.0121934832740211
0.83   7   -1.5777575503782675   0.009961592407786796
0.86   8   -1.5777596187367244   0.014566812317006008
0.89   9   -1.5777708797277163   0.00784052568565071
0.93   10   -1.577773023159542   0.0010724131557074035
0.98   11   -1.5777730818997358   0.0012478222015857843
1.06   12   -1.5777744891891095   0.004322842694657507
0.0   0   -1.576307433835189   0.07337097960644325
0.21   1   -1.5763308003284386   0.008670617549604426
0.28   2   -1.5764714268522921   0.00013344049633360217
0.34   3   -1.5764716354536303   0.00024122195372116388
0.39   4   -1.5764719304774815   6.621582253460652e-5
0.0   0   -1.5843472853668432   0.000275919644926049
0.04   1   -1.584347418221875   7.953075866725233e-5
0.12   2   -1.584347498102741   0.00017410603167855246
0.0   0   -1.5844601385169537   0.00018266401599728997
0.03   1   -1.5844601986115232   8.855596342236555e-5
0.11   2   -1.5844603773670336   0.00022319348404744037
0.0   0   -1.5847640235408584   0.00021845713116229145
0.03   1   -1.5847641263185916   9.053588920960132e-5
0.12   2   -1.5847641805536954   8.142335523520128e-5
0.0   0   -1.5848273929999865   9.38545217577721e-5
0.03   1   -1.5848274142937198   7.999674641430627e-5
0.1   2   -1.5848275391616693   0.00011740734500592724
0.0   0   -1.585126504473842   0.00011382485056812566
0.03   1   -1.5851265583587364   8.760012777588425e-5
0.08   2   -1.585126603136202   5.7732385742607245e-5
0.0   0   -1.5851577429483465   5.1362256081417994e-5
0.05   1   -1.5851577693675825   9.171791909060925e-5
0.1   2   -1.5851578544984952   0.00010964812251576173
0.0   0   -1.5855193527678724   0.00010516683158744539
0.03   1   -1.5855194164060218   7.202441171925274e-5
0.07   2   -1.5855194333709468   3.789671262339791e-5
0.0   0   -1.58553914951845   3.471227089877066e-5
0.07   1   -1.585539164644217   7.322976513076723e-5
0.13   2   -1.5855392681335427   0.00012958340119773295
0.0   0   -1.5861064221174028   0.00012488014724669334
0.03   1   -1.5861064904441164   6.144264512562122e-5
0.07   2   -1.5861065006671993   2.0991311169517463e-5
0.0   0   -1.5861208447601847   2.1919740820101625e-5
0.05   1   -1.5861208536985485   5.8097482221771476e-5
0.13   2   -1.5861209710000013   9.356263274056617e-5
0.0   0   -1.58708006969943   8.909108693336015e-5
0.03   1   -1.5870801301630812   4.9976248040101354e-5
0.07   2   -1.5870801421983949   4.1297620985198845e-5
0.0   0   -1.5870939648917628   3.7753737863192566e-5
0.03   1   -1.587093973355084   3.8331949627702174e-5
0.09   2   -1.5870939934025863   4.886685052551116e-5
0.0   0   -1.5872012955640407   4.7519820315270874e-5
0.04   1   -1.5872013049574   2.9473910654773727e-5
0.1   2   -1.5872013090110206   2.1794515629084218e-5
0.0   0   -1.5872380823043555   2.0387815297599987e-5
0.04   1   -1.5872380860859598   2.9415168183623663e-5
0.11   2   -1.5872380968681992   5.151641323482958e-5
0.0   0   -1.5873576033774581   4.963657698082589e-5
0.03   1   -1.587357612917124   2.9726278083598947e-5
0.07   2   -1.587357616860174   2.063414010895086e-5
0.0   0   -1.5873905031487312   1.9170687808472054e-5
0.04   1   -1.587390506833334   2.9619107513399258e-5
0.1   2   -1.5873905182264232   5.4046672150857336e-5
0.0   0   -1.5875220686199771   5.2068605647605374e-5
0.03   1   -1.587522078767873   2.934863030862427e-5
0.07   2   -1.5875220824970016   1.9401654189362552e-5
0.0   0   -1.587551156360095   1.7882107133224722e-5
0.03   1   -1.5875511598477243   2.9336203811307835e-5
0.1   2   -1.5875511726275875   5.772014686419988e-5
0.0   0   -1.587702621645244   5.5631213424505665e-5
0.04   1   -1.5877026330551771   2.8839601763916647e-5
0.07   2   -1.5877026365063522   1.7917119684045208e-5
0.0   0   -1.5877277280588102   1.632238257013761e-5
0.04   1   -1.5877277312930382   2.8921943515512925e-5
0.1   2   -1.5877277468642668   6.353845702548846e-5
0.0   0   -1.5879156835801647   6.127112917711259e-5
0.04   1   -1.5879156974801965   2.82009822145984e-5
0.09   2   -1.5879157006095128   1.617925172866792e-5
0.0   0   -1.587936364889699   1.4457582333663342e-5
0.03   1   -1.5879363678365528   2.8391456435376995e-5
0.1   2   -1.5879363897948682   7.39385875006106e-5
0.0   0   -1.588204844082502   7.132920549789193e-5
0.03   1   -1.5882048635240489   2.719000889533707e-5
0.07   2   -1.5882048662637271   1.4076429476180787e-5
0.0   0   -1.5882200672090945   1.298147098691801e-5
0.04   1   -1.588220069820423   2.7512738778396423e-5
0.12   2   -1.5882201135215674   9.808978402009295e-5
0.0   0   -1.5887600444619165   9.461162523132044e-5
0.03   1   -1.5887600814710767   2.463019520989864e-5
0.07   2   -1.5887600836185678   1.250530751515905e-5
0.0   0   -1.5887663498296272   1.1922613758184357e-5
0.04   1   -1.5887663519558024   2.5129746708732518e-5
0.15   2   -1.5887668008891005   0.0001981725726610453
