0.0   0   -1.1141864079397417   0.02109768325407787
0.08   1   -1.1475839008820021   0.060258639889207564
0.12   2   -1.2048395073242948   0.006072659839168094
0.17   3   -1.206693517732698   0.0076381308055325
0.22   4   -1.2081618068262263   0.0025465799746264358
0.27   5   -1.208336889204324   0.0026240468287419103
0.38   6   -1.2166638897128057   0.01112314925830173
0.43   7   -1.219722202855682   0.02410017721884588
0.47   8   -1.2210213767205147   0.006870867713469736
0.52   9   -1.2213155371001556   0.006263102264165208
0.57   10   -1.2215686006402526   0.00765014632423003
0.64   11   -1.2219767027866255   0.002374206825691442
0.67   12   -1.2220597726738067   0.0017436934861130226
0.72   13   -1.2221205160757067   0.0029480970331300983
0.77   14   -1.2221582789590182   0.0008308257289553702
0.82   15   -1.2221684241938493   0.0011962284006953132
0.89   16   -1.2222713720497143   0.0013631121298964687
0.97   17   -1.222302545880375   0.00011147828150799316
1.02   18   -1.2223059109278673   0.0001275778301023395
1.07   19   -1.2223068474439827   0.00011960263963619465
1.14   20   -1.2223082468753799   0.0004173187860025441
1.19   21   -1.2223099292082882   0.00019706943443817775
1.25   22   -1.2223102920042535   1.4464579088741866e-5
1.3   23   -1.2223102960312593   1.4533588237530847e-5
0.0   0   -1.677098312302471   0.08548668471133215
0.04   1   -1.6886297335819922   0.009175533798807079
0.09   2   -1.6894249880648042   0.000657843214048667
0.15   3   -1.6894552961061955   0.0009571711679745384
0.22   4   -1.6894926967627815   0.00021054069421325651
0.28   5   -1.689493438999775   0.00010770004102888544
0.36   6   -1.6894985907626587   0.0001369772545716972
0.41   7   -1.68951001413446   0.0001460804195490627
0.44   8   -1.6895162991656685   0.00014074878105095547
0.51   9   -1.6895179365355708   0.0002030127567801595
0.56   10   -1.6895268497704996   0.00027639351245003883
0.59   11   -1.6895320229314774   0.0002728387974474018
0.62   12   -1.6895479666016584   0.00028481576796169684
0.66   13   -1.689560943833904   0.00043273198674974057
0.77   14   -1.6895801294172101   0.001012554963770796
0.83   15   -1.6895941209398817   0.001447257654621427
0.91   16   -1.6896416142512118   0.004811823727050157
0.97   17   -1.6896449425019537   0.004995095648795702
1.07   18   -1.6896596333252187   0.004562181490111068
1.1   19   -1.6896790988442485   0.003936836249379394
1.14   20   -1.689724540974397   0.0009775707055371947
1.17   21   -1.689731173886419   0.0005725219133051767
1.22   22   -1.6897372752584934   0.00016647180525408437
1.27   23   -1.6897386351502865   0.0001464425894978637
1.33   24   -1.6897389544305028   0.0002157265915975184
0.0   0   -1.821008453819069   0.010493008467978576
0.05   1   -1.8212484660156414   0.002855753158471491
0.1   2   -1.8212707415786589   0.00015431508459555845
0.17   3   -1.8212709163515861   0.00010700596913800178
0.21   4   -1.8212709696468674   6.6581153884494e-5
0.0   0   -1.8229300395420474   0.0008238665242757255
0.05   1   -1.8229319776863822   4.44029272575562e-5
0.1   2   -1.8229319999021376   9.421416386773996e-5
0.16   3   -1.8229322642744474   0.00017105874047333808
0.0   0   -1.823292055931469   0.00012707676913976582
0.03   1   -1.8232921424043782   0.0001367328119691207
0.08   2   -1.8232922305582082   2.8896633029865888e-5
0.0   0   -1.8233001951596726   2.7644569820968305e-5
0.07   1   -1.8233002135852634   8.079120268217377e-5
0.13   2   -1.8233004815458815   0.00011121048786634254
0.0   0   -1.8238084274147541   0.00010338169949032271
0.05   1   -1.8238084936009347   5.1575678508669456e-5
0.08   2   -1.8238085007597789   1.6103186258989106e-5
0.0   0   -1.823811922228151   1.895198418598502e-5
0.08   1   -1.8238119277519147   4.1552704297593524e-5
0.15   2   -1.823811970951094   6.895753908340938e-5
0.0   0   -1.8240213234821   6.658557945872743e-5
0.05   1   -1.8240213469376032   2.2063968010801357e-5
0.08   2   -1.8240213483068235   9.640085176025994e-6
0.0   0   -1.824029277465362   9.020500868499872e-6
0.05   1   -1.8240292782138323   1.709853961186128e-5
0.13   2   -1.8240292918746366   3.796038989323716e-5
0.0   0   -1.8241974520420794   3.547104360391028e-5
0.05   1   -1.8241974599304005   1.4181735170636672e-5
0.08   2   -1.8241974604186975   5.909109366424121e-6
0.0   0   -1.8242025718616817   5.2445663318911935e-6
0.05   1   -1.8242025723862336   1.4468530871867526e-5
0.15   2   -1.8242025893891607   3.302376238230641e-5
0.0   0   -1.824617274111968   3.2154441881423634e-5
0.05   1   -1.8246172802085123   5.665015274435702e-6
0.08   2   -1.8246172802983887   2.631009044002474e-6
0.0   0   -1.8246237321668535   2.66283122606328e-6
0.05   1   -1.8246237322502346   5.184025727845563e-6
0.13   2   -1.824623734746382   1.9930789570726106e-5
0.0   0   -1.8247487206437287   1.892627440184549e-5
0.05   1   -1.824748722847386   5.896143652302691e-6
0.08   2   -1.8247487229449895   2.416690990282116e-6
0.0   0   -1.8247538808004953   2.291996370089126e-6
0.05   1   -1.8247538809077382   6.42265470362965e-6
0.18   2   -1.8247540154054418   2.4614483805339424e-5
0.0   0   -1.8339210013038119   2.528759358745051e-5
0.05   1   -1.8339210044125667   1.5660881638771167e-5
0.1   2   -1.833921005985538   9.568217228309368e-6
0.0   0   -1.8339227913147984   8.423134323002256e-6
0.05   1   -1.8339227922361108   1.1799233405328996e-5
0.11   2   -1.8339227975823582   2.7777399230691527e-5
0.0   0   -1.8339249673829605   2.6007783914314996e-5
0.05   1   -1.8339249714574675   9.566675840151703e-6
0.08   2   -1.8339249720269597   7.137849562593722e-6
0.0   0   -1.8339257661353943   6.989445501184902e-6
0.05   1   -1.833925766568867   8.631874600752477e-6
0.13   2   -1.833925775259739   3.0321097005748452e-5
0.0   0   -1.8339318282690613   2.837084011588411e-5
0.07   1   -1.8339318330845122   5.27681005906605e-6
0.1   2   -1.8339318332375236   4.25024332229278e-6
0.0   0   -1.8339323885723908   4.968672880871863e-6
0.05   1   -1.833932388704862   5.208594459721144e-6
0.14   2   -1.8339323958780367   1.7090325259898e-5
0.0   0   -1.8339483717398248   1.6716979220876653e-5
0.07   1   -1.8339483734801676   2.024235904923965e-6
0.1   2   -1.8339483734979127   1.1014023311258727e-6
0.0   0   -1.8339487263350525   1.5890054643569148e-6
0.05   1   -1.8339487263624714   2.2962648862350726e-6
0.12   2   -1.833948726484011   4.7049185076973994e-6
0.0   0   -1.833952407965523   4.429578420386055e-6
0.05   1   -1.8339524080699505   2.0666611416599204e-6
0.1   2   -1.8339524080918956   1.4839820226081145e-6
0.0   0   -1.8339530609053294   1.314560055489322e-6
0.05   1   -1.8339530609228651   1.943056531029359e-6
0.12   2   -1.8339530611174646   5.708900184204912e-6
0.0   0   -1.8339596905340696   5.391673354627931e-6
0.05   1   -1.8339596906934437   1.6558706236311305e-6
0.08   2   -1.8339596907066595   1.1589767297947465e-6
0.0   0   -1.833960291762427   1.052675079583816e-6
0.07   1   -1.8339602917737676   1.5472233674351102e-6
0.15   2   -1.8339602923997673   9.067550972699332e-6
0.0   0   -1.8339867156376866   8.538543965515869e-6
0.05   1   -1.8339867160394139   9.487902525261338e-7
0.08   2   -1.8339867160461818   9.006302317108915e-7
0.0   0   -1.8339873523797432   9.6787838507485e-7
0.05   1   -1.8339873523865724   9.121933293338499e-7
0.13   2   -1.8339873526446318   6.0517908069322344e-6
0.0   0   -1.8340045203003135   5.722855635508391e-6
0.05   1   -1.8340045205314914   1.0903698264681293e-6
0.08   2   -1.834004520538731   7.872689559740433e-7
0.0   0   -1.8340050171931042   7.01397792972969e-7
0.05   1   -1.8340050172008868   1.2060780306829632e-6
0.16   2   -1.8340050189864148   1.7394284523065915e-5
0.0   0   -1.834127165508908   1.6513634673762224e-5
0.05   1   -1.83412716705053   7.477525981841068e-7
0.08   2   -1.8341271670570192   1.002004967173915e-6
0.0   0   -1.8341279049115768   1.2663836040195066e-6
0.03   1   -1.8341279049202837   7.811789888208017e-7
0.12   2   -1.8341279049531214   1.6139343616866034e-6
0.0   0   -1.8341300756798424   1.5034724730507556e-6
0.05   1   -1.834130075708706   9.344585429740806e-7
0.09   2   -1.8341300757174455   1.2230301339483393e-6
0.0   0   -1.834130787766565   1.0894530544956694e-6
0.05   1   -1.8341307877746937   9.542463119183943e-7
0.11   2   -1.8341307878111468   1.7527565707945715e-6
0.0   0   -1.8341332773155963   1.6476543693528323e-6
0.05   1   -1.8341332773480692   1.038665084241938e-6
0.08   2   -1.834133277356989   1.1018961404306046e-6
0.0   0   -1.8341339378899342   9.680637371922178e-7
0.05   1   -1.83413393789841   1.0682523346583143e-6
0.12   2   -1.8341339379431132   2.0568719943838482e-6
0.0   0   -1.834137082535269   1.9053255169364106e-6
0.07   1   -1.8341370825753194   1.1189526035790486e-6
0.1   2   -1.8341370825844605   9.850253549551162e-7
0.0   0   -1.8341376985100846   8.435561761445028e-7
0.05   1   -1.8341376985189175   1.1629653560064464e-6
0.12   2   -1.8341376985830078   2.657281029997223e-6
0.0   0   -1.8341422846979474   2.483991102563997e-6
0.05   1   -1.8341422847555298   1.2024394989950353e-6
0.1   2   -1.8341422847649071   8.564720702423814e-7
0.0   0   -1.8341428555969315   6.946402502516807e-7
0.05   1   -1.8341428556062203   1.270607015635292e-6
0.12   2   -1.8341428557366688   4.1211683412479425e-6
0.0   0   -1.834152224371319   3.883379624152094e-6
0.05   1   -1.8341522244884882   1.322253089512448e-6
0.08   2   -1.83415222449838   6.981009295552499e-7
0.0   0   -1.8341527448404107   6.854899326873009e-7
0.07   1   -1.8341527448508905   1.4428280941950976e-6
0.16   2   -1.8341527464948235   1.5768163993110157e-5
0.0   0   -1.8342696586840765   1.4940811556758942e-5
0.05   1   -1.8342696600881356   1.791793986195274e-6
0.08   2   -1.834269660102579   6.112914439180309e-7
0.0   0   -1.8342700232354217   9.58445298673009e-7
0.07   1   -1.8342700232543068   1.111378489946893e-6
0.12   2   -1.8342700232774534   2.5290507399718862e-6
0.0   0   -1.8342720375715942   2.3670957649083743e-6
0.03   1   -1.83427203759225   1.1009125949081536e-6
0.08   2   -1.8342720376100998   9.77371997636805e-7
0.0   0   -1.8342728502167456   8.6811795418547e-7
0.05   1   -1.8342728502294143   1.3183543857883551e-6
0.12   2   -1.8342728502591554   2.5674813852230887e-6
0.0   0   -1.8342750575979323   2.4224797002987267e-6
0.05   1   -1.8342750576253364   1.277024960527128e-6
0.1   2   -1.8342750576372153   8.796879909561996e-7
0.0   0   -1.834275732417204   7.876540522222308e-7
0.05   1   -1.834275732426944   1.2600564017324444e-6
0.13   2   -1.834275732467982   2.8756919420972458e-6
0.0   0   -1.8342785900449896   2.7243298147167278e-6
0.05   1   -1.8342785900826517   1.2078807838504587e-6
0.08   2   -1.8342785900918226   7.971759265687334e-7
0.0   0   -1.834279207270016   7.572804325392882e-7
0.05   1   -1.8342792072778837   1.1631022952327514e-6
0.12   2   -1.8342792073409355   3.4898106937771364e-6
0.0   0   -1.8342835206245116   3.3158921498486106e-6
0.05   1   -1.834283520682029   1.1048464642322507e-6
0.08   2   -1.834283520689465   7.635163083757728e-7
0.0   0   -1.8342840953525674   7.140332563812217e-7
0.05   1   -1.834284095359143   1.0550503915744904e-6
0.13   2   -1.8342840954970836   5.080055092050372e-6
0.0   0   -1.834293594936385   4.8344817590808015e-6
0.07   1   -1.8342935950612216   9.731240221757375e-7
0.1   2   -1.834293595067384   7.191335739311388e-7
0.0   0   -1.8342941454978519   7.615160853771746e-7
0.05   1   -1.8342941455035324   9.235541508211268e-7
0.16   2   -1.8342941493712548   2.434809691457697e-5
0.0   0   -1.8345701115516304   2.304985864017909e-5
0.07   1   -1.8345701146141353   1.0465050323200555e-6
0.12   2   -1.8345701146310938   1.6542113286031078e-6
0.0   0   -1.8345719444773338   1.3525993593682563e-6
0.04   1   -1.834571944493275   1.099741207187656e-6
0.1   2   -1.8345719445176623   1.5955213849438002e-6
0.0   0   -1.834572807160309   1.530989858509721e-6
0.07   1   -1.8345728071812757   1.0221097719697764e-6
0.12   2   -1.8345728071934067   1.1748094277968413e-6
0.0   0   -1.834573849356721   1.0823915897565687e-6
0.03   1   -1.8345738493677377   9.842141974083853e-7
0.08   2   -1.8345738493895696   1.5401523769014372e-6
