0.0   0   -1.1224285326527643   0.022313280788457263
0.09   1   -1.1760677294072708   0.04273936732715424
0.12   2   -1.2074973239888342   0.01326180097266871
0.2   3   -1.2137984804568371   0.005835229634118949
0.25   4   -1.2188860296395527   0.002995072355286205
0.28   5   -1.2195404633445055   0.004212745958597669
0.35   6   -1.2204977900189384   0.0014759459848615966
0.4   7   -1.2210601054360317   0.004397695796758137
0.47   8   -1.2212602314627712   0.005269824820066988
0.6   9   -1.2217763341249817   0.006396657169949493
0.66   10   -1.222081190981668   0.00679056946432687
0.69   11   -1.2228957082036362   0.012916822066783937
0.72   12   -1.2239246593459188   0.02487550852184045
0.76   13   -1.2257051280025912   0.03814720787018428
0.79   14   -1.2261697179808162   0.050221298396721126
0.84   15   -1.2288663561478057   0.010104359614135847
0.9   16   -1.2313574990735303   0.0030328466365497054
0.95   17   -1.2317641661178362   0.011468995502457922
0.98   18   -1.232425156425359   0.009415387517947175
1.03   19   -1.2330647915278448   0.006165160279965873
1.08   20   -1.233603499400452   0.005756293894186046
1.13   21   -1.2337233888213204   0.0011468841400200745
1.18   22   -1.2337523620545288   0.0014692852645949244
1.25   23   -1.2337792520860509   0.0020425252945198294
1.3   24   -1.2337845529271805   0.0005901817777232236
1.35   25   -1.2337868753072638   0.0002568771354885758
1.4   26   -1.2337877815424712   5.6101526496628145e-5
1.45   27   -1.2337879731903267   0.0001183236667953305
0.0   0   -1.6780226401807203   0.09565814644622511
0.05   1   -1.688658979980498   0.00810083391003198
0.1   2   -1.689875213039605   0.0008260356637975474
0.17   3   -1.689942587713952   0.0011436881610258362
0.21   4   -1.6900143557729017   0.00014359343990650444
0.26   5   -1.6900156338088346   0.00017067587681321496
0.37   6   -1.6900405275637969   0.00011867381432430325
0.41   7   -1.6900507121829458   0.00017165102393005638
0.45   8   -1.6900544922656071   8.717045840504611e-5
0.5   9   -1.6900558019389658   5.493340949058415e-5
0.56   10   -1.6900764791037877   0.0008400374719449087
0.64   11   -1.690077806085157   0.0010741618552689437
0.69   12   -1.6900950300028093   0.0004186055278252049
0.73   13   -1.6901041972609965   0.00017704774520638364
0.76   14   -1.6901076550339482   0.00023656962463715285
0.81   15   -1.690158471823975   0.0007497886757160683
1.23   16   -1.690164819898327   0.0008475747587735339
1.27   17   -1.6901649772602076   0.0008516909054234692
1.31   18   -1.6901825524480216   0.0005985163846376038
1.36   19   -1.6902006841935096   0.0006255322550560818
1.43   20   -1.690221881281437   0.00040404340495737626
1.46   21   -1.6902239526304503   0.0002243784353308928
1.51   22   -1.69022520643148   0.00011581412875049751
1.56   23   -1.690226148678255   7.435620989500194e-5
0.0   0   -1.9497872638590006   0.004575988298561637
0.04   1   -1.94998907093871   0.00032542891290947013
0.09   2   -1.9499914270376026   9.89888799755083e-5
0.15   3   -1.9499915810405153   5.9395107700502965e-5
0.22   4   -1.9499919668246433   2.9304327623391164e-5
0.0   0   -1.9538235564485258   0.00035204398192786635
0.05   1   -1.9538251871288161   5.609086555566427e-5
0.1   2   -1.9538252499436326   2.344530638129635e-5
0.0   0   -1.9538154212744105   3.761313244523541e-5
0.07   1   -1.9538154452162337   2.7314318455827673e-5
0.15   2   -1.9538158252563544   0.00010842420177102012
0.0   0   -1.9548394057759517   0.00010333318039811034
0.05   1   -1.9548396561810317   3.2990976133086844e-5
0.1   2   -1.954839670882262   2.8713335597603117e-5
0.0   0   -1.9548927720989115   2.2270452065430403e-5
0.07   1   -1.9548927849317375   3.11791884984833e-5
0.15   2   -1.9548931781949637   3.574704611864998e-5
0.0   0   -1.9561356323843602   3.196953877106756e-5
0.07   1   -1.9561357284474403   6.22965206381511e-5
0.12   2   -1.9561358624360041   4.5078224263263536e-5
0.0   0   -1.956264510641148   3.9280268108740744e-5
0.07   1   -1.9562645317681926   1.7387286224253125e-5
0.12   2   -1.9562645440438622   1.9761082703635223e-5
0.0   0   -1.9562909836062672   1.8702740802995392e-5
0.05   1   -1.9562909940643585   1.753321947723726e-5
0.11   2   -1.956291012819283   3.544303697522901e-5
0.0   0   -1.956364803039407   3.249011504749178e-5
0.07   1   -1.9563648184585547   1.6796976630342363e-5
0.12   2   -1.9563648287798736   1.9004275686069398e-5
0.0   0   -1.9563939933582986   1.7842408084061443e-5
0.05   1   -1.9563940024563469   1.6673909985716826e-5
0.11   2   -1.9563940189900264   3.226446190820577e-5
0.0   0   -1.9564630432996233   2.9815602151860744e-5
0.07   1   -1.9564630573041555   1.5883883754191613e-5
0.12   2   -1.9564630665140401   1.8273195592995894e-5
0.0   0   -1.9564932905583332   1.707406553235323e-5
0.05   1   -1.9564932988245516   1.5752613332127125e-5
0.12   2   -1.956493314854645   3.077816855628552e-5
0.0   0   -1.956562515308195   2.862961196891752e-5
0.05   1   -1.956562529078782   1.4969470412640758e-5
0.12   2   -1.9565625374667928   1.7443409403782996e-5
0.0   0   -1.9565928838492368   1.625155066880985e-5
0.05   1   -1.9565928914625805   1.487951073535124e-5
0.12   2   -1.956592907952787   3.029390475535827e-5
0.0   0   -1.9566660442496895   2.833114300841554e-5
0.05   1   -1.956666058498692   1.4087346719511797e-5
0.12   2   -1.956666066157814   1.6463504631474274e-5
0.0   0   -1.9566957904107598   1.5580302722557928e-5
0.05   1   -1.9566957974203323   1.4049967906514202e-5
0.12   2   -1.9566958153875003   3.0665712369603755e-5
0.0   0   -1.9567777728203093   2.8798338888289715e-5
0.05   1   -1.9567777883432884   1.3208083828125759e-5
0.12   2   -1.9567777952968037   1.531856314709252e-5
0.0   0   -1.9568063270641751   1.4811225667012964e-5
0.05   1   -1.956806333478439   1.322979792367251e-5
0.12   2   -1.9568063546545507   3.208944292540155e-5
0.0   0   -1.9569061931102514   3.0219601912238893e-5
0.06   1   -1.956906211273836   1.2261578693121883e-5
0.13   2   -1.9569062175379945   1.4290997832530692e-5
0.0   0   -1.9569332368429704   1.3909033675724791e-5
0.05   1   -1.9569332426790738   1.235694958219255e-5
0.12   2   -1.9569332713702183   3.5374118516398556e-5
0.0   0   -1.9570743276911704   3.334809417773739e-5
0.05   1   -1.9570743517590237   1.1078098032818548e-5
0.1   2   -1.9570743573964067   1.3202896744203442e-5
0.0   0   -1.9571000763944932   1.2779242340540173e-5
0.05   1   -1.9571000817320203   1.1290394828136833e-5
0.13   2   -1.9571001363137053   4.402780082069514e-5
0.0   0   -1.95738838248651   4.1428275361029304e-5
0.05   1   -1.9573884253574227   8.940296891439077e-6
0.13   2   -1.9573884307246605   1.2002452666454586e-5
0.0   0   -1.9574162473957972   1.4306162787370455e-5
0.05   1   -1.957416252651635   9.468511119545317e-6
0.15   2   -1.9574165575038576   6.5715076250955255e-6
0.0   0   -1.9593100445915888   6.781449351875225e-6
0.05   1   -1.9593100455191987   2.9110001433116674e-6
0.12   2   -1.9593100458312196   2.7008749384612846e-6
0.0   0   -1.959318163917105   2.6155236986096185e-6
0.05   1   -1.9593181641274786   2.349618671206868e-6
0.12   2   -1.9593181645638884   3.4841478978034123e-6
0.0   0   -1.9593465076118635   3.184231485954846e-6
0.05   1   -1.9593465078544836   1.6778379671175676e-6
0.12   2   -1.9593465079912065   1.9700330561329573e-6
0.0   0   -1.9593593343953162   1.8441704142908037e-6
0.05   1   -1.9593593345163511   1.6895829131838509e-6
0.12   2   -1.9593593348010774   3.3090144441770916e-6
0.0   0   -1.9593909794362743   3.0559543678721515e-6
0.05   1   -1.9593909796786084   1.7179896336806887e-6
0.1   2   -1.9593909798074882   2.001605768486077e-6
0.0   0   -1.9594043893742397   1.885292084226699e-6
0.05   1   -1.9594043894926298   1.7056433300189842e-6
0.12   2   -1.9594043898142917   3.466306333340937e-6
0.0   0   -1.959440512216338   3.183233946514091e-6
0.06   1   -1.959440512497253   1.7188731202303441e-6
0.11   2   -1.9594405126242262   2.004933071077679e-6
0.0   0   -1.9594540974702088   1.8739651667157899e-6
0.07   1   -1.9594540975882393   1.6886554844617004e-6
0.13   2   -1.9594540979957795   3.851416044130783e-6
0.0   0   -1.959499888232945   3.55841307456446e-6
0.05   1   -1.9594998885896877   1.6909026953105427e-6
0.1   2   -1.959499888716143   1.982129421261909e-6
0.0   0   -1.959513672558256   1.8337671283062144e-6
0.07   1   -1.9595136726773192   1.6478351451234799e-6
0.13   2   -1.959513673288583   4.646600323565677e-6
0.0   0   -1.9595827193946096   4.3102747231682054e-6
0.05   1   -1.9595827199280862   1.6350685985343681e-6
0.1   2   -1.959582720058488   1.9607261592072637e-6
0.0   0   -1.9595971042017637   1.7832937601362037e-6
0.07   1   -1.959597104326913   1.5787392524313095e-6
0.15   2   -1.9595971057498298   6.983712458291016e-6
0.0   0   -1.9597606173262305   6.457010796843336e-6
0.05   1   -1.9597606185646805   1.5176016299546677e-6
0.12   2   -1.9597606187304644   2.118360988349195e-6
0.0   0   -1.9597791055368123   2.3606721002380503e-6
0.07   1   -1.9597791057022926   1.435885466348207e-6
0.2   2   -1.9597791662797497   1.400189731017687e-5
0.0   0   -1.9733801199451921   1.3244884935440692e-5
0.05   1   -1.9733801260948887   7.52272596773685e-6
0.12   2   -1.9733801286377575   5.275109902879571e-6
0.0   0   -1.9733898593976997   4.535306953254239e-6
0.07   1   -1.9733898610400555   5.606455506763546e-6
0.12   2   -1.9733898632741145   5.3049809864549925e-6
0.0   0   -1.9733918603249645   5.220536578702155e-6
0.05   1   -1.9733918612589325   2.5906124393005537e-6
0.12   2   -1.9733918616481994   2.4165083991723675e-6
0.0   0   -1.9733960265321986   2.0468277546794963e-6
0.07   1   -1.9733960268628918   2.325576219926296e-6
0.12   2   -1.9733960278266944   4.547474829917225e-6
0.0   0   -1.9733984568619305   4.411227510191847e-6
0.05   1   -1.973398457534687   2.6869205480745013e-6
0.1   2   -1.9733984577887635   2.252524359002002e-6
0.0   0   -1.9734017174480258   1.9352504958513787e-6
0.07   1   -1.9734017176845207   2.720775714281949e-6
0.13   2   -1.973401718742374   5.097678629926666e-6
0.0   0   -1.97340378342047   4.8733637040683685e-6
0.05   1   -1.9734037842778196   2.4568125489069124e-6
0.1   2   -1.973403784494793   1.9243019010822282e-6
0.0   0   -1.97340715267509   1.5842187339371465e-6
0.07   1   -1.9734071528941848   2.670494146561766e-6
0.13   2   -1.9734071548877483   6.2743615313123315e-6
0.0   0   -1.9734139028244855   6.016385448042584e-6
0.05   1   -1.9734139043501944   2.588399458938236e-6
0.08   2   -1.973413904532717   1.5187091386779525e-6
0.0   0   -1.9734178222482426   1.2432884088312037e-6
0.08   1   -1.9734178224737722   2.8953566591597257e-6
0.17   2   -1.9734178355454675   3.9972467020433594e-6
0.0   0   -1.9734895519230566   3.5487464199943743e-6
0.07   1   -1.9734895526651415   2.696579507605136e-6
0.13   2   -1.9734895535172385   4.525224936364703e-7
0.0   0   -1.9734965191861575   5.853487765951139e-7
0.06   1   -1.9734965191937817   3.8901882032876375e-7
0.11   2   -1.9734965192129912   7.378971428739335e-7
0.0   0   -1.9734995772553217   7.085754780795985e-7
0.05   1   -1.9734995772701307   3.515400117655947e-7
0.1   2   -1.9734995772771562   5.633348825008148e-7
0.0   0   -1.9735000905970708   5.194010690690698e-7
0.07   1   -1.973500090603361   3.6215008586288325e-7
0.14   2   -1.9735000906245284   7.957421739792506e-7
0.0   0   -1.9735038012470525   7.698268546090854e-7
0.06   1   -1.9735038012646653   3.446874195919417e-7
0.11   2   -1.9735038012708699   4.976738073111716e-7
0.0   0   -1.973504200207599   4.531453011797837e-7
0.08   1   -1.9735042002134155   3.6543171522090713e-7
0.15   2   -1.973504200243829   8.979934319404752e-7
0.0   0   -1.9735097561362838   8.683318224257163e-7
0.05   1   -1.9735097561614416   3.470200949238319e-7
0.1   2   -1.9735097561670416   4.2668126598680386e-7
0.0   0   -1.9735100049581336   3.76819423275535e-7
0.08   1   -1.9735100049638956   4.094952216720934e-7
0.15   2   -1.9735100050383234   1.2552396807659082e-6
0.0   0   -1.9735239805760751   1.142588644074397e-6
0.05   1   -1.9735239806349034   3.82272231518948e-7
0.09   2   -1.9735239806401728   3.2756273930517447e-7
0.0   0   -1.9735239268469085   2.8466005241113384e-7
0.08   1   -1.9735239268539364   5.540276550723169e-7
0.17   2   -1.9735239272257832   2.715857932324034e-6
0.0   0   -1.9735985681603638   2.4743913926162792e-6
0.05   1   -1.9735985683754214   3.0987697683457257e-7
0.08   2   -1.9735985683780601   2.4953681602954587e-7
0.0   0   -1.9736005273819872   3.3256042452736696e-7
0.07   1   -1.97360052738511   2.3226749180170634e-7
0.12   2   -1.9736005273912904   4.415107293797714e-7
0.0   0   -1.973602842340303   4.292017732130284e-7
0.05   1   -1.9736028423454814   2.2787918628411014e-7
0.11   2   -1.9736028423488823   3.4112799324400733e-7
0.0   0   -1.9736037269792757   3.1116708097623326e-7
0.05   1   -1.973603726982223   2.2573502108451194e-7
0.13   2   -1.973603726989066   4.796303642662083e-7
0.0   0   -1.9736063446910355   4.660460672980499e-7
0.05   1   -1.9736063446968628   2.2182532120952195e-7
0.1   2   -1.973606344700067   3.196180978775934e-7
0.0   0   -1.9736071031557012   2.901797001277842e-7
0.05   1   -1.9736071031585423   2.2534952749672346e-7
0.13   2   -1.9736071031667821   5.250964295378086e-7
0.0   0   -1.9736102709044965   5.093925791692233e-7
0.05   1   -1.9736102709115484   2.204169849463697e-7
0.1   2   -1.9736102709145762   2.970480600674744e-7
0.0   0   -1.9736109040298335   2.671644311345256e-7
0.07   1   -1.973610904032602   2.3158705679440566e-7
0.15   2   -1.973610904043817   5.902752660221271e-7
0.0   0   -1.9736151861798046   5.716319013249522e-7
0.05   1   -1.9736151861894182   2.260609225829924e-7
0.1   2   -1.9736151861923108   2.7171239351004866e-7
0.0   0   -1.973615681051705   2.3940046612939035e-7
0.06   1   -1.9736156810544991   2.5195056598726006e-7
0.15   2   -1.9736156810746042   7.153020345410615e-7
0.0   0   -1.973623177871401   6.91167623649772e-7
0.05   1   -1.9736231778885909   2.473457721415765e-7
0.1   2   -1.9736231778914828   2.405876608861288e-7
0.0   0   -1.9736234878863899   2.096052792990095e-7
0.07   1   -1.9736234878895922   3.149565531453689e-7
0.17   2   -1.9736234880055266   1.677479656947044e-6
0.0   0   -1.973664460958961   1.5329618955273633e-6
0.05   1   -1.9736644610565917   3.275074110748607e-7
0.09   2   -1.973664461060197   1.9215191102813754e-7
0.0   0   -1.9736641859150115   2.407901418058328e-7
0.07   1   -1.973664185919474   3.526399604459681e-7
0.15   2   -1.9736641859369888   7.573836759406171e-7
0.0   0   -1.9736707052636242   6.881606339891699e-7
0.05   1   -1.9736707052781575   3.275337910073106e-7
0.1   2   -1.9736707052822489   2.494007649598394e-7
0.0   0   -1.9736717903860792   2.508537139218177e-7
0.06   1   -1.9736717903888652   3.180595030157398e-7
0.15   2   -1.9736717904366767   1.1916539690864899e-6
0.0   0   -1.9736880836863202   1.0875971277221638e-6
0.05   1   -1.9736880837266255   2.802572340152618e-7
0.08   2   -1.973688083729038   2.6437242742720424e-7
0.0   0   -1.9736893120054233   2.4257372525355274e-7
0.05   1   -1.9736893120074377   2.2667767893359872e-7
0.15   2   -1.9736893120951633   1.4900713066910154e-6
0.0   0   -1.9737208084767666   1.359252984500039e-6
0.05   1   -1.9737208085506128   2.4712303297426534e-7
0.08   2   -1.9737208085528302   2.2415730636127714e-7
0.0   0   -1.9737206564758323   2.623017695808426e-7
0.07   1   -1.9737206564788456   3.171242498884775e-7
0.15   2   -1.9737206564984169   7.906720370229024e-7
0.0   0   -1.9737273898952457   7.178903228249681e-7
0.06   1   -1.9737273899113457   2.98050404836689e-7
0.11   2   -1.9737273899140972   2.583950027991953e-7
0.0   0   -1.9737284649054532   2.467012613665767e-7
0.07   1   -1.9737284649075972   2.597244273505104e-7
0.17   2   -1.9737284650223184   1.381061859374325e-6
0.0   0   -1.9737679920220688   1.2654420978274e-6
0.05   1   -1.9737679921054823   3.12710639361868e-7
0.1   2   -1.9737679921155282   6.483722112047069e-7
0.0   0   -1.9737698936522095   6.077011554997239e-7
0.05   1   -1.9737698936594592   2.1031077057202467e-7
0.15   2   -1.9737698936865966   2.8709568072516023e-7
0.0   0   -1.9737756129456503   2.964121423172968e-7
0.07   1   -1.9737756129526765   3.549336417636884e-7
0.12   2   -1.9737756129630863   4.538230762074587e-7
0.0   0   -1.9737781889962127   4.186748169453705e-7
0.05   1   -1.9737781890016817   2.2551130728113e-7
0.12   2   -1.973778189005419   3.009239076253076e-7
0.0   0   -1.9737795169537766   2.999051523371676e-7
0.07   1   -1.9737795169568422   2.4625760027854907e-7
0.12   2   -1.9737795169626158   4.274247541876154e-7
0.0   0   -1.9737814872726005   3.9383347025045103e-7
0.05   1   -1.9737814872774404   2.3331713528431837e-7
0.12   2   -1.973781487280665   3.2015111987449815e-7
0.0   0   -1.973782739633474   3.133551063041695e-7
0.06   1   -1.9737827396361536   2.327807724464465e-7
0.11   2   -1.9737827396426602   4.339838651788812e-7
0.0   0   -1.9737848594185639   4.0132737372968316e-7
0.05   1   -1.9737848594240823   2.2120566420007284e-7
0.1   2   -1.973784859426889   3.321149971204429e-7
0.0   0   -1.9737860639860791   3.2212265727182905e-7
0.07   1   -1.9737860639884557   2.12868106353005e-7
0.13   2   -1.9737860639966625   4.786062384123444e-7
0.0   0   -1.973788691758111   4.323283659032868e-7
0.05   1   -1.973788691765116   2.0056351451331854e-7
0.1   2   -1.9737886917675975   3.413666844485317e-7
0.0   0   -1.9737898690994584   3.284803916898638e-7
0.07   1   -1.9737898691016214   1.9454465919216073e-7
0.14   2   -1.9737898691138376   5.86602193881807e-7
0.0   0   -1.973793820942736   5.338149840346571e-7
0.06   1   -1.9737938209531785   1.9027119502036494e-7
0.11   2   -1.9737938209554597   3.5033731592987086e-7
0.0   0   -1.973795016661415   3.3364146703733805e-7
0.07   1   -1.9737950166634897   1.8701343619590115e-7
0.15   2   -1.9737950166917908   8.941660678466662e-7
0.0   0   -1.9738044984734828   8.183271133696929e-7
0.05   1   -1.9738044984976226   1.806576939057079e-7
0.1   2   -1.973804498499991   3.7015452441748006e-7
0.0   0   -1.9738058935508629   3.446754079341419e-7
0.09   1   -1.9738058935532092   1.7994657535634942e-7
0.27   2   -1.9738059070150682   4.111787247314468e-6
0.0   0   -1.9798739603558966   4.007712890508566e-6
0.05   1   -1.9798739609514595   2.3376844780590046e-6
0.12   2   -1.979873961120931   1.6736058621389662e-6
0.0   0   -1.979875848432978   1.3736149750351672e-6
0.07   1   -1.9798758485418406   1.614753276227742e-6
0.12   2   -1.9798758487085824   9.921932820702868e-7
0.0   0   -1.979874143385959   9.551868586250838e-7
0.05   1   -1.9798741434274811   5.192360762832607e-7
0.12   2   -1.979874143438243   4.064884449707561e-7
