0.0   0   -1.155753738056226   0.03625723741247244
0.05   1   -1.216478841383456   0.030353814429770167
0.1   2   -1.2390440935359246   0.01608212598526882
0.15   3   -1.2640924048748752   0.004195379347064606
0.2   4   -1.2657183719928693   0.0007186526744582365
0.29   5   -1.2660544663440978   0.0010004824285912983
0.34   6   -1.2664799964434252   0.001584441749688246
0.37   7   -1.2665924064694798   0.0018052595536782443
0.4   8   -1.2668112845747976   0.001700762748181875
0.44   9   -1.2670474441435537   0.001217160542699928
0.49   10   -1.2672025446668165   0.000884133947223231
0.55   11   -1.2672754984815227   0.0006277897560210867
0.71   12   -1.2689080289614636   0.002633095540659418
0.75   13   -1.2691306612449909   0.0037736392899735825
0.79   14   -1.2695630421844397   0.002433697575056774
0.82   15   -1.2698704918927008   0.0014036643559617046
0.89   16   -1.2699599086148645   0.0009059216047330575
0.94   17   -1.2702709263365886   0.0008983028681618188
0.98   18   -1.2703553454136995   0.0006828003307441481
1.01   19   -1.270461190033048   0.0004458786876827258
1.06   20   -1.2704789288255955   0.00030634232955353857
1.11   21   -1.2704846823398652   4.41127789468851e-5
1.14   22   -1.2704847728410202   3.0030196304446377e-5
1.21   23   -1.2704848188980755   2.348918617348781e-5
0.0   0   -2.201375731499397   0.013813628517140587
0.05   1   -2.205127428566538   0.004595337522858972
0.1   2   -2.2059022548041485   0.00012069280179522525
0.15   3   -2.2059039027824427   0.0001740761579403716
0.2   4   -2.2059069118777934   2.17378738969455e-5
0.25   5   -2.205906965412396   1.487667047689572e-5
0.35   6   -2.2059077858547886   6.412461500642148e-5
0.0   0   -2.2613608180438174   0.0003123096459902196
0.05   1   -2.2613703194548997   0.00024552124676795146
0.11   2   -2.2613873394431927   0.00017439184652096
0.16   3   -2.2613889957523288   7.727472957775073e-5
0.24   4   -2.2613913075535463   2.6309019306819183e-5
0.29   5   -2.2613915857374667   6.977280460449502e-6
0.34   6   -2.2613915881820548   1.6496681115293843e-6
0.0   0   -2.267742714596866   2.6192854434928334e-5
0.05   1   -2.2677427570020687   1.6109562498637663e-5
0.11   2   -2.2677429104216973   4.4425834829647346e-6
0.0   0   -2.2678110264832076   4.004868276774618e-6
0.08   1   -2.267811028009651   6.5670954762567555e-6
0.16   2   -2.267811061942168   1.4880661254194831e-6
0.0   0   -1.155753738056226   0.03625723741247244
0.05   1   -1.216478841383456   0.030353814429770167
0.1   2   -1.2390440935359246   0.01608212598526882
0.15   3   -1.2640924048748752   0.004195379347064606
0.22   4   -1.2657183719928693   0.0007186526744582365
0.29   5   -1.2660544663440978   0.0010004824285912983
0.34   6   -1.2664799964434252   0.001584441749688246
0.37   7   -1.2665924064694798   0.0018052595536782443
0.4   8   -1.2668112845747976   0.001700762748181875
0.44   9   -1.2670474441435537   0.001217160542699928
0.49   10   -1.2672025446668165   0.000884133947223231
0.57   11   -1.2672754984815227   0.0006277897560210867
0.7   12   -1.2689080289614636   0.002633095540659418
0.75   13   -1.2691306612449909   0.0037736392899735825
0.78   14   -1.2695630421844397   0.002433697575056774
0.84   15   -1.2698704918927008   0.0014036643559617046
0.89   16   -1.2699599086148645   0.0009059216047330575
0.94   17   -1.2702709263365886   0.0008983028681618188
0.97   18   -1.2703553454136995   0.0006828003307441481
1.0   19   -1.270461190033048   0.0004458786876827258
1.05   20   -1.2704789288255955   0.00030634232955353857
1.1   21   -1.2704846823398652   4.41127789468851e-5
1.15   22   -1.2704847728410202   3.0030196304446377e-5
1.2   23   -1.2704848188980755   2.348918617348781e-5
0.0   0   -2.201375731499397   0.013813628517140587
0.05   1   -2.205127428566538   0.004595337522858972
0.1   2   -2.2059022548041485   0.00012069280179522525
0.15   3   -2.2059039027824427   0.0001740761579403716
0.22   4   -2.2059069118777934   2.17378738969455e-5
0.26   5   -2.205906965412396   1.487667047689572e-5
0.34   6   -2.2059077858547886   6.412461500642148e-5
0.0   0   -2.2613608180438174   0.0003123096459902196
0.05   1   -2.2613703194548997   0.00024552124676795146
0.11   2   -2.2613873394431927   0.00017439184652096
0.18   3   -2.2613889957523288   7.727472957775073e-5
0.25   4   -2.2613913075535463   2.6309019306819183e-5
0.3   5   -2.2613915857374667   6.977280460449502e-6
0.35   6   -2.2613915881820548   1.6496681115293843e-6
0.0   0   -2.267742714596866   2.6192854434928334e-5
0.05   1   -2.2677427570020687   1.6109562498637663e-5
0.15   2   -2.2677429104216973   4.4425834829647346e-6
0.0   0   -2.2678110264832076   4.004868276774618e-6
0.07   1   -2.267811028009651   6.5670954762567555e-6
0.14   2   -2.267811061942168   1.4880661254194831e-6
