0.0   0   -1.159417163462637   0.03131737112454101
0.05   1   -1.2500807784549437   0.020577365860918642
0.1   2   -1.2669905285855612   0.0016364709603887766
0.17   3   -1.2675658492858444   0.0033195237792302827
0.22   4   -1.2685392176062955   0.0026159373778416213
0.25   5   -1.2687452126273457   0.0014392719566613881
0.3   6   -1.26885773348619   0.003068466667926256
0.35   7   -1.2692208945849603   0.004720103303723057
0.43   8   -1.2694076479594663   0.005376875247416693
0.47   9   -1.2696895724120159   0.007073750131412899
0.52   10   -1.2702288883390584   0.007487745483682825
0.55   11   -1.2708516220503951   0.006417351171140909
0.6   12   -1.2713672489180676   0.004331029950782736
0.68   13   -1.2722995119905933   0.005465442174471208
0.83   14   -1.273541644647307   0.003449531973270965
0.89   15   -1.273762748918139   0.0033362164620342545
0.94   16   -1.2740682781930266   0.005896682968999578
0.98   17   -1.2742774779318902   0.0011754025613950941
1.01   18   -1.274295900790214   0.0003687559169749205
1.06   19   -1.2743033919632254   0.001360570094136532
1.11   20   -1.274309940148151   9.95880187945395e-5
1.16   21   -1.2743103785659362   6.57081553685904e-5
1.24   22   -1.2743107512876435   1.9196688939658476e-5
0.0   0   -1.8355708959122121   0.052911121957945006
0.03   1   -1.8421777210709487   0.0022068592169566495
0.08   2   -1.8423769547029332   0.00027351415441539387
0.13   3   -1.8423801916656328   7.230714688620757e-5
0.2   4   -1.842380677941444   8.483429594506456e-5
0.27   5   -1.8423822844683122   5.9422922851819724e-5
0.0   0   -1.887367160167639   0.0013846326232667882
0.05   1   -1.8874059656141238   0.0005469643748601276
0.1   2   -1.88742157588302   0.000149818836726206
0.15   3   -1.887423758530164   0.00021332952863967715
0.2   4   -1.8874290049650395   2.5565827618471944e-5
0.26   5   -1.8874290312735846   5.740311983095551e-6
0.35   6   -1.8874290666352507   2.8021661339877323e-5
0.0   0   -1.8917746617654116   0.00013918108418481054
0.05   1   -1.8917750881299258   5.8472943908593355e-5
0.1   2   -1.8917752884659191   1.2514729779536329e-5
0.0   0   -1.8918084129852004   1.220447382273772e-5
0.07   1   -1.89180842209161   2.0253262401524873e-5
0.13   2   -1.89180844925972   1.5983595510709358e-5
0.0   0   -1.8918571819072896   1.4162145947127855e-5
0.07   1   -1.891857196157805   1.4542587063658624e-5
0.1   2   -1.8918572007043968   8.234472979430388e-6
0.0   0   -1.8918757679098428   7.116602801745735e-6
0.08   1   -1.8918757718124337   1.3202598581314394e-5
0.13   2   -1.8918757835940287   1.1691922881808758e-5
0.0   0   -1.8919335477521255   1.0156140567379531e-5
0.06   1   -1.8919335545178644   9.558455837494345e-6
0.1   2   -1.8919335567778217   5.5007602013182666e-6
0.0   0   -1.891950844757385   4.7441301944672395e-6
0.1   1   -1.8919508469829782   9.277717076945063e-6
0.15   2   -1.8919508554782427   1.139012947245721e-5
0.0   0   -1.89203601668012   1.0128077697282995e-5
0.05   1   -1.8920360224211388   7.359355552662355e-6
0.08   2   -1.8920360241399679   4.315454604971136e-6
0.0   0   -1.8920517027481032   4.165575663722314e-6
0.08   1   -1.892051704779747   8.144956916282101e-6
0.15   2   -1.892051717662623   1.5531439283975678e-5
0.0   0   -1.8922252938235309   1.405435133457192e-5
0.05   1   -1.8922253036304912   7.414490740363826e-6
0.08   2   -1.8922253055750924   4.2406791133508765e-6
0.0   0   -1.8922384818084246   4.0856079355902015e-6
0.1   1   -1.892238485643804   1.0280783332348866e-5
0.19   2   -1.8922386138259766   3.113230325111756e-5
0.0   0   -1.8941834238943178   2.8533919222088857e-5
0.07   1   -1.894183466971965   1.2238376553158512e-5
0.1   2   -1.8941834705208787   5.0290223180959454e-6
0.0   0   -1.8941895728977856   5.138874070657275e-6
0.1   1   -1.8941895796692858   1.0857320058652481e-5
0.15   2   -1.894189586954906   9.715961659304046e-6
0.0   0   -1.894235906626637   8.938896353571634e-6
0.05   1   -1.8942359099632402   4.891609245037979e-6
0.08   2   -1.8942359110380984   3.1405911262132493e-6
0.0   0   -1.8942418921503719   2.9556705606638293e-6
0.09   1   -1.894241892804158   4.767315385771269e-6
0.18   2   -1.8942419063022975   1.529425504106183e-5
0.0   0   -1.8943907862654001   1.390547091153471e-5
0.07   1   -1.8943907956026975   3.4888364058781574e-6
0.1   2   -1.8943907959200135   2.7815824633295083e-6
0.0   0   -1.8943956319144686   2.9937083926054585e-6
0.07   1   -1.8943956322016746   3.1794773292984716e-6
0.16   2   -1.8943956404181097   1.2172527742630708e-5
0.0   0   -1.8945024615821766   1.1028626451983395e-5
0.07   1   -1.894502467559184   3.011612596661277e-6
0.1   2   -1.8945024678591125   2.7977016668037744e-6
0.0   0   -1.89450740437781   2.6166217140916217e-6
0.09   1   -1.8945074048145492   3.7093038433604776e-6
0.17   2   -1.8945074181400914   1.410507740760945e-5
0.0   0   -1.8947082819166652   1.2784014497311522e-5
0.07   1   -1.8947082898245877   4.1861738469831105e-6
0.1   2   -1.894708290136915   2.5602500695148943e-6
0.0   0   -1.8947116862809177   2.572594111237759e-6
0.07   1   -1.894711686585783   3.843359762232254e-6
0.15   2   -1.8947116923408571   5.311337232550381e-6
0.0   0   -1.894758361597105   4.666830341956442e-6
0.07   1   -1.894758362933489   2.627094804738726e-6
0.12   2   -1.8947583633870098   4.426665417308239e-6
0.0   0   -1.8947666942367365   4.240537824144382e-6
0.05   1   -1.8947666945984438   2.344633105980451e-6
0.14   2   -1.8947666965437493   5.492463928611347e-6
0.0   0   -1.8947920188676537   4.896105976848036e-6
0.06   1   -1.8947920202232322   2.2954512156516564e-6
0.1   2   -1.8947920204124966   2.5184028076055862e-6
0.0   0   -1.8947961418751682   2.407936480288741e-6
0.05   1   -1.894796142053564   2.4299463282710795e-6
0.13   2   -1.894796146424758   9.063615300881267e-6
0.0   0   -1.8948650263213662   8.24604646665231e-6
0.06   1   -1.8948650298238827   3.1238592592712233e-6
0.1   2   -1.8948650300493712   1.9468052328141457e-6
0.0   0   -1.8948681994173262   1.811797629066397e-6
0.07   1   -1.8948681997877257   3.642031542155414e-6
0.15   2   -1.8948682140091422   1.4979761869226203e-5
0.0   0   -1.8950892266418224   1.3740565786852935e-5
0.07   1   -1.8950892362477716   2.6951738892877236e-6
0.12   2   -1.8950892364641518   3.081919267549706e-6
0.0   0   -1.8950920630141264   3.2849610600766977e-6
0.05   1   -1.8950920632354527   2.57701212943654e-6
0.14   2   -1.8950920652107122   4.669703086366489e-6
0.0   0   -1.8951123568394386   4.216380841671911e-6
0.07   1   -1.8951123578443074   1.972452088504268e-6
0.12   2   -1.8951123579707407   1.9501109308165743e-6
0.0   0   -1.8951149308638895   1.8608307906383769e-6
0.07   1   -1.8951149309899646   2.1217262306209336e-6
0.16   2   -1.8951149353106   8.892006413757111e-6
0.0   0   -1.895181397225354   8.105597310939614e-6
0.07   1   -1.8951814006203929   2.792297921557506e-6
0.12   2   -1.8951814007890473   1.4381571734026537e-6
0.0   0   -1.8951833770813882   1.3914628195688824e-6
0.07   1   -1.8951833774414404   3.2661277354771653e-6
0.14   2   -1.895183379707272   6.912550323649959e-6
0.0   0   -1.895218013778996   6.315289118604879e-6
0.07   1   -1.8952180155782057   2.7785691290009886e-6
0.12   2   -1.8952180157959506   1.609450223655332e-6
0.0   0   -1.895219587170603   1.7393902734836897e-6
0.07   1   -1.8952195872899404   2.0948190125023665e-6
0.15   2   -1.8952195968252852   7.548278520087663e-6
0.0   0   -1.8953637062878865   6.98011837511435e-6
0.08   1   -1.895363709715794   4.262763753587217e-6
0.12   2   -1.8953637101557537   2.7998393931742338e-6
0.0   0   -1.8953643503078472   2.7901912347111538e-6
0.05   1   -1.8953643506432671   3.860297634766541e-6
0.12   2   -1.8953643534290086   4.112631250929001e-6
0.0   0   -1.8953668326996944   3.554211317019038e-6
0.08   1   -1.8953668334518923   1.8837971722622177e-6
0.12   2   -1.8953668335312963   1.3860531282394911e-6
0.0   0   -1.895368106485507   1.297554884695717e-6
0.05   1   -1.8953681065572885   1.9097017568920736e-6
0.13   2   -1.8953681089072958   5.3878929301791645e-6
0.0   0   -1.8953932225410892   4.845900762181356e-6
0.08   1   -1.8953932237763285   1.826597153374067e-6
0.12   2   -1.895393223863745   1.911722624890414e-6
0.0   0   -1.8953949823072438   1.8112204796902357e-6
0.05   1   -1.8953949823889304   1.8086277012298735e-6
0.13   2   -1.8953949849446614   2.38293603724916e-6
0.0   0   -1.8954267296738956   2.20879852109727e-6
0.08   1   -1.8954267301386314   2.743951815637529e-6
0.13   2   -1.8954267304906156   3.1747120969145484e-6
0.0   0   -1.895428251529994   2.8454139475428285e-6
0.05   1   -1.8954282517769439   2.2253451471373444e-6
0.1   2   -1.8954282520377945   1.5937134810816366e-6
0.0   0   -1.8954289702475489   1.473485803123445e-6
0.08   1   -1.8954289704209877   2.3195583136912205e-6
0.14   2   -1.8954289707116625   2.480915824696755e-6
0.0   0   -1.8954314268994223   2.2402597896651747e-6
0.05   1   -1.895431427129659   1.9486070203527726e-6
0.1   2   -1.8954314272485733   1.1698055240983502e-6
0.0   0   -1.8954322536230928   1.143861325774946e-6
0.07   1   -1.8954322537110726   1.913274272990138e-6
0.15   2   -1.8954322540894621   2.6663469861223422e-6
0.0   0   -1.8954364066888794   2.4254862010078797e-6
0.07   1   -1.8954364070058856   1.6107574010317371e-6
0.1   2   -1.8954364070741583   1.191285935100166e-6
0.0   0   -1.8954372626900056   1.2168202143081883e-6
0.05   1   -1.8954372627453808   1.5308429338213857e-6
0.14   2   -1.8954372634456385   3.604700103899654e-6
0.0   0   -1.159417163462637   0.03131737112454101
0.05   1   -1.2500807784549437   0.020577365860918642
0.09   2   -1.2669905285855612   0.0016364709603887766
0.15   3   -1.2675658492858444   0.0033195237792302827
0.2   4   -1.2685392176062955   0.0026159373778416213
0.24   5   -1.2687452126273457   0.0014392719566613881
0.31   6   -1.26885773348619   0.003068466667926256
0.36   7   -1.2692208945849603   0.004720103303723057
0.42   8   -1.2694076479594663   0.005376875247416693
0.46   9   -1.2696895724120159   0.007073750131412899
0.51   10   -1.2702288883390584   0.007487745483682825
0.54   11   -1.2708516220503951   0.006417351171140909
0.61   12   -1.2713672489180676   0.004331029950782736
0.68   13   -1.2722995119905933   0.005465442174471208
0.83   14   -1.273541644647307   0.003449531973270965
0.92   15   -1.273762748918139   0.0033362164620342545
0.95   16   -1.2740682781930266   0.005896682968999578
0.99   17   -1.2742774779318902   0.0011754025613950941
1.02   18   -1.274295900790214   0.0003687559169749205
1.07   19   -1.2743033919632254   0.001360570094136532
1.12   20   -1.274309940148151   9.95880187945395e-5
1.19   21   -1.2743103785659362   6.57081553685904e-5
1.26   22   -1.2743107512876435   1.9196688939658476e-5
0.0   0   -1.8355708959122121   0.052911121957945006
0.03   1   -1.8421777210709487   0.0022068592169566495
0.08   2   -1.8423769547029332   0.00027351415441539387
0.13   3   -1.8423801916656328   7.230714688620757e-5
0.22   4   -1.842380677941444   8.483429594506456e-5
0.27   5   -1.8423822844683122   5.9422922851819724e-5
0.0   0   -1.887367160167639   0.0013846326232667882
0.05   1   -1.8874059656141238   0.0005469643748601276
0.1   2   -1.88742157588302   0.000149818836726206
0.17   3   -1.887423758530164   0.00021332952863967715
0.22   4   -1.8874290049650395   2.5565827618471944e-5
0.27   5   -1.8874290312735846   5.740311983095551e-6
0.35   6   -1.8874290666352507   2.8021661339877323e-5
0.0   0   -1.8917746617654116   0.00013918108418481054
0.05   1   -1.8917750881299258   5.8472943908593355e-5
0.12   2   -1.8917752884659191   1.2514729779536329e-5
0.0   0   -1.8918084129852004   1.220447382273772e-5
0.05   1   -1.89180842209161   2.0253262401524873e-5
0.12   2   -1.89180844925972   1.5983595510709358e-5
0.0   0   -1.8918571819072896   1.4162145947127855e-5
0.07   1   -1.891857196157805   1.4542587063658624e-5
0.12   2   -1.8918572007043968   8.234472979430388e-6
0.0   0   -1.8918757679098428   7.116602801745735e-6
0.07   1   -1.8918757718124337   1.3202598581314394e-5
0.12   2   -1.8918757835940287   1.1691922881808758e-5
0.0   0   -1.8919335477521255   1.0156140567379531e-5
0.07   1   -1.8919335545178644   9.558455837494345e-6
0.12   2   -1.8919335567778217   5.5007602013182666e-6
0.0   0   -1.891950844757385   4.7441301944672395e-6
0.07   1   -1.8919508469829782   9.277717076945063e-6
0.12   2   -1.8919508554782427   1.139012947245721e-5
0.0   0   -1.89203601668012   1.0128077697282995e-5
0.05   1   -1.8920360224211388   7.359355552662355e-6
0.08   2   -1.8920360241399679   4.315454604971136e-6
0.0   0   -1.8920517027481032   4.165575663722314e-6
0.08   1   -1.892051704779747   8.144956916282101e-6
0.15   2   -1.892051717662623   1.5531439283975678e-5
0.0   0   -1.8922252938235309   1.405435133457192e-5
0.05   1   -1.8922253036304912   7.414490740363826e-6
0.08   2   -1.8922253055750924   4.2406791133508765e-6
0.0   0   -1.8922384818084246   4.0856079355902015e-6
0.1   1   -1.892238485643804   1.0280783332348866e-5
0.18   2   -1.8922386138259766   3.113230325111756e-5
0.0   0   -1.8941834238943178   2.8533919222088857e-5
0.08   1   -1.894183466971965   1.2238376553158512e-5
0.12   2   -1.8941834705208787   5.0290223180959454e-6
0.0   0   -1.8941895728977856   5.138874070657275e-6
0.1   1   -1.8941895796692858   1.0857320058652481e-5
0.16   2   -1.894189586954906   9.715961659304046e-6
0.0   0   -1.894235906626637   8.938896353571634e-6
0.05   1   -1.8942359099632402   4.891609245037979e-6
0.08   2   -1.8942359110380984   3.1405911262132493e-6
0.0   0   -1.8942418921503719   2.9556705606638293e-6
0.08   1   -1.894241892804158   4.767315385771269e-6
0.16   2   -1.8942419063022975   1.529425504106183e-5
0.0   0   -1.8943907862654001   1.390547091153471e-5
0.07   1   -1.8943907956026975   3.4888364058781574e-6
0.1   2   -1.8943907959200135   2.7815824633295083e-6
0.0   0   -1.8943956319144686   2.9937083926054585e-6
0.07   1   -1.8943956322016746   3.1794773292984716e-6
0.15   2   -1.8943956404181097   1.2172527742630708e-5
0.0   0   -1.8945024615821766   1.1028626451983395e-5
0.07   1   -1.894502467559184   3.011612596661277e-6
0.1   2   -1.8945024678591125   2.7977016668037744e-6
0.0   0   -1.89450740437781   2.6166217140916217e-6
0.08   1   -1.8945074048145492   3.7093038433604776e-6
0.16   2   -1.8945074181400914   1.410507740760945e-5
0.0   0   -1.8947082819166652   1.2784014497311522e-5
0.06   1   -1.8947082898245877   4.1861738469831105e-6
0.1   2   -1.894708290136915   2.5602500695148943e-6
0.0   0   -1.8947116862809177   2.572594111237759e-6
0.05   1   -1.894711686585783   3.843359762232254e-6
0.15   2   -1.8947116923408571   5.311337232550381e-6
0.0   0   -1.894758361597105   4.666830341956442e-6
0.07   1   -1.894758362933489   2.627094804738726e-6
0.14   2   -1.8947583633870098   4.426665417308239e-6
0.0   0   -1.8947666942367365   4.240537824144382e-6
0.05   1   -1.8947666945984438   2.344633105980451e-6
0.14   2   -1.8947666965437493   5.492463928611347e-6
0.0   0   -1.8947920188676537   4.896105976848036e-6
0.07   1   -1.8947920202232322   2.2954512156516564e-6
0.12   2   -1.8947920204124966   2.5184028076055862e-6
0.0   0   -1.8947961418751682   2.407936480288741e-6
0.05   1   -1.894796142053564   2.4299463282710795e-6
0.13   2   -1.894796146424758   9.063615300881267e-6
0.0   0   -1.8948650263213662   8.24604646665231e-6
0.07   1   -1.8948650298238827   3.1238592592712233e-6
0.12   2   -1.8948650300493712   1.9468052328141457e-6
0.0   0   -1.8948681994173262   1.811797629066397e-6
0.07   1   -1.8948681997877257   3.642031542155414e-6
0.15   2   -1.8948682140091422   1.4979761869226203e-5
0.0   0   -1.8950892266418224   1.3740565786852935e-5
0.07   1   -1.8950892362477716   2.6951738892877236e-6
0.12   2   -1.8950892364641518   3.081919267549706e-6
0.0   0   -1.8950920630141264   3.2849610600766977e-6
0.05   1   -1.8950920632354527   2.57701212943654e-6
0.13   2   -1.8950920652107122   4.669703086366489e-6
0.0   0   -1.8951123568394386   4.216380841671911e-6
0.07   1   -1.8951123578443074   1.972452088504268e-6
0.12   2   -1.8951123579707407   1.9501109308165743e-6
0.0   0   -1.8951149308638895   1.8608307906383769e-6
0.07   1   -1.8951149309899646   2.1217262306209336e-6
0.16   2   -1.8951149353106   8.892006413757111e-6
0.0   0   -1.895181397225354   8.105597310939614e-6
0.08   1   -1.8951814006203929   2.792297921557506e-6
0.12   2   -1.8951814007890473   1.4381571734026537e-6
0.0   0   -1.8951833770813882   1.3914628195688824e-6
0.07   1   -1.8951833774414404   3.2661277354771653e-6
0.13   2   -1.895183379707272   6.912550323649959e-6
0.0   0   -1.895218013778996   6.315289118604879e-6
0.09   1   -1.8952180155782057   2.7785691290009886e-6
0.13   2   -1.8952180157959506   1.609450223655332e-6
0.0   0   -1.895219587170603   1.7393902734836897e-6
0.07   1   -1.8952195872899404   2.0948190125023665e-6
0.15   2   -1.8952195968252852   7.548278520087663e-6
0.0   0   -1.8953637062878865   6.98011837511435e-6
0.08   1   -1.895363709715794   4.262763753587217e-6
0.12   2   -1.8953637101557537   2.7998393931742338e-6
0.0   0   -1.8953643503078472   2.7901912347111538e-6
0.05   1   -1.8953643506432671   3.860297634766541e-6
0.12   2   -1.8953643534290086   4.112631250929001e-6
0.0   0   -1.8953668326996944   3.554211317019038e-6
0.08   1   -1.8953668334518923   1.8837971722622177e-6
0.12   2   -1.8953668335312963   1.3860531282394911e-6
0.0   0   -1.895368106485507   1.297554884695717e-6
0.05   1   -1.8953681065572885   1.9097017568920736e-6
0.13   2   -1.8953681089072958   5.3878929301791645e-6
0.0   0   -1.8953932225410892   4.845900762181356e-6
0.08   1   -1.8953932237763285   1.826597153374067e-6
0.12   2   -1.895393223863745   1.911722624890414e-6
0.0   0   -1.8953949823072438   1.8112204796902357e-6
0.05   1   -1.8953949823889304   1.8086277012298735e-6
0.13   2   -1.8953949849446614   2.38293603724916e-6
0.0   0   -1.8954267296738956   2.20879852109727e-6
0.09   1   -1.8954267301386314   2.743951815637529e-6
0.14   2   -1.8954267304906156   3.1747120969145484e-6
0.0   0   -1.895428251529994   2.8454139475428285e-6
0.05   1   -1.8954282517769439   2.2253451471373444e-6
0.1   2   -1.8954282520377945   1.5937134810816366e-6
0.0   0   -1.8954289702475489   1.473485803123445e-6
0.06   1   -1.8954289704209877   2.3195583136912205e-6
0.13   2   -1.8954289707116625   2.480915824696755e-6
0.0   0   -1.8954314268994223   2.2402597896651747e-6
0.05   1   -1.895431427129659   1.9486070203527726e-6
0.1   2   -1.8954314272485733   1.1698055240983502e-6
0.0   0   -1.8954322536230928   1.143861325774946e-6
0.06   1   -1.8954322537110726   1.913274272990138e-6
0.15   2   -1.8954322540894621   2.6663469861223422e-6
0.0   0   -1.8954364066888794   2.4254862010078797e-6
0.07   1   -1.8954364070058856   1.6107574010317371e-6
0.1   2   -1.8954364070741583   1.191285935100166e-6
0.0   0   -1.8954372626900056   1.2168202143081883e-6
0.05   1   -1.8954372627453808   1.5308429338213857e-6
0.13   2   -1.8954372634456385   3.604700103899654e-6
0.0   0   -1.1416229904559039   0.015175356630185478
0.07   1   -1.1941791404433073   0.0442139007430608
0.1   2   -1.2278006632755567   0.010695826313989474
0.2   3   -1.2328993604350043   0.004147202022356187
0.23   4   -1.2343602665129993   0.0035200201746005667
0.28   5   -1.2350975159083937   0.0031686168270035927
0.33   6   -1.235886906595311   0.0028766006650429742
0.38   7   -1.236828739061428   0.002860141767748638
0.46   8   -1.2371507409787124   0.003964195011828287
0.53   9   -1.2400536697077489   0.016076057551221934
0.85   10   -1.241050818254687   0.02383905072455986
0.93   11   -1.2412074350117477   0.022358236586111878
1.0   12   -1.2416935979128936   0.0323545255831318
1.05   13   -1.2484997976439811   0.0431016689017032
1.08   14   -1.2494657852796676   0.028151890575570698
1.11   15   -1.2501412174640234   0.007749253707166164
1.15   16   -1.25028885415283   0.008358711374850943
1.2   17   -1.2504609792598091   0.007425708200989957
1.26   18   -1.2505250122234313   0.003760432151973441
1.33   19   -1.2507666321735469   0.01650005533967145
1.38   20   -1.2510052589614609   0.005115226753090176
1.42   21   -1.2510410487453347   0.0018681168661514752
1.47   22   -1.25104355420943   0.0003630042981943217
1.54   23   -1.2510438442753231   8.669516452289282e-5
1.6   24   -1.2510441773315335   0.0003058319779439999
0.0   0   -1.6833366831293413   0.1558168417301634
0.03   1   -1.686954541893579   0.021442356075656
0.08   2   -1.6940726140827258   0.010261427417839891
0.13   3   -1.6957044258313456   0.002606101376831755
0.21   4   -1.6960243036340978   0.002958197310504257
0.26   5   -1.696170102939651   0.00022316642069325956
0.35   6   -1.6961872745306283   0.0006607680211759902
0.4   7   -1.6962067009821467   0.00026249161510049723
0.45   8   -1.696213537166396   0.00036675658190665604
0.51   9   -1.696223547114687   0.0003447215372987163
0.55   10   -1.6962291969950796   2.5994696941249692e-5
0.58   11   -1.6962298209074307   8.564281663547172e-5
0.63   12   -1.696230233477843   7.96382606283531e-5
0.0   0   -2.0294315415123476   0.0007213187591990238
0.05   1   -2.029444711825925   0.00029325916141592395
0.13   2   -2.029458653404876   0.00012153151641818793
0.2   3   -2.0294682359724474   0.0002510478635732355
0.25   4   -2.029470772198325   9.229379778935134e-5
0.3   5   -2.029470999526182   2.8806389625545093e-5
0.35   6   -2.029471048173365   2.5431708768532557e-5
0.0   0   -2.0516414190588574   6.0596667513523406e-5
0.07   1   -2.0516414970656545   4.2154702270341783e-5
0.13   2   -2.051641672585168   1.7506958494153697e-5
0.0   0   -2.0520582322073664   2.0548732447846315e-5
0.07   1   -2.05205828370162   5.851296126654782e-5
0.12   2   -2.0520584164343636   2.3689203958303988e-5
0.0   0   -2.053041971842828   2.453427254151011e-5
0.1   1   -2.053042085837857   5.1898145662733466e-5
0.13   2   -2.0530421273399573   1.766372438445396e-5
0.0   0   -2.0534272971162113   1.831963977782547e-5
0.07   1   -2.0534273219912045   3.999815726623373e-5
0.13   2   -2.0534274493328715   2.230565938034845e-5
0.0   0   -2.0544595420694076   2.2982693724656595e-5
0.1   1   -2.0544596551951138   3.484123558533694e-5
0.13   2   -2.05445967485004   1.6002905466057425e-5
0.0   0   -2.054789322511611   1.6519566178172503e-5
0.06   1   -2.054789336359579   2.8101129646459767e-5
0.13   2   -2.0547894609193333   2.2089450248401576e-5
0.0   0   -2.0559386162438624   2.263167849073315e-5
0.08   1   -2.055938730580396   1.3175214781145804e-5
0.12   2   -2.0559387407135064   2.2043841415844323e-5
0.0   0   -2.0562534350888635   2.211180081407227e-5
0.05   1   -2.0562534449075045   1.2578445623135601e-5
0.15   2   -2.056253574382766   2.3702060178563075e-5
0.0   0   -2.057648218129719   2.371497604212888e-5
0.08   1   -2.057648331937259   1.7872633316542178e-5
0.11   2   -2.0576483391840092   1.0528567277492775e-5
0.0   0   -2.0578529186957875   9.4265402359034e-6
0.07   1   -2.057852927430451   2.0277360687018023e-5
0.15   2   -2.057853091471889   2.9892130170430764e-5
0.0   0   -2.0599604097858597   3.074979282493349e-5
0.07   1   -2.0599604720366034   3.948436250936782e-5
0.11   2   -2.059960542812977   5.2371173517200764e-6
0.0   0   -2.0600939532897424   5.3557530932086806e-6
0.11   1   -2.060094018507508   6.654799272693824e-5
0.16   2   -2.0600942616240747   3.1959132071610955e-5
0.0   0   -2.065216982814208   2.963845690239756e-5
0.07   1   -2.0652171022647163   6.633245248432365e-5
0.1   2   -2.0652171827370713   2.92933427209231e-6
0.0   0   -2.0652473203386204   4.524290888016806e-6
0.07   1   -2.065247322031211   1.1029236036800101e-5
0.17   2   -2.0652474269522347   1.9384750006662877e-5
0.0   0   -2.0676826443824883   1.7877464082628295e-5
0.08   1   -2.067682712632679   2.0668583398527844e-5
0.11   2   -2.0676827185261435   2.6304741228190296e-6
0.0   0   -2.0678247939212584   2.7613432993363913e-6
0.1   1   -2.067824797539074   1.4245112702761801e-5
0.18   2   -2.067824958124051   2.3583283014227157e-5
0.0   0   -2.0723030881185593   2.3403809734516285e-5
0.05   1   -2.072303096831586   1.1851299246028941e-5
0.11   2   -2.0723031266993885   2.1595570709963292e-6
0.0   0   -2.072313280860481   2.301845489570083e-6
0.12   1   -2.0723132984645343   2.0753870467645565e-5
0.15   2   -2.0723133066636366   1.8079944589383807e-6
0.0   0   -2.0729646180791907   1.6641286318987035e-6
0.08   1   -2.072964619175649   8.926416865610482e-6
0.16   2   -2.0729646253372525   4.2618571341864e-6
0.0   0   -2.073209431462067   4.006117266413313e-6
0.08   1   -2.0732094345262198   8.050269255856471e-6
0.12   2   -2.0732094359130526   1.0750110063021995e-6
0.0   0   -2.0732532111796096   1.0009522364695787e-6
0.11   1   -2.0732532127741226   9.461868721821155e-6
0.18   2   -2.07325322332202   6.194878846425936e-6
0.0   0   -2.0739971578907612   5.776943027515277e-6
0.09   1   -2.0739971658017295   5.1721823054694755e-6
0.12   2   -2.0739971662797365   8.2714340488583e-7
0.0   0   -2.0740392822903533   9.901654330926135e-7
0.08   1   -2.074039282364016   1.5408854808637682e-6
0.18   2   -2.0740392969584454   5.728492829148674e-6
0.0   0   -2.075261517762242   5.969476917918045e-6
0.07   1   -2.0752615208053515   9.195173085399001e-6
0.11   2   -2.075261525641776   7.273889530547475e-7
0.0   0   -2.0752580888635404   9.988590815569612e-7
0.08   1   -2.0752580889622116   3.033717814158584e-6
0.16   2   -2.0752580920737222   1.9866896569310774e-6
0.0   0   -2.075465276272602   1.8939649016223645e-6
0.08   1   -2.075465277198849   3.1864157327610367e-6
0.13   2   -2.0754652773716273   6.250325471656338e-7
0.0   0   -2.0754874177511002   5.702666699939281e-7
0.1   1   -2.075487418836365   6.124145100239776e-6
0.13   2   -2.0754874197867625   2.458091001215836e-6
0.0   0   -2.075723833054861   2.2641045637979014e-6
0.08   1   -2.0757238339220296   4.25582116954756e-6
0.14   2   -2.075723834326924   5.131500447986529e-7
0.0   0   -2.0757437939528303   6.433087922645154e-7
0.07   1   -2.075743793985037   1.1510814542492423e-6
0.16   2   -2.075743799691585   2.2416625950151246e-6
0.0   0   -2.076550039158353   2.126679147677564e-6
0.1   1   -2.0765500406255755   3.355898954355099e-6
0.13   2   -2.0765500407987347   8.038187749299086e-7
0.0   0   -2.0765693471930913   9.50786558051711e-7
0.07   1   -2.0765693472423754   1.6070992915576286e-6
0.14   2   -2.076569348532451   1.2716926707346667e-6
0.0   0   -2.076649336214693   1.1478278255939656e-6
0.1   1   -2.076649336596101   1.4146918701004428e-6
0.13   2   -2.076649336624956   3.2880752967704717e-7
0.0   0   -2.0766629853843357   2.9461522875571107e-7
0.11   1   -2.0766629861875017   2.183704091378879e-6
0.15   2   -2.076662986347681   1.4196209571786005e-6
0.0   0   -2.0768908108786652   1.4635828186527418e-6
0.07   1   -2.0768908109966797   1.6770649158020014e-6
0.13   2   -2.076890811440905   3.2364666802806374e-7
0.0   0   -2.076903389624396   3.576924843976649e-7
0.08   1   -2.0769033896746745   1.5481130814072136e-6
0.16   2   -2.0769033908392545   6.249840557158915e-7
0.0   0   -2.077188688079504   5.784971866809737e-7
0.08   1   -2.0771886883233726   4.922212010725776e-7
0.11   2   -2.077188688404678   2.311187970535995e-6
0.0   0   -2.0772130503376562   2.262732355867839e-6
0.05   1   -2.0772130504084636   4.0211755216329415e-7
0.15   2   -2.077213050571186   4.887898236613155e-7
0.0   0   -2.077230316734184   4.588928327851465e-7
0.08   1   -2.0772303168447275   8.852882109454236e-7
0.12   2   -2.07723031686601   3.5138690470095996e-7
0.0   0   -2.0772439548131807   3.8325023467053e-7
0.07   1   -2.0772439548256174   6.001613794966226e-7
0.15   2   -2.0772439549311423   4.57690422376162e-7
0.0   0   -2.0772623894318887   4.3178528955642525e-7
0.08   1   -2.0772623895219984   6.466647376796151e-7
0.12   2   -2.0772623895296816   3.313751823816233e-7
0.0   0   -2.077275565494036   2.89003321049644e-7
0.08   1   -2.0772755655019886   6.975692649356602e-7
0.15   2   -2.0772755655897344   4.529366876549679e-7
0.0   0   -2.0772954939336508   4.2961423949012685e-7
0.08   1   -2.0772954939806327   1.2115970454589791e-6
0.12   2   -2.077295494016621   2.2311035665887605e-7
0.0   0   -2.077307673604703   2.063851298466666e-7
0.11   1   -2.0773076736836584   4.849694846889458e-7
0.14   2   -2.077307673696667   6.722547757155445e-7
0.0   0   -2.077331264935977   6.782037062028716e-7
0.05   1   -2.077331264948077   4.485160632124198e-7
0.11   2   -2.077331265019356   2.122307769103034e-7
0.0   0   -2.0773426726015627   2.1571300830570353e-7
0.12   1   -2.077342672675511   7.360718429867423e-7
0.15   2   -2.077342672690531   5.286378335392994e-7
0.0   0   -2.07736779446928   4.843621399403541e-7
0.07   1   -2.0773677944841182   7.543313331057314e-7
0.13   2   -2.0773677945493136   2.3203813137723827e-7
0.0   0   -2.0773787235078807   2.731562867731942e-7
0.1   1   -2.077378723523146   7.609882837360802e-7
0.16   2   -2.0773787236040624   5.188625549711768e-7
0.0   0   -1.119763068893588   0.02076326979959546
0.1   1   -1.1974986206647005   0.0440323478043612
0.13   2   -1.2154430563116847   0.021201104820079503
0.16   3   -1.2213372887318377   0.010200037958896709
0.2   4   -1.2216864378772636   0.01651315903835115
0.25   5   -1.222375503335024   0.009727943821988773
0.29   6   -1.2232020820591414   0.005355624998183756
0.36   7   -1.2237287838995523   0.0049594154815103715
0.41   8   -1.224145184843144   0.00818646799261119
0.46   9   -1.224861157466086   0.00426292458371541
0.51   10   -1.2250229378989754   0.003952365307036041
0.56   11   -1.2250468540809707   0.0005895254671143518
0.63   12   -1.2250505842058153   0.0003529073086816914
0.68   13   -1.2250564800596528   0.0007431023225294394
0.73   14   -1.2250703959195572   0.0011869228039775358
0.78   15   -1.2250914948366058   0.0007771929547137496
0.83   16   -1.225092875695162   0.00010393482003189997
0.87   17   -1.2250929230458887   3.0470813994663565e-5
0.96   18   -1.2250929672425301   8.034355785281379e-5
0.0   0   -1.4789917877876357   0.03679464872699474
0.04   1   -1.4885447921300115   0.013555820550506685
0.09   2   -1.4899198347256086   0.001920111894441775
0.16   3   -1.4901542373439092   0.0026725989533460436
0.22   4   -1.4902651600393437   0.0006744169098555858
0.27   5   -1.4902760921669882   0.00032928535075641265
0.45   6   -1.490578571194165   0.006816430870480424
0.53   7   -1.4905790030584116   0.006908522782337932
0.57   8   -1.4907405027719576   0.007919476249248868
0.62   9   -1.49078132419467   0.039271354028785614
0.66   10   -1.4911756574314579   0.007599894141149825
0.71   11   -1.491205119155208   0.006550643564799201
0.74   12   -1.4912643030952217   0.00447682583445215
0.79   13   -1.491350151213699   0.01846754311526684
0.86   14   -1.4914020895492255   0.0021619042386507355
0.91   15   -1.4914356314764632   0.0021541743682161113
0.96   16   -1.4914471484165182   0.004355348378570275
1.01   17   -1.491463070361156   0.0012053831716480137
1.06   18   -1.4914988050987241   0.003985502161217876
1.09   19   -1.4915007584758213   8.225930365214455e-5
1.14   20   -1.4915008569936647   0.00010522740995595109
1.19   21   -1.491500908095471   0.00020660807926620002
0.0   0   -1.5190927739422522   0.07041922572857835
0.04   1   -1.5200694594719006   0.002585038312840544
0.09   2   -1.520126487256994   0.00011069535550287914
0.17   3   -1.5201336241770653   0.0001648076204015359
0.28   4   -1.5201338736474488   1.2638958620083356e-5
0.51   5   -1.520134334433519   3.923528446218321e-5
0.0   0   -1.715525913387235   3.0503949550933443e-5
0.1   1   -1.7155259270368355   1.9968065105034807e-5
0.21   2   -1.7155260755523023   1.7456647744092505e-6
0.0   0   -1.7157818771214806   4.017740562933589e-6
0.05   1   -1.7157818773522078   2.429869754837366e-6
0.18   2   -1.7157819331911583   9.459142171266334e-6
0.0   0   -1.7160731775452442   9.487077527253437e-6
0.05   1   -1.7160731782968335   3.4896444907038207e-6
0.15   2   -1.7160731853888023   8.553914146002928e-7
0.0   0   -1.7160426728779499   8.785914900280929e-7
0.08   1   -1.7160426733522711   6.680242876267061e-6
0.15   2   -1.716042681978666   2.4020298584946483e-6
0.0   0   -1.7161904425897536   2.4614512331959506e-6
0.07   1   -1.7161904427095918   2.8544221720779725e-6
0.16   2   -1.7161904447447622   4.0928214668616347e-7
0.0   0   -1.7161815265108307   4.577364775969201e-7
0.07   1   -1.7161815265210207   9.692807610885803e-7
0.21   2   -1.7161815388374175   3.095223495270117e-6
0.0   0   -1.7175169822643916   3.334628622957482e-6
0.05   1   -1.717516982491798   3.435645033485658e-6
0.14   2   -1.717516986450256   3.327271455176258e-7
0.0   0   -1.7174920525804822   4.946069310316774e-7
0.05   1   -1.7174920525835486   3.493544177066654e-7
0.19   2   -1.71749205322522   9.939878496218812e-7
0.0   0   -1.717532248599047   9.616055588058583e-7
0.09   1   -1.7175322487332003   3.0296378624466266e-6
0.14   2   -1.717532249118337   3.1806936589923555e-7
0.0   0   -1.717548419806592   2.4996583468908844e-7
0.08   1   -1.7175484198104465   5.70013917076645e-7
0.19   2   -1.7175484212745915   1.4402232366750258e-6
0.0   0   -1.7176904779234472   1.393869055489246e-6
0.09   1   -1.7176904785104388   5.403677074522666e-6
0.14   2   -1.717690479015933   2.1848559600339378e-7
0.0   0   -1.7177105446390024   2.3763789824586884e-7
0.05   1   -1.7177105446405425   3.1179395775886033e-7
0.17   2   -1.717710546085482   1.1931922967299186e-6
0.0   0   -1.7179156684309205   1.2977557168443656e-6
0.08   1   -1.7179156685308936   2.5157571981728626e-6
0.16   2   -1.7179156694356283   1.5746163147621407e-7
0.0   0   -1.7179028024428211   2.3261874307263325e-7
0.05   1   -1.717902802443904   2.3366726872737344e-7
0.17   2   -1.717902802978046   9.361181413905583e-7
0.0   0   -1.7179437370972361   9.057325084071725e-7
0.09   1   -1.7179437372159403   2.817752516617686e-6
0.15   2   -1.7179437375326612   1.4582238889807867e-7
0.0   0   -1.7179561015916391   1.793899887088645e-7
0.05   1   -1.7179561015925773   2.632638673608772e-7
0.2   2   -1.7179561049553649   2.4166943626383035e-6
0.0   0   -1.7183674014881463   2.482798787272632e-6
0.05   1   -1.7183674015394628   1.0859414824252692e-6
0.14   2   -1.7183674022379007   8.837712124015639e-8
0.0   0   -1.7183548429616322   1.1552835195349884e-7
0.07   1   -1.7183548429621185   1.8306520988981504e-7
0.16   2   -1.718354843029878   3.145075625552623e-7
0.0   0   -1.7183494322498571   3.0404778114687e-7
0.07   1   -1.7183494322619464   8.920848780062435e-7
0.12   2   -1.7183494322996422   7.640055809004058e-8
0.0   0   -1.7183528413221998   9.506105192057909e-8
0.09   1   -1.7183528413227391   2.378213249474597e-7
0.19   2   -1.718352841405041   3.4612954235412915e-7
0.0   0   -1.7183509226127924   3.3433851214336066e-7
0.08   1   -1.7183509226314178   1.0938489170017156e-6
0.15   2   -1.7183509226712157   6.708925364725115e-8
0.0   0   -1.7183550385266568   8.275255162302018e-8
0.05   1   -1.7183550385269029   1.5274298638990013e-7
0.19   2   -1.7183550388515623   5.64259869990975e-7
0.0   0   -1.71839725541314   5.426143358401194e-7
0.12   1   -1.718397255473902   1.9789720018352956e-6
0.17   2   -1.7183972555904314   5.7560373808906086e-8
0.0   0   -1.7184048558054654   7.955211065709367e-8
0.06   1   -1.7184048558056384   8.366164169678473e-8
0.18   2   -1.7184048558599063   2.0380005703016738e-7
0.0   0   -1.7184305502596275   2.1616742379343461e-7
0.07   1   -1.7184305502652548   6.150856225187396e-7
0.13   2   -1.7184305502935662   4.8356243627260714e-8
0.0   0   -1.718428860388132   5.7389379461864e-8
0.05   1   -1.718428860388255   9.030792477966887e-8
0.18   2   -1.7184288606303604   4.0910974759531506e-7
0.0   0   -1.7185602737628547   4.360936898351212e-7
0.05   1   -1.7185602737690144   6.318453690467524e-7
0.12   2   -1.7185602738535022   5.2120318300698e-8
0.0   0   -1.7185558898351159   7.988140909659949e-8
0.06   1   -1.718555889835258   9.295802503673311e-8
0.19   2   -1.7185558899039266   1.765280203345835e-7
0.0   0   -1.7185542013592416   1.6801458471951763e-7
0.08   1   -1.718554201365786   6.195486902101388e-7
0.13   2   -1.7185542013755415   3.2239876051430063e-8
0.0   0   -1.7185568330912133   3.8955622811955824e-8
0.07   1   -1.718556833091259   6.656776379648328e-8
0.21   2   -1.7185568334910701   2.8059164392371037e-7
0.0   0   -1.7189626806046092   3.099158434352558e-7
0.06   1   -1.7189626806058047   2.2437507902773696e-7
0.16   2   -1.7189626806281586   2.4863438721013413e-8
0.0   0   -1.7189661461766712   2.8555751864785657e-8
0.05   1   -1.7189661461767016   5.554444306198732e-8
0.16   2   -1.7189661461940604   1.395354051435662e-7
0.0   0   -1.719007952485568   1.3447517107320205e-7
0.08   1   -1.7190079524882607   4.453878528804161e-7
0.13   2   -1.7190079524962993   2.1837655163900752e-8
0.0   0   -1.7190074146492282   3.538180377290165e-8
0.05   1   -1.7190074146492484   3.3128066056355595e-8
0.2   2   -1.7190074147179197   2.4189862136808573e-7
0.0   0   -1.7191861027502149   2.334791377522805e-7
0.09   1   -1.719186102792058   9.050877233547335e-8
0.12   2   -1.7191861027921163   2.086210667601917e-8
0.0   0   -1.719190092597949   3.7972554668096286e-8
0.05   1   -1.719190092597979   3.220562702032044e-8
0.17   2   -1.7191900926004913   5.355746543195314e-8
0.0   0   -1.719196722053302   5.1727358867328815e-8
0.07   1   -1.7191967220536957   1.8257290951681098e-7
0.12   2   -1.7191967220554296   1.859044127913315e-8
0.0   0   -1.7191971279380454   2.5730744768996747e-8
0.07   1   -1.7191971279380882   4.984035666171047e-8
0.17   2   -1.7191971279410725   6.093399124661711e-8
0.0   0   -1.719206257865756   5.880818280407819e-8
0.11   1   -1.7192062578665555   2.484395558366239e-7
0.17   2   -1.7192062578683078   1.774954935586869e-8
0.0   0   -1.719206471311565   2.577480484201886e-8
0.09   1   -1.7192064713115904   3.8038873439742114e-8
0.2   2   -1.719206471317013   8.376776316064583e-8
0.0   0   -1.7192248433628146   8.094525942621852e-8
0.09   1   -1.7192248433642896   3.280681096086283e-7
0.16   2   -1.719224843367332   1.7045379209402003e-8
0.0   0   -1.719224675838581   2.773441577944705e-8
0.05   1   -1.7192246758385945   2.5793074506230517e-8
0.18   2   -1.719224675948334   2.646609106250984e-7
0.0   0   -1.7195978649518193   2.80474114585343e-7
0.09   1   -1.7195978649615435   8.258248927647821e-7
0.14   2   -1.7195978649998174   2.3882074777787377e-8
0.0   0   -1.7195950210356716   4.761538839015766e-8
0.05   1   -1.719595021035707   3.893877711942808e-8
0.15   2   -1.719595021042018   7.371937785363712e-8
0.0   0   -1.7195981611914029   7.872346439113831e-8
0.08   1   -1.7195981611923965   2.555477451525089e-7
0.13   2   -1.719598161195856   1.909051602545686e-8
0.0   0   -1.7195997470803512   2.6214671626975883e-8
0.07   1   -1.719599747080385   6.074742689018245e-8
0.18   2   -1.7195997470890307   8.474577728906178e-8
0.0   0   -1.7196103433513181   8.353860188415754e-8
0.09   1   -1.7196103433529732   3.2506408803705164e-7
0.14   2   -1.7196103433565983   1.3813398567313595e-8
