0.0   0   -1.1336989687197174   0.04014645387734306
0.05   1   -1.2336301836829646   0.018246370132898225
0.08   2   -1.239963778789257   0.0026505531021975767
0.15   3   -1.2402500627899944   0.0029499055341853735
0.2   4   -1.2413008204161453   0.002220906795819277
0.23   5   -1.241673381820775   0.0025980309037818804
0.28   6   -1.242240908013217   0.005771573698190854
0.31   7   -1.2431679791781478   0.009261713638515757
0.35   8   -1.2438214914309969   0.00970619596341951
0.43   9   -1.244877430165312   0.009893920211003214
0.53   10   -1.2463203036911228   0.007613253021311848
0.56   11   -1.2473232633038602   0.011279629459895742
0.6   12   -1.2476108703171933   0.009994698813887017
0.63   13   -1.2481420541033375   0.005310387005946662
0.66   14   -1.2484660785615695   0.002953279011515847
0.71   15   -1.2486900196478372   0.0034596402826715623
0.78   16   -1.2490231374475445   0.0024868366952407726
0.81   17   -1.2490420865646978   0.00030541820906686225
0.86   18   -1.2490429713084805   0.0002188218698713371
0.92   19   -1.2490482703709915   0.0004689060275688471
0.97   20   -1.2490500723574036   0.00029202961070416163
1.04   21   -1.249051985457743   0.00017001876900298688
1.1   22   -1.249052584916239   7.064842430982036e-5
1.17   23   -1.2490529440362956   0.00013745970678219227
0.0   0   -1.7842196079795352   0.05147845617050312
0.03   1   -1.7922617954792002   0.004706715419259045
0.08   2   -1.7928254840546825   0.0006356648778208842
0.13   3   -1.792845182445869   8.744930354633338e-5
0.2   4   -1.792845522690264   5.6469892037517235e-5
0.28   5   -1.792847717137714   8.544256170428925e-5
0.33   6   -1.792853701609571   0.00014209923188708318
0.44   7   -1.7928581881304375   0.00024083691447253597
0.54   8   -1.792861437334318   0.00028909170221125393
0.57   9   -1.7928640621996113   0.0002902514107798827
0.6   10   -1.7928689944478955   0.0002571873664244704
0.63   11   -1.792872065479261   0.00016339154866995177
0.68   12   -1.7928731209735838   0.00014449130692060434
0.73   13   -1.792875760465542   0.00024246178900076538
0.8   14   -1.7928805729043298   6.143027782297846e-5
0.83   15   -1.7928807438102368   4.123917078748334e-5
0.86   16   -1.7928807986657112   1.3462991216631687e-5
0.0   0   -1.8046999406830753   0.002698078138217137
0.05   1   -1.8047787756260982   0.0007109573357170198
0.1   2   -1.8047917044561592   0.00011915952083011771
0.14   3   -1.8047925192482994   0.00017311754149706716
0.21   4   -1.8047933508872576   1.4197910869452008e-5
0.0   0   -1.8065791412494117   0.000201142242720858
0.05   1   -1.8065797701607913   6.986831782634422e-5
0.1   2   -1.806579904503192   3.092228043634552e-5
0.0   0   -1.8064655829837997   2.0473282559538994e-5
0.05   1   -1.8064655982891087   3.794893129675477e-5
0.1   2   -1.806465623054939   1.7308702124808107e-5
0.0   0   -1.1336989687197174   0.04014645387734306
0.05   1   -1.2336301836829646   0.018246370132898225
0.1   2   -1.239963778789257   0.0026505531021975767
0.15   3   -1.2402500627899944   0.0029499055341853735
0.2   4   -1.2413008204161453   0.002220906795819277
0.23   5   -1.241673381820775   0.0025980309037818804
0.28   6   -1.242240908013217   0.005771573698190854
0.31   7   -1.2431679791781478   0.009261713638515757
0.35   8   -1.2438214914309969   0.00970619596341951
0.45   9   -1.244877430165312   0.009893920211003214
0.53   10   -1.2463203036911228   0.007613253021311848
0.56   11   -1.2473232633038602   0.011279629459895742
0.59   12   -1.2476108703171933   0.009994698813887017
0.62   13   -1.2481420541033375   0.005310387005946662
0.66   14   -1.2484660785615695   0.002953279011515847
0.73   15   -1.2486900196478372   0.0034596402826715623
0.78   16   -1.2490231374475445   0.0024868366952407726
0.81   17   -1.2490420865646978   0.00030541820906686225
0.86   18   -1.2490429713084805   0.0002188218698713371
0.92   19   -1.2490482703709915   0.0004689060275688471
0.97   20   -1.2490500723574036   0.00029202961070416163
1.06   21   -1.249051985457743   0.00017001876900298688
1.11   22   -1.249052584916239   7.064842430982036e-5
1.17   23   -1.2490529440362956   0.00013745970678219227
0.0   0   -1.7842196079795352   0.05147845617050312
0.03   1   -1.7922617954792002   0.004706715419259045
0.08   2   -1.7928254840546825   0.0006356648778208842
0.15   3   -1.792845182445869   8.744930354633338e-5
0.2   4   -1.792845522690264   5.6469892037517235e-5
0.28   5   -1.792847717137714   8.544256170428925e-5
0.32   6   -1.792853701609571   0.00014209923188708318
0.45   7   -1.7928581881304375   0.00024083691447253597
0.53   8   -1.792861437334318   0.00028909170221125393
0.57   9   -1.7928640621996113   0.0002902514107798827
0.6   10   -1.7928689944478955   0.0002571873664244704
0.63   11   -1.792872065479261   0.00016339154866995177
0.68   12   -1.7928731209735838   0.00014449130692060434
0.75   13   -1.792875760465542   0.00024246178900076538
0.79   14   -1.7928805729043298   6.143027782297846e-5
0.83   15   -1.7928807438102368   4.123917078748334e-5
0.86   16   -1.7928807986657112   1.3462991216631687e-5
0.0   0   -1.8046999406830753   0.002698078138217137
0.05   1   -1.8047787756260982   0.0007109573357170198
0.1   2   -1.8047917044561592   0.00011915952083011771
0.16   3   -1.8047925192482994   0.00017311754149706716
0.21   4   -1.8047933508872576   1.4197910869452008e-5
0.0   0   -1.8065791412494117   0.000201142242720858
0.05   1   -1.8065797701607913   6.986831782634422e-5
0.1   2   -1.806579904503192   3.092228043634552e-5
0.0   0   -1.8064655829837997   2.0473282559538994e-5
0.05   1   -1.8064655982891087   3.794893129675477e-5
0.12   2   -1.806465623054939   1.7308702124808107e-5
