0.0   0   -1.1390467965223174   0.018582539480713093
0.1   1   -1.214887036387621   0.04162900272390395
0.46   2   -1.2172114189795882   0.03580672046922247
0.49   3   -1.2238069063299375   0.02117695823178192
0.54   4   -1.2272272469356538   0.020724794975383733
0.6   5   -1.2300591709062416   0.011515936890501241
0.65   6   -1.2317975519655653   0.010513711661830703
0.75   7   -1.233931780606129   0.008487588690743682
0.82   8   -1.2392115576961724   0.014525857825556454
0.92   9   -1.2404778385107842   0.022504503818351864
0.99   10   -1.2442568051329292   0.013767683666640844
1.09   11   -1.2464136313524905   0.011030055334848533
1.12   12   -1.246750414447975   0.009696819517761388
1.17   13   -1.2473215904910309   0.009745720833956757
1.24   14   -1.2477411450564435   0.004665047102632604
1.27   15   -1.2478180843256996   0.003476047719633465
1.34   16   -1.2481080236877422   0.0060154542147882895
1.39   17   -1.2483131913129502   0.002944681691344776
1.46   18   -1.2483324623594705   0.0008122080963881829
1.52   19   -1.248346756696688   0.0015155483818402639
1.57   20   -1.2483790218402384   0.0013896169369740736
1.62   21   -1.2483978480238997   0.001505499980524651
1.69   22   -1.2484243368480055   0.0017403833625617012
1.74   23   -1.248432722347986   0.00039613125514019427
1.8   24   -1.2484334704200553   0.00014063136395929318
1.85   25   -1.248433669355748   8.181253381942162e-5
0.0   0   -1.512727317688842   0.07359012370967716
0.05   1   -1.5171851297347596   0.028861437101760208
0.1   2   -1.5241898170099666   0.010774213895806937
0.15   3   -1.525290535551815   0.001308968053647315
0.22   4   -1.5254897194519201   0.0015776109632345296
0.29   5   -1.5255255378026076   0.0002987472221100134
0.34   6   -1.5255393747987995   0.0002874860334492967
0.39   7   -1.5255421258437187   0.0002158581999100498
0.45   8   -1.525543219862909   7.741472103624181e-5
0.53   9   -1.5255455269458111   0.0003228045198510482
0.58   10   -1.5255502949115753   0.00014946608029544183
0.62   11   -1.5255535935762345   0.0002418158334220667
0.65   12   -1.5255548271530879   0.000320441983249786
0.7   13   -1.5255626248367429   0.00016406478141923637
0.76   14   -1.5255680747445453   0.00013112633336702484
0.82   15   -1.525575446220969   0.0003734249270231732
0.86   16   -1.525576208717355   0.0004104608355709748
0.89   17   -1.5255810466560067   0.0005126830311387594
0.95   18   -1.5255870437069152   0.00042640646897349935
1.0   19   -1.525589937411298   0.0001478280289451754
1.03   20   -1.5255905748897247   5.520857822501414e-5
1.07   21   -1.5255908928877833   7.550240377341784e-5
0.0   0   -1.8282764845780046   0.00237947848312517
0.04   1   -1.8283130390324764   0.0009130654864337806
0.09   2   -1.8283248347899872   0.0001479451773230462
0.19   3   -1.8283376367839859   0.0005486164598628837
0.24   4   -1.8283421408843137   8.828246120464845e-5
0.29   5   -1.8283432711498468   8.735585633013062e-5
0.33   6   -1.8283434800418523   5.9281705970990336e-5
0.0   0   -1.8449798272157545   0.00013403636852994257
0.05   1   -1.844979950417828   4.565141810230582e-5
0.1   2   -1.8449799901879516   1.216512518884728e-5
0.0   0   -1.8448847957473578   1.5206442871971786e-5
0.05   1   -1.844884798940999   1.4578246677227258e-5
0.17   2   -1.8448854386882736   2.092998670065733e-5
0.0   0   -1.8472633181990235   1.726348394441237e-5
0.05   1   -1.8472633208003648   1.1034717247890934e-5
0.1   2   -1.8472633223873194   7.252155367143437e-7
0.0   0   -1.8472787785510092   1.479672101560624e-6
0.05   1   -1.8472787785740281   1.3446331104046457e-6
0.14   2   -1.847278778656332   1.7462006797383903e-6
0.0   0   -1.8472820956553992   1.6909041976831184e-6
0.05   1   -1.8472820957220824   1.4755949937173516e-6
0.09   2   -1.8472820957466394   1.1545161137116521e-6
0.0   0   -1.8472810204595027   1.005668324443603e-6
0.08   1   -1.847281020483625   1.4584490235738624e-6
0.13   2   -1.8472810205590626   1.8911094851549723e-6
0.0   0   -1.8472840268075206   1.8213323009246081e-6
0.05   1   -1.847284026869775   1.4304011074646835e-6
0.09   2   -1.8472840268972408   9.426260403252854e-7
