0.0   0   -1.1273544851451087   0.05666042617381545
0.05   1   -1.187445579772872   0.03976615498230081
0.1   2   -1.2118643668121332   0.020738828278448727
0.15   3   -1.2338685806182585   0.0048926067875052145
0.22   4   -1.2350353832460494   0.0016704766704735555
0.28   5   -1.2357902235189555   0.000997218334840955
0.33   6   -1.2363858120103723   0.0016927161659788812
0.37   7   -1.2364748670788703   0.0017779443591529514
0.4   8   -1.2367133647569832   0.0014078392276933357
0.45   9   -1.2368983294837899   0.0010564653382471002
0.52   10   -1.2370066269017919   0.0015307255969293316
0.65   11   -1.2392110392491897   0.0029312060389963565
0.92   12   -1.239513030575602   0.004258365109189006
0.95   13   -1.239812478529588   0.005149020772575764
1.02   14   -1.2403237057578527   0.0032098927777653432
1.07   15   -1.2406215570876593   0.0007726115293969063
1.11   16   -1.2406600246101827   0.0008198291227255181
1.16   17   -1.2407809594004489   0.0011225351134359668
1.21   18   -1.2408582713571281   0.00041207339594365107
1.25   19   -1.2408656869575767   0.0001723150179979981
1.31   20   -1.240868229737443   0.0001460410372968116
1.36   21   -1.2408739547825465   6.610077370134534e-5
1.41   22   -1.240874517587001   1.7228278778978626e-5
1.46   23   -1.2408746245409061   3.165931943233284e-5
0.0   0   -2.269836280102575   0.01989451010006486
0.05   1   -2.274271199699869   0.005994958441544512
0.12   2   -2.2749996604162983   0.00011835014848104223
0.17   3   -2.2750015882346237   0.00024288934356067555
0.22   4   -2.275005075037657   2.693982623704628e-5
0.27   5   -2.2750051754967577   3.35528673693879e-5
0.35   6   -2.275006362590454   3.2138017977762206e-5
0.0   0   -2.3352440114397366   0.0003365338054918632
0.07   1   -2.335255597097037   0.00041600224905542717
0.13   2   -2.335277864097051   0.0002474867170788757
0.18   3   -2.335279874350172   6.975180018615787e-5
0.28   4   -2.3352830881875084   3.518063508190443e-5
0.32   5   -2.3352835213297594   7.307941365581513e-6
0.37   6   -2.3352835242107086   6.294891898199192e-7
0.0   0   -2.343497954641913   2.8606479621183325e-5
0.06   1   -2.3434980034415327   2.377109434429297e-5
0.13   2   -2.3434982033016807   4.735196993852065e-6
0.0   0   -2.343470168224079   6.109349853967906e-6
0.08   1   -2.343470170350286   8.083073184060697e-6
0.17   2   -2.343470212381798   4.1804422912775067e-7
0.0   0   -2.3434224592304163   4.0066466863331243e-7
0.1   1   -2.3434224594427953   2.737306173820158e-6
0.16   2   -2.343422460167839   7.380125582751772e-7
0.0   0   -2.3434462307617694   6.610551990381737e-7
0.1   1   -2.343446231153124   1.3275614394163468e-6
0.13   2   -2.3434462312023716   5.059856848930345e-7
0.0   0   -2.3434581171504476   5.262935139727891e-7
0.08   1   -2.3434581171798405   1.0280716079617021e-6
0.15   2   -2.3434581174955293   6.785867807144159e-7
0.0   0   -2.3434688145456004   6.209848503053508e-7
0.1   1   -2.3434688147770046   1.311534183886046e-6
0.13   2   -2.3434688148170615   4.066292148789334e-7
0.0   0   -2.343477656404492   3.465656092837664e-7
0.1   1   -2.343477656472007   1.624287379374087e-6
0.15   2   -2.3434776567054407   6.95310316799986e-7
0.0   0   -2.343487797269835   6.339580327319738e-7
0.09   1   -2.343487797387298   1.7309087319525303e-6
0.15   2   -2.3434877975452366   2.966154179203283e-7
0.0   0   -2.343495633534354   2.9016110312874295e-7
0.1   1   -2.3434956338143644   1.2132865751216504e-6
0.14   2   -2.3434956338634034   9.353402124264177e-7
0.0   0   -2.3435072920056683   8.63516177662981e-7
0.07   1   -2.3435072920536784   1.2360758324611844e-6
0.15   2   -2.3435072923021423   2.873252438993513e-7
0.0   0   -2.3435147059156134   2.814112653280148e-7
0.08   1   -2.3435147059667223   1.2913432640179034e-6
0.15   2   -2.343514706300042   8.613145443261407e-7
0.0   0   -2.3435297393281793   7.943084417171101e-7
0.1   1   -2.3435297396619847   4.80156254879632e-7
0.14   2   -2.3435297396757138   6.074033598140563e-7
0.0   0   -2.3435371026329612   5.253374433691648e-7
0.07   1   -2.3435371026445315   4.800010420993771e-7
0.15   2   -2.343537103192051   9.911492488406447e-7
0.0   0   -2.343561806678691   9.021590761437914e-7
0.1   1   -2.343561807026024   2.1488486872832522e-6
0.13   2   -2.3435618071615854   2.587291648891585e-7
0.0   0   -2.3435687449228775   2.594378036541545e-7
0.1   1   -2.3435687451347307   2.969955329427541e-6
0.18   2   -2.343568746360786   1.541977458554458e-6
0.0   0   -2.3436425542576815   1.4137432660824652e-6
0.08   1   -2.343642555442811   3.000361520662132e-7
0.12   2   -2.343642555459075   8.604563064157927e-7
0.0   0   -2.3436512111176238   9.063971910320434e-7
0.05   1   -2.3436512111367724   2.7585587129022974e-7
0.18   2   -2.3436512153385904   1.8379368790380973e-6
0.0   0   -2.343900967245272   1.7369344611006883e-6
0.08   1   -2.3439009696690514   4.781543220023601e-6
0.12   2   -2.3439009703530966   2.467684014492295e-7
0.0   0   -2.343895391273337   3.18164418457803e-7
0.08   1   -2.34389539128258   6.00133049758388e-7
0.16   2   -2.3438953914753107   5.926748376887777e-7
0.0   0   -2.3439018340510067   5.401943527191693e-7
0.08   1   -2.34390183416351   1.4241650563804115e-6
0.12   2   -2.3439018342311484   2.176138441674187e-7
0.0   0   -2.3439063120949033   1.975302188660226e-7
0.11   1   -2.3439063123073565   1.2647099928593763e-6
0.15   2   -2.343906312355783   8.221711055280029e-7
0.0   0   -2.3439163967043264   7.591756048518972e-7
0.06   1   -2.3439163967532384   1.2870762176592395e-6
0.11   2   -2.3439163969326917   1.926261854497299e-7
0.0   0   -2.3439208349985305   1.9842765795011665e-7
0.08   1   -2.343920835017182   7.977507794471447e-7
0.16   2   -2.343920835468154   9.008733220557945e-7
0.0   0   -2.3439419618145   8.282764755895163e-7
0.1   1   -2.343941962194904   1.0114506415963717e-6
0.13   2   -2.343941962216264   2.1493952971014965e-7
0.0   0   -2.3439468022119736   2.0545708143115514e-7
0.13   1   -2.343946803496426   7.146438504957747e-6
0.18   2   -2.34394680752815   2.152664602971203e-6
0.0   0   -2.344232764911095   1.9675103213855553e-6
0.1   1   -2.3442327676982226   2.756581733387482e-6
0.13   2   -2.34423276785825   1.5055068856431425e-7
0.0   0   -2.344241541241282   3.397321960814511e-7
0.07   1   -2.344241541245705   3.049752401479144e-7
0.13   2   -2.3442415413003594   1.6873432908992447e-7
0.0   0   -2.344243854333548   1.7600734304055284e-7
0.08   1   -2.3442438543547057   6.929875772687077e-7
0.13   2   -2.344243854387118   2.667044185920383e-7
0.0   0   -2.3442441300011003   2.416624107947219e-7
0.1   1   -2.3442441300527537   1.7092084791691677e-7
0.16   2   -2.3442441301059254   1.7114909886213615e-6
0.0   0   -2.3442495760472326   1.6585165267067028e-6
0.05   1   -2.3442495760967725   1.705623308417499e-7
0.13   2   -2.344249576146174   2.400386048394548e-7
0.0   0   -2.3442502240856147   2.463340379846252e-7
0.1   1   -2.344250224101763   6.822093939419982e-7
0.15   2   -2.3442502241386673   1.6077511216949372e-7
0.0   0   -2.3442532253224826   1.7912926158653692e-7
0.08   1   -2.3442532253392   6.39208756512775e-7
0.13   2   -2.3442532253734596   2.4743033744323814e-7
0.0   0   -2.3442536280551614   2.2314635411364947e-7
0.12   1   -2.344253628104113   3.688540389097517e-7
0.15   2   -2.344253628109628   3.526936802664383e-7
0.0   0   -2.3442567816991193   3.168604297564731e-7
0.07   1   -2.3442567817038826   3.620067550007614e-7
0.14   2   -2.3442567817505977   2.316004933715433e-7
0.0   0   -2.3442570836163172   2.0195745674494123e-7
0.08   1   -2.3442570836309775   7.21382304470088e-7
0.13   2   -2.3442570836696786   1.7690341876132598e-7
0.0   0   -2.3442602009896247   1.5594050832753602e-7
0.11   1   -2.3442602010381686   2.1371307504485133e-7
0.18   2   -2.3442602011449587   2.2614343450205465e-6
0.0   0   -2.3442666853416196   2.1406577252533666e-6
0.05   1   -2.3442666854343868   1.9264995273592446e-7
0.13   2   -2.344266685488746   1.8569648822177246e-7
0.0   0   -2.34427034733739   2.672539761055155e-7
0.08   1   -2.3442703473453608   4.813782647101823e-7
0.15   2   -2.3442703473881266   2.11910541642844e-7
0.0   0   -2.34427043390005   1.8952707417327462e-7
0.1   1   -2.3442704339391285   8.452065755521233e-7
0.13   2   -2.344270433958058   2.2139089922877373e-7
0.0   0   -2.3442741035016033   1.9232363906367502e-7
0.08   1   -2.344274103527784   8.493441584253289e-7
0.13   2   -2.3442741035545427   1.8953935578245733e-7
0.0   0   -2.3442740704980065   1.6336622246942451e-7
0.08   1   -2.3442740705057394   5.620501047786086e-7
0.17   2   -2.3442740705635323   2.1888188352735325e-7
0.0   0   -2.3442783710488757   1.9586813210406527e-7
0.08   1   -2.3442783711052146   2.5860611705451865e-7
0.12   2   -2.3442783711081274   2.2866013968265692e-7
0.0   0   -2.3442781886454442   1.9939233427905377e-7
0.07   1   -2.3442781886488238   3.1130079892161703e-7
0.16   2   -2.344278188730007   2.51276280573746e-7
0.0   0   -2.3442839343489874   2.422034076695288e-7
0.08   1   -2.344283934397836   8.164652902087818e-7
0.12   2   -2.3442839344235313   1.751097532740092e-7
0.0   0   -2.344283511653747   1.4542305462290017e-7
0.11   1   -2.344283511706145   1.3779444700111742e-6
0.16   2   -2.344283511802063   3.9140543843855025e-7
0.0   0   -2.344293752531835   3.4589625457302203e-7
0.08   1   -2.344293752646709   7.607670162160176e-7
0.12   2   -2.3442937526591234   1.344108565828873e-7
0.0   0   -2.34429284416518   1.388172907654866e-7
0.08   1   -2.3442928441678843   3.309644153299398e-7
0.18   2   -2.344292845476135   9.972481450628545e-7
0.0   0   -2.344379411322117   8.786006674781022e-7
0.08   1   -2.3443794120750394   2.087533985950301e-6
0.13   2   -2.344379412187084   8.981316314555132e-8
0.0   0   -2.3443757406317376   1.6175559925423327e-7
0.06   1   -2.344375740633361   2.433722675685777e-7
0.15   2   -2.344375740658503   1.955027130085675e-7
0.0   0   -2.3443762662822065   1.7547483844278234e-7
0.1   1   -2.344376266294876   5.582875770751234e-7
0.15   2   -2.3443762663070076   1.0013834076133718e-7
0.0   0   -2.3443777318912633   8.566285983988874e-8
0.1   1   -2.3443777319171804   1.9512091106547193e-7
0.16   2   -2.344377732174019   3.400893458597056e-6
0.0   0   -2.3443983618579622   3.234103930561973e-6
0.05   1   -2.3443983620698763   1.6142991536697964e-7
0.13   2   -2.3443983620893967   7.973360044816354e-8
0.0   0   -2.344400103472747   2.304956433530712e-7
0.07   1   -2.344400103474007   1.291837899663612e-7
0.16   2   -2.3444001035004023   2.0781692867355673e-7
0.0   0   -2.3444010754138955   1.9319464381540863e-7
0.08   1   -2.34440107543648   3.090154172951488e-7
0.12   2   -2.3444010754384883   1.1091899562560568e-7
0.0   0   -2.3444023806265273   9.186692038840623e-8
0.1   1   -2.344402380630184   4.163378268822534e-7
0.16   2   -2.344402380660104   2.2791451910376097e-7
0.0   0   -2.3444039725338066   2.0748434633581793e-7
0.08   1   -2.344403972550965   5.884699410689041e-7
0.11   2   -2.3444039725636436   7.946199180104984e-8
0.0   0   -2.344405280110043   8.060911870185208e-8
0.12   1   -2.3444052801299784   7.737003422274148e-7
0.17   2   -2.344405280162627   3.101392891363874e-7
0.0   0   -2.344408427524373   2.842230795083784e-7
0.08   1   -2.344408427564217   4.5205007525425783e-7
0.12   2   -2.3444084275699684   7.947546124674775e-8
0.0   0   -2.344409873439929   8.376500389108912e-8
0.07   1   -2.344409873441236   2.148030808263237e-7
0.17   2   -2.3444098736493126   5.294425127883886e-7
0.0   0   -2.3444264010419777   4.829283800113858e-7
0.1   1   -2.344426401192854   8.759429774606322e-7
0.13   2   -2.344426401209871   7.473071760299906e-8
0.0   0   -2.3444286931524294   9.599684411975063e-8
0.08   1   -2.344428693153695   2.015338490609109e-7
0.17   2   -2.344428693206656   2.1033253063036348e-7
0.0   0   -2.3444347568501276   2.0184760441471312e-7
0.1   1   -2.344434756883859   6.134370757273447e-7
0.13   2   -2.344434756896816   8.134829244897979e-8
0.0   0   -2.3444341915503557   7.413576454252284e-8
0.08   1   -2.3444341915549507   4.916494567569742e-7
0.19   2   -2.3444341921104175   6.541105962070549e-7
0.0   0   -2.3444953284220067   5.775472143325799e-7
0.08   1   -2.3444953287427888   1.211176489313882e-6
0.12   2   -2.3444953287793258   5.909517511462922e-8
0.0   0   -2.344492868959129   9.468842416365576e-8
0.07   1   -2.34449286895973   1.5259135960183184e-7
0.15   2   -2.3444928689679325   1.0087348307303037e-7
0.0   0   -2.3444930497494845   8.940100630078422e-8
0.08   1   -2.3444930497532304   3.236490978369577e-7
0.13   2   -2.344493049757552   6.006079649419176e-8
0.0   0   -2.3444940105645395   5.6667696510230205e-8
0.12   1   -2.3444940105724723   1.0516309994249204e-7
0.17   2   -2.3444940105799756   6.061690012971296e-7
0.0   0   -2.344495681415356   5.853312532238816e-7
0.05   1   -2.344495681422366   9.922988662852795e-8
0.14   2   -2.344495681429904   5.59376266097835e-8
0.0   0   -2.3444965919804424   6.269235837735756e-8
0.11   1   -2.34449659198283   3.048623436733112e-7
0.16   2   -2.3444965919888023   9.758565750515249e-8
0.0   0   -2.3444971122219105   8.731468648743986e-8
0.08   1   -2.34449711222476   2.948184096825324e-7
0.15   2   -2.344497112229801   5.666770263395295e-8
0.0   0   -2.3444980814084886   5.605916945921009e-8
0.1   1   -2.344498081416125   1.626599384961499e-7
0.14   2   -2.3444980814171967   1.3418943162968994e-7
0.0   0   -2.344498684825209   1.2234200392349674e-7
0.07   1   -2.3444986848262417   1.651316017101939e-7
0.15   2   -2.344498684833286   5.5478720947986516e-8
0.0   0   -2.344499634723598   5.668462116045637e-8
0.09   1   -2.34449963472552   2.3406746152362688e-7
0.14   2   -2.3444996347326876   1.149067439490258e-7
0.0   0   -2.344500348360281   1.0445276225787681e-7
0.12   1   -2.3445003483683977   6.802771079750071e-8
0.15   2   -2.344500348369551   2.0712896123844485e-7
0.0   0   -2.344501447634868   1.8895676095400365e-7
0.05   1   -2.3445014476358152   6.267254040140678e-8
0.13   2   -2.3445014476459027   1.211695154939364e-7
0.0   0   -2.344502386186123   1.0599609551590023e-7
0.11   1   -2.34450238619086   3.352914879510058e-7
0.16   2   -2.3445023861954   5.483169227458513e-8
0.0   0   -2.3445032769939425   5.547016568602789e-8
0.1   1   -2.3445032770027185   3.4897272534826296e-7
0.13   2   -2.3445032770066287   1.553934547313875e-7
